

================================================================
== Vivado HLS Report for 'invCosh'
================================================================
* Date:           Thu Aug 23 18:03:56 2018

* Version:        2016.4 (Build 1756540 on Mon Jan 23 19:31:01 MST 2017)
* Project:        hls_prop
* Solution:       solution1
* Product family: virtex7
* Target device:  xc7vx690tffg1927-2


================================================================
== Performance Estimates
================================================================
+ Timing (ns): 
    * Summary: 
    +--------+-------+----------+------------+
    |  Clock | Target| Estimated| Uncertainty|
    +--------+-------+----------+------------+
    |ap_clk  |   4.11|      3.10|        0.51|
    +--------+-------+----------+------------+

+ Latency (clock cycles): 
    * Summary: 
    +-----+-----+-----+-----+----------+
    |  Latency  |  Interval | Pipeline |
    | min | max | min | max |   Type   |
    +-----+-----+-----+-----+----------+
    |    5|    5|    1|    1| function |
    +-----+-----+-----+-----+----------+

    + Detail: 
        * Instance: 
        N/A

        * Loop: 
        N/A

============================================================
+ Verbose Summary: Synthesis Manager
============================================================
InlineROM: 1
ExposeGlobal: 0
============================================================
+ Verbose Summary: CDFG Model
============================================================
IsTopModel: 0
ResetActiveHigh: 1
IsCombinational: 0
IsDatapathOnly: 0
HasWiredReturn: 1
HasMFsm: 2
HasVarLatency: 0
IsPipeline: 1
IsRtlPipelined: 1
IsInstanceOverlapped: 0
IsDontTouch: 0
HasImplIP: 0
IsGatedGlobalClock: 0

+ Individual pipeline summary: 
  * Pipeline-0: initiation interval (II) = 1, depth = 6


============================================================
+ Verbose Summary: Schedule
============================================================
* Number of FSM states: 6
* Pipeline: 1
  Pipeline-0: II = 1, D = 6, States = { 1 2 3 4 5 6 }
* Dataflow Pipeline: 0

* FSM state transitions: 
1 --> 
	2  / true
2 --> 
	3  / true
3 --> 
	4  / true
4 --> 
	5  / true
5 --> 
	6  / true
6 --> 
* FSM state operations: 

 <State 1>: 2.94ns
ST_1: data_V_read_4 (3)  [1/1] 0.00ns
_ZNK13ap_fixed_baseILi80ELi70ELb1EL9ap_q_mode5EL9ap_o_mode3ELi0EEcviEv.exit_ifconv:0  %data_V_read_4 = call i12 @_ssdm_op_Read.ap_auto.i12(i12 %data_V_read)

ST_1: zext_cast (5)  [1/1] 0.00ns  loc: src/tk-mu_simple.h:330
_ZNK13ap_fixed_baseILi80ELi70ELb1EL9ap_q_mode5EL9ap_o_mode3ELi0EEcviEv.exit_ifconv:2  %zext_cast = zext i12 %data_V_read_4 to i26

ST_1: mul (6)  [3/3] 2.94ns  loc: src/tk-mu_simple.h:330
_ZNK13ap_fixed_baseILi80ELi70ELb1EL9ap_q_mode5EL9ap_o_mode3ELi0EEcviEv.exit_ifconv:3  %mul = mul i26 5462, %zext_cast


 <State 2>: 2.94ns
ST_2: mul (6)  [2/3] 2.94ns  loc: src/tk-mu_simple.h:330
_ZNK13ap_fixed_baseILi80ELi70ELb1EL9ap_q_mode5EL9ap_o_mode3ELi0EEcviEv.exit_ifconv:3  %mul = mul i26 5462, %zext_cast


 <State 3>: 0.00ns
ST_3: mul (6)  [1/3] 0.00ns  loc: src/tk-mu_simple.h:330
_ZNK13ap_fixed_baseILi80ELi70ELb1EL9ap_q_mode5EL9ap_o_mode3ELi0EEcviEv.exit_ifconv:3  %mul = mul i26 5462, %zext_cast

ST_3: tmp_192 (7)  [1/1] 0.00ns  loc: src/tk-mu_simple.h:330
_ZNK13ap_fixed_baseILi80ELi70ELb1EL9ap_q_mode5EL9ap_o_mode3ELi0EEcviEv.exit_ifconv:4  %tmp_192 = call i12 @_ssdm_op_PartSelect.i12.i26.i32.i32(i26 %mul, i32 14, i32 25)


 <State 4>: 2.27ns
ST_4: tmp (8)  [1/1] 0.00ns  loc: src/tk-mu_simple.h:330
_ZNK13ap_fixed_baseILi80ELi70ELb1EL9ap_q_mode5EL9ap_o_mode3ELi0EEcviEv.exit_ifconv:5  %tmp = zext i12 %tmp_192 to i13

ST_4: r_V (9)  [1/1] 1.33ns  loc: src/tk-mu_simple.h:330
_ZNK13ap_fixed_baseILi80ELi70ELb1EL9ap_q_mode5EL9ap_o_mode3ELi0EEcviEv.exit_ifconv:6  %r_V = sub i13 1024, %tmp

ST_4: tmp_233 (12)  [1/1] 0.00ns  loc: src/tk-mu_simple.h:332
_ZNK13ap_fixed_baseILi80ELi70ELb1EL9ap_q_mode5EL9ap_o_mode3ELi0EEcviEv.exit_ifconv:9  %tmp_233 = call i1 @_ssdm_op_BitSelect.i1.i13.i32(i13 %r_V, i32 12)

ST_4: tmp_234 (13)  [1/1] 0.00ns  loc: src/tk-mu_simple.h:333
_ZNK13ap_fixed_baseILi80ELi70ELb1EL9ap_q_mode5EL9ap_o_mode3ELi0EEcviEv.exit_ifconv:10  %tmp_234 = call i3 @_ssdm_op_PartSelect.i3.i13.i32.i32(i13 %r_V, i32 10, i32 12)

ST_4: icmp (14)  [1/1] 0.94ns  loc: src/tk-mu_simple.h:333
_ZNK13ap_fixed_baseILi80ELi70ELb1EL9ap_q_mode5EL9ap_o_mode3ELi0EEcviEv.exit_ifconv:11  %icmp = icmp sgt i3 %tmp_234, 0


 <State 5>: 2.39ns
ST_5: tmp_s (10)  [1/1] 0.00ns  loc: src/tk-mu_simple.h:330
_ZNK13ap_fixed_baseILi80ELi70ELb1EL9ap_q_mode5EL9ap_o_mode3ELi0EEcviEv.exit_ifconv:7  %tmp_s = call i16 @_ssdm_op_BitConcatenate.i16.i13.i3(i13 %r_V, i3 0)

ST_5: index (11)  [1/1] 0.00ns  loc: src/tk-mu_simple.h:330
_ZNK13ap_fixed_baseILi80ELi70ELb1EL9ap_q_mode5EL9ap_o_mode3ELi0EEcviEv.exit_ifconv:8  %index = sext i16 %tmp_s to i32

ST_5: tmp_191 (15)  [1/1] 0.00ns  loc: src/tk-mu_simple.h:334
_ZNK13ap_fixed_baseILi80ELi70ELb1EL9ap_q_mode5EL9ap_o_mode3ELi0EEcviEv.exit_ifconv:12  %tmp_191 = zext i32 %index to i64

ST_5: cosh_table1_addr (16)  [1/1] 0.00ns  loc: src/tk-mu_simple.h:334
_ZNK13ap_fixed_baseILi80ELi70ELb1EL9ap_q_mode5EL9ap_o_mode3ELi0EEcviEv.exit_ifconv:13  %cosh_table1_addr = getelementptr [8192 x i17]* @cosh_table1, i64 0, i64 %tmp_191

ST_5: cosh_table1_load (17)  [2/2] 2.39ns  loc: src/tk-mu_simple.h:334
_ZNK13ap_fixed_baseILi80ELi70ELb1EL9ap_q_mode5EL9ap_o_mode3ELi0EEcviEv.exit_ifconv:14  %cosh_table1_load = load i17* %cosh_table1_addr, align 4


 <State 6>: 3.10ns
ST_6: StgValue_23 (4)  [1/1] 0.00ns  loc: src/tk-mu_simple.h:327
_ZNK13ap_fixed_baseILi80ELi70ELb1EL9ap_q_mode5EL9ap_o_mode3ELi0EEcviEv.exit_ifconv:1  call void (...)* @_ssdm_op_SpecPipeline(i32 -1, i32 1, i32 1, i32 0, [1 x i8]* @p_str) nounwind

ST_6: cosh_table1_load (17)  [1/2] 2.39ns  loc: src/tk-mu_simple.h:334
_ZNK13ap_fixed_baseILi80ELi70ELb1EL9ap_q_mode5EL9ap_o_mode3ELi0EEcviEv.exit_ifconv:14  %cosh_table1_load = load i17* %cosh_table1_addr, align 4

ST_6: sel_tmp1 (18)  [1/1] 0.00ns  loc: src/tk-mu_simple.h:332 (grouped into LUT with out node sel_tmp2)
_ZNK13ap_fixed_baseILi80ELi70ELb1EL9ap_q_mode5EL9ap_o_mode3ELi0EEcviEv.exit_ifconv:15  %sel_tmp1 = xor i1 %tmp_233, true

ST_6: sel_tmp2 (19)  [1/1] 0.71ns  loc: src/tk-mu_simple.h:333 (out node of the LUT)
_ZNK13ap_fixed_baseILi80ELi70ELb1EL9ap_q_mode5EL9ap_o_mode3ELi0EEcviEv.exit_ifconv:16  %sel_tmp2 = and i1 %icmp, %sel_tmp1

ST_6: sel_tmp (20)  [1/1] 0.00ns  loc: src/tk-mu_simple.h:334 (grouped into LUT with out node ssdm_int_V_write_ass)
_ZNK13ap_fixed_baseILi80ELi70ELb1EL9ap_q_mode5EL9ap_o_mode3ELi0EEcviEv.exit_ifconv:17  %sel_tmp = select i1 %sel_tmp2, i17 -65536, i17 6511

ST_6: tmp_193 (21)  [1/1] 0.00ns  loc: src/tk-mu_simple.h:334 (grouped into LUT with out node ssdm_int_V_write_ass)
_ZNK13ap_fixed_baseILi80ELi70ELb1EL9ap_q_mode5EL9ap_o_mode3ELi0EEcviEv.exit_ifconv:18  %tmp_193 = or i1 %sel_tmp2, %tmp_233

ST_6: ssdm_int_V_write_ass (22)  [1/1] 0.71ns  loc: src/tk-mu_simple.h:334 (out node of the LUT)
_ZNK13ap_fixed_baseILi80ELi70ELb1EL9ap_q_mode5EL9ap_o_mode3ELi0EEcviEv.exit_ifconv:19  %ssdm_int_V_write_ass = select i1 %tmp_193, i17 %sel_tmp, i17 %cosh_table1_load

ST_6: StgValue_30 (23)  [1/1] 0.00ns  loc: src/tk-mu_simple.h:336
_ZNK13ap_fixed_baseILi80ELi70ELb1EL9ap_q_mode5EL9ap_o_mode3ELi0EEcviEv.exit_ifconv:20  ret i17 %ssdm_int_V_write_ass



============================================================
+ Verbose Summary: Timing violations
============================================================
Target clock period: 4.11ns, clock uncertainty: 0.514ns.

 <State 1>: 2.94ns
The critical path consists of the following:
	wire read on port 'data_V_read' [3]  (0 ns)
	'mul' operation ('mul', src/tk-mu_simple.h:330) [6]  (2.94 ns)

 <State 2>: 2.94ns
The critical path consists of the following:
	'mul' operation ('mul', src/tk-mu_simple.h:330) [6]  (2.94 ns)

 <State 3>: 0ns
The critical path consists of the following:

 <State 4>: 2.27ns
The critical path consists of the following:
	'sub' operation ('r_V', src/tk-mu_simple.h:330) [9]  (1.33 ns)
	'icmp' operation ('icmp', src/tk-mu_simple.h:333) [14]  (0.938 ns)

 <State 5>: 2.39ns
The critical path consists of the following:
	'getelementptr' operation ('cosh_table1_addr', src/tk-mu_simple.h:334) [16]  (0 ns)
	'load' operation ('cosh_table1_load', src/tk-mu_simple.h:334) on array 'cosh_table1' [17]  (2.39 ns)

 <State 6>: 3.1ns
The critical path consists of the following:
	'load' operation ('cosh_table1_load', src/tk-mu_simple.h:334) on array 'cosh_table1' [17]  (2.39 ns)
	'select' operation ('ssdm_int<19 + 1024 * 0, true>.V', src/tk-mu_simple.h:334) [22]  (0.71 ns)


============================================================
+ Verbose Summary: Binding
============================================================
N/A
* FSMD analyzer results:
  - Output states:
 - Input state : 
  - Chain level:
	State 1
	State 2
	State 3
	State 4
	State 5
	State 6


============================================================
+ Verbose Summary: Datapath Resource usage 
============================================================
N/A
