

================================================================
== Vivado HLS Report for 'rinvToPt'
================================================================
* Date:           Mon Aug 20 16:40:50 2018

* Version:        2016.4 (Build 1756540 on Mon Jan 23 19:31:01 MST 2017)
* Project:        hls_rinvToPt
* Solution:       solution1
* Product family: virtex7
* Target device:  xc7vx690tffg1927-2


================================================================
== Performance Estimates
================================================================
+ Timing (ns): 
    * Summary: 
    +--------+-------+----------+------------+
    |  Clock | Target| Estimated| Uncertainty|
    +--------+-------+----------+------------+
    |ap_clk  |   4.11|      3.53|        0.51|
    +--------+-------+----------+------------+

+ Latency (clock cycles): 
    * Summary: 
    +-----+-----+-----+-----+----------+
    |  Latency  |  Interval | Pipeline |
    | min | max | min | max |   Type   |
    +-----+-----+-----+-----+----------+
    |    5|    5|    1|    1| function |
    +-----+-----+-----+-----+----------+

    + Detail: 
        * Instance: 
        N/A

        * Loop: 
        N/A

============================================================
+ Verbose Summary: Synthesis Manager
============================================================
InlineROM: 1
ExposeGlobal: 0
============================================================
+ Verbose Summary: CDFG Model
============================================================
IsTopModel: 1
ResetActiveHigh: 1
IsCombinational: 0
IsDatapathOnly: 0
HasWiredReturn: 1
HasMFsm: 2
HasVarLatency: 0
IsPipeline: 1
IsRtlPipelined: 1
IsInstanceOverlapped: 0
IsDontTouch: 0
HasImplIP: 0
IsGatedGlobalClock: 0

+ Individual pipeline summary: 
  * Pipeline-0: initiation interval (II) = 1, depth = 6


============================================================
+ Verbose Summary: Schedule
============================================================
* Number of FSM states: 6
* Pipeline: 1
  Pipeline-0: II = 1, D = 6, States = { 1 2 3 4 5 6 }
* Dataflow Pipeline: 0

* FSM state transitions: 
1 --> 
	2  / true
2 --> 
	3  / true
3 --> 
	4  / true
4 --> 
	5  / true
5 --> 
	6  / true
6 --> 
* FSM state operations: 

 <State 1>: 0.92ns
ST_1: data_V_read (8)  [1/1] 0.00ns  loc: src/tk-mu_simple.h:480
_ifconv:4  %data_V_read = call i24 @_ssdm_op_Read.ap_auto.i24P(i24* %data_V)

ST_1: OP1_V_cast (9)  [1/1] 0.00ns  loc: src/tk-mu_simple.h:480
_ifconv:5  %OP1_V_cast = sext i24 %data_V_read to i32

ST_1: tmp (10)  [3/3] 0.92ns  loc: src/tk-mu_simple.h:480
_ifconv:6  %tmp = mul i32 -175, %OP1_V_cast


 <State 2>: 0.92ns
ST_2: tmp (10)  [2/3] 0.92ns  loc: src/tk-mu_simple.h:480
_ifconv:6  %tmp = mul i32 -175, %OP1_V_cast


 <State 3>: 2.50ns
ST_3: tmp (10)  [1/3] 0.00ns  loc: src/tk-mu_simple.h:480
_ifconv:6  %tmp = mul i32 -175, %OP1_V_cast

ST_3: r_V (11)  [1/1] 2.50ns  loc: src/tk-mu_simple.h:480
_ifconv:7  %r_V = add i32 4194304, %tmp

ST_3: tmp_2 (12)  [1/1] 0.00ns  loc: src/tk-mu_simple.h:480
_ifconv:8  %tmp_2 = call i24 @_ssdm_op_PartSelect.i24.i32.i32.i32(i32 %r_V, i32 8, i32 31)

ST_3: tmp_4 (15)  [1/1] 0.00ns  loc: src/tk-mu_simple.h:480
_ifconv:11  %tmp_4 = trunc i32 %r_V to i8


 <State 4>: 3.53ns
ST_4: ret_V_cast_cast (13)  [1/1] 0.00ns  loc: src/tk-mu_simple.h:480
_ifconv:9  %ret_V_cast_cast = sext i24 %tmp_2 to i25

ST_4: tmp_3 (14)  [1/1] 0.00ns  loc: src/tk-mu_simple.h:480 (grouped into LUT with out node index)
_ifconv:10  %tmp_3 = call i1 @_ssdm_op_BitSelect.i1.i32.i32(i32 %r_V, i32 31)

ST_4: p_Result_2 (16)  [1/1] 0.00ns  loc: src/tk-mu_simple.h:480
_ifconv:12  %p_Result_2 = call i22 @_ssdm_op_BitConcatenate.i22.i8.i14(i8 %tmp_4, i14 0)

ST_4: tmp_7 (17)  [1/1] 1.34ns  loc: src/tk-mu_simple.h:480
_ifconv:13  %tmp_7 = icmp eq i22 %p_Result_2, 0

ST_4: ret_V (18)  [1/1] 1.51ns  loc: src/tk-mu_simple.h:480
_ifconv:14  %ret_V = add i25 1, %ret_V_cast_cast

ST_4: tmp_6 (19)  [1/1] 0.00ns  loc: src/tk-mu_simple.h:480
_ifconv:15  %tmp_6 = sext i24 %tmp_2 to i32

ST_4: tmp_s (20)  [1/1] 0.00ns  loc: src/tk-mu_simple.h:480 (grouped into LUT with out node index)
_ifconv:16  %tmp_s = sext i25 %ret_V to i32

ST_4: tmp_5 (21)  [1/1] 0.00ns  loc: src/tk-mu_simple.h:480 (grouped into LUT with out node index)
_ifconv:17  %tmp_5 = select i1 %tmp_7, i32 %tmp_6, i32 %tmp_s

ST_4: index (22)  [1/1] 0.71ns  loc: src/tk-mu_simple.h:480 (out node of the LUT)
_ifconv:18  %index = select i1 %tmp_3, i32 %tmp_5, i32 %tmp_6

ST_4: tmp_9 (23)  [1/1] 0.00ns  loc: src/tk-mu_simple.h:482
_ifconv:19  %tmp_9 = call i1 @_ssdm_op_BitSelect.i1.i32.i32(i32 %index, i32 31)

ST_4: tmp_10 (24)  [1/1] 0.00ns  loc: src/tk-mu_simple.h:483
_ifconv:20  %tmp_10 = call i18 @_ssdm_op_PartSelect.i18.i32.i32.i32(i32 %index, i32 14, i32 31)

ST_4: icmp (25)  [1/1] 1.31ns  loc: src/tk-mu_simple.h:483
_ifconv:21  %icmp = icmp sgt i18 %tmp_10, 0


 <State 5>: 2.39ns
ST_5: tmp_1 (26)  [1/1] 0.00ns  loc: src/tk-mu_simple.h:484
_ifconv:22  %tmp_1 = zext i32 %index to i64

ST_5: rinvToPt_table1_addr (27)  [1/1] 0.00ns  loc: src/tk-mu_simple.h:484
_ifconv:23  %rinvToPt_table1_addr = getelementptr [16384 x i14]* @rinvToPt_table1, i64 0, i64 %tmp_1

ST_5: rinvToPt_table1_load (28)  [2/2] 2.39ns  loc: src/tk-mu_simple.h:484
_ifconv:24  %rinvToPt_table1_load = load i14* %rinvToPt_table1_addr, align 2


 <State 6>: 3.10ns
ST_6: StgValue_30 (4)  [1/1] 0.00ns
_ifconv:0  call void (...)* @_ssdm_op_SpecBitsMap(i24* %data_V), !map !388

ST_6: StgValue_31 (5)  [1/1] 0.00ns
_ifconv:1  call void (...)* @_ssdm_op_SpecBitsMap(i14* %res_V), !map !392

ST_6: StgValue_32 (6)  [1/1] 0.00ns
_ifconv:2  call void (...)* @_ssdm_op_SpecTopModule([9 x i8]* @rinvToPt_str) nounwind

ST_6: StgValue_33 (7)  [1/1] 0.00ns  loc: src/tk-mu_simple.h:477
_ifconv:3  call void (...)* @_ssdm_op_SpecPipeline(i32 -1, i32 1, i32 1, i32 0, [1 x i8]* @p_str59) nounwind

ST_6: rinvToPt_table1_load (28)  [1/2] 2.39ns  loc: src/tk-mu_simple.h:484
_ifconv:24  %rinvToPt_table1_load = load i14* %rinvToPt_table1_addr, align 2

ST_6: sel_tmp1 (29)  [1/1] 0.00ns  loc: src/tk-mu_simple.h:482 (grouped into LUT with out node sel_tmp2)
_ifconv:25  %sel_tmp1 = xor i1 %tmp_9, true

ST_6: sel_tmp2 (30)  [1/1] 0.71ns  loc: src/tk-mu_simple.h:483 (out node of the LUT)
_ifconv:26  %sel_tmp2 = and i1 %icmp, %sel_tmp1

ST_6: sel_tmp_cast (31)  [1/1] 0.00ns  loc: src/tk-mu_simple.h:483 (grouped into LUT with out node storemerge1)
_ifconv:27  %sel_tmp_cast = select i1 %sel_tmp2, i14 0, i14 64

ST_6: tmp_8 (32)  [1/1] 0.00ns  loc: src/tk-mu_simple.h:483 (grouped into LUT with out node storemerge1)
_ifconv:28  %tmp_8 = or i1 %sel_tmp2, %tmp_9

ST_6: storemerge1 (33)  [1/1] 0.71ns  loc: src/tk-mu_simple.h:483 (out node of the LUT)
_ifconv:29  %storemerge1 = select i1 %tmp_8, i14 %sel_tmp_cast, i14 %rinvToPt_table1_load

ST_6: StgValue_40 (34)  [1/1] 0.00ns  loc: src/tk-mu_simple.h:482
_ifconv:30  call void @_ssdm_op_Write.ap_auto.i14P(i14* %res_V, i14 %storemerge1)

ST_6: StgValue_41 (35)  [1/1] 0.00ns  loc: src/tk-mu_simple.h:492
_ifconv:31  ret void



============================================================
+ Verbose Summary: Binding
============================================================
STG Binding: 
---------------- STG Properties BEGIN ----------------
- Is combinational: 0
- Is one-state seq: 0
- Is datapath-only: 0
- Is clock enabled: 0
- Is pipelined: 1
- Is top level: 1
Port [ Return ] is wired: 1; IO mode=ap_ctrl_hs:ce=0
Port [ data_V]:  wired=1; compound=0; hidden=0; nouse=0; global=0; static=0; extern=0; dir=0; type=0; pingpong=0; private_global=0; IO mode=ap_none:ce=0
Port [ res_V]:  wired=1; compound=0; hidden=0; nouse=0; global=0; static=0; extern=0; dir=1; type=0; pingpong=0; private_global=0; IO mode=ap_vld:ce=0
Port [ rinvToPt_table1]:  wired=0; compound=1; hidden=1; nouse=0; global=1; static=1; extern=0; dir=0; type=1; pingpong=0; private_global=1; linkage=7; visibility=0; MemPort=[1]; IO mode=ap_memory:ce=0
---------------- STG Properties END ------------------

---------------- Datapath Model BEGIN ----------------

<LifeTime>
<method=bitvector/>
data_V_read          (read          ) [ 0000000]
OP1_V_cast           (sext          ) [ 0111000]
tmp                  (mul           ) [ 0000000]
r_V                  (add           ) [ 0100100]
tmp_2                (partselect    ) [ 0100100]
tmp_4                (trunc         ) [ 0100100]
ret_V_cast_cast      (sext          ) [ 0000000]
tmp_3                (bitselect     ) [ 0000000]
p_Result_2           (bitconcatenate) [ 0000000]
tmp_7                (icmp          ) [ 0000000]
ret_V                (add           ) [ 0000000]
tmp_6                (sext          ) [ 0000000]
tmp_s                (sext          ) [ 0000000]
tmp_5                (select        ) [ 0000000]
index                (select        ) [ 0100010]
tmp_9                (bitselect     ) [ 0100011]
tmp_10               (partselect    ) [ 0000000]
icmp                 (icmp          ) [ 0100011]
tmp_1                (zext          ) [ 0000000]
rinvToPt_table1_addr (getelementptr ) [ 0100001]
StgValue_30          (specbitsmap   ) [ 0000000]
StgValue_31          (specbitsmap   ) [ 0000000]
StgValue_32          (spectopmodule ) [ 0000000]
StgValue_33          (specpipeline  ) [ 0000000]
rinvToPt_table1_load (load          ) [ 0000000]
sel_tmp1             (xor           ) [ 0000000]
sel_tmp2             (and           ) [ 0000000]
sel_tmp_cast         (select        ) [ 0000000]
tmp_8                (or            ) [ 0000000]
storemerge1          (select        ) [ 0000000]
StgValue_40          (write         ) [ 0000000]
StgValue_41          (ret           ) [ 0000000]
</LifeTime>

<model>

<comp_list>
<comp id="0" class="1000" name="data_V">
<pin_list>
<pin id="1" dir="1" index="0" bw="1" slack="0"/>
</pin_list>
<bind>
<StgValue><ssdm name="data_V"/></StgValue>
</bind>
</comp>

<comp id="2" class="1000" name="res_V">
<pin_list>
<pin id="3" dir="1" index="0" bw="1" slack="0"/>
</pin_list>
<bind>
<StgValue><ssdm name="res_V"/></StgValue>
</bind>
</comp>

<comp id="4" class="1000" name="rinvToPt_table1">
<pin_list>
<pin id="5" dir="1" index="0" bw="1" slack="0"/>
</pin_list>
<bind>
<StgValue><ssdm name="rinvToPt_table1"/><MemPortTyVec>1 </MemPortTyVec>
</StgValue>
</bind>
</comp>

<comp id="6" class="1001" name="const_6">
<pin_list>
<pin id="7" dir="1" index="0" bw="1" slack="0"/>
</pin_list>
<bind>
<StgValue><ssdm name="_ssdm_op_Read.ap_auto.i24P"/></StgValue>
</bind>
</comp>

<comp id="8" class="1001" name="const_8">
<pin_list>
<pin id="9" dir="1" index="0" bw="1" slack="0"/>
</pin_list>
<bind>
<StgValue><ssdm name=""/></StgValue>
</bind>
</comp>

<comp id="10" class="1001" name="const_10">
<pin_list>
<pin id="11" dir="1" index="0" bw="1" slack="0"/>
</pin_list>
<bind>
<StgValue><ssdm name=""/></StgValue>
</bind>
</comp>

<comp id="12" class="1001" name="const_12">
<pin_list>
<pin id="13" dir="1" index="0" bw="1" slack="0"/>
</pin_list>
<bind>
<StgValue><ssdm name="_ssdm_op_PartSelect.i24.i32.i32.i32"/></StgValue>
</bind>
</comp>

<comp id="14" class="1001" name="const_14">
<pin_list>
<pin id="15" dir="1" index="0" bw="1" slack="0"/>
</pin_list>
<bind>
<StgValue><ssdm name=""/></StgValue>
</bind>
</comp>

<comp id="16" class="1001" name="const_16">
<pin_list>
<pin id="17" dir="1" index="0" bw="1" slack="0"/>
</pin_list>
<bind>
<StgValue><ssdm name=""/></StgValue>
</bind>
</comp>

<comp id="18" class="1001" name="const_18">
<pin_list>
<pin id="19" dir="1" index="0" bw="1" slack="0"/>
</pin_list>
<bind>
<StgValue><ssdm name="_ssdm_op_BitSelect.i1.i32.i32"/></StgValue>
</bind>
</comp>

<comp id="20" class="1001" name="const_20">
<pin_list>
<pin id="21" dir="1" index="0" bw="1" slack="0"/>
</pin_list>
<bind>
<StgValue><ssdm name="_ssdm_op_BitConcatenate.i22.i8.i14"/></StgValue>
</bind>
</comp>

<comp id="22" class="1001" name="const_22">
<pin_list>
<pin id="23" dir="1" index="0" bw="1" slack="0"/>
</pin_list>
<bind>
<StgValue><ssdm name=""/></StgValue>
</bind>
</comp>

<comp id="24" class="1001" name="const_24">
<pin_list>
<pin id="25" dir="1" index="0" bw="1" slack="0"/>
</pin_list>
<bind>
<StgValue><ssdm name=""/></StgValue>
</bind>
</comp>

<comp id="26" class="1001" name="const_26">
<pin_list>
<pin id="27" dir="1" index="0" bw="1" slack="0"/>
</pin_list>
<bind>
<StgValue><ssdm name=""/></StgValue>
</bind>
</comp>

<comp id="28" class="1001" name="const_28">
<pin_list>
<pin id="29" dir="1" index="0" bw="1" slack="0"/>
</pin_list>
<bind>
<StgValue><ssdm name="_ssdm_op_PartSelect.i18.i32.i32.i32"/></StgValue>
</bind>
</comp>

<comp id="30" class="1001" name="const_30">
<pin_list>
<pin id="31" dir="1" index="0" bw="1" slack="0"/>
</pin_list>
<bind>
<StgValue><ssdm name=""/></StgValue>
</bind>
</comp>

<comp id="32" class="1001" name="const_32">
<pin_list>
<pin id="33" dir="1" index="0" bw="1" slack="0"/>
</pin_list>
<bind>
<StgValue><ssdm name=""/></StgValue>
</bind>
</comp>

<comp id="34" class="1001" name="const_34">
<pin_list>
<pin id="35" dir="1" index="0" bw="1" slack="0"/>
</pin_list>
<bind>
<StgValue><ssdm name=""/></StgValue>
</bind>
</comp>

<comp id="36" class="1001" name="const_36">
<pin_list>
<pin id="37" dir="1" index="0" bw="1" slack="2147483647"/>
</pin_list>
<bind>
<StgValue><ssdm name="_ssdm_op_SpecBitsMap"/></StgValue>
</bind>
</comp>

<comp id="38" class="1001" name="const_38">
<pin_list>
<pin id="39" dir="1" index="0" bw="1" slack="2147483647"/>
</pin_list>
<bind>
<StgValue><ssdm name="_ssdm_op_SpecTopModule"/></StgValue>
</bind>
</comp>

<comp id="40" class="1001" name="const_40">
<pin_list>
<pin id="41" dir="1" index="0" bw="1" slack="2147483647"/>
</pin_list>
<bind>
<StgValue><ssdm name="rinvToPt_str"/></StgValue>
</bind>
</comp>

<comp id="42" class="1001" name="const_42">
<pin_list>
<pin id="43" dir="1" index="0" bw="1" slack="2147483647"/>
</pin_list>
<bind>
<StgValue><ssdm name="_ssdm_op_SpecPipeline"/></StgValue>
</bind>
</comp>

<comp id="44" class="1001" name="const_44">
<pin_list>
<pin id="45" dir="1" index="0" bw="1" slack="2147483647"/>
</pin_list>
<bind>
<StgValue><ssdm name=""/></StgValue>
</bind>
</comp>

<comp id="46" class="1001" name="const_46">
<pin_list>
<pin id="47" dir="1" index="0" bw="1" slack="2147483647"/>
</pin_list>
<bind>
<StgValue><ssdm name=""/></StgValue>
</bind>
</comp>

<comp id="48" class="1001" name="const_48">
<pin_list>
<pin id="49" dir="1" index="0" bw="1" slack="2147483647"/>
</pin_list>
<bind>
<StgValue><ssdm name=""/></StgValue>
</bind>
</comp>

<comp id="50" class="1001" name="const_50">
<pin_list>
<pin id="51" dir="1" index="0" bw="1" slack="2147483647"/>
</pin_list>
<bind>
<StgValue><ssdm name="p_str59"/></StgValue>
</bind>
</comp>

<comp id="52" class="1001" name="const_52">
<pin_list>
<pin id="53" dir="1" index="0" bw="1" slack="0"/>
</pin_list>
<bind>
<StgValue><ssdm name=""/></StgValue>
</bind>
</comp>

<comp id="54" class="1001" name="const_54">
<pin_list>
<pin id="55" dir="1" index="0" bw="1" slack="0"/>
</pin_list>
<bind>
<StgValue><ssdm name=""/></StgValue>
</bind>
</comp>

<comp id="56" class="1001" name="const_56">
<pin_list>
<pin id="57" dir="1" index="0" bw="1" slack="0"/>
</pin_list>
<bind>
<StgValue><ssdm name="_ssdm_op_Write.ap_auto.i14P"/></StgValue>
</bind>
</comp>

<comp id="58" class="1004" name="data_V_read_read_fu_58">
<pin_list>
<pin id="59" dir="0" index="0" bw="24" slack="0"/>
<pin id="60" dir="0" index="1" bw="24" slack="0"/>
<pin id="61" dir="1" index="2" bw="24" slack="0"/>
</pin_list>
<bind>
<opcode="read(1150) " fcode="read"/>
<opset="data_V_read/1 "/>
</bind>
</comp>

<comp id="64" class="1004" name="StgValue_40_write_fu_64">
<pin_list>
<pin id="65" dir="0" index="0" bw="0" slack="0"/>
<pin id="66" dir="0" index="1" bw="14" slack="0"/>
<pin id="67" dir="0" index="2" bw="14" slack="0"/>
<pin id="68" dir="1" index="3" bw="0" slack="2147483647"/>
</pin_list>
<bind>
<opcode="write(1151) " fcode="write"/>
<opset="StgValue_40/6 "/>
</bind>
</comp>

<comp id="71" class="1004" name="rinvToPt_table1_addr_gep_fu_71">
<pin_list>
<pin id="72" dir="0" index="0" bw="14" slack="0"/>
<pin id="73" dir="0" index="1" bw="1" slack="0"/>
<pin id="74" dir="0" index="2" bw="25" slack="0"/>
<pin id="75" dir="1" index="3" bw="14" slack="0"/>
</pin_list>
<bind>
<opcode="getelementptr(29) " fcode="getelementptr"/>
<opset="rinvToPt_table1_addr/5 "/>
</bind>
</comp>

<comp id="78" class="1004" name="grp_access_fu_78">
<pin_list>
<pin id="79" dir="0" index="0" bw="14" slack="0"/>
<pin id="80" dir="0" index="1" bw="14" slack="2147483647"/>
<pin id="81" dir="1" index="2" bw="14" slack="0"/>
</pin_list>
<bind>
<opcode="load(27) " fcode="load"/>
<opset="rinvToPt_table1_load/5 "/>
</bind>
</comp>

<comp id="83" class="1004" name="OP1_V_cast_fu_83">
<pin_list>
<pin id="84" dir="0" index="0" bw="24" slack="0"/>
<pin id="85" dir="1" index="1" bw="32" slack="0"/>
</pin_list>
<bind>
<opcode="sext(35) " fcode="sext"/>
<opset="OP1_V_cast/1 "/>
</bind>
</comp>

<comp id="87" class="1004" name="tmp_2_fu_87">
<pin_list>
<pin id="88" dir="0" index="0" bw="24" slack="0"/>
<pin id="89" dir="0" index="1" bw="32" slack="0"/>
<pin id="90" dir="0" index="2" bw="5" slack="0"/>
<pin id="91" dir="0" index="3" bw="6" slack="0"/>
<pin id="92" dir="1" index="4" bw="24" slack="1"/>
</pin_list>
<bind>
<opcode="partselect(1002) " fcode="partselect"/>
<opset="tmp_2/3 "/>
</bind>
</comp>

<comp id="96" class="1004" name="tmp_4_fu_96">
<pin_list>
<pin id="97" dir="0" index="0" bw="32" slack="0"/>
<pin id="98" dir="1" index="1" bw="8" slack="1"/>
</pin_list>
<bind>
<opcode="trunc(33) " fcode="trunc"/>
<opset="tmp_4/3 "/>
</bind>
</comp>

<comp id="99" class="1004" name="ret_V_cast_cast_fu_99">
<pin_list>
<pin id="100" dir="0" index="0" bw="24" slack="1"/>
<pin id="101" dir="1" index="1" bw="25" slack="0"/>
</pin_list>
<bind>
<opcode="sext(35) " fcode="sext"/>
<opset="ret_V_cast_cast/4 "/>
</bind>
</comp>

<comp id="102" class="1004" name="tmp_3_fu_102">
<pin_list>
<pin id="103" dir="0" index="0" bw="1" slack="0"/>
<pin id="104" dir="0" index="1" bw="32" slack="1"/>
<pin id="105" dir="0" index="2" bw="6" slack="0"/>
<pin id="106" dir="1" index="3" bw="1" slack="0"/>
</pin_list>
<bind>
<opcode="bitselect(1000) " fcode="bitselect"/>
<opset="tmp_3/4 "/>
</bind>
</comp>

<comp id="109" class="1004" name="p_Result_2_fu_109">
<pin_list>
<pin id="110" dir="0" index="0" bw="22" slack="0"/>
<pin id="111" dir="0" index="1" bw="8" slack="1"/>
<pin id="112" dir="0" index="2" bw="1" slack="0"/>
<pin id="113" dir="1" index="3" bw="22" slack="0"/>
</pin_list>
<bind>
<opcode="bitconcatenate(1004) " fcode="bitconcatenate"/>
<opset="p_Result_2/4 "/>
</bind>
</comp>

<comp id="116" class="1004" name="tmp_7_fu_116">
<pin_list>
<pin id="117" dir="0" index="0" bw="22" slack="0"/>
<pin id="118" dir="0" index="1" bw="1" slack="0"/>
<pin id="119" dir="1" index="2" bw="1" slack="0"/>
</pin_list>
<bind>
<opcode="icmp(45) " fcode="icmp"/>
<opset="tmp_7/4 "/>
</bind>
</comp>

<comp id="122" class="1004" name="ret_V_fu_122">
<pin_list>
<pin id="123" dir="0" index="0" bw="1" slack="0"/>
<pin id="124" dir="0" index="1" bw="24" slack="0"/>
<pin id="125" dir="1" index="2" bw="25" slack="0"/>
</pin_list>
<bind>
<opcode="add(8) " fcode="add"/>
<opset="ret_V/4 "/>
</bind>
</comp>

<comp id="128" class="1004" name="tmp_6_fu_128">
<pin_list>
<pin id="129" dir="0" index="0" bw="24" slack="1"/>
<pin id="130" dir="1" index="1" bw="32" slack="0"/>
</pin_list>
<bind>
<opcode="sext(35) " fcode="sext"/>
<opset="tmp_6/4 "/>
</bind>
</comp>

<comp id="131" class="1004" name="tmp_s_fu_131">
<pin_list>
<pin id="132" dir="0" index="0" bw="25" slack="0"/>
<pin id="133" dir="1" index="1" bw="32" slack="0"/>
</pin_list>
<bind>
<opcode="sext(35) " fcode="sext"/>
<opset="tmp_s/4 "/>
</bind>
</comp>

<comp id="135" class="1004" name="tmp_5_fu_135">
<pin_list>
<pin id="136" dir="0" index="0" bw="1" slack="0"/>
<pin id="137" dir="0" index="1" bw="24" slack="0"/>
<pin id="138" dir="0" index="2" bw="25" slack="0"/>
<pin id="139" dir="1" index="3" bw="32" slack="0"/>
</pin_list>
<bind>
<opcode="select(49) " fcode="select"/>
<opset="tmp_5/4 "/>
</bind>
</comp>

<comp id="143" class="1004" name="index_fu_143">
<pin_list>
<pin id="144" dir="0" index="0" bw="1" slack="0"/>
<pin id="145" dir="0" index="1" bw="25" slack="0"/>
<pin id="146" dir="0" index="2" bw="24" slack="0"/>
<pin id="147" dir="1" index="3" bw="32" slack="0"/>
</pin_list>
<bind>
<opcode="select(49) " fcode="select"/>
<opset="index/4 "/>
</bind>
</comp>

<comp id="151" class="1004" name="tmp_9_fu_151">
<pin_list>
<pin id="152" dir="0" index="0" bw="1" slack="0"/>
<pin id="153" dir="0" index="1" bw="25" slack="0"/>
<pin id="154" dir="0" index="2" bw="6" slack="0"/>
<pin id="155" dir="1" index="3" bw="1" slack="2"/>
</pin_list>
<bind>
<opcode="bitselect(1000) " fcode="bitselect"/>
<opset="tmp_9/4 "/>
</bind>
</comp>

<comp id="159" class="1004" name="tmp_10_fu_159">
<pin_list>
<pin id="160" dir="0" index="0" bw="18" slack="0"/>
<pin id="161" dir="0" index="1" bw="25" slack="0"/>
<pin id="162" dir="0" index="2" bw="5" slack="0"/>
<pin id="163" dir="0" index="3" bw="6" slack="0"/>
<pin id="164" dir="1" index="4" bw="18" slack="0"/>
</pin_list>
<bind>
<opcode="partselect(1002) " fcode="partselect"/>
<opset="tmp_10/4 "/>
</bind>
</comp>

<comp id="169" class="1004" name="icmp_fu_169">
<pin_list>
<pin id="170" dir="0" index="0" bw="18" slack="0"/>
<pin id="171" dir="0" index="1" bw="1" slack="0"/>
<pin id="172" dir="1" index="2" bw="1" slack="2"/>
</pin_list>
<bind>
<opcode="icmp(45) " fcode="icmp"/>
<opset="icmp/4 "/>
</bind>
</comp>

<comp id="175" class="1004" name="tmp_1_fu_175">
<pin_list>
<pin id="176" dir="0" index="0" bw="25" slack="1"/>
<pin id="177" dir="1" index="1" bw="64" slack="0"/>
</pin_list>
<bind>
<opcode="zext(34) " fcode="zext"/>
<opset="tmp_1/5 "/>
</bind>
</comp>

<comp id="179" class="1004" name="sel_tmp1_fu_179">
<pin_list>
<pin id="180" dir="0" index="0" bw="1" slack="2"/>
<pin id="181" dir="0" index="1" bw="1" slack="0"/>
<pin id="182" dir="1" index="2" bw="1" slack="0"/>
</pin_list>
<bind>
<opcode="xor(25) " fcode="xor"/>
<opset="sel_tmp1/6 "/>
</bind>
</comp>

<comp id="184" class="1004" name="sel_tmp2_fu_184">
<pin_list>
<pin id="185" dir="0" index="0" bw="1" slack="2"/>
<pin id="186" dir="0" index="1" bw="1" slack="0"/>
<pin id="187" dir="1" index="2" bw="1" slack="0"/>
</pin_list>
<bind>
<opcode="and(23) " fcode="and"/>
<opset="sel_tmp2/6 "/>
</bind>
</comp>

<comp id="189" class="1004" name="sel_tmp_cast_fu_189">
<pin_list>
<pin id="190" dir="0" index="0" bw="1" slack="0"/>
<pin id="191" dir="0" index="1" bw="1" slack="0"/>
<pin id="192" dir="0" index="2" bw="8" slack="0"/>
<pin id="193" dir="1" index="3" bw="14" slack="0"/>
</pin_list>
<bind>
<opcode="select(49) " fcode="select"/>
<opset="sel_tmp_cast/6 "/>
</bind>
</comp>

<comp id="197" class="1004" name="tmp_8_fu_197">
<pin_list>
<pin id="198" dir="0" index="0" bw="1" slack="0"/>
<pin id="199" dir="0" index="1" bw="1" slack="2"/>
<pin id="200" dir="1" index="2" bw="1" slack="0"/>
</pin_list>
<bind>
<opcode="or(24) " fcode="or"/>
<opset="tmp_8/6 "/>
</bind>
</comp>

<comp id="202" class="1004" name="storemerge1_fu_202">
<pin_list>
<pin id="203" dir="0" index="0" bw="1" slack="0"/>
<pin id="204" dir="0" index="1" bw="8" slack="0"/>
<pin id="205" dir="0" index="2" bw="14" slack="0"/>
<pin id="206" dir="1" index="3" bw="14" slack="0"/>
</pin_list>
<bind>
<opcode="select(49) " fcode="select"/>
<opset="storemerge1/6 "/>
</bind>
</comp>

<comp id="211" class="1007" name="grp_fu_211">
<pin_list>
<pin id="212" dir="0" index="0" bw="9" slack="0"/>
<pin id="213" dir="0" index="1" bw="24" slack="0"/>
<pin id="214" dir="0" index="2" bw="24" slack="0"/>
<pin id="215" dir="1" index="3" bw="32" slack="0"/>
</pin_list>
<bind>
<opcode="muladd(1172) " fcode="muladd"/>
<opset="tmp/1 r_V/3 "/>
</bind>
</comp>

<comp id="221" class="1005" name="OP1_V_cast_reg_221">
<pin_list>
<pin id="222" dir="0" index="0" bw="32" slack="1"/>
<pin id="223" dir="1" index="1" bw="32" slack="1"/>
</pin_list>
<bind>
<opset="OP1_V_cast "/>
</bind>
</comp>

<comp id="226" class="1005" name="r_V_reg_226">
<pin_list>
<pin id="227" dir="0" index="0" bw="32" slack="1"/>
<pin id="228" dir="1" index="1" bw="32" slack="1"/>
</pin_list>
<bind>
<opset="r_V "/>
</bind>
</comp>

<comp id="231" class="1005" name="tmp_2_reg_231">
<pin_list>
<pin id="232" dir="0" index="0" bw="24" slack="1"/>
<pin id="233" dir="1" index="1" bw="24" slack="1"/>
</pin_list>
<bind>
<opset="tmp_2 "/>
</bind>
</comp>

<comp id="237" class="1005" name="tmp_4_reg_237">
<pin_list>
<pin id="238" dir="0" index="0" bw="8" slack="1"/>
<pin id="239" dir="1" index="1" bw="8" slack="1"/>
</pin_list>
<bind>
<opset="tmp_4 "/>
</bind>
</comp>

<comp id="242" class="1005" name="index_reg_242">
<pin_list>
<pin id="243" dir="0" index="0" bw="32" slack="1"/>
<pin id="244" dir="1" index="1" bw="32" slack="1"/>
</pin_list>
<bind>
<opset="index "/>
</bind>
</comp>

<comp id="247" class="1005" name="tmp_9_reg_247">
<pin_list>
<pin id="248" dir="0" index="0" bw="1" slack="2"/>
<pin id="249" dir="1" index="1" bw="1" slack="2"/>
</pin_list>
<bind>
<opset="tmp_9 "/>
</bind>
</comp>

<comp id="253" class="1005" name="icmp_reg_253">
<pin_list>
<pin id="254" dir="0" index="0" bw="1" slack="2"/>
<pin id="255" dir="1" index="1" bw="1" slack="2"/>
</pin_list>
<bind>
<opset="icmp "/>
</bind>
</comp>

<comp id="258" class="1005" name="rinvToPt_table1_addr_reg_258">
<pin_list>
<pin id="259" dir="0" index="0" bw="14" slack="1"/>
<pin id="260" dir="1" index="1" bw="14" slack="1"/>
</pin_list>
<bind>
<opset="rinvToPt_table1_addr "/>
</bind>
</comp>

</comp_list>

<net_list>
<net id="62"><net_src comp="6" pin="0"/><net_sink comp="58" pin=0"/></net>

<net id="63"><net_src comp="0" pin="0"/><net_sink comp="58" pin=1"/></net>

<net id="69"><net_src comp="56" pin="0"/><net_sink comp="64" pin=0"/></net>

<net id="70"><net_src comp="2" pin="0"/><net_sink comp="64" pin=1"/></net>

<net id="76"><net_src comp="4" pin="0"/><net_sink comp="71" pin=0"/></net>

<net id="77"><net_src comp="34" pin="0"/><net_sink comp="71" pin=1"/></net>

<net id="82"><net_src comp="71" pin="3"/><net_sink comp="78" pin=0"/></net>

<net id="86"><net_src comp="58" pin="2"/><net_sink comp="83" pin=0"/></net>

<net id="93"><net_src comp="12" pin="0"/><net_sink comp="87" pin=0"/></net>

<net id="94"><net_src comp="14" pin="0"/><net_sink comp="87" pin=2"/></net>

<net id="95"><net_src comp="16" pin="0"/><net_sink comp="87" pin=3"/></net>

<net id="107"><net_src comp="18" pin="0"/><net_sink comp="102" pin=0"/></net>

<net id="108"><net_src comp="16" pin="0"/><net_sink comp="102" pin=2"/></net>

<net id="114"><net_src comp="20" pin="0"/><net_sink comp="109" pin=0"/></net>

<net id="115"><net_src comp="22" pin="0"/><net_sink comp="109" pin=2"/></net>

<net id="120"><net_src comp="109" pin="3"/><net_sink comp="116" pin=0"/></net>

<net id="121"><net_src comp="24" pin="0"/><net_sink comp="116" pin=1"/></net>

<net id="126"><net_src comp="26" pin="0"/><net_sink comp="122" pin=0"/></net>

<net id="127"><net_src comp="99" pin="1"/><net_sink comp="122" pin=1"/></net>

<net id="134"><net_src comp="122" pin="2"/><net_sink comp="131" pin=0"/></net>

<net id="140"><net_src comp="116" pin="2"/><net_sink comp="135" pin=0"/></net>

<net id="141"><net_src comp="128" pin="1"/><net_sink comp="135" pin=1"/></net>

<net id="142"><net_src comp="131" pin="1"/><net_sink comp="135" pin=2"/></net>

<net id="148"><net_src comp="102" pin="3"/><net_sink comp="143" pin=0"/></net>

<net id="149"><net_src comp="135" pin="3"/><net_sink comp="143" pin=1"/></net>

<net id="150"><net_src comp="128" pin="1"/><net_sink comp="143" pin=2"/></net>

<net id="156"><net_src comp="18" pin="0"/><net_sink comp="151" pin=0"/></net>

<net id="157"><net_src comp="143" pin="3"/><net_sink comp="151" pin=1"/></net>

<net id="158"><net_src comp="16" pin="0"/><net_sink comp="151" pin=2"/></net>

<net id="165"><net_src comp="28" pin="0"/><net_sink comp="159" pin=0"/></net>

<net id="166"><net_src comp="143" pin="3"/><net_sink comp="159" pin=1"/></net>

<net id="167"><net_src comp="30" pin="0"/><net_sink comp="159" pin=2"/></net>

<net id="168"><net_src comp="16" pin="0"/><net_sink comp="159" pin=3"/></net>

<net id="173"><net_src comp="159" pin="4"/><net_sink comp="169" pin=0"/></net>

<net id="174"><net_src comp="32" pin="0"/><net_sink comp="169" pin=1"/></net>

<net id="178"><net_src comp="175" pin="1"/><net_sink comp="71" pin=2"/></net>

<net id="183"><net_src comp="52" pin="0"/><net_sink comp="179" pin=1"/></net>

<net id="188"><net_src comp="179" pin="2"/><net_sink comp="184" pin=1"/></net>

<net id="194"><net_src comp="184" pin="2"/><net_sink comp="189" pin=0"/></net>

<net id="195"><net_src comp="22" pin="0"/><net_sink comp="189" pin=1"/></net>

<net id="196"><net_src comp="54" pin="0"/><net_sink comp="189" pin=2"/></net>

<net id="201"><net_src comp="184" pin="2"/><net_sink comp="197" pin=0"/></net>

<net id="207"><net_src comp="197" pin="2"/><net_sink comp="202" pin=0"/></net>

<net id="208"><net_src comp="189" pin="3"/><net_sink comp="202" pin=1"/></net>

<net id="209"><net_src comp="78" pin="2"/><net_sink comp="202" pin=2"/></net>

<net id="210"><net_src comp="202" pin="3"/><net_sink comp="64" pin=2"/></net>

<net id="216"><net_src comp="8" pin="0"/><net_sink comp="211" pin=0"/></net>

<net id="217"><net_src comp="83" pin="1"/><net_sink comp="211" pin=1"/></net>

<net id="218"><net_src comp="10" pin="0"/><net_sink comp="211" pin=2"/></net>

<net id="219"><net_src comp="211" pin="3"/><net_sink comp="87" pin=1"/></net>

<net id="220"><net_src comp="211" pin="3"/><net_sink comp="96" pin=0"/></net>

<net id="224"><net_src comp="83" pin="1"/><net_sink comp="221" pin=0"/></net>

<net id="225"><net_src comp="221" pin="1"/><net_sink comp="211" pin=1"/></net>

<net id="229"><net_src comp="211" pin="3"/><net_sink comp="226" pin=0"/></net>

<net id="230"><net_src comp="226" pin="1"/><net_sink comp="102" pin=1"/></net>

<net id="234"><net_src comp="87" pin="4"/><net_sink comp="231" pin=0"/></net>

<net id="235"><net_src comp="231" pin="1"/><net_sink comp="99" pin=0"/></net>

<net id="236"><net_src comp="231" pin="1"/><net_sink comp="128" pin=0"/></net>

<net id="240"><net_src comp="96" pin="1"/><net_sink comp="237" pin=0"/></net>

<net id="241"><net_src comp="237" pin="1"/><net_sink comp="109" pin=1"/></net>

<net id="245"><net_src comp="143" pin="3"/><net_sink comp="242" pin=0"/></net>

<net id="246"><net_src comp="242" pin="1"/><net_sink comp="175" pin=0"/></net>

<net id="250"><net_src comp="151" pin="3"/><net_sink comp="247" pin=0"/></net>

<net id="251"><net_src comp="247" pin="1"/><net_sink comp="179" pin=0"/></net>

<net id="252"><net_src comp="247" pin="1"/><net_sink comp="197" pin=1"/></net>

<net id="256"><net_src comp="169" pin="2"/><net_sink comp="253" pin=0"/></net>

<net id="257"><net_src comp="253" pin="1"/><net_sink comp="184" pin=0"/></net>

<net id="261"><net_src comp="71" pin="3"/><net_sink comp="258" pin=0"/></net>

<net id="262"><net_src comp="258" pin="1"/><net_sink comp="78" pin=0"/></net>

</net_list>

</model> 
---------------- Datapath Model END ------------------

* FSMD analyzer results:
  - Output states:
	Port: res_V | {6 }
 - Input state : 
	Port: rinvToPt<ap_fixed<24, 2, (ap_q_mode)5, (ap_o_mode)3, 0>, ap_fixed<14, 9, (ap_q_mode)5, (ap_o_mode)3, 0>, 16384> : data_V | {1 }
	Port: rinvToPt<ap_fixed<24, 2, (ap_q_mode)5, (ap_o_mode)3, 0>, ap_fixed<14, 9, (ap_q_mode)5, (ap_o_mode)3, 0>, 16384> : rinvToPt_table1 | {5 6 }
  - Chain level:
	State 1
		tmp : 1
	State 2
	State 3
		r_V : 1
		tmp_2 : 2
		tmp_4 : 2
	State 4
		tmp_7 : 1
		ret_V : 1
		tmp_s : 2
		tmp_5 : 3
		index : 4
		tmp_9 : 5
		tmp_10 : 5
		icmp : 6
	State 5
		rinvToPt_table1_addr : 1
		rinvToPt_table1_load : 2
	State 6
		StgValue_40 : 1


============================================================
+ Verbose Summary: Datapath Resource usage 
============================================================

* Functional unit list:
|----------|-------------------------|---------|---------|---------|
| Operation|     Functional Unit     |  DSP48E |    FF   |   LUT   |
|----------|-------------------------|---------|---------|---------|
|          |       tmp_5_fu_135      |    0    |    0    |    25   |
|  select  |       index_fu_143      |    0    |    0    |    25   |
|          |   sel_tmp_cast_fu_189   |    0    |    0    |    8    |
|          |    storemerge1_fu_202   |    0    |    0    |    14   |
|----------|-------------------------|---------|---------|---------|
|    add   |       ret_V_fu_122      |    0    |    0    |    24   |
|----------|-------------------------|---------|---------|---------|
|   icmp   |       tmp_7_fu_116      |    0    |    0    |    8    |
|          |       icmp_fu_169       |    0    |    0    |    7    |
|----------|-------------------------|---------|---------|---------|
|    xor   |     sel_tmp1_fu_179     |    0    |    0    |    1    |
|----------|-------------------------|---------|---------|---------|
|    and   |     sel_tmp2_fu_184     |    0    |    0    |    1    |
|----------|-------------------------|---------|---------|---------|
|    or    |       tmp_8_fu_197      |    0    |    0    |    1    |
|----------|-------------------------|---------|---------|---------|
|  muladd  |        grp_fu_211       |    1    |    0    |    0    |
|----------|-------------------------|---------|---------|---------|
|   read   |  data_V_read_read_fu_58 |    0    |    0    |    0    |
|----------|-------------------------|---------|---------|---------|
|   write  | StgValue_40_write_fu_64 |    0    |    0    |    0    |
|----------|-------------------------|---------|---------|---------|
|          |     OP1_V_cast_fu_83    |    0    |    0    |    0    |
|   sext   |  ret_V_cast_cast_fu_99  |    0    |    0    |    0    |
|          |       tmp_6_fu_128      |    0    |    0    |    0    |
|          |       tmp_s_fu_131      |    0    |    0    |    0    |
|----------|-------------------------|---------|---------|---------|
|partselect|       tmp_2_fu_87       |    0    |    0    |    0    |
|          |      tmp_10_fu_159      |    0    |    0    |    0    |
|----------|-------------------------|---------|---------|---------|
|   trunc  |       tmp_4_fu_96       |    0    |    0    |    0    |
|----------|-------------------------|---------|---------|---------|
| bitselect|       tmp_3_fu_102      |    0    |    0    |    0    |
|          |       tmp_9_fu_151      |    0    |    0    |    0    |
|----------|-------------------------|---------|---------|---------|
|bitconcatenate|    p_Result_2_fu_109    |    0    |    0    |    0    |
|----------|-------------------------|---------|---------|---------|
|   zext   |       tmp_1_fu_175      |    0    |    0    |    0    |
|----------|-------------------------|---------|---------|---------|
|   Total  |                         |    1    |    0    |   114   |
|----------|-------------------------|---------|---------|---------|

Memories:
+---------------+--------+--------+--------+
|               |  BRAM  |   FF   |   LUT  |
+---------------+--------+--------+--------+
|rinvToPt_table1|   14   |    0   |    0   |
+---------------+--------+--------+--------+
|     Total     |   14   |    0   |    0   |
+---------------+--------+--------+--------+

* Register list:
+----------------------------+--------+
|                            |   FF   |
+----------------------------+--------+
|     OP1_V_cast_reg_221     |   32   |
|        icmp_reg_253        |    1   |
|        index_reg_242       |   32   |
|         r_V_reg_226        |   32   |
|rinvToPt_table1_addr_reg_258|   14   |
|        tmp_2_reg_231       |   24   |
|        tmp_4_reg_237       |    8   |
|        tmp_9_reg_247       |    1   |
+----------------------------+--------+
|            Total           |   144  |
+----------------------------+--------+

* Multiplexer (MUX) list: 
|------------------|------|------|------|--------||---------||---------|
|       Comp       |  Pin | Size |  BW  | S x BW ||  Delay  ||   LUT   |
|------------------|------|------|------|--------||---------||---------|
| grp_access_fu_78 |  p0  |   2  |  14  |   28   ||    14   |
|    grp_fu_211    |  p1  |   2  |  24  |   48   ||    24   |
|------------------|------|------|------|--------||---------||---------|
|       Total      |      |      |      |   76   ||  1.784  ||    38   |
|------------------|------|------|------|--------||---------||---------|



* Summary:
+-----------+--------+--------+--------+--------+--------+
|           |  BRAM  | DSP48E |  Delay |   FF   |   LUT  |
+-----------+--------+--------+--------+--------+--------+
|  Function |    -   |    1   |    -   |    0   |   114  |
|   Memory  |   14   |    -   |    -   |    0   |    0   |
|Multiplexer|    -   |    -   |    1   |    -   |   38   |
|  Register |    -   |    -   |    -   |   144  |    -   |
+-----------+--------+--------+--------+--------+--------+
|   Total   |   14   |    1   |    1   |   144  |   152  |
+-----------+--------+--------+--------+--------+--------+
