

================================================================
== Vivado HLS Report for 'calc_phi_hw'
================================================================
* Date:           Thu Aug 23 18:07:58 2018

* Version:        2016.4 (Build 1756540 on Mon Jan 23 19:31:01 MST 2017)
* Project:        hls_calc_phi_hw
* Solution:       solution1
* Product family: virtex7
* Target device:  xc7vx690tffg1927-2


================================================================
== Performance Estimates
================================================================
+ Timing (ns): 
    * Summary: 
    +--------+-------+----------+------------+
    |  Clock | Target| Estimated| Uncertainty|
    +--------+-------+----------+------------+
    |ap_clk  |   4.11|      3.59|        0.51|
    +--------+-------+----------+------------+

+ Latency (clock cycles): 
    * Summary: 
    +-----+-----+-----+-----+----------+
    |  Latency  |  Interval | Pipeline |
    | min | max | min | max |   Type   |
    +-----+-----+-----+-----+----------+
    |   46|   46|   15|   15| function |
    +-----+-----+-----+-----+----------+

    + Detail: 
        * Instance: 
        N/A

        * Loop: 
        N/A

============================================================
+ Verbose Summary: Synthesis Manager
============================================================
InlineROM: 1
ExposeGlobal: 0
============================================================
+ Verbose Summary: CDFG Model
============================================================
IsTopModel: 1
ResetActiveHigh: 1
IsCombinational: 0
IsDatapathOnly: 0
HasWiredReturn: 1
HasMFsm: 2
HasVarLatency: 0
IsPipeline: 1
IsRtlPipelined: 1
IsInstanceOverlapped: 0
IsDontTouch: 0
HasImplIP: 0
IsGatedGlobalClock: 0

+ Individual pipeline summary: 
  * Pipeline-0: initiation interval (II) = 15, depth = 47


============================================================
+ Verbose Summary: Schedule
============================================================
* Number of FSM states: 47
* Pipeline: 1
  Pipeline-0: II = 15, D = 47, States = { 1 2 3 4 5 6 7 8 9 10 11 12 13 14 15 16 17 18 19 20 21 22 23 24 25 26 27 28 29 30 31 32 33 34 35 36 37 38 39 40 41 42 43 44 45 46 47 }
* Dataflow Pipeline: 0

* FSM state transitions: 
1 --> 
	2  / true
2 --> 
	3  / true
3 --> 
	4  / true
4 --> 
	5  / true
5 --> 
	6  / true
6 --> 
	7  / true
7 --> 
	8  / true
8 --> 
	9  / true
9 --> 
	10  / true
10 --> 
	11  / true
11 --> 
	12  / true
12 --> 
	13  / true
13 --> 
	14  / true
14 --> 
	15  / true
15 --> 
	16  / true
16 --> 
	17  / true
17 --> 
	18  / true
18 --> 
	19  / true
19 --> 
	20  / true
20 --> 
	21  / true
21 --> 
	22  / true
22 --> 
	23  / true
23 --> 
	24  / true
24 --> 
	25  / true
25 --> 
	26  / true
26 --> 
	27  / true
27 --> 
	28  / true
28 --> 
	29  / true
29 --> 
	30  / true
30 --> 
	31  / true
31 --> 
	32  / true
32 --> 
	33  / true
33 --> 
	34  / true
34 --> 
	35  / true
35 --> 
	36  / true
36 --> 
	37  / true
37 --> 
	38  / true
38 --> 
	39  / true
39 --> 
	40  / true
40 --> 
	41  / true
41 --> 
	42  / true
42 --> 
	43  / true
43 --> 
	44  / true
44 --> 
	45  / true
45 --> 
	46  / true
46 --> 
	47  / true
47 --> 
* FSM state operations: 

 <State 1>: 3.21ns
ST_1: hwSector_V_read (8)  [1/1] 0.00ns
:4  %hwSector_V_read = call i5 @_ssdm_op_Read.ap_auto.i5(i5 %hwSector_V)

ST_1: hwPhi_V_read (9)  [1/1] 0.00ns
:5  %hwPhi_V_read = call i19 @_ssdm_op_Read.ap_auto.i19(i19 %hwPhi_V)

ST_1: tmp (11)  [1/1] 0.00ns  loc: src/tk-mu_simple.cpp:429
:7  %tmp = call i1 @_ssdm_op_BitSelect.i1.i19.i32(i19 %hwPhi_V_read, i32 18)

ST_1: StgValue_51 (12)  [1/1] 0.00ns  loc: src/tk-mu_simple.cpp:429
:8  br i1 %tmp, label %1, label %10

ST_1: tmp_21 (14)  [1/1] 0.00ns  loc: src/tk-mu_simple.cpp:433
:0  %tmp_21 = sext i19 %hwPhi_V_read to i32

ST_1: tmp_6 (15)  [6/6] 3.21ns  loc: src/tk-mu_simple.cpp:433
:1  %tmp_6 = sitofp i32 %tmp_21 to double

ST_1: r_V (63)  [1/1] 0.00ns  loc: src/tk-mu_simple.cpp:430 (grouped into LUT with out node op2)
:0  %r_V = xor i19 %hwPhi_V_read, -262144

ST_1: op2 (64)  [1/1] 1.45ns  loc: src/tk-mu_simple.cpp:430 (out node of the LUT)
:1  %op2 = sub i19 0, %r_V

ST_1: lhs_V_1_cast (115)  [1/1] 0.00ns  loc: src/tk-mu_simple.cpp:436
ap_fixed_base.exit:1  %lhs_V_1_cast = zext i5 %hwSector_V_read to i6

ST_1: r_V_2 (116)  [1/1] 1.27ns  loc: src/tk-mu_simple.cpp:436
ap_fixed_base.exit:2  %r_V_2 = add i6 %lhs_V_1_cast, -1

ST_1: offset_V (117)  [43/43] 1.27ns  loc: src/tk-mu_simple.cpp:436
ap_fixed_base.exit:3  %offset_V = call fastcc i19 @phiOffSet(i6 %r_V_2)


 <State 2>: 3.59ns
ST_2: tmp_6 (15)  [5/6] 3.21ns  loc: src/tk-mu_simple.cpp:433
:1  %tmp_6 = sitofp i32 %tmp_21 to double

ST_2: tmp_20 (65)  [1/1] 0.00ns  loc: src/tk-mu_simple.cpp:430
:2  %tmp_20 = sext i19 %op2 to i32

ST_2: tmp_1 (66)  [6/6] 3.21ns  loc: src/tk-mu_simple.cpp:430
:3  %tmp_1 = sitofp i32 %tmp_20 to double

ST_2: offset_V (117)  [42/43] 3.59ns  loc: src/tk-mu_simple.cpp:436
ap_fixed_base.exit:3  %offset_V = call fastcc i19 @phiOffSet(i6 %r_V_2)


 <State 3>: 3.59ns
ST_3: tmp_6 (15)  [4/6] 3.21ns  loc: src/tk-mu_simple.cpp:433
:1  %tmp_6 = sitofp i32 %tmp_21 to double

ST_3: tmp_1 (66)  [5/6] 3.21ns  loc: src/tk-mu_simple.cpp:430
:3  %tmp_1 = sitofp i32 %tmp_20 to double

ST_3: offset_V (117)  [41/43] 3.59ns  loc: src/tk-mu_simple.cpp:436
ap_fixed_base.exit:3  %offset_V = call fastcc i19 @phiOffSet(i6 %r_V_2)


 <State 4>: 3.59ns
ST_4: tmp_6 (15)  [3/6] 3.21ns  loc: src/tk-mu_simple.cpp:433
:1  %tmp_6 = sitofp i32 %tmp_21 to double

ST_4: tmp_1 (66)  [4/6] 3.21ns  loc: src/tk-mu_simple.cpp:430
:3  %tmp_1 = sitofp i32 %tmp_20 to double

ST_4: offset_V (117)  [40/43] 3.59ns  loc: src/tk-mu_simple.cpp:436
ap_fixed_base.exit:3  %offset_V = call fastcc i19 @phiOffSet(i6 %r_V_2)


 <State 5>: 3.59ns
ST_5: tmp_6 (15)  [2/6] 3.21ns  loc: src/tk-mu_simple.cpp:433
:1  %tmp_6 = sitofp i32 %tmp_21 to double

ST_5: tmp_1 (66)  [3/6] 3.21ns  loc: src/tk-mu_simple.cpp:430
:3  %tmp_1 = sitofp i32 %tmp_20 to double

ST_5: offset_V (117)  [39/43] 3.59ns  loc: src/tk-mu_simple.cpp:436
ap_fixed_base.exit:3  %offset_V = call fastcc i19 @phiOffSet(i6 %r_V_2)


 <State 6>: 3.59ns
ST_6: tmp_6 (15)  [1/6] 3.21ns  loc: src/tk-mu_simple.cpp:433
:1  %tmp_6 = sitofp i32 %tmp_21 to double

ST_6: tmp_1 (66)  [2/6] 3.21ns  loc: src/tk-mu_simple.cpp:430
:3  %tmp_1 = sitofp i32 %tmp_20 to double

ST_6: offset_V (117)  [38/43] 3.59ns  loc: src/tk-mu_simple.cpp:436
ap_fixed_base.exit:3  %offset_V = call fastcc i19 @phiOffSet(i6 %r_V_2)


 <State 7>: 3.59ns
ST_7: v_assign_1 (16)  [10/10] 3.06ns  loc: src/tk-mu_simple.cpp:433
:2  %v_assign_1 = fmul double %tmp_6, 4.734500e-06

ST_7: tmp_1 (66)  [1/6] 3.21ns  loc: src/tk-mu_simple.cpp:430
:3  %tmp_1 = sitofp i32 %tmp_20 to double

ST_7: offset_V (117)  [37/43] 3.59ns  loc: src/tk-mu_simple.cpp:436
ap_fixed_base.exit:3  %offset_V = call fastcc i19 @phiOffSet(i6 %r_V_2)


 <State 8>: 3.59ns
ST_8: v_assign_1 (16)  [9/10] 3.06ns  loc: src/tk-mu_simple.cpp:433
:2  %v_assign_1 = fmul double %tmp_6, 4.734500e-06

ST_8: v_assign (67)  [10/10] 3.06ns  loc: src/tk-mu_simple.cpp:430
:4  %v_assign = fmul double %tmp_1, 4.734500e-06

ST_8: offset_V (117)  [36/43] 3.59ns  loc: src/tk-mu_simple.cpp:436
ap_fixed_base.exit:3  %offset_V = call fastcc i19 @phiOffSet(i6 %r_V_2)


 <State 9>: 3.59ns
ST_9: v_assign_1 (16)  [8/10] 3.06ns  loc: src/tk-mu_simple.cpp:433
:2  %v_assign_1 = fmul double %tmp_6, 4.734500e-06

ST_9: v_assign (67)  [9/10] 3.06ns  loc: src/tk-mu_simple.cpp:430
:4  %v_assign = fmul double %tmp_1, 4.734500e-06

ST_9: offset_V (117)  [35/43] 3.59ns  loc: src/tk-mu_simple.cpp:436
ap_fixed_base.exit:3  %offset_V = call fastcc i19 @phiOffSet(i6 %r_V_2)


 <State 10>: 3.59ns
ST_10: v_assign_1 (16)  [7/10] 3.06ns  loc: src/tk-mu_simple.cpp:433
:2  %v_assign_1 = fmul double %tmp_6, 4.734500e-06

ST_10: v_assign (67)  [8/10] 3.06ns  loc: src/tk-mu_simple.cpp:430
:4  %v_assign = fmul double %tmp_1, 4.734500e-06

ST_10: offset_V (117)  [34/43] 3.59ns  loc: src/tk-mu_simple.cpp:436
ap_fixed_base.exit:3  %offset_V = call fastcc i19 @phiOffSet(i6 %r_V_2)


 <State 11>: 3.59ns
ST_11: v_assign_1 (16)  [6/10] 3.06ns  loc: src/tk-mu_simple.cpp:433
:2  %v_assign_1 = fmul double %tmp_6, 4.734500e-06

ST_11: v_assign (67)  [7/10] 3.06ns  loc: src/tk-mu_simple.cpp:430
:4  %v_assign = fmul double %tmp_1, 4.734500e-06

ST_11: offset_V (117)  [33/43] 3.59ns  loc: src/tk-mu_simple.cpp:436
ap_fixed_base.exit:3  %offset_V = call fastcc i19 @phiOffSet(i6 %r_V_2)


 <State 12>: 3.59ns
ST_12: v_assign_1 (16)  [5/10] 3.06ns  loc: src/tk-mu_simple.cpp:433
:2  %v_assign_1 = fmul double %tmp_6, 4.734500e-06

ST_12: v_assign (67)  [6/10] 3.06ns  loc: src/tk-mu_simple.cpp:430
:4  %v_assign = fmul double %tmp_1, 4.734500e-06

ST_12: offset_V (117)  [32/43] 3.59ns  loc: src/tk-mu_simple.cpp:436
ap_fixed_base.exit:3  %offset_V = call fastcc i19 @phiOffSet(i6 %r_V_2)


 <State 13>: 3.59ns
ST_13: v_assign_1 (16)  [4/10] 3.06ns  loc: src/tk-mu_simple.cpp:433
:2  %v_assign_1 = fmul double %tmp_6, 4.734500e-06

ST_13: v_assign (67)  [5/10] 3.06ns  loc: src/tk-mu_simple.cpp:430
:4  %v_assign = fmul double %tmp_1, 4.734500e-06

ST_13: offset_V (117)  [31/43] 3.59ns  loc: src/tk-mu_simple.cpp:436
ap_fixed_base.exit:3  %offset_V = call fastcc i19 @phiOffSet(i6 %r_V_2)


 <State 14>: 3.59ns
ST_14: v_assign_1 (16)  [3/10] 3.06ns  loc: src/tk-mu_simple.cpp:433
:2  %v_assign_1 = fmul double %tmp_6, 4.734500e-06

ST_14: v_assign (67)  [4/10] 3.06ns  loc: src/tk-mu_simple.cpp:430
:4  %v_assign = fmul double %tmp_1, 4.734500e-06

ST_14: offset_V (117)  [30/43] 3.59ns  loc: src/tk-mu_simple.cpp:436
ap_fixed_base.exit:3  %offset_V = call fastcc i19 @phiOffSet(i6 %r_V_2)


 <State 15>: 3.59ns
ST_15: v_assign_1 (16)  [2/10] 3.06ns  loc: src/tk-mu_simple.cpp:433
:2  %v_assign_1 = fmul double %tmp_6, 4.734500e-06

ST_15: v_assign (67)  [3/10] 3.06ns  loc: src/tk-mu_simple.cpp:430
:4  %v_assign = fmul double %tmp_1, 4.734500e-06

ST_15: offset_V (117)  [29/43] 3.59ns  loc: src/tk-mu_simple.cpp:436
ap_fixed_base.exit:3  %offset_V = call fastcc i19 @phiOffSet(i6 %r_V_2)


 <State 16>: 3.59ns
ST_16: v_assign_1 (16)  [1/10] 3.06ns  loc: src/tk-mu_simple.cpp:433
:2  %v_assign_1 = fmul double %tmp_6, 4.734500e-06

ST_16: v_assign (67)  [2/10] 3.06ns  loc: src/tk-mu_simple.cpp:430
:4  %v_assign = fmul double %tmp_1, 4.734500e-06

ST_16: offset_V (117)  [28/43] 3.59ns  loc: src/tk-mu_simple.cpp:436
ap_fixed_base.exit:3  %offset_V = call fastcc i19 @phiOffSet(i6 %r_V_2)


 <State 17>: 3.59ns
ST_17: ireg_V_1 (17)  [1/1] 0.00ns  loc: src/tk-mu_simple.cpp:433
:3  %ireg_V_1 = bitcast double %v_assign_1 to i64

ST_17: tmp_95 (18)  [1/1] 0.00ns  loc: src/tk-mu_simple.cpp:433
:4  %tmp_95 = trunc i64 %ireg_V_1 to i63

ST_17: isneg_1 (19)  [1/1] 0.00ns  loc: src/tk-mu_simple.cpp:433
:5  %isneg_1 = call i1 @_ssdm_op_BitSelect.i1.i64.i32(i64 %ireg_V_1, i32 63)

ST_17: exp_tmp_V_1 (20)  [1/1] 0.00ns  loc: src/tk-mu_simple.cpp:433
:6  %exp_tmp_V_1 = call i11 @_ssdm_op_PartSelect.i11.i64.i32.i32(i64 %ireg_V_1, i32 52, i32 62)

ST_17: tmp_7 (21)  [1/1] 0.00ns  loc: src/tk-mu_simple.cpp:433
:7  %tmp_7 = zext i11 %exp_tmp_V_1 to i12

ST_17: tmp_97 (22)  [1/1] 0.00ns  loc: src/tk-mu_simple.cpp:433
:8  %tmp_97 = trunc i64 %ireg_V_1 to i52

ST_17: tmp_8 (23)  [1/1] 0.00ns  loc: src/tk-mu_simple.cpp:433
:9  %tmp_8 = call i53 @_ssdm_op_BitConcatenate.i53.i1.i52(i1 true, i52 %tmp_97)

ST_17: p_Result_1 (24)  [1/1] 0.00ns  loc: src/tk-mu_simple.cpp:433
:10  %p_Result_1 = zext i53 %tmp_8 to i54

ST_17: man_V_4 (25)  [1/1] 1.99ns  loc: src/tk-mu_simple.cpp:433
:11  %man_V_4 = sub i54 0, %p_Result_1

ST_17: man_V_5 (26)  [1/1] 0.71ns  loc: src/tk-mu_simple.cpp:433
:12  %man_V_5 = select i1 %isneg_1, i54 %man_V_4, i54 %p_Result_1

ST_17: tmp_10 (27)  [1/1] 1.60ns  loc: src/tk-mu_simple.cpp:433
:13  %tmp_10 = icmp eq i63 %tmp_95, 0

ST_17: StgValue_116 (28)  [1/1] 1.20ns  loc: src/tk-mu_simple.cpp:433
:14  br i1 %tmp_10, label %ap_fixed_base.exit, label %11

ST_17: F2_1 (30)  [1/1] 1.33ns  loc: src/tk-mu_simple.cpp:433
:0  %F2_1 = sub i12 1075, %tmp_7

ST_17: tmp_17 (31)  [1/1] 1.25ns  loc: src/tk-mu_simple.cpp:433
:1  %tmp_17 = icmp sgt i12 %F2_1, 16

ST_17: tmp_s (32)  [1/1] 1.33ns  loc: src/tk-mu_simple.cpp:433
:2  %tmp_s = add i12 %F2_1, -16

ST_17: tmp_18 (33)  [1/1] 1.33ns  loc: src/tk-mu_simple.cpp:433
:3  %tmp_18 = sub i12 16, %F2_1

ST_17: sh_amt_1 (34)  [1/1] 0.71ns  loc: src/tk-mu_simple.cpp:433
:4  %sh_amt_1 = select i1 %tmp_17, i12 %tmp_s, i12 %tmp_18

ST_17: tmp_19 (37)  [1/1] 1.25ns  loc: src/tk-mu_simple.cpp:433
:7  %tmp_19 = icmp eq i12 %F2_1, 16

ST_17: StgValue_123 (38)  [1/1] 0.00ns  loc: src/tk-mu_simple.cpp:433
:8  br i1 %tmp_19, label %12, label %13

ST_17: StgValue_124 (40)  [1/1] 0.00ns  loc: src/tk-mu_simple.cpp:433
:0  br i1 %tmp_17, label %14, label %17

ST_17: v_assign (67)  [1/10] 3.06ns  loc: src/tk-mu_simple.cpp:430
:4  %v_assign = fmul double %tmp_1, 4.734500e-06

ST_17: offset_V (117)  [27/43] 3.59ns  loc: src/tk-mu_simple.cpp:436
ap_fixed_base.exit:3  %offset_V = call fastcc i19 @phiOffSet(i6 %r_V_2)


 <State 18>: 3.59ns
ST_18: sh_amt_1_cast1 (35)  [1/1] 0.00ns  loc: src/tk-mu_simple.cpp:433
:5  %sh_amt_1_cast1 = sext i12 %sh_amt_1 to i19

ST_18: sh_amt_1_cast (36)  [1/1] 0.00ns  loc: src/tk-mu_simple.cpp:433
:6  %sh_amt_1_cast = sext i12 %sh_amt_1 to i32

ST_18: tmp_101 (42)  [1/1] 0.00ns  loc: src/tk-mu_simple.cpp:433
:0  %tmp_101 = trunc i54 %man_V_5 to i19

ST_18: tmp_25 (43)  [1/1] 1.25ns  loc: src/tk-mu_simple.cpp:433
:1  %tmp_25 = icmp ult i12 %sh_amt_1, 19

ST_18: StgValue_131 (44)  [1/1] 1.20ns  loc: src/tk-mu_simple.cpp:433
:2  br i1 %tmp_25, label %18, label %ap_fixed_base.exit

ST_18: tmp_31 (46)  [1/1] 1.99ns  loc: src/tk-mu_simple.cpp:433
:0  %tmp_31 = shl i19 %tmp_101, %sh_amt_1_cast1

ST_18: tmp_24 (49)  [1/1] 1.25ns  loc: src/tk-mu_simple.cpp:433
:0  %tmp_24 = icmp ult i12 %sh_amt_1, 54

ST_18: StgValue_134 (50)  [1/1] 0.00ns  loc: src/tk-mu_simple.cpp:433
:1  br i1 %tmp_24, label %15, label %16

ST_18: tmp_29 (55)  [1/1] 0.00ns  loc: src/tk-mu_simple.cpp:433
:0  %tmp_29 = zext i32 %sh_amt_1_cast to i54

ST_18: tmp_30 (56)  [1/1] 2.57ns  loc: src/tk-mu_simple.cpp:433
:1  %tmp_30 = ashr i54 %man_V_5, %tmp_29

ST_18: tmp_103 (57)  [1/1] 0.00ns  loc: src/tk-mu_simple.cpp:433
:2  %tmp_103 = trunc i54 %tmp_30 to i19

ST_18: tmp_99 (60)  [1/1] 0.00ns  loc: src/tk-mu_simple.cpp:433
:0  %tmp_99 = trunc i54 %man_V_5 to i19

ST_18: ireg_V (68)  [1/1] 0.00ns  loc: src/tk-mu_simple.cpp:430
:5  %ireg_V = bitcast double %v_assign to i64

ST_18: tmp_92 (69)  [1/1] 0.00ns  loc: src/tk-mu_simple.cpp:430
:6  %tmp_92 = trunc i64 %ireg_V to i63

ST_18: isneg (70)  [1/1] 0.00ns  loc: src/tk-mu_simple.cpp:430
:7  %isneg = call i1 @_ssdm_op_BitSelect.i1.i64.i32(i64 %ireg_V, i32 63)

ST_18: exp_tmp_V (71)  [1/1] 0.00ns  loc: src/tk-mu_simple.cpp:430
:8  %exp_tmp_V = call i11 @_ssdm_op_PartSelect.i11.i64.i32.i32(i64 %ireg_V, i32 52, i32 62)

ST_18: tmp_2 (72)  [1/1] 0.00ns  loc: src/tk-mu_simple.cpp:430
:9  %tmp_2 = zext i11 %exp_tmp_V to i12

ST_18: tmp_94 (73)  [1/1] 0.00ns  loc: src/tk-mu_simple.cpp:430
:10  %tmp_94 = trunc i64 %ireg_V to i52

ST_18: tmp_3 (74)  [1/1] 0.00ns  loc: src/tk-mu_simple.cpp:430
:11  %tmp_3 = call i53 @_ssdm_op_BitConcatenate.i53.i1.i52(i1 true, i52 %tmp_94)

ST_18: p_Result_s (75)  [1/1] 0.00ns  loc: src/tk-mu_simple.cpp:430
:12  %p_Result_s = zext i53 %tmp_3 to i54

ST_18: man_V_1 (76)  [1/1] 1.99ns  loc: src/tk-mu_simple.cpp:430
:13  %man_V_1 = sub i54 0, %p_Result_s

ST_18: man_V_2 (77)  [1/1] 0.71ns  loc: src/tk-mu_simple.cpp:430
:14  %man_V_2 = select i1 %isneg, i54 %man_V_1, i54 %p_Result_s

ST_18: tmp_5 (78)  [1/1] 1.60ns  loc: src/tk-mu_simple.cpp:430
:15  %tmp_5 = icmp eq i63 %tmp_92, 0

ST_18: StgValue_150 (79)  [1/1] 1.20ns  loc: src/tk-mu_simple.cpp:430
:16  br i1 %tmp_5, label %ap_fixed_base.exit, label %2

ST_18: F2 (81)  [1/1] 1.33ns  loc: src/tk-mu_simple.cpp:430
:0  %F2 = sub i12 1075, %tmp_2

ST_18: tmp_12 (82)  [1/1] 1.25ns  loc: src/tk-mu_simple.cpp:430
:1  %tmp_12 = icmp sgt i12 %F2, 16

ST_18: tmp_13 (83)  [1/1] 1.33ns  loc: src/tk-mu_simple.cpp:430
:2  %tmp_13 = add i12 %F2, -16

ST_18: tmp_14 (84)  [1/1] 1.33ns  loc: src/tk-mu_simple.cpp:430
:3  %tmp_14 = sub i12 16, %F2

ST_18: sh_amt (85)  [1/1] 0.71ns  loc: src/tk-mu_simple.cpp:430
:4  %sh_amt = select i1 %tmp_12, i12 %tmp_13, i12 %tmp_14

ST_18: tmp_15 (88)  [1/1] 1.25ns  loc: src/tk-mu_simple.cpp:430
:7  %tmp_15 = icmp eq i12 %F2, 16

ST_18: StgValue_157 (89)  [1/1] 0.00ns  loc: src/tk-mu_simple.cpp:430
:8  br i1 %tmp_15, label %3, label %4

ST_18: StgValue_158 (91)  [1/1] 0.00ns  loc: src/tk-mu_simple.cpp:430
:0  br i1 %tmp_12, label %5, label %8

ST_18: offset_V (117)  [26/43] 3.59ns  loc: src/tk-mu_simple.cpp:436
ap_fixed_base.exit:3  %offset_V = call fastcc i19 @phiOffSet(i6 %r_V_2)


 <State 19>: 3.59ns
ST_19: sh_amt_cast2 (86)  [1/1] 0.00ns  loc: src/tk-mu_simple.cpp:430
:5  %sh_amt_cast2 = sext i12 %sh_amt to i19

ST_19: sh_amt_cast (87)  [1/1] 0.00ns  loc: src/tk-mu_simple.cpp:430
:6  %sh_amt_cast = sext i12 %sh_amt to i32

ST_19: tmp_100 (93)  [1/1] 0.00ns  loc: src/tk-mu_simple.cpp:430
:0  %tmp_100 = trunc i54 %man_V_2 to i19

ST_19: tmp_23 (94)  [1/1] 1.25ns  loc: src/tk-mu_simple.cpp:430
:1  %tmp_23 = icmp ult i12 %sh_amt, 19

ST_19: StgValue_164 (95)  [1/1] 1.20ns  loc: src/tk-mu_simple.cpp:430
:2  br i1 %tmp_23, label %9, label %ap_fixed_base.exit

ST_19: tmp_28 (97)  [1/1] 1.99ns  loc: src/tk-mu_simple.cpp:430
:0  %tmp_28 = shl i19 %tmp_100, %sh_amt_cast2

ST_19: tmp_22 (100)  [1/1] 1.25ns  loc: src/tk-mu_simple.cpp:430
:0  %tmp_22 = icmp ult i12 %sh_amt, 54

ST_19: StgValue_167 (101)  [1/1] 0.00ns  loc: src/tk-mu_simple.cpp:430
:1  br i1 %tmp_22, label %6, label %7

ST_19: tmp_26 (106)  [1/1] 0.00ns  loc: src/tk-mu_simple.cpp:430
:0  %tmp_26 = zext i32 %sh_amt_cast to i54

ST_19: tmp_27 (107)  [1/1] 2.57ns  loc: src/tk-mu_simple.cpp:430
:1  %tmp_27 = ashr i54 %man_V_2, %tmp_26

ST_19: tmp_102 (108)  [1/1] 0.00ns  loc: src/tk-mu_simple.cpp:430
:2  %tmp_102 = trunc i54 %tmp_27 to i19

ST_19: tmp_98 (111)  [1/1] 0.00ns  loc: src/tk-mu_simple.cpp:430
:0  %tmp_98 = trunc i54 %man_V_2 to i19

ST_19: offset_V (117)  [25/43] 3.59ns  loc: src/tk-mu_simple.cpp:436
ap_fixed_base.exit:3  %offset_V = call fastcc i19 @phiOffSet(i6 %r_V_2)


 <State 20>: 3.59ns
ST_20: StgValue_173 (47)  [1/1] 1.20ns  loc: src/tk-mu_simple.cpp:433
:1  br label %ap_fixed_base.exit

ST_20: p_3 (52)  [1/1] 0.71ns  loc: src/tk-mu_simple.cpp:433
:0  %p_3 = select i1 %isneg_1, i19 -1, i19 0

ST_20: StgValue_175 (53)  [1/1] 1.20ns  loc: src/tk-mu_simple.cpp:433
:1  br label %ap_fixed_base.exit

ST_20: StgValue_176 (58)  [1/1] 1.20ns  loc: src/tk-mu_simple.cpp:433
:3  br label %ap_fixed_base.exit

ST_20: StgValue_177 (61)  [1/1] 1.20ns  loc: src/tk-mu_simple.cpp:433
:1  br label %ap_fixed_base.exit

ST_20: StgValue_178 (98)  [1/1] 1.20ns  loc: src/tk-mu_simple.cpp:430
:1  br label %ap_fixed_base.exit

ST_20: p_2 (103)  [1/1] 0.71ns  loc: src/tk-mu_simple.cpp:430
:0  %p_2 = select i1 %isneg, i19 -1, i19 0

ST_20: StgValue_180 (104)  [1/1] 1.20ns  loc: src/tk-mu_simple.cpp:430
:1  br label %ap_fixed_base.exit

ST_20: StgValue_181 (109)  [1/1] 1.20ns  loc: src/tk-mu_simple.cpp:430
:3  br label %ap_fixed_base.exit

ST_20: StgValue_182 (112)  [1/1] 1.20ns  loc: src/tk-mu_simple.cpp:430
:1  br label %ap_fixed_base.exit

ST_20: offset_V (117)  [24/43] 3.59ns  loc: src/tk-mu_simple.cpp:436
ap_fixed_base.exit:3  %offset_V = call fastcc i19 @phiOffSet(i6 %r_V_2)


 <State 21>: 3.59ns
ST_21: p_Val2_2 (114)  [1/1] 0.00ns  loc: src/tk-mu_simple.cpp:430
ap_fixed_base.exit:0  %p_Val2_2 = phi i19 [ 0, %1 ], [ %tmp_98, %3 ], [ %tmp_102, %6 ], [ %tmp_28, %9 ], [ 0, %8 ], [ %p_2, %7 ], [ 0, %10 ], [ %tmp_99, %12 ], [ %tmp_103, %15 ], [ %tmp_31, %18 ], [ 0, %17 ], [ %p_3, %16 ]

ST_21: offset_V (117)  [23/43] 3.59ns  loc: src/tk-mu_simple.cpp:436
ap_fixed_base.exit:3  %offset_V = call fastcc i19 @phiOffSet(i6 %r_V_2)


 <State 22>: 3.59ns
ST_22: offset_V (117)  [22/43] 3.59ns  loc: src/tk-mu_simple.cpp:436
ap_fixed_base.exit:3  %offset_V = call fastcc i19 @phiOffSet(i6 %r_V_2)


 <State 23>: 3.59ns
ST_23: offset_V (117)  [21/43] 3.59ns  loc: src/tk-mu_simple.cpp:436
ap_fixed_base.exit:3  %offset_V = call fastcc i19 @phiOffSet(i6 %r_V_2)


 <State 24>: 3.59ns
ST_24: offset_V (117)  [20/43] 3.59ns  loc: src/tk-mu_simple.cpp:436
ap_fixed_base.exit:3  %offset_V = call fastcc i19 @phiOffSet(i6 %r_V_2)


 <State 25>: 3.59ns
ST_25: offset_V (117)  [19/43] 3.59ns  loc: src/tk-mu_simple.cpp:436
ap_fixed_base.exit:3  %offset_V = call fastcc i19 @phiOffSet(i6 %r_V_2)


 <State 26>: 3.59ns
ST_26: offset_V (117)  [18/43] 3.59ns  loc: src/tk-mu_simple.cpp:436
ap_fixed_base.exit:3  %offset_V = call fastcc i19 @phiOffSet(i6 %r_V_2)


 <State 27>: 3.59ns
ST_27: offset_V (117)  [17/43] 3.59ns  loc: src/tk-mu_simple.cpp:436
ap_fixed_base.exit:3  %offset_V = call fastcc i19 @phiOffSet(i6 %r_V_2)


 <State 28>: 3.59ns
ST_28: offset_V (117)  [16/43] 3.59ns  loc: src/tk-mu_simple.cpp:436
ap_fixed_base.exit:3  %offset_V = call fastcc i19 @phiOffSet(i6 %r_V_2)


 <State 29>: 3.59ns
ST_29: offset_V (117)  [15/43] 3.59ns  loc: src/tk-mu_simple.cpp:436
ap_fixed_base.exit:3  %offset_V = call fastcc i19 @phiOffSet(i6 %r_V_2)


 <State 30>: 3.59ns
ST_30: offset_V (117)  [14/43] 3.59ns  loc: src/tk-mu_simple.cpp:436
ap_fixed_base.exit:3  %offset_V = call fastcc i19 @phiOffSet(i6 %r_V_2)


 <State 31>: 3.59ns
ST_31: offset_V (117)  [13/43] 3.59ns  loc: src/tk-mu_simple.cpp:436
ap_fixed_base.exit:3  %offset_V = call fastcc i19 @phiOffSet(i6 %r_V_2)


 <State 32>: 3.59ns
ST_32: offset_V (117)  [12/43] 3.59ns  loc: src/tk-mu_simple.cpp:436
ap_fixed_base.exit:3  %offset_V = call fastcc i19 @phiOffSet(i6 %r_V_2)


 <State 33>: 3.59ns
ST_33: offset_V (117)  [11/43] 3.59ns  loc: src/tk-mu_simple.cpp:436
ap_fixed_base.exit:3  %offset_V = call fastcc i19 @phiOffSet(i6 %r_V_2)


 <State 34>: 3.59ns
ST_34: offset_V (117)  [10/43] 3.59ns  loc: src/tk-mu_simple.cpp:436
ap_fixed_base.exit:3  %offset_V = call fastcc i19 @phiOffSet(i6 %r_V_2)


 <State 35>: 3.59ns
ST_35: offset_V (117)  [9/43] 3.59ns  loc: src/tk-mu_simple.cpp:436
ap_fixed_base.exit:3  %offset_V = call fastcc i19 @phiOffSet(i6 %r_V_2)


 <State 36>: 3.59ns
ST_36: offset_V (117)  [8/43] 3.59ns  loc: src/tk-mu_simple.cpp:436
ap_fixed_base.exit:3  %offset_V = call fastcc i19 @phiOffSet(i6 %r_V_2)


 <State 37>: 3.59ns
ST_37: offset_V (117)  [7/43] 3.59ns  loc: src/tk-mu_simple.cpp:436
ap_fixed_base.exit:3  %offset_V = call fastcc i19 @phiOffSet(i6 %r_V_2)


 <State 38>: 3.59ns
ST_38: offset_V (117)  [6/43] 3.59ns  loc: src/tk-mu_simple.cpp:436
ap_fixed_base.exit:3  %offset_V = call fastcc i19 @phiOffSet(i6 %r_V_2)


 <State 39>: 3.59ns
ST_39: offset_V (117)  [5/43] 3.59ns  loc: src/tk-mu_simple.cpp:436
ap_fixed_base.exit:3  %offset_V = call fastcc i19 @phiOffSet(i6 %r_V_2)


 <State 40>: 3.59ns
ST_40: offset_V (117)  [4/43] 3.59ns  loc: src/tk-mu_simple.cpp:436
ap_fixed_base.exit:3  %offset_V = call fastcc i19 @phiOffSet(i6 %r_V_2)


 <State 41>: 3.59ns
ST_41: offset_V (117)  [3/43] 3.59ns  loc: src/tk-mu_simple.cpp:436
ap_fixed_base.exit:3  %offset_V = call fastcc i19 @phiOffSet(i6 %r_V_2)


 <State 42>: 3.59ns
ST_42: offset_V (117)  [2/43] 3.59ns  loc: src/tk-mu_simple.cpp:436
ap_fixed_base.exit:3  %offset_V = call fastcc i19 @phiOffSet(i6 %r_V_2)


 <State 43>: 2.39ns
ST_43: offset_V (117)  [1/43] 2.39ns  loc: src/tk-mu_simple.cpp:436
ap_fixed_base.exit:3  %offset_V = call fastcc i19 @phiOffSet(i6 %r_V_2)


 <State 44>: 3.07ns
ST_44: tmp_32 (118)  [1/1] 0.00ns  loc: src/tk-mu_simple.cpp:438
ap_fixed_base.exit:4  %tmp_32 = sext i19 %p_Val2_2 to i20

ST_44: tmp_33 (119)  [1/1] 0.00ns  loc: src/tk-mu_simple.cpp:438
ap_fixed_base.exit:5  %tmp_33 = sext i19 %offset_V to i20

ST_44: r_V_1 (120)  [1/1] 2.12ns  loc: src/tk-mu_simple.cpp:438
ap_fixed_base.exit:6  %r_V_1 = add i20 %tmp_32, %tmp_33

ST_44: OP1_V_cast (121)  [1/1] 0.00ns  loc: src/tk-mu_simple.cpp:438
ap_fixed_base.exit:7  %OP1_V_cast = sext i20 %r_V_1 to i39

ST_44: r_V_4 (122)  [3/3] 0.95ns  loc: src/tk-mu_simple.cpp:438
ap_fixed_base.exit:8  %r_V_4 = mul i39 %OP1_V_cast, 211216


 <State 45>: 0.95ns
ST_45: r_V_4 (122)  [2/3] 0.95ns  loc: src/tk-mu_simple.cpp:438
ap_fixed_base.exit:8  %r_V_4 = mul i39 %OP1_V_cast, 211216


 <State 46>: 1.29ns
ST_46: r_V_4 (122)  [1/3] 0.00ns  loc: src/tk-mu_simple.cpp:438
ap_fixed_base.exit:8  %r_V_4 = mul i39 %OP1_V_cast, 211216

ST_46: tmp_4 (123)  [1/1] 0.00ns  loc: src/tk-mu_simple.cpp:438
ap_fixed_base.exit:9  %tmp_4 = call i23 @_ssdm_op_PartSelect.i23.i39.i32.i32(i39 %r_V_4, i32 16, i32 38)

ST_46: tmp_104 (124)  [1/1] 0.00ns  loc: src/tk-mu_simple.cpp:438
ap_fixed_base.exit:10  %tmp_104 = call i1 @_ssdm_op_BitSelect.i1.i39.i32(i39 %r_V_4, i32 38)

ST_46: StgValue_217 (125)  [1/1] 0.89ns  loc: src/tk-mu_simple.cpp:438
ap_fixed_base.exit:11  br i1 %tmp_104, label %19, label %_ZN6ap_intILi23EEC1ILi52ELi36ELb1EL9ap_q_mode5EL9ap_o_mode3ELi0EEERK13ap_fixed_baseIXT_EXT0_EXT1_EXT2_EXT3_EXT4_EE.exit

ST_46: tmp_105 (127)  [1/1] 0.00ns  loc: src/tk-mu_simple.cpp:438
:0  %tmp_105 = trunc i39 %r_V_4 to i16

ST_46: tmp_34 (128)  [1/1] 1.29ns  loc: src/tk-mu_simple.cpp:438
:1  %tmp_34 = icmp eq i16 %tmp_105, 0


 <State 47>: 3.11ns
ST_47: StgValue_220 (4)  [1/1] 0.00ns
:0  call void (...)* @_ssdm_op_SpecBitsMap(i19 %hwPhi_V), !map !383

ST_47: StgValue_221 (5)  [1/1] 0.00ns
:1  call void (...)* @_ssdm_op_SpecBitsMap(i5 %hwSector_V), !map !389

ST_47: StgValue_222 (6)  [1/1] 0.00ns
:2  call void (...)* @_ssdm_op_SpecBitsMap(i23* %hwPhiGlobal_V), !map !393

ST_47: StgValue_223 (7)  [1/1] 0.00ns
:3  call void (...)* @_ssdm_op_SpecTopModule([12 x i8]* @calc_phi_hw_str) nounwind

ST_47: StgValue_224 (10)  [1/1] 0.00ns  loc: src/tk-mu_simple.cpp:425
:6  call void (...)* @_ssdm_op_SpecPipeline(i32 -1, i32 1, i32 1, i32 0, [1 x i8]* @p_str) nounwind

ST_47: ret_V_1 (129)  [1/1] 1.51ns  loc: src/tk-mu_simple.cpp:438
:2  %ret_V_1 = add i23 1, %tmp_4

ST_47: p_s (130)  [1/1] 0.71ns  loc: src/tk-mu_simple.cpp:438
:3  %p_s = select i1 %tmp_34, i23 %tmp_4, i23 %ret_V_1

ST_47: StgValue_227 (131)  [1/1] 0.89ns  loc: src/tk-mu_simple.cpp:438
:4  br label %_ZN6ap_intILi23EEC1ILi52ELi36ELb1EL9ap_q_mode5EL9ap_o_mode3ELi0EEERK13ap_fixed_baseIXT_EXT0_EXT1_EXT2_EXT3_EXT4_EE.exit

ST_47: p_1 (133)  [1/1] 0.00ns  loc: src/tk-mu_simple.cpp:438
_ZN6ap_intILi23EEC1ILi52ELi36ELb1EL9ap_q_mode5EL9ap_o_mode3ELi0EEERK13ap_fixed_baseIXT_EXT0_EXT1_EXT2_EXT3_EXT4_EE.exit:0  %p_1 = phi i23 [ %p_s, %19 ], [ %tmp_4, %ap_fixed_base.exit ]

ST_47: StgValue_229 (134)  [1/1] 0.00ns  loc: src/tk-mu_simple.cpp:438
_ZN6ap_intILi23EEC1ILi52ELi36ELb1EL9ap_q_mode5EL9ap_o_mode3ELi0EEERK13ap_fixed_baseIXT_EXT0_EXT1_EXT2_EXT3_EXT4_EE.exit:1  call void @_ssdm_op_Write.ap_auto.i23P(i23* %hwPhiGlobal_V, i23 %p_1)

ST_47: StgValue_230 (135)  [1/1] 0.00ns  loc: src/tk-mu_simple.cpp:448
_ZN6ap_intILi23EEC1ILi52ELi36ELb1EL9ap_q_mode5EL9ap_o_mode3ELi0EEERK13ap_fixed_baseIXT_EXT0_EXT1_EXT2_EXT3_EXT4_EE.exit:2  ret void



============================================================
+ Verbose Summary: Timing violations
============================================================
Target clock period: 4.11ns, clock uncertainty: 0.514ns.

 <State 1>: 3.21ns
The critical path consists of the following:
	wire read on port 'hwPhi_V' [9]  (0 ns)
	'sitodp' operation ('tmp_6', src/tk-mu_simple.cpp:433) [15]  (3.21 ns)

 <State 2>: 3.59ns
The critical path consists of the following:
	'call' operation ('offset.V', src/tk-mu_simple.cpp:436) to 'phiOffSet' [117]  (3.59 ns)

 <State 3>: 3.59ns
The critical path consists of the following:
	'call' operation ('offset.V', src/tk-mu_simple.cpp:436) to 'phiOffSet' [117]  (3.59 ns)

 <State 4>: 3.59ns
The critical path consists of the following:
	'call' operation ('offset.V', src/tk-mu_simple.cpp:436) to 'phiOffSet' [117]  (3.59 ns)

 <State 5>: 3.59ns
The critical path consists of the following:
	'call' operation ('offset.V', src/tk-mu_simple.cpp:436) to 'phiOffSet' [117]  (3.59 ns)

 <State 6>: 3.59ns
The critical path consists of the following:
	'call' operation ('offset.V', src/tk-mu_simple.cpp:436) to 'phiOffSet' [117]  (3.59 ns)

 <State 7>: 3.59ns
The critical path consists of the following:
	'call' operation ('offset.V', src/tk-mu_simple.cpp:436) to 'phiOffSet' [117]  (3.59 ns)

 <State 8>: 3.59ns
The critical path consists of the following:
	'call' operation ('offset.V', src/tk-mu_simple.cpp:436) to 'phiOffSet' [117]  (3.59 ns)

 <State 9>: 3.59ns
The critical path consists of the following:
	'call' operation ('offset.V', src/tk-mu_simple.cpp:436) to 'phiOffSet' [117]  (3.59 ns)

 <State 10>: 3.59ns
The critical path consists of the following:
	'call' operation ('offset.V', src/tk-mu_simple.cpp:436) to 'phiOffSet' [117]  (3.59 ns)

 <State 11>: 3.59ns
The critical path consists of the following:
	'call' operation ('offset.V', src/tk-mu_simple.cpp:436) to 'phiOffSet' [117]  (3.59 ns)

 <State 12>: 3.59ns
The critical path consists of the following:
	'call' operation ('offset.V', src/tk-mu_simple.cpp:436) to 'phiOffSet' [117]  (3.59 ns)

 <State 13>: 3.59ns
The critical path consists of the following:
	'call' operation ('offset.V', src/tk-mu_simple.cpp:436) to 'phiOffSet' [117]  (3.59 ns)

 <State 14>: 3.59ns
The critical path consists of the following:
	'call' operation ('offset.V', src/tk-mu_simple.cpp:436) to 'phiOffSet' [117]  (3.59 ns)

 <State 15>: 3.59ns
The critical path consists of the following:
	'call' operation ('offset.V', src/tk-mu_simple.cpp:436) to 'phiOffSet' [117]  (3.59 ns)

 <State 16>: 3.59ns
The critical path consists of the following:
	'call' operation ('offset.V', src/tk-mu_simple.cpp:436) to 'phiOffSet' [117]  (3.59 ns)

 <State 17>: 3.59ns
The critical path consists of the following:
	'call' operation ('offset.V', src/tk-mu_simple.cpp:436) to 'phiOffSet' [117]  (3.59 ns)

 <State 18>: 3.59ns
The critical path consists of the following:
	'call' operation ('offset.V', src/tk-mu_simple.cpp:436) to 'phiOffSet' [117]  (3.59 ns)

 <State 19>: 3.59ns
The critical path consists of the following:
	'call' operation ('offset.V', src/tk-mu_simple.cpp:436) to 'phiOffSet' [117]  (3.59 ns)

 <State 20>: 3.59ns
The critical path consists of the following:
	'call' operation ('offset.V', src/tk-mu_simple.cpp:436) to 'phiOffSet' [117]  (3.59 ns)

 <State 21>: 3.59ns
The critical path consists of the following:
	'call' operation ('offset.V', src/tk-mu_simple.cpp:436) to 'phiOffSet' [117]  (3.59 ns)

 <State 22>: 3.59ns
The critical path consists of the following:
	'call' operation ('offset.V', src/tk-mu_simple.cpp:436) to 'phiOffSet' [117]  (3.59 ns)

 <State 23>: 3.59ns
The critical path consists of the following:
	'call' operation ('offset.V', src/tk-mu_simple.cpp:436) to 'phiOffSet' [117]  (3.59 ns)

 <State 24>: 3.59ns
The critical path consists of the following:
	'call' operation ('offset.V', src/tk-mu_simple.cpp:436) to 'phiOffSet' [117]  (3.59 ns)

 <State 25>: 3.59ns
The critical path consists of the following:
	'call' operation ('offset.V', src/tk-mu_simple.cpp:436) to 'phiOffSet' [117]  (3.59 ns)

 <State 26>: 3.59ns
The critical path consists of the following:
	'call' operation ('offset.V', src/tk-mu_simple.cpp:436) to 'phiOffSet' [117]  (3.59 ns)

 <State 27>: 3.59ns
The critical path consists of the following:
	'call' operation ('offset.V', src/tk-mu_simple.cpp:436) to 'phiOffSet' [117]  (3.59 ns)

 <State 28>: 3.59ns
The critical path consists of the following:
	'call' operation ('offset.V', src/tk-mu_simple.cpp:436) to 'phiOffSet' [117]  (3.59 ns)

 <State 29>: 3.59ns
The critical path consists of the following:
	'call' operation ('offset.V', src/tk-mu_simple.cpp:436) to 'phiOffSet' [117]  (3.59 ns)

 <State 30>: 3.59ns
The critical path consists of the following:
	'call' operation ('offset.V', src/tk-mu_simple.cpp:436) to 'phiOffSet' [117]  (3.59 ns)

 <State 31>: 3.59ns
The critical path consists of the following:
	'call' operation ('offset.V', src/tk-mu_simple.cpp:436) to 'phiOffSet' [117]  (3.59 ns)

 <State 32>: 3.59ns
The critical path consists of the following:
	'call' operation ('offset.V', src/tk-mu_simple.cpp:436) to 'phiOffSet' [117]  (3.59 ns)

 <State 33>: 3.59ns
The critical path consists of the following:
	'call' operation ('offset.V', src/tk-mu_simple.cpp:436) to 'phiOffSet' [117]  (3.59 ns)

 <State 34>: 3.59ns
The critical path consists of the following:
	'call' operation ('offset.V', src/tk-mu_simple.cpp:436) to 'phiOffSet' [117]  (3.59 ns)

 <State 35>: 3.59ns
The critical path consists of the following:
	'call' operation ('offset.V', src/tk-mu_simple.cpp:436) to 'phiOffSet' [117]  (3.59 ns)

 <State 36>: 3.59ns
The critical path consists of the following:
	'call' operation ('offset.V', src/tk-mu_simple.cpp:436) to 'phiOffSet' [117]  (3.59 ns)

 <State 37>: 3.59ns
The critical path consists of the following:
	'call' operation ('offset.V', src/tk-mu_simple.cpp:436) to 'phiOffSet' [117]  (3.59 ns)

 <State 38>: 3.59ns
The critical path consists of the following:
	'call' operation ('offset.V', src/tk-mu_simple.cpp:436) to 'phiOffSet' [117]  (3.59 ns)

 <State 39>: 3.59ns
The critical path consists of the following:
	'call' operation ('offset.V', src/tk-mu_simple.cpp:436) to 'phiOffSet' [117]  (3.59 ns)

 <State 40>: 3.59ns
The critical path consists of the following:
	'call' operation ('offset.V', src/tk-mu_simple.cpp:436) to 'phiOffSet' [117]  (3.59 ns)

 <State 41>: 3.59ns
The critical path consists of the following:
	'call' operation ('offset.V', src/tk-mu_simple.cpp:436) to 'phiOffSet' [117]  (3.59 ns)

 <State 42>: 3.59ns
The critical path consists of the following:
	'call' operation ('offset.V', src/tk-mu_simple.cpp:436) to 'phiOffSet' [117]  (3.59 ns)

 <State 43>: 2.39ns
The critical path consists of the following:
	'call' operation ('offset.V', src/tk-mu_simple.cpp:436) to 'phiOffSet' [117]  (2.39 ns)

 <State 44>: 3.07ns
The critical path consists of the following:
	'add' operation ('r.V', src/tk-mu_simple.cpp:438) [120]  (2.12 ns)
	'mul' operation ('r.V', src/tk-mu_simple.cpp:438) [122]  (0.95 ns)

 <State 45>: 0.95ns
The critical path consists of the following:
	'mul' operation ('r.V', src/tk-mu_simple.cpp:438) [122]  (0.95 ns)

 <State 46>: 1.29ns
The critical path consists of the following:
	'mul' operation ('r.V', src/tk-mu_simple.cpp:438) [122]  (0 ns)
	'icmp' operation ('tmp_34', src/tk-mu_simple.cpp:438) [128]  (1.29 ns)

 <State 47>: 3.11ns
The critical path consists of the following:
	'add' operation ('ret_V_1', src/tk-mu_simple.cpp:438) [129]  (1.51 ns)
	'select' operation ('p_s', src/tk-mu_simple.cpp:438) [130]  (0.71 ns)
	multiplexor before 'phi' operation ('p_1', src/tk-mu_simple.cpp:438) with incoming values : ('tmp_4', src/tk-mu_simple.cpp:438) ('p_s', src/tk-mu_simple.cpp:438) [133]  (0.892 ns)
	'phi' operation ('p_1', src/tk-mu_simple.cpp:438) with incoming values : ('tmp_4', src/tk-mu_simple.cpp:438) ('p_s', src/tk-mu_simple.cpp:438) [133]  (0 ns)


============================================================
+ Verbose Summary: Binding
============================================================
N/A
* FSMD analyzer results:
  - Output states:
 - Input state : 
  - Chain level:
	State 1
	State 2
	State 3
	State 4
	State 5
	State 6
	State 7
	State 8
	State 9
	State 10
	State 11
	State 12
	State 13
	State 14
	State 15
	State 16
	State 17
	State 18
	State 19
	State 20
	State 21
	State 22
	State 23
	State 24
	State 25
	State 26
	State 27
	State 28
	State 29
	State 30
	State 31
	State 32
	State 33
	State 34
	State 35
	State 36
	State 37
	State 38
	State 39
	State 40
	State 41
	State 42
	State 43
	State 44
	State 45
	State 46
	State 47


============================================================
+ Verbose Summary: Datapath Resource usage 
============================================================
N/A
