

================================================================
== Vivado HLS Report for 'invCosh_1'
================================================================
* Date:           Thu May 24 15:26:53 2018

* Version:        2016.4 (Build 1756540 on Mon Jan 23 19:31:01 MST 2017)
* Project:        tkmu_proj0
* Solution:       solution1
* Product family: virtex7
* Target device:  xc7vx690tffg1927-2


================================================================
== Performance Estimates
================================================================
+ Timing (ns): 
    * Summary: 
    +--------+-------+----------+------------+
    |  Clock | Target| Estimated| Uncertainty|
    +--------+-------+----------+------------+
    |ap_clk  |   5.00|      3.87|        0.62|
    +--------+-------+----------+------------+

+ Latency (clock cycles): 
    * Summary: 
    +-----+-----+-----+-----+----------+
    |  Latency  |  Interval | Pipeline |
    | min | max | min | max |   Type   |
    +-----+-----+-----+-----+----------+
    |    6|    6|    1|    1| function |
    +-----+-----+-----+-----+----------+

    + Detail: 
        * Instance: 
        N/A

        * Loop: 
        N/A



================================================================
== Utilization Estimates
================================================================
* Summary: 
+-----------------+---------+-------+--------+--------+
|       Name      | BRAM_18K| DSP48E|   FF   |   LUT  |
+-----------------+---------+-------+--------+--------+
|DSP              |        -|      -|       -|       -|
|Expression       |        -|      -|       0|      38|
|FIFO             |        -|      -|       -|       -|
|Instance         |        -|      2|       0|       0|
|Memory           |        6|      -|       0|       0|
|Multiplexer      |        -|      -|       -|       -|
|Register         |        -|      -|      24|       -|
+-----------------+---------+-------+--------+--------+
|Total            |        6|      2|      24|      38|
+-----------------+---------+-------+--------+--------+
|Available        |     2940|   3600|  866400|  433200|
+-----------------+---------+-------+--------+--------+
|Utilization (%)  |    ~0   |   ~0  |   ~0   |   ~0   |
+-----------------+---------+-------+--------+--------+

+ Detail: 
    * Instance: 
    +--------------------------+----------------------+---------+-------+---+----+
    |         Instance         |        Module        | BRAM_18K| DSP48E| FF| LUT|
    +--------------------------+----------------------+---------+-------+---+----+
    |tkmu_simple_hw_mukbM_U19  |tkmu_simple_hw_mukbM  |        0|      2|  0|   0|
    +--------------------------+----------------------+---------+-------+---+----+
    |Total                     |                      |        0|      2|  0|   0|
    +--------------------------+----------------------+---------+-------+---+----+

    * DSP48: 
    N/A

    * Memory: 
    +---------------+----------------------+---------+---+----+------+-----+------+-------------+
    |     Memory    |        Module        | BRAM_18K| FF| LUT| Words| Bits| Banks| W*Bits*Banks|
    +---------------+----------------------+---------+---+----+------+-----+------+-------------+
    |cosh_table7_U  |invCosh_1_cosh_tajbC  |        6|  0|   0|  8192|   11|     1|        90112|
    +---------------+----------------------+---------+---+----+------+-----+------+-------------+
    |Total          |                      |        6|  0|   0|  8192|   11|     1|        90112|
    +---------------+----------------------+---------+---+----+------+-----+------+-------------+

    * FIFO: 
    N/A

    * Expression: 
    +----------------+----------+-------+---+----+------------+------------+
    |  Variable Name | Operation| DSP48E| FF| LUT| Bitwidth P0| Bitwidth P1|
    +----------------+----------+-------+---+----+------------+------------+
    |r_V_fu_100_p2   |     -    |      0|  0|  25|          24|          25|
    |icmp_fu_126_p2  |   icmp   |      0|  0|   1|           2|           1|
    |ap_return       |  select  |      0|  0|  12|           1|          12|
    +----------------+----------+-------+---+----+------------+------------+
    |Total           |          |      0|  0|  38|          27|          38|
    +----------------+----------+-------+---+----+------------+------------+

    * Multiplexer: 
    N/A

    * Register: 
    +----------------------------------------+----+----+-----+-----------+
    |                  Name                  | FF | LUT| Bits| Const Bits|
    +----------------------------------------+----+----+-----+-----------+
    |ap_CS_fsm                               |   1|   0|    1|          0|
    |ap_enable_reg_pp0_iter1                 |   1|   0|    1|          0|
    |ap_enable_reg_pp0_iter2                 |   1|   0|    1|          0|
    |ap_enable_reg_pp0_iter3                 |   1|   0|    1|          0|
    |ap_enable_reg_pp0_iter4                 |   1|   0|    1|          0|
    |ap_enable_reg_pp0_iter5                 |   1|   0|    1|          0|
    |ap_enable_reg_pp0_iter6                 |   1|   0|    1|          0|
    |ap_pipeline_reg_pp0_iter5_icmp_reg_157  |   1|   0|    1|          0|
    |icmp_reg_157                            |   1|   0|    1|          0|
    |tmp_232_reg_152                         |  15|   0|   15|          0|
    +----------------------------------------+----+----+-----+-----------+
    |Total                                   |  24|   0|   24|          0|
    +----------------------------------------+----+----+-----+-----------+



================================================================
== Interface
================================================================
* Summary: 
+-------------+-----+-----+------------+--------------+--------------+
|  RTL Ports  | Dir | Bits|  Protocol  | Source Object|    C Type    |
+-------------+-----+-----+------------+--------------+--------------+
|ap_clk       |  in |    1| ap_ctrl_hs |   invCosh.1  | return value |
|ap_rst       |  in |    1| ap_ctrl_hs |   invCosh.1  | return value |
|ap_start     |  in |    1| ap_ctrl_hs |   invCosh.1  | return value |
|ap_done      | out |    1| ap_ctrl_hs |   invCosh.1  | return value |
|ap_idle      | out |    1| ap_ctrl_hs |   invCosh.1  | return value |
|ap_ready     | out |    1| ap_ctrl_hs |   invCosh.1  | return value |
|ap_return    | out |   11| ap_ctrl_hs |   invCosh.1  | return value |
|data_V_read  |  in |   12|   ap_none  |  data_V_read |    scalar    |
+-------------+-----+-----+------------+--------------+--------------+

