

================================================================
== Vivado HLS Report for 'invCosh'
================================================================
* Date:           Thu May 24 19:27:18 2018

* Version:        2016.4 (Build 1756540 on Mon Jan 23 19:31:01 MST 2017)
* Project:        tkmu_proj0
* Solution:       solution1
* Product family: virtex7
* Target device:  xc7vx690tffg1927-2


================================================================
== Performance Estimates
================================================================
+ Timing (ns): 
    * Summary: 
    +--------+-------+----------+------------+
    |  Clock | Target| Estimated| Uncertainty|
    +--------+-------+----------+------------+
    |ap_clk  |   5.00|      3.67|        0.62|
    +--------+-------+----------+------------+

+ Latency (clock cycles): 
    * Summary: 
    +-----+-----+-----+-----+----------+
    |  Latency  |  Interval | Pipeline |
    | min | max | min | max |   Type   |
    +-----+-----+-----+-----+----------+
    |    7|    7|    1|    1| function |
    +-----+-----+-----+-----+----------+

    + Detail: 
        * Instance: 
        N/A

        * Loop: 
        N/A



================================================================
== Utilization Estimates
================================================================
* Summary: 
+-----------------+---------+-------+--------+--------+
|       Name      | BRAM_18K| DSP48E|   FF   |   LUT  |
+-----------------+---------+-------+--------+--------+
|DSP              |        -|      -|       -|       -|
|Expression       |        -|      -|       0|     157|
|FIFO             |        -|      -|       -|       -|
|Instance         |        -|      2|       0|       0|
|Memory           |        9|      -|       0|       0|
|Multiplexer      |        -|      -|       -|       -|
|Register         |        -|      -|      86|       -|
+-----------------+---------+-------+--------+--------+
|Total            |        9|      2|      86|     157|
+-----------------+---------+-------+--------+--------+
|Available        |     2940|   3600|  866400|  433200|
+-----------------+---------+-------+--------+--------+
|Utilization (%)  |    ~0   |   ~0  |   ~0   |   ~0   |
+-----------------+---------+-------+--------+--------+

+ Detail: 
    * Instance: 
    +--------------------------+----------------------+---------+-------+---+----+
    |         Instance         |        Module        | BRAM_18K| DSP48E| FF| LUT|
    +--------------------------+----------------------+---------+-------+---+----+
    |tkmu_simple_hw_mulbW_U22  |tkmu_simple_hw_mulbW  |        0|      2|  0|   0|
    +--------------------------+----------------------+---------+-------+---+----+
    |Total                     |                      |        0|      2|  0|   0|
    +--------------------------+----------------------+---------+-------+---+----+

    * DSP48: 
    N/A

    * Memory: 
    +---------------+---------------------+---------+---+----+------+-----+------+-------------+
    |     Memory    |        Module       | BRAM_18K| FF| LUT| Words| Bits| Banks| W*Bits*Banks|
    +---------------+---------------------+---------+---+----+------+-----+------+-------------+
    |cosh_table1_U  |invCosh_cosh_table1  |        9|  0|   0|  8192|   17|     1|       139264|
    +---------------+---------------------+---------+---+----+------+-----+------+-------------+
    |Total          |                     |        9|  0|   0|  8192|   17|     1|       139264|
    +---------------+---------------------+---------+---+----+------+-----+------+-------------+

    * FIFO: 
    N/A

    * Expression: 
    +--------------------+----------+-------+---+----+------------+------------+
    |    Variable Name   | Operation| DSP48E| FF| LUT| Bitwidth P0| Bitwidth P1|
    +--------------------+----------+-------+---+----+------------+------------+
    |ret_V_fu_147_p2     |     +    |      0|  0|  17|           1|          17|
    |r_V_fu_109_p2       |     -    |      0|  0|  26|          24|          26|
    |sel_tmp2_fu_209_p2  |    and   |      0|  0|   1|           1|           1|
    |icmp_fu_195_p2      |   icmp   |      0|  0|   7|          19|           1|
    |tmp_s_fu_141_p2     |   icmp   |      0|  0|   4|          10|           1|
    |tmp_200_fu_222_p2   |    or    |      0|  0|   1|           1|           1|
    |ap_return           |  select  |      0|  0|  17|           1|          17|
    |index_fu_169_p3     |  select  |      0|  0|  32|           1|          32|
    |sel_tmp_fu_214_p3   |  select  |      0|  0|  18|           1|          18|
    |tmp_202_fu_161_p3   |  select  |      0|  0|  32|           1|          32|
    |sel_tmp1_fu_204_p2  |    xor   |      0|  0|   2|           1|           2|
    +--------------------+----------+-------+---+----+------------+------------+
    |Total               |          |      0|  0| 157|          61|         148|
    +--------------------+----------+-------+---+----+------------+------------+

    * Multiplexer: 
    N/A

    * Register: 
    +-------------------------------------------+----+----+-----+-----------+
    |                    Name                   | FF | LUT| Bits| Const Bits|
    +-------------------------------------------+----+----+-----+-----------+
    |ap_CS_fsm                                  |   1|   0|    1|          0|
    |ap_enable_reg_pp0_iter1                    |   1|   0|    1|          0|
    |ap_enable_reg_pp0_iter2                    |   1|   0|    1|          0|
    |ap_enable_reg_pp0_iter3                    |   1|   0|    1|          0|
    |ap_enable_reg_pp0_iter4                    |   1|   0|    1|          0|
    |ap_enable_reg_pp0_iter5                    |   1|   0|    1|          0|
    |ap_enable_reg_pp0_iter6                    |   1|   0|    1|          0|
    |ap_enable_reg_pp0_iter7                    |   1|   0|    1|          0|
    |ap_pipeline_reg_pp0_iter6_tmp_237_reg_250  |   1|   0|    1|          0|
    |icmp_reg_261                               |   1|   0|    1|          0|
    |index_reg_245                              |  32|   0|   32|          0|
    |tmp_234_reg_240                            |  24|   0|   24|          0|
    |tmp_237_reg_250                            |   1|   0|    1|          0|
    |tmp_238_reg_256                            |  19|   0|   19|          0|
    +-------------------------------------------+----+----+-----+-----------+
    |Total                                      |  86|   0|   86|          0|
    +-------------------------------------------+----+----+-----+-----------+



================================================================
== Interface
================================================================
* Summary: 
+-------------+-----+-----+------------+--------------+--------------+
|  RTL Ports  | Dir | Bits|  Protocol  | Source Object|    C Type    |
+-------------+-----+-----+------------+--------------+--------------+
|ap_clk       |  in |    1| ap_ctrl_hs |    invCosh   | return value |
|ap_rst       |  in |    1| ap_ctrl_hs |    invCosh   | return value |
|ap_start     |  in |    1| ap_ctrl_hs |    invCosh   | return value |
|ap_done      | out |    1| ap_ctrl_hs |    invCosh   | return value |
|ap_idle      | out |    1| ap_ctrl_hs |    invCosh   | return value |
|ap_ready     | out |    1| ap_ctrl_hs |    invCosh   | return value |
|ap_return    | out |   17| ap_ctrl_hs |    invCosh   | return value |
|data_V_read  |  in |   12|   ap_none  |  data_V_read |    scalar    |
+-------------+-----+-----+------------+--------------+--------------+

