

================================================================
== Vivado HLS Report for 'tanh'
================================================================
* Date:           Thu May 24 19:27:18 2018

* Version:        2016.4 (Build 1756540 on Mon Jan 23 19:31:01 MST 2017)
* Project:        tkmu_proj0
* Solution:       solution1
* Product family: virtex7
* Target device:  xc7vx690tffg1927-2


================================================================
== Performance Estimates
================================================================
+ Timing (ns): 
    * Summary: 
    +--------+-------+----------+------------+
    |  Clock | Target| Estimated| Uncertainty|
    +--------+-------+----------+------------+
    |ap_clk  |   5.00|      3.67|        0.62|
    +--------+-------+----------+------------+

+ Latency (clock cycles): 
    * Summary: 
    +-----+-----+-----+-----+----------+
    |  Latency  |  Interval | Pipeline |
    | min | max | min | max |   Type   |
    +-----+-----+-----+-----+----------+
    |   10|   10|    1|    1| function |
    +-----+-----+-----+-----+----------+

    + Detail: 
        * Instance: 
        N/A

        * Loop: 
        N/A



================================================================
== Utilization Estimates
================================================================
* Summary: 
+-----------------+---------+-------+--------+--------+
|       Name      | BRAM_18K| DSP48E|   FF   |   LUT  |
+-----------------+---------+-------+--------+--------+
|DSP              |        -|      -|       -|       -|
|Expression       |        -|      -|       0|     269|
|FIFO             |        -|      -|       -|       -|
|Instance         |        -|      4|       0|       0|
|Memory           |        5|      -|       0|       0|
|Multiplexer      |        -|      -|       -|       -|
|Register         |        -|      -|     199|       1|
+-----------------+---------+-------+--------+--------+
|Total            |        5|      4|     199|     270|
+-----------------+---------+-------+--------+--------+
|Available        |     2940|   3600|  866400|  433200|
+-----------------+---------+-------+--------+--------+
|Utilization (%)  |    ~0   |   ~0  |   ~0   |   ~0   |
+-----------------+---------+-------+--------+--------+

+ Detail: 
    * Instance: 
    +--------------------------+----------------------+---------+-------+---+----+
    |         Instance         |        Module        | BRAM_18K| DSP48E| FF| LUT|
    +--------------------------+----------------------+---------+-------+---+----+
    |tkmu_simple_hw_muhbi_U13  |tkmu_simple_hw_muhbi  |        0|      4|  0|   0|
    +--------------------------+----------------------+---------+-------+---+----+
    |Total                     |                      |        0|      4|  0|   0|
    +--------------------------+----------------------+---------+-------+---+----+

    * DSP48: 
    N/A

    * Memory: 
    +---------------+------------------+---------+---+----+------+-----+------+-------------+
    |     Memory    |      Module      | BRAM_18K| FF| LUT| Words| Bits| Banks| W*Bits*Banks|
    +---------------+------------------+---------+---+----+------+-----+------+-------------+
    |tanh_table2_U  |tanh_tanh_table2  |        5|  0|   0|  8192|   10|     1|        81920|
    +---------------+------------------+---------+---+----+------+-----+------+-------------+
    |Total          |                  |        5|  0|   0|  8192|   10|     1|        81920|
    +---------------+------------------+---------+---+----+------+-----+------+-------------+

    * FIFO: 
    N/A

    * Expression: 
    +------------------------+----------+-------+---+----+------------+------------+
    |      Variable Name     | Operation| DSP48E| FF| LUT| Bitwidth P0| Bitwidth P1|
    +------------------------+----------+-------+---+----+------------+------------+
    |ret_V_fu_190_p2         |     +    |      0|  0|  17|           1|          17|
    |neg_mul_fu_120_p2       |     -    |      0|  0|  55|           1|          55|
    |neg_ti_fu_141_p2        |     -    |      0|  0|  26|           1|          26|
    |r_V_fu_152_p2           |     -    |      0|  0|  26|          24|          26|
    |sel_tmp2_fu_252_p2      |    and   |      0|  0|   1|           1|           1|
    |icmp_fu_238_p2          |   icmp   |      0|  0|   7|          19|           1|
    |tmp_s_fu_184_p2         |   icmp   |      0|  0|   4|          10|           1|
    |tmp_197_fu_265_p2       |    or    |      0|  0|   1|           1|           1|
    |ap_return               |  select  |      0|  0|  10|           1|          10|
    |index_fu_212_p3         |  select  |      0|  0|  32|           1|          32|
    |p_v_v_fu_135_p3         |  select  |      0|  0|  26|           1|          26|
    |sel_tmp_cast_fu_257_p3  |  select  |      0|  0|   4|           1|           1|
    |tmp_194_fu_147_p3       |  select  |      0|  0|  26|           1|          26|
    |tmp_198_fu_204_p3       |  select  |      0|  0|  32|           1|          32|
    |sel_tmp1_fu_247_p2      |    xor   |      0|  0|   2|           1|           2|
    +------------------------+----------+-------+---+----+------------+------------+
    |Total                   |          |      0|  0| 269|          65|         257|
    +------------------------+----------+-------+---+----+------------+------------+

    * Multiplexer: 
    N/A

    * Register: 
    +-------------------------------------------+----+----+-----+-----------+
    |                    Name                   | FF | LUT| Bits| Const Bits|
    +-------------------------------------------+----+----+-----+-----------+
    |ap_CS_fsm                                  |   1|   0|    1|          0|
    |ap_enable_reg_pp0_iter1                    |   1|   0|    1|          0|
    |ap_enable_reg_pp0_iter10                   |   1|   0|    1|          0|
    |ap_enable_reg_pp0_iter2                    |   1|   0|    1|          0|
    |ap_enable_reg_pp0_iter3                    |   1|   0|    1|          0|
    |ap_enable_reg_pp0_iter4                    |   1|   0|    1|          0|
    |ap_enable_reg_pp0_iter5                    |   1|   0|    1|          0|
    |ap_enable_reg_pp0_iter6                    |   1|   0|    1|          0|
    |ap_enable_reg_pp0_iter7                    |   1|   0|    1|          0|
    |ap_enable_reg_pp0_iter8                    |   1|   0|    1|          0|
    |ap_enable_reg_pp0_iter9                    |   1|   0|    1|          0|
    |ap_pipeline_reg_pp0_iter7_tmp_226_reg_294  |  26|   0|   26|          0|
    |ap_pipeline_reg_pp0_iter9_tmp_229_reg_310  |   1|   0|    1|          0|
    |icmp_reg_321                               |   1|   0|    1|          0|
    |index_reg_305                              |  32|   0|   32|          0|
    |mul_reg_289                                |  55|   0|   55|          0|
    |neg_ti_reg_300                             |  26|   0|   26|          0|
    |tmp_224_reg_283                            |   1|   0|    1|          0|
    |tmp_226_reg_294                            |  26|   0|   26|          0|
    |tmp_229_reg_310                            |   1|   0|    1|          0|
    |tmp_230_reg_316                            |  19|   0|   19|          0|
    |tmp_224_reg_283                            |   0|   1|    1|          0|
    +-------------------------------------------+----+----+-----+-----------+
    |Total                                      | 199|   1|  200|          0|
    +-------------------------------------------+----+----+-----+-----------+



================================================================
== Interface
================================================================
* Summary: 
+-------------+-----+-----+------------+--------------+--------------+
|  RTL Ports  | Dir | Bits|  Protocol  | Source Object|    C Type    |
+-------------+-----+-----+------------+--------------+--------------+
|ap_clk       |  in |    1| ap_ctrl_hs |     tanh     | return value |
|ap_rst       |  in |    1| ap_ctrl_hs |     tanh     | return value |
|ap_start     |  in |    1| ap_ctrl_hs |     tanh     | return value |
|ap_done      | out |    1| ap_ctrl_hs |     tanh     | return value |
|ap_idle      | out |    1| ap_ctrl_hs |     tanh     | return value |
|ap_ready     | out |    1| ap_ctrl_hs |     tanh     | return value |
|ap_return    | out |   10| ap_ctrl_hs |     tanh     | return value |
|data_V_read  |  in |   13|   ap_none  |  data_V_read |    scalar    |
+-------------+-----+-----+------------+--------------+--------------+

