

================================================================
== Vivado HLS Report for 'match_hw'
================================================================
* Date:           Thu Aug 23 18:04:53 2018

* Version:        2016.4 (Build 1756540 on Mon Jan 23 19:31:01 MST 2017)
* Project:        hls_match
* Solution:       solution1
* Product family: virtex7
* Target device:  xc7vx690tffg1927-2


================================================================
== Performance Estimates
================================================================
+ Timing (ns): 
    * Summary: 
    +--------+-------+----------+------------+
    |  Clock | Target| Estimated| Uncertainty|
    +--------+-------+----------+------------+
    |ap_clk  |   4.11|      3.37|        0.51|
    +--------+-------+----------+------------+

+ Latency (clock cycles): 
    * Summary: 
    +-----+-----+-----+-----+----------+
    |  Latency  |  Interval | Pipeline |
    | min | max | min | max |   Type   |
    +-----+-----+-----+-----+----------+
    |   25|   25|    1|    1| function |
    +-----+-----+-----+-----+----------+

    + Detail: 
        * Instance: 
        N/A

        * Loop: 
        N/A

============================================================
+ Verbose Summary: Synthesis Manager
============================================================
InlineROM: 1
ExposeGlobal: 0
============================================================
+ Verbose Summary: CDFG Model
============================================================
IsTopModel: 1
ResetActiveHigh: 1
IsCombinational: 0
IsDatapathOnly: 0
HasWiredReturn: 1
HasMFsm: 2
HasVarLatency: 0
IsPipeline: 1
IsRtlPipelined: 1
IsInstanceOverlapped: 0
IsDontTouch: 0
HasImplIP: 0
IsGatedGlobalClock: 0

+ Individual pipeline summary: 
  * Pipeline-0: initiation interval (II) = 1, depth = 26


============================================================
+ Verbose Summary: Schedule
============================================================
* Number of FSM states: 26
* Pipeline: 1
  Pipeline-0: II = 1, D = 26, States = { 1 2 3 4 5 6 7 8 9 10 11 12 13 14 15 16 17 18 19 20 21 22 23 24 25 26 }
* Dataflow Pipeline: 0

* FSM state transitions: 
1 --> 
	2  / true
2 --> 
	3  / true
3 --> 
	4  / true
4 --> 
	5  / true
5 --> 
	6  / true
6 --> 
	7  / true
7 --> 
	8  / true
8 --> 
	9  / true
9 --> 
	10  / true
10 --> 
	11  / true
11 --> 
	12  / true
12 --> 
	13  / true
13 --> 
	14  / true
14 --> 
	15  / true
15 --> 
	16  / true
16 --> 
	17  / true
17 --> 
	18  / true
18 --> 
	19  / true
19 --> 
	20  / true
20 --> 
	21  / true
21 --> 
	22  / true
22 --> 
	23  / true
23 --> 
	24  / true
24 --> 
	25  / true
25 --> 
	26  / true
26 --> 
* FSM state operations: 

 <State 1>: 2.04ns
ST_1: inTrack_hwEta_V_read (55)  [1/1] 0.00ns  loc: src/tk-mu_simple.cpp:272
_ifconv:28  %inTrack_hwEta_V_read = call i14 @_ssdm_op_Read.ap_auto.i14P(i14* %inTrack_hwEta_V)

ST_1: inMuon_hwEta_V_read (105)  [1/1] 0.00ns  loc: src/tk-mu_simple.cpp:275
_ifconv:78  %inMuon_hwEta_V_read = call i9 @_ssdm_op_Read.ap_auto.i9P(i9* %inMuon_hwEta_V)

ST_1: tmp_36 (106)  [1/1] 0.00ns  loc: src/tk-mu_simple.cpp:275
_ifconv:79  %tmp_36 = call i1 @_ssdm_op_BitSelect.i1.i9.i32(i9 %inMuon_hwEta_V_read, i32 8)

ST_1: x_assign_cast (110)  [1/1] 0.00ns  loc: src/dataformats.h:113->src/tk-mu_simple.cpp:275
_ifconv:83  %x_assign_cast = sext i9 %inMuon_hwEta_V_read to i10

ST_1: tmp_42 (111)  [1/1] 0.00ns  loc: src/dataformats.h:114->src/tk-mu_simple.cpp:275
_ifconv:84  %tmp_42 = call i1 @_ssdm_op_BitSelect.i1.i9.i32(i9 %inMuon_hwEta_V_read, i32 8)

ST_1: tmp_52_i (112)  [1/1] 1.33ns  loc: src/dataformats.h:114->src/tk-mu_simple.cpp:275
_ifconv:85  %tmp_52_i = sub i9 0, %inMuon_hwEta_V_read

ST_1: tmp_53_i_cast (113)  [1/1] 0.00ns  loc: src/dataformats.h:114->src/tk-mu_simple.cpp:275
_ifconv:86  %tmp_53_i_cast = zext i9 %tmp_52_i to i10

ST_1: tmp_54_i (114)  [1/1] 0.71ns  loc: src/dataformats.h:114->src/tk-mu_simple.cpp:275
_ifconv:87  %tmp_54_i = select i1 %tmp_42, i10 %tmp_53_i_cast, i10 %x_assign_cast


 <State 2>: 3.37ns
ST_2: tmp_14 (107)  [1/1] 0.00ns  loc: src/tk-mu_simple.cpp:275
_ifconv:80  %tmp_14 = call i2 @_ssdm_op_BitConcatenate.i2.i1.i1(i1 %tmp_36, i1 false)

ST_2: tmp_17 (108)  [1/1] 0.43ns  loc: src/tk-mu_simple.cpp:275
_ifconv:81  %tmp_17 = sub i2 1, %tmp_14

ST_2: tmp_21_cast_cast (109)  [1/1] 0.00ns  loc: src/tk-mu_simple.cpp:275
_ifconv:82  %tmp_21_cast_cast = sext i2 %tmp_17 to i12

ST_2: tmp_54_i_cast_cast (115)  [1/1] 0.00ns  loc: src/tk-mu_simple.cpp:275
_ifconv:88  %tmp_54_i_cast_cast = sext i10 %tmp_54_i to i12

ST_2: tmp_18 (116)  [3/3] 2.94ns  loc: src/tk-mu_simple.cpp:275
_ifconv:89  %tmp_18 = mul i12 %tmp_54_i_cast_cast, %tmp_21_cast_cast


 <State 3>: 2.94ns
ST_3: tmp_18 (116)  [2/3] 2.94ns  loc: src/tk-mu_simple.cpp:275
_ifconv:89  %tmp_18 = mul i12 %tmp_54_i_cast_cast, %tmp_21_cast_cast


 <State 4>: 2.94ns
ST_4: tmp_18 (116)  [1/3] 2.94ns  loc: src/tk-mu_simple.cpp:275
_ifconv:89  %tmp_18 = mul i12 %tmp_54_i_cast_cast, %tmp_21_cast_cast


 <State 5>: 3.21ns
ST_5: tmp4 (56)  [1/1] 0.00ns  loc: src/tk-mu_simple.cpp:272
_ifconv:29  %tmp4 = sext i14 %inTrack_hwEta_V_read to i32

ST_5: tmp (57)  [6/6] 3.21ns  loc: src/tk-mu_simple.cpp:272
_ifconv:30  %tmp = sitofp i32 %tmp4 to double

ST_5: tmp_19 (117)  [1/1] 0.00ns  loc: src/tk-mu_simple.cpp:275
_ifconv:90  %tmp_19 = sext i12 %tmp_18 to i32

ST_5: tmp_20 (118)  [6/6] 3.21ns  loc: src/tk-mu_simple.cpp:275
_ifconv:91  %tmp_20 = sitofp i32 %tmp_19 to double


 <State 6>: 3.21ns
ST_6: tmp (57)  [5/6] 3.21ns  loc: src/tk-mu_simple.cpp:272
_ifconv:30  %tmp = sitofp i32 %tmp4 to double

ST_6: tmp_20 (118)  [5/6] 3.21ns  loc: src/tk-mu_simple.cpp:275
_ifconv:91  %tmp_20 = sitofp i32 %tmp_19 to double


 <State 7>: 3.21ns
ST_7: tmp (57)  [4/6] 3.21ns  loc: src/tk-mu_simple.cpp:272
_ifconv:30  %tmp = sitofp i32 %tmp4 to double

ST_7: tmp_20 (118)  [4/6] 3.21ns  loc: src/tk-mu_simple.cpp:275
_ifconv:91  %tmp_20 = sitofp i32 %tmp_19 to double


 <State 8>: 3.21ns
ST_8: tmp (57)  [3/6] 3.21ns  loc: src/tk-mu_simple.cpp:272
_ifconv:30  %tmp = sitofp i32 %tmp4 to double

ST_8: tmp_20 (118)  [3/6] 3.21ns  loc: src/tk-mu_simple.cpp:275
_ifconv:91  %tmp_20 = sitofp i32 %tmp_19 to double


 <State 9>: 3.21ns
ST_9: tmp (57)  [2/6] 3.21ns  loc: src/tk-mu_simple.cpp:272
_ifconv:30  %tmp = sitofp i32 %tmp4 to double

ST_9: tmp_20 (118)  [2/6] 3.21ns  loc: src/tk-mu_simple.cpp:275
_ifconv:91  %tmp_20 = sitofp i32 %tmp_19 to double


 <State 10>: 3.21ns
ST_10: tmp (57)  [1/6] 3.21ns  loc: src/tk-mu_simple.cpp:272
_ifconv:30  %tmp = sitofp i32 %tmp4 to double

ST_10: tmp_20 (118)  [1/6] 3.21ns  loc: src/tk-mu_simple.cpp:275
_ifconv:91  %tmp_20 = sitofp i32 %tmp_19 to double


 <State 11>: 3.06ns
ST_11: v_assign (58)  [10/10] 3.06ns  loc: src/tk-mu_simple.cpp:272
_ifconv:31  %v_assign = fmul double %tmp, 0x3F600000972ECF2E

ST_11: v_assign_1 (119)  [10/10] 3.06ns  loc: src/tk-mu_simple.cpp:275
_ifconv:92  %v_assign_1 = fmul double %tmp_20, 1.087500e-02


 <State 12>: 3.06ns
ST_12: v_assign (58)  [9/10] 3.06ns  loc: src/tk-mu_simple.cpp:272
_ifconv:31  %v_assign = fmul double %tmp, 0x3F600000972ECF2E

ST_12: v_assign_1 (119)  [9/10] 3.06ns  loc: src/tk-mu_simple.cpp:275
_ifconv:92  %v_assign_1 = fmul double %tmp_20, 1.087500e-02


 <State 13>: 3.06ns
ST_13: v_assign (58)  [8/10] 3.06ns  loc: src/tk-mu_simple.cpp:272
_ifconv:31  %v_assign = fmul double %tmp, 0x3F600000972ECF2E

ST_13: v_assign_1 (119)  [8/10] 3.06ns  loc: src/tk-mu_simple.cpp:275
_ifconv:92  %v_assign_1 = fmul double %tmp_20, 1.087500e-02


 <State 14>: 3.06ns
ST_14: v_assign (58)  [7/10] 3.06ns  loc: src/tk-mu_simple.cpp:272
_ifconv:31  %v_assign = fmul double %tmp, 0x3F600000972ECF2E

ST_14: v_assign_1 (119)  [7/10] 3.06ns  loc: src/tk-mu_simple.cpp:275
_ifconv:92  %v_assign_1 = fmul double %tmp_20, 1.087500e-02


 <State 15>: 3.06ns
ST_15: v_assign (58)  [6/10] 3.06ns  loc: src/tk-mu_simple.cpp:272
_ifconv:31  %v_assign = fmul double %tmp, 0x3F600000972ECF2E

ST_15: v_assign_1 (119)  [6/10] 3.06ns  loc: src/tk-mu_simple.cpp:275
_ifconv:92  %v_assign_1 = fmul double %tmp_20, 1.087500e-02


 <State 16>: 3.06ns
ST_16: v_assign (58)  [5/10] 3.06ns  loc: src/tk-mu_simple.cpp:272
_ifconv:31  %v_assign = fmul double %tmp, 0x3F600000972ECF2E

ST_16: v_assign_1 (119)  [5/10] 3.06ns  loc: src/tk-mu_simple.cpp:275
_ifconv:92  %v_assign_1 = fmul double %tmp_20, 1.087500e-02


 <State 17>: 3.06ns
ST_17: v_assign (58)  [4/10] 3.06ns  loc: src/tk-mu_simple.cpp:272
_ifconv:31  %v_assign = fmul double %tmp, 0x3F600000972ECF2E

ST_17: v_assign_1 (119)  [4/10] 3.06ns  loc: src/tk-mu_simple.cpp:275
_ifconv:92  %v_assign_1 = fmul double %tmp_20, 1.087500e-02


 <State 18>: 3.06ns
ST_18: v_assign (58)  [3/10] 3.06ns  loc: src/tk-mu_simple.cpp:272
_ifconv:31  %v_assign = fmul double %tmp, 0x3F600000972ECF2E

ST_18: v_assign_1 (119)  [3/10] 3.06ns  loc: src/tk-mu_simple.cpp:275
_ifconv:92  %v_assign_1 = fmul double %tmp_20, 1.087500e-02


 <State 19>: 3.06ns
ST_19: v_assign (58)  [2/10] 3.06ns  loc: src/tk-mu_simple.cpp:272
_ifconv:31  %v_assign = fmul double %tmp, 0x3F600000972ECF2E

ST_19: v_assign_1 (119)  [2/10] 3.06ns  loc: src/tk-mu_simple.cpp:275
_ifconv:92  %v_assign_1 = fmul double %tmp_20, 1.087500e-02


 <State 20>: 3.06ns
ST_20: v_assign (58)  [1/10] 3.06ns  loc: src/tk-mu_simple.cpp:272
_ifconv:31  %v_assign = fmul double %tmp, 0x3F600000972ECF2E

ST_20: v_assign_1 (119)  [1/10] 3.06ns  loc: src/tk-mu_simple.cpp:275
_ifconv:92  %v_assign_1 = fmul double %tmp_20, 1.087500e-02


 <State 21>: 1.60ns
ST_21: ireg_V (59)  [1/1] 0.00ns  loc: src/tk-mu_simple.cpp:272
_ifconv:32  %ireg_V = bitcast double %v_assign to i64

ST_21: tmp_9 (60)  [1/1] 0.00ns  loc: src/tk-mu_simple.cpp:272
_ifconv:33  %tmp_9 = trunc i64 %ireg_V to i63

ST_21: isneg (61)  [1/1] 0.00ns  loc: src/tk-mu_simple.cpp:272
_ifconv:34  %isneg = call i1 @_ssdm_op_BitSelect.i1.i64.i32(i64 %ireg_V, i32 63)

ST_21: exp_tmp_V (62)  [1/1] 0.00ns  loc: src/tk-mu_simple.cpp:272
_ifconv:35  %exp_tmp_V = call i11 @_ssdm_op_PartSelect.i11.i64.i32.i32(i64 %ireg_V, i32 52, i32 62)

ST_21: tmp_6 (63)  [1/1] 0.00ns  loc: src/tk-mu_simple.cpp:272
_ifconv:36  %tmp_6 = zext i11 %exp_tmp_V to i12

ST_21: tmp_15 (64)  [1/1] 0.00ns  loc: src/tk-mu_simple.cpp:272
_ifconv:37  %tmp_15 = trunc i64 %ireg_V to i52

ST_21: tmp_1 (69)  [1/1] 1.60ns  loc: src/tk-mu_simple.cpp:272
_ifconv:42  %tmp_1 = icmp eq i63 %tmp_9, 0

ST_21: F2 (70)  [1/1] 1.33ns  loc: src/tk-mu_simple.cpp:272
_ifconv:43  %F2 = sub i12 1075, %tmp_6

ST_21: ireg_V_1 (120)  [1/1] 0.00ns  loc: src/tk-mu_simple.cpp:275
_ifconv:93  %ireg_V_1 = bitcast double %v_assign_1 to i64

ST_21: tmp_43 (121)  [1/1] 0.00ns  loc: src/tk-mu_simple.cpp:275
_ifconv:94  %tmp_43 = trunc i64 %ireg_V_1 to i63

ST_21: isneg_1 (122)  [1/1] 0.00ns  loc: src/tk-mu_simple.cpp:275
_ifconv:95  %isneg_1 = call i1 @_ssdm_op_BitSelect.i1.i64.i32(i64 %ireg_V_1, i32 63)

ST_21: exp_tmp_V_1 (123)  [1/1] 0.00ns  loc: src/tk-mu_simple.cpp:275
_ifconv:96  %exp_tmp_V_1 = call i11 @_ssdm_op_PartSelect.i11.i64.i32.i32(i64 %ireg_V_1, i32 52, i32 62)

ST_21: tmp_21 (124)  [1/1] 0.00ns  loc: src/tk-mu_simple.cpp:275
_ifconv:97  %tmp_21 = zext i11 %exp_tmp_V_1 to i12

ST_21: tmp_45 (125)  [1/1] 0.00ns  loc: src/tk-mu_simple.cpp:275
_ifconv:98  %tmp_45 = trunc i64 %ireg_V_1 to i52

ST_21: tmp_23 (130)  [1/1] 1.60ns  loc: src/tk-mu_simple.cpp:275
_ifconv:103  %tmp_23 = icmp eq i63 %tmp_43, 0

ST_21: F2_1 (131)  [1/1] 1.33ns  loc: src/tk-mu_simple.cpp:275
_ifconv:104  %F2_1 = sub i12 1075, %tmp_21


 <State 22>: 3.29ns
ST_22: tmp_4 (65)  [1/1] 0.00ns  loc: src/tk-mu_simple.cpp:272
_ifconv:38  %tmp_4 = call i53 @_ssdm_op_BitConcatenate.i53.i1.i52(i1 true, i52 %tmp_15)

ST_22: p_Result_s (66)  [1/1] 0.00ns  loc: src/tk-mu_simple.cpp:272
_ifconv:39  %p_Result_s = zext i53 %tmp_4 to i54

ST_22: man_V_1 (67)  [1/1] 1.99ns  loc: src/tk-mu_simple.cpp:272
_ifconv:40  %man_V_1 = sub i54 0, %p_Result_s

ST_22: man_V_2 (68)  [1/1] 0.71ns  loc: src/tk-mu_simple.cpp:272
_ifconv:41  %man_V_2 = select i1 %isneg, i54 %man_V_1, i54 %p_Result_s

ST_22: tmp_3 (71)  [1/1] 1.25ns  loc: src/tk-mu_simple.cpp:272
_ifconv:44  %tmp_3 = icmp sgt i12 %F2, 10

ST_22: tmp_5 (72)  [1/1] 1.33ns  loc: src/tk-mu_simple.cpp:272
_ifconv:45  %tmp_5 = add i12 -10, %F2

ST_22: tmp_7 (73)  [1/1] 1.33ns  loc: src/tk-mu_simple.cpp:272
_ifconv:46  %tmp_7 = sub i12 10, %F2

ST_22: sh_amt (74)  [1/1] 0.71ns  loc: src/tk-mu_simple.cpp:272
_ifconv:47  %sh_amt = select i1 %tmp_3, i12 %tmp_5, i12 %tmp_7

ST_22: tmp_8 (76)  [1/1] 1.25ns  loc: src/tk-mu_simple.cpp:272
_ifconv:49  %tmp_8 = icmp eq i12 %F2, 10

ST_22: tmp_16 (77)  [1/1] 0.00ns  loc: src/tk-mu_simple.cpp:272
_ifconv:50  %tmp_16 = trunc i54 %man_V_2 to i14

ST_22: tmp_s (78)  [1/1] 1.25ns  loc: src/tk-mu_simple.cpp:272
_ifconv:51  %tmp_s = icmp ult i12 %sh_amt, 54

ST_22: sel_tmp6_demorgan (89)  [1/1] 0.71ns  loc: src/tk-mu_simple.cpp:272
_ifconv:62  %sel_tmp6_demorgan = or i1 %tmp_1, %tmp_8

ST_22: sel_tmp6 (90)  [1/1] 0.00ns  loc: src/tk-mu_simple.cpp:272 (grouped into LUT with out node sel_tmp7)
_ifconv:63  %sel_tmp6 = xor i1 %sel_tmp6_demorgan, true

ST_22: sel_tmp7 (91)  [1/1] 0.71ns  loc: src/tk-mu_simple.cpp:272 (out node of the LUT)
_ifconv:64  %sel_tmp7 = and i1 %tmp_3, %sel_tmp6

ST_22: tmp_22 (126)  [1/1] 0.00ns  loc: src/tk-mu_simple.cpp:275
_ifconv:99  %tmp_22 = call i53 @_ssdm_op_BitConcatenate.i53.i1.i52(i1 true, i52 %tmp_45)

ST_22: p_Result_1 (127)  [1/1] 0.00ns  loc: src/tk-mu_simple.cpp:275
_ifconv:100  %p_Result_1 = zext i53 %tmp_22 to i54

ST_22: man_V_4 (128)  [1/1] 1.99ns  loc: src/tk-mu_simple.cpp:275
_ifconv:101  %man_V_4 = sub i54 0, %p_Result_1

ST_22: man_V_5 (129)  [1/1] 0.71ns  loc: src/tk-mu_simple.cpp:275
_ifconv:102  %man_V_5 = select i1 %isneg_1, i54 %man_V_4, i54 %p_Result_1

ST_22: tmp_24 (132)  [1/1] 1.25ns  loc: src/tk-mu_simple.cpp:275
_ifconv:105  %tmp_24 = icmp sgt i12 %F2_1, 6

ST_22: tmp_25 (133)  [1/1] 1.33ns  loc: src/tk-mu_simple.cpp:275
_ifconv:106  %tmp_25 = add i12 -6, %F2_1

ST_22: tmp_26 (134)  [1/1] 1.33ns  loc: src/tk-mu_simple.cpp:275
_ifconv:107  %tmp_26 = sub i12 6, %F2_1

ST_22: sh_amt_1 (135)  [1/1] 0.71ns  loc: src/tk-mu_simple.cpp:275
_ifconv:108  %sh_amt_1 = select i1 %tmp_24, i12 %tmp_25, i12 %tmp_26

ST_22: tmp_27 (137)  [1/1] 1.25ns  loc: src/tk-mu_simple.cpp:275
_ifconv:110  %tmp_27 = icmp eq i12 %F2_1, 6

ST_22: tmp_46 (138)  [1/1] 0.00ns  loc: src/tk-mu_simple.cpp:275
_ifconv:111  %tmp_46 = trunc i54 %man_V_5 to i10

ST_22: tmp_29 (139)  [1/1] 1.25ns  loc: src/tk-mu_simple.cpp:275
_ifconv:112  %tmp_29 = icmp ult i12 %sh_amt_1, 54

ST_22: sel_tmp31_demorgan (150)  [1/1] 0.71ns  loc: src/tk-mu_simple.cpp:275
_ifconv:123  %sel_tmp31_demorgan = or i1 %tmp_23, %tmp_27

ST_22: sel_tmp11 (151)  [1/1] 0.00ns  loc: src/tk-mu_simple.cpp:275 (grouped into LUT with out node sel_tmp12)
_ifconv:124  %sel_tmp11 = xor i1 %sel_tmp31_demorgan, true

ST_22: sel_tmp12 (152)  [1/1] 0.71ns  loc: src/tk-mu_simple.cpp:275 (out node of the LUT)
_ifconv:125  %sel_tmp12 = and i1 %tmp_24, %sel_tmp11


 <State 23>: 3.28ns
ST_23: sh_amt_cast (75)  [1/1] 0.00ns  loc: src/tk-mu_simple.cpp:272
_ifconv:48  %sh_amt_cast = sext i12 %sh_amt to i32

ST_23: tmp_2 (79)  [1/1] 1.25ns  loc: src/tk-mu_simple.cpp:272
_ifconv:52  %tmp_2 = icmp ult i12 %sh_amt, 14

ST_23: tmp_10 (80)  [1/1] 0.00ns  loc: src/tk-mu_simple.cpp:272 (grouped into LUT with out node newSel1)
_ifconv:53  %tmp_10 = zext i32 %sh_amt_cast to i54

ST_23: tmp_11 (81)  [1/1] 0.00ns  loc: src/tk-mu_simple.cpp:272 (grouped into LUT with out node newSel1)
_ifconv:54  %tmp_11 = ashr i54 %man_V_2, %tmp_10

ST_23: tmp_28 (82)  [1/1] 0.00ns  loc: src/tk-mu_simple.cpp:272 (grouped into LUT with out node newSel1)
_ifconv:55  %tmp_28 = trunc i54 %tmp_11 to i14

ST_23: sel_tmp1 (87)  [1/1] 0.00ns  loc: src/tk-mu_simple.cpp:272 (grouped into LUT with out node or_cond2)
_ifconv:60  %sel_tmp1 = xor i1 %tmp_1, true

ST_23: sel_tmp2 (88)  [1/1] 0.00ns  loc: src/tk-mu_simple.cpp:272 (grouped into LUT with out node or_cond2)
_ifconv:61  %sel_tmp2 = and i1 %tmp_8, %sel_tmp1

ST_23: sel_tmp8 (92)  [1/1] 0.71ns  loc: src/tk-mu_simple.cpp:272
_ifconv:65  %sel_tmp8 = and i1 %sel_tmp7, %tmp_s

ST_23: sel_tmp14_demorgan (93)  [1/1] 0.00ns  loc: src/tk-mu_simple.cpp:272 (grouped into LUT with out node or_cond)
_ifconv:66  %sel_tmp14_demorgan = or i1 %sel_tmp6_demorgan, %tmp_3

ST_23: sel_tmp (94)  [1/1] 0.00ns  loc: src/tk-mu_simple.cpp:272 (grouped into LUT with out node or_cond)
_ifconv:67  %sel_tmp = xor i1 %sel_tmp14_demorgan, true

ST_23: sel_tmp3 (95)  [1/1] 0.00ns  loc: src/tk-mu_simple.cpp:272 (grouped into LUT with out node or_cond)
_ifconv:68  %sel_tmp3 = and i1 %tmp_2, %sel_tmp

ST_23: sel_tmp4 (96)  [1/1] 0.00ns  loc: src/tk-mu_simple.cpp:272 (grouped into LUT with out node sel_tmp5)
_ifconv:69  %sel_tmp4 = xor i1 %tmp_s, true

ST_23: sel_tmp5 (97)  [1/1] 0.71ns  loc: src/tk-mu_simple.cpp:272 (out node of the LUT)
_ifconv:70  %sel_tmp5 = and i1 %sel_tmp7, %sel_tmp4

ST_23: or_cond (99)  [1/1] 0.71ns  loc: src/tk-mu_simple.cpp:279 (out node of the LUT)
_ifconv:72  %or_cond = or i1 %sel_tmp5, %sel_tmp3

ST_23: newSel1 (100)  [1/1] 2.57ns  loc: src/tk-mu_simple.cpp:272 (out node of the LUT)
_ifconv:73  %newSel1 = select i1 %sel_tmp8, i14 %tmp_28, i14 %tmp_16

ST_23: or_cond1 (101)  [1/1] 0.00ns  loc: src/tk-mu_simple.cpp:279 (grouped into LUT with out node or_cond2)
_ifconv:74  %or_cond1 = or i1 %sel_tmp8, %sel_tmp2

ST_23: or_cond2 (103)  [1/1] 0.71ns  loc: src/tk-mu_simple.cpp:279 (out node of the LUT)
_ifconv:76  %or_cond2 = or i1 %or_cond, %or_cond1

ST_23: sh_amt_1_cast (136)  [1/1] 0.00ns  loc: src/tk-mu_simple.cpp:275
_ifconv:109  %sh_amt_1_cast = sext i12 %sh_amt_1 to i32

ST_23: tmp_30 (140)  [1/1] 1.25ns  loc: src/tk-mu_simple.cpp:275
_ifconv:113  %tmp_30 = icmp ult i12 %sh_amt_1, 10

ST_23: tmp_31 (141)  [1/1] 0.00ns  loc: src/tk-mu_simple.cpp:275 (grouped into LUT with out node newSel5)
_ifconv:114  %tmp_31 = zext i32 %sh_amt_1_cast to i54

ST_23: tmp_32 (142)  [1/1] 0.00ns  loc: src/tk-mu_simple.cpp:275 (grouped into LUT with out node newSel5)
_ifconv:115  %tmp_32 = ashr i54 %man_V_5, %tmp_31

ST_23: tmp_47 (143)  [1/1] 0.00ns  loc: src/tk-mu_simple.cpp:275 (grouped into LUT with out node newSel5)
_ifconv:116  %tmp_47 = trunc i54 %tmp_32 to i10

ST_23: sel_tmp9 (148)  [1/1] 0.00ns  loc: src/tk-mu_simple.cpp:275 (grouped into LUT with out node or_cond5)
_ifconv:121  %sel_tmp9 = xor i1 %tmp_23, true

ST_23: sel_tmp10 (149)  [1/1] 0.00ns  loc: src/tk-mu_simple.cpp:275 (grouped into LUT with out node or_cond5)
_ifconv:122  %sel_tmp10 = and i1 %tmp_27, %sel_tmp9

ST_23: sel_tmp13 (153)  [1/1] 0.71ns  loc: src/tk-mu_simple.cpp:275
_ifconv:126  %sel_tmp13 = and i1 %sel_tmp12, %tmp_29

ST_23: sel_tmp39_demorgan (154)  [1/1] 0.00ns  loc: src/tk-mu_simple.cpp:275 (grouped into LUT with out node or_cond3)
_ifconv:127  %sel_tmp39_demorgan = or i1 %sel_tmp31_demorgan, %tmp_24

ST_23: sel_tmp14 (155)  [1/1] 0.00ns  loc: src/tk-mu_simple.cpp:275 (grouped into LUT with out node or_cond3)
_ifconv:128  %sel_tmp14 = xor i1 %sel_tmp39_demorgan, true

ST_23: sel_tmp15 (156)  [1/1] 0.00ns  loc: src/tk-mu_simple.cpp:275 (grouped into LUT with out node or_cond3)
_ifconv:129  %sel_tmp15 = and i1 %tmp_30, %sel_tmp14

ST_23: sel_tmp16 (157)  [1/1] 0.00ns  loc: src/tk-mu_simple.cpp:275 (grouped into LUT with out node sel_tmp17)
_ifconv:130  %sel_tmp16 = xor i1 %tmp_29, true

ST_23: sel_tmp17 (158)  [1/1] 0.71ns  loc: src/tk-mu_simple.cpp:275 (out node of the LUT)
_ifconv:131  %sel_tmp17 = and i1 %sel_tmp12, %sel_tmp16

ST_23: or_cond3 (160)  [1/1] 0.71ns  loc: src/tk-mu_simple.cpp:279 (out node of the LUT)
_ifconv:133  %or_cond3 = or i1 %sel_tmp17, %sel_tmp15

ST_23: newSel5 (161)  [1/1] 2.57ns  loc: src/tk-mu_simple.cpp:275 (out node of the LUT)
_ifconv:134  %newSel5 = select i1 %sel_tmp13, i10 %tmp_47, i10 %tmp_46

ST_23: or_cond4 (162)  [1/1] 0.00ns  loc: src/tk-mu_simple.cpp:279 (grouped into LUT with out node or_cond5)
_ifconv:135  %or_cond4 = or i1 %sel_tmp13, %sel_tmp10

ST_23: or_cond5 (164)  [1/1] 0.71ns  loc: src/tk-mu_simple.cpp:279 (out node of the LUT)
_ifconv:137  %or_cond5 = or i1 %or_cond3, %or_cond4


 <State 24>: 1.98ns
ST_24: p_2 (83)  [1/1] 0.00ns  loc: src/tk-mu_simple.cpp:272 (grouped into LUT with out node newSel2)
_ifconv:56  %p_2 = select i1 %isneg, i14 -1, i14 0

ST_24: tmp_12 (84)  [1/1] 0.00ns  loc: src/tk-mu_simple.cpp:272 (grouped into LUT with out node newSel2)
_ifconv:57  %tmp_12 = sext i14 %tmp_16 to i32

ST_24: tmp_13 (85)  [1/1] 0.00ns  loc: src/tk-mu_simple.cpp:272 (grouped into LUT with out node newSel2)
_ifconv:58  %tmp_13 = shl i32 %tmp_12, %sh_amt_cast

ST_24: tmp_33 (86)  [1/1] 0.00ns  loc: src/tk-mu_simple.cpp:272 (grouped into LUT with out node newSel2)
_ifconv:59  %tmp_33 = trunc i32 %tmp_13 to i14

ST_24: newSel (98)  [1/1] 0.00ns  loc: src/tk-mu_simple.cpp:272 (grouped into LUT with out node newSel2)
_ifconv:71  %newSel = select i1 %sel_tmp5, i14 %p_2, i14 %tmp_33

ST_24: newSel2 (102)  [1/1] 1.98ns  loc: src/tk-mu_simple.cpp:279 (out node of the LUT)
_ifconv:75  %newSel2 = select i1 %or_cond, i14 %newSel, i14 %newSel1

ST_24: p_3 (144)  [1/1] 0.00ns  loc: src/tk-mu_simple.cpp:275 (grouped into LUT with out node newSel6)
_ifconv:117  %p_3 = select i1 %isneg_1, i10 -1, i10 0

ST_24: tmp_34 (145)  [1/1] 0.00ns  loc: src/tk-mu_simple.cpp:275 (grouped into LUT with out node newSel6)
_ifconv:118  %tmp_34 = sext i10 %tmp_46 to i32

ST_24: tmp_35 (146)  [1/1] 0.00ns  loc: src/tk-mu_simple.cpp:275 (grouped into LUT with out node newSel6)
_ifconv:119  %tmp_35 = shl i32 %tmp_34, %sh_amt_1_cast

ST_24: tmp_48 (147)  [1/1] 0.00ns  loc: src/tk-mu_simple.cpp:275 (grouped into LUT with out node newSel6)
_ifconv:120  %tmp_48 = trunc i32 %tmp_35 to i10

ST_24: newSel4 (159)  [1/1] 0.00ns  loc: src/tk-mu_simple.cpp:275 (grouped into LUT with out node newSel6)
_ifconv:132  %newSel4 = select i1 %sel_tmp17, i10 %p_3, i10 %tmp_48

ST_24: newSel6 (163)  [1/1] 1.97ns  loc: src/tk-mu_simple.cpp:279 (out node of the LUT)
_ifconv:136  %newSel6 = select i1 %or_cond3, i10 %newSel4, i10 %newSel5


 <State 25>: 3.26ns
ST_25: p_Val2_2 (104)  [1/1] 0.00ns  loc: src/tk-mu_simple.cpp:279 (grouped into LUT with out node p_Val2_3)
_ifconv:77  %p_Val2_2 = select i1 %or_cond2, i14 %newSel2, i14 0

ST_25: tmp_37 (165)  [1/1] 0.00ns  loc: src/tk-mu_simple.cpp:279 (grouped into LUT with out node p_Val2_3)
_ifconv:138  %tmp_37 = zext i14 %p_Val2_2 to i15

ST_25: tmp_38 (166)  [1/1] 0.00ns  loc: src/tk-mu_simple.cpp:279 (grouped into LUT with out node p_Val2_3)
_ifconv:139  %tmp_38 = select i1 %or_cond5, i10 %newSel6, i10 0

ST_25: tmp_39 (167)  [1/1] 0.00ns  loc: src/tk-mu_simple.cpp:279 (grouped into LUT with out node p_Val2_3)
_ifconv:140  %tmp_39 = call i14 @_ssdm_op_BitConcatenate.i14.i10.i4(i10 %tmp_38, i4 0)

ST_25: tmp_46_cast (168)  [1/1] 0.00ns  loc: src/tk-mu_simple.cpp:279 (grouped into LUT with out node p_Val2_3)
_ifconv:141  %tmp_46_cast = sext i14 %tmp_39 to i15

ST_25: p_Val2_3 (169)  [1/1] 1.39ns  loc: src/tk-mu_simple.cpp:279 (out node of the LUT)
_ifconv:142  %p_Val2_3 = sub i15 %tmp_37, %tmp_46_cast

ST_25: ret_V (170)  [1/1] 0.00ns  loc: src/tk-mu_simple.cpp:293
_ifconv:143  %ret_V = call i4 @_ssdm_op_PartSelect.i4.i15.i32.i32(i15 %p_Val2_3, i32 10, i32 13)

ST_25: tmp_49 (171)  [1/1] 0.00ns  loc: src/tk-mu_simple.cpp:293 (grouped into LUT with out node p_1)
_ifconv:144  %tmp_49 = call i1 @_ssdm_op_BitSelect.i1.i15.i32(i15 %p_Val2_3, i32 13)

ST_25: p_Result_s_6 (172)  [1/1] 0.00ns  loc: src/tk-mu_simple.cpp:293
_ifconv:145  %p_Result_s_6 = call i6 @_ssdm_op_PartSelect.i6.i15.i32.i32(i15 %p_Val2_3, i32 4, i32 9)

ST_25: tmp_40 (173)  [1/1] 1.16ns  loc: src/tk-mu_simple.cpp:293
_ifconv:146  %tmp_40 = icmp eq i6 %p_Result_s_6, 0

ST_25: ret_V_1 (174)  [1/1] 0.43ns  loc: src/tk-mu_simple.cpp:293
_ifconv:147  %ret_V_1 = add i4 1, %ret_V

ST_25: p_s (175)  [1/1] 0.00ns  loc: src/tk-mu_simple.cpp:293 (grouped into LUT with out node p_1)
_ifconv:148  %p_s = select i1 %tmp_40, i4 %ret_V, i4 %ret_V_1

ST_25: p_1 (176)  [1/1] 0.71ns  loc: src/tk-mu_simple.cpp:293 (out node of the LUT)
_ifconv:149  %p_1 = select i1 %tmp_49, i4 %p_s, i4 %ret_V


 <State 26>: 2.22ns
ST_26: StgValue_179 (27)  [1/1] 0.00ns
_ifconv:0  call void (...)* @_ssdm_op_SpecBitsMap(i15* %inTrack_hwRinv_V), !map !383

ST_26: StgValue_180 (28)  [1/1] 0.00ns
_ifconv:1  call void (...)* @_ssdm_op_SpecBitsMap(i14* %inTrack_hwPt_V), !map !387

ST_26: StgValue_181 (29)  [1/1] 0.00ns
_ifconv:2  call void (...)* @_ssdm_op_SpecBitsMap(i14* %inTrack_hwSinhEta_V), !map !391

ST_26: StgValue_182 (30)  [1/1] 0.00ns
_ifconv:3  call void (...)* @_ssdm_op_SpecBitsMap(i14* %inTrack_hwEta_V), !map !395

ST_26: StgValue_183 (31)  [1/1] 0.00ns
_ifconv:4  call void (...)* @_ssdm_op_SpecBitsMap(i19* %inTrack_hwPhi_V), !map !399

ST_26: StgValue_184 (32)  [1/1] 0.00ns
_ifconv:5  call void (...)* @_ssdm_op_SpecBitsMap(i23* %inTrack_hwPhiGlobal_V), !map !403

ST_26: StgValue_185 (33)  [1/1] 0.00ns
_ifconv:6  call void (...)* @_ssdm_op_SpecBitsMap(i11* %inTrack_hwZ0_V), !map !407

ST_26: StgValue_186 (34)  [1/1] 0.00ns
_ifconv:7  call void (...)* @_ssdm_op_SpecBitsMap(i5* %inTrack_hwSector_V), !map !411

ST_26: StgValue_187 (35)  [1/1] 0.00ns
_ifconv:8  call void (...)* @_ssdm_op_SpecBitsMap(i1* %inTrack_hwQ_V), !map !415

ST_26: StgValue_188 (36)  [1/1] 0.00ns
_ifconv:9  call void (...)* @_ssdm_op_SpecBitsMap(i10* %inTrack_hwX2_V), !map !419

ST_26: StgValue_189 (37)  [1/1] 0.00ns
_ifconv:10  call void (...)* @_ssdm_op_SpecBitsMap(i1* %inTrack_hwValid_V), !map !423

ST_26: StgValue_190 (38)  [1/1] 0.00ns
_ifconv:11  call void (...)* @_ssdm_op_SpecBitsMap(i3* %inTrack_hwBX_V), !map !427

ST_26: StgValue_191 (39)  [1/1] 0.00ns
_ifconv:12  call void (...)* @_ssdm_op_SpecBitsMap(i9* %inMuon_hwPt_V), !map !431

ST_26: StgValue_192 (40)  [1/1] 0.00ns
_ifconv:13  call void (...)* @_ssdm_op_SpecBitsMap(i9* %inMuon_hwEta_V), !map !435

ST_26: StgValue_193 (41)  [1/1] 0.00ns
_ifconv:14  call void (...)* @_ssdm_op_SpecBitsMap(i10* %inMuon_hwPhi_V), !map !439

ST_26: StgValue_194 (42)  [1/1] 0.00ns
_ifconv:15  call void (...)* @_ssdm_op_SpecBitsMap(i1* %inMuon_hwQ_V), !map !443

ST_26: StgValue_195 (43)  [1/1] 0.00ns
_ifconv:16  call void (...)* @_ssdm_op_SpecBitsMap(i1* %inMuon_hwValid_V), !map !447

ST_26: StgValue_196 (44)  [1/1] 0.00ns
_ifconv:17  call void (...)* @_ssdm_op_SpecBitsMap(i3* %inMuon_hwBX_V), !map !451

ST_26: StgValue_197 (45)  [1/1] 0.00ns
_ifconv:18  call void (...)* @_ssdm_op_SpecBitsMap(i4* %inMuon_hwQuality_V), !map !455

ST_26: StgValue_198 (46)  [1/1] 0.00ns
_ifconv:19  call void (...)* @_ssdm_op_SpecBitsMap(i14* %outTrackMuon_hwPt_V), !map !459

ST_26: StgValue_199 (47)  [1/1] 0.00ns
_ifconv:20  call void (...)* @_ssdm_op_SpecBitsMap(i9* %outTrackMuon_hwEta_V), !map !463

ST_26: StgValue_200 (48)  [1/1] 0.00ns
_ifconv:21  call void (...)* @_ssdm_op_SpecBitsMap(i10* %outTrackMuon_hwPhi_V), !map !467

ST_26: StgValue_201 (49)  [1/1] 0.00ns
_ifconv:22  call void (...)* @_ssdm_op_SpecBitsMap(i1* %outTrackMuon_hwQ_V), !map !471

ST_26: StgValue_202 (50)  [1/1] 0.00ns
_ifconv:23  call void (...)* @_ssdm_op_SpecBitsMap(i1* %outTrackMuon_hwValid_V), !map !475

ST_26: StgValue_203 (51)  [1/1] 0.00ns
_ifconv:24  call void (...)* @_ssdm_op_SpecBitsMap(i3* %outTrackMuon_hwBX_V), !map !479

ST_26: StgValue_204 (52)  [1/1] 0.00ns
_ifconv:25  call void (...)* @_ssdm_op_SpecBitsMap(i4* %outTrackMuon_hwQuality_V), !map !483

ST_26: StgValue_205 (53)  [1/1] 0.00ns
_ifconv:26  call void (...)* @_ssdm_op_SpecTopModule([9 x i8]* @match_hw_str) nounwind

ST_26: StgValue_206 (54)  [1/1] 0.00ns  loc: src/tk-mu_simple.cpp:266
_ifconv:27  call void (...)* @_ssdm_op_SpecPipeline(i32 -1, i32 1, i32 1, i32 0, [1 x i8]* @p_str) nounwind

ST_26: neg (177)  [1/1] 0.43ns  loc: src/tk-mu_simple.cpp:293
_ifconv:150  %neg = sub i4 0, %p_1

ST_26: abscond (178)  [1/1] 1.11ns  loc: src/tk-mu_simple.cpp:293
_ifconv:151  %abscond = icmp sgt i4 %p_1, 0

ST_26: abs (179)  [1/1] 0.00ns  loc: src/tk-mu_simple.cpp:293 (grouped into LUT with out node tmp_41)
_ifconv:152  %abs = select i1 %abscond, i4 %p_1, i4 %neg

ST_26: tmp_41 (180)  [1/1] 1.11ns  loc: src/tk-mu_simple.cpp:293 (out node of the LUT)
_ifconv:153  %tmp_41 = icmp eq i4 %abs, 0

ST_26: StgValue_211 (181)  [1/1] 0.00ns  loc: src/tk-mu_simple.cpp:293
_ifconv:154  br i1 %tmp_41, label %0, label %1

ST_26: StgValue_212 (183)  [1/1] 0.00ns  loc: src/tk-mu_simple.cpp:305
:0  call void @_ssdm_op_Write.ap_auto.i1P(i1* %outTrackMuon_hwValid_V, i1 false)

ST_26: StgValue_213 (184)  [1/1] 0.00ns  loc: src/tk-mu_simple.cpp:306
:1  call void @_ssdm_op_Write.ap_auto.i14P(i14* %outTrackMuon_hwPt_V, i14 0)

ST_26: StgValue_214 (185)  [1/1] 0.00ns  loc: src/tk-mu_simple.cpp:307
:2  call void @_ssdm_op_Write.ap_auto.i9P(i9* %outTrackMuon_hwEta_V, i9 0)

ST_26: StgValue_215 (186)  [1/1] 0.00ns  loc: src/tk-mu_simple.cpp:308
:3  call void @_ssdm_op_Write.ap_auto.i10P(i10* %outTrackMuon_hwPhi_V, i10 0)

ST_26: StgValue_216 (187)  [1/1] 0.00ns  loc: src/tk-mu_simple.cpp:309
:4  call void @_ssdm_op_Write.ap_auto.i3P(i3* %outTrackMuon_hwBX_V, i3 0)

ST_26: StgValue_217 (188)  [1/1] 0.00ns  loc: src/tk-mu_simple.cpp:310
:5  call void @_ssdm_op_Write.ap_auto.i1P(i1* %outTrackMuon_hwQ_V, i1 false)

ST_26: StgValue_218 (189)  [1/1] 0.00ns
:6  br label %2

ST_26: inTrack_hwPt_V_read (191)  [1/1] 0.00ns  loc: src/tk-mu_simple.cpp:298
:0  %inTrack_hwPt_V_read = call i14 @_ssdm_op_Read.ap_auto.i14P(i14* %inTrack_hwPt_V)

ST_26: StgValue_220 (192)  [1/1] 0.00ns  loc: src/tk-mu_simple.cpp:298
:1  call void @_ssdm_op_Write.ap_auto.i14P(i14* %outTrackMuon_hwPt_V, i14 %inTrack_hwPt_V_read)

ST_26: StgValue_221 (193)  [1/1] 0.00ns  loc: src/tk-mu_simple.cpp:299
:2  call void @_ssdm_op_Write.ap_auto.i9P(i9* %outTrackMuon_hwEta_V, i9 %inMuon_hwEta_V_read)

ST_26: inMuon_hwPhi_V_read (194)  [1/1] 0.00ns  loc: src/tk-mu_simple.cpp:300
:3  %inMuon_hwPhi_V_read = call i10 @_ssdm_op_Read.ap_auto.i10P(i10* %inMuon_hwPhi_V)

ST_26: StgValue_223 (195)  [1/1] 0.00ns  loc: src/tk-mu_simple.cpp:300
:4  call void @_ssdm_op_Write.ap_auto.i10P(i10* %outTrackMuon_hwPhi_V, i10 %inMuon_hwPhi_V_read)

ST_26: inTrack_hwQ_V_read (196)  [1/1] 0.00ns  loc: src/tk-mu_simple.cpp:301
:5  %inTrack_hwQ_V_read = call i1 @_ssdm_op_Read.ap_auto.i1P(i1* %inTrack_hwQ_V)

ST_26: StgValue_225 (197)  [1/1] 0.00ns  loc: src/tk-mu_simple.cpp:301
:6  call void @_ssdm_op_Write.ap_auto.i1P(i1* %outTrackMuon_hwQ_V, i1 %inTrack_hwQ_V_read)

ST_26: StgValue_226 (198)  [1/1] 0.00ns  loc: src/tk-mu_simple.cpp:302
:7  call void @_ssdm_op_Write.ap_auto.i1P(i1* %outTrackMuon_hwValid_V, i1 true)

ST_26: inTrack_hwBX_V_read (199)  [1/1] 0.00ns  loc: src/tk-mu_simple.cpp:303
:8  %inTrack_hwBX_V_read = call i3 @_ssdm_op_Read.ap_auto.i3P(i3* %inTrack_hwBX_V)

ST_26: StgValue_228 (200)  [1/1] 0.00ns  loc: src/tk-mu_simple.cpp:303
:9  call void @_ssdm_op_Write.ap_auto.i3P(i3* %outTrackMuon_hwBX_V, i3 %inTrack_hwBX_V_read)

ST_26: StgValue_229 (201)  [1/1] 0.00ns  loc: src/tk-mu_simple.cpp:304
:10  br label %2

ST_26: StgValue_230 (203)  [1/1] 0.00ns  loc: src/tk-mu_simple.cpp:312
:0  ret void



============================================================
+ Verbose Summary: Timing violations
============================================================
Target clock period: 4.11ns, clock uncertainty: 0.514ns.

 <State 1>: 2.04ns
The critical path consists of the following:
	wire read on port 'inMuon_hwEta_V' (src/tk-mu_simple.cpp:275) [105]  (0 ns)
	'sub' operation ('tmp_52_i', src/dataformats.h:114->src/tk-mu_simple.cpp:275) [112]  (1.33 ns)
	'select' operation ('tmp_54_i', src/dataformats.h:114->src/tk-mu_simple.cpp:275) [114]  (0.71 ns)

 <State 2>: 3.37ns
The critical path consists of the following:
	'sub' operation ('tmp_17', src/tk-mu_simple.cpp:275) [108]  (0.43 ns)
	'mul' operation ('tmp_18', src/tk-mu_simple.cpp:275) [116]  (2.94 ns)

 <State 3>: 2.94ns
The critical path consists of the following:
	'mul' operation ('tmp_18', src/tk-mu_simple.cpp:275) [116]  (2.94 ns)

 <State 4>: 2.94ns
The critical path consists of the following:
	'mul' operation ('tmp_18', src/tk-mu_simple.cpp:275) [116]  (2.94 ns)

 <State 5>: 3.21ns
The critical path consists of the following:
	'sitodp' operation ('tmp', src/tk-mu_simple.cpp:272) [57]  (3.21 ns)

 <State 6>: 3.21ns
The critical path consists of the following:
	'sitodp' operation ('tmp', src/tk-mu_simple.cpp:272) [57]  (3.21 ns)

 <State 7>: 3.21ns
The critical path consists of the following:
	'sitodp' operation ('tmp', src/tk-mu_simple.cpp:272) [57]  (3.21 ns)

 <State 8>: 3.21ns
The critical path consists of the following:
	'sitodp' operation ('tmp', src/tk-mu_simple.cpp:272) [57]  (3.21 ns)

 <State 9>: 3.21ns
The critical path consists of the following:
	'sitodp' operation ('tmp', src/tk-mu_simple.cpp:272) [57]  (3.21 ns)

 <State 10>: 3.21ns
The critical path consists of the following:
	'sitodp' operation ('tmp', src/tk-mu_simple.cpp:272) [57]  (3.21 ns)

 <State 11>: 3.06ns
The critical path consists of the following:
	'dmul' operation ('v', src/tk-mu_simple.cpp:272) [58]  (3.06 ns)

 <State 12>: 3.06ns
The critical path consists of the following:
	'dmul' operation ('v', src/tk-mu_simple.cpp:272) [58]  (3.06 ns)

 <State 13>: 3.06ns
The critical path consists of the following:
	'dmul' operation ('v', src/tk-mu_simple.cpp:272) [58]  (3.06 ns)

 <State 14>: 3.06ns
The critical path consists of the following:
	'dmul' operation ('v', src/tk-mu_simple.cpp:272) [58]  (3.06 ns)

 <State 15>: 3.06ns
The critical path consists of the following:
	'dmul' operation ('v', src/tk-mu_simple.cpp:272) [58]  (3.06 ns)

 <State 16>: 3.06ns
The critical path consists of the following:
	'dmul' operation ('v', src/tk-mu_simple.cpp:272) [58]  (3.06 ns)

 <State 17>: 3.06ns
The critical path consists of the following:
	'dmul' operation ('v', src/tk-mu_simple.cpp:272) [58]  (3.06 ns)

 <State 18>: 3.06ns
The critical path consists of the following:
	'dmul' operation ('v', src/tk-mu_simple.cpp:272) [58]  (3.06 ns)

 <State 19>: 3.06ns
The critical path consists of the following:
	'dmul' operation ('v', src/tk-mu_simple.cpp:272) [58]  (3.06 ns)

 <State 20>: 3.06ns
The critical path consists of the following:
	'dmul' operation ('v', src/tk-mu_simple.cpp:272) [58]  (3.06 ns)

 <State 21>: 1.6ns
The critical path consists of the following:
	'icmp' operation ('tmp_1', src/tk-mu_simple.cpp:272) [69]  (1.6 ns)

 <State 22>: 3.29ns
The critical path consists of the following:
	'add' operation ('tmp_5', src/tk-mu_simple.cpp:272) [72]  (1.33 ns)
	'select' operation ('sh_amt', src/tk-mu_simple.cpp:272) [74]  (0.71 ns)
	'icmp' operation ('tmp_s', src/tk-mu_simple.cpp:272) [78]  (1.25 ns)

 <State 23>: 3.28ns
The critical path consists of the following:
	'and' operation ('sel_tmp8', src/tk-mu_simple.cpp:272) [92]  (0.71 ns)
	'select' operation ('newSel1', src/tk-mu_simple.cpp:272) [100]  (2.57 ns)

 <State 24>: 1.98ns
The critical path consists of the following:
	'select' operation ('p_2', src/tk-mu_simple.cpp:272) [83]  (0 ns)
	'select' operation ('newSel', src/tk-mu_simple.cpp:272) [98]  (0 ns)
	'select' operation ('newSel2', src/tk-mu_simple.cpp:279) [102]  (1.98 ns)

 <State 25>: 3.26ns
The critical path consists of the following:
	'select' operation ('__Val2__', src/tk-mu_simple.cpp:279) [104]  (0 ns)
	'sub' operation ('__Val2__', src/tk-mu_simple.cpp:279) [169]  (1.39 ns)
	'icmp' operation ('tmp_40', src/tk-mu_simple.cpp:293) [173]  (1.16 ns)
	'select' operation ('p_s', src/tk-mu_simple.cpp:293) [175]  (0 ns)
	'select' operation ('p_1', src/tk-mu_simple.cpp:293) [176]  (0.71 ns)

 <State 26>: 2.22ns
The critical path consists of the following:
	'icmp' operation ('abscond', src/tk-mu_simple.cpp:293) [178]  (1.11 ns)
	'select' operation ('abs', src/tk-mu_simple.cpp:293) [179]  (0 ns)
	'icmp' operation ('tmp_41', src/tk-mu_simple.cpp:293) [180]  (1.11 ns)


============================================================
+ Verbose Summary: Binding
============================================================
N/A
* FSMD analyzer results:
  - Output states:
 - Input state : 
  - Chain level:
	State 1
	State 2
	State 3
	State 4
	State 5
	State 6
	State 7
	State 8
	State 9
	State 10
	State 11
	State 12
	State 13
	State 14
	State 15
	State 16
	State 17
	State 18
	State 19
	State 20
	State 21
	State 22
	State 23
	State 24
	State 25
	State 26


============================================================
+ Verbose Summary: Datapath Resource usage 
============================================================
N/A
