#-----------------------------------------------------------
# Vivado v2016.4 (64-bit)
# SW Build 1756540 on Mon Jan 23 19:11:19 MST 2017
# IP Build 1755317 on Mon Jan 23 20:30:07 MST 2017
# Start of session at: Thu May 17 11:31:53 2018
# Process ID: 28332
# Current directory: /data/dildick/GlobalCorrelator/pulsar_devkit/simple_examples/HLSIPs
# Command line: vivado
# Log file: /data/dildick/GlobalCorrelator/pulsar_devkit/simple_examples/HLSIPs/vivado.log
# Journal file: /data/dildick/GlobalCorrelator/pulsar_devkit/simple_examples/HLSIPs/vivado.jou
#-----------------------------------------------------------
start_gui
open_project /home/dildick/TrackMuonCorrelator/TrackMuonCorrelator/correlator/ctp7/work_dir/gem_amc.xpr
CRITICAL WARNING: [Project 1-19] Could not find the file '/home/dildick/TrackMuonCorrelator/TrackMuonCorrelator/correlator/ctp7/work_dir/gem_amc.srcs/gth_amc13_1/ip/gth_amc13_1.xcix'.
CRITICAL WARNING: [Project 1-19] Could not find the file '/home/dildick/TrackMuonCorrelator/TrackMuonCorrelator/correlator/ctp7/work_dir/gem_amc.srcs/ila_axi_ipbus_bridge/ip/ila_axi_ipbus_bridge.xcix'.
Scanning sources...
Finished scanning sources
INFO: [IP_Flow 19-234] Refreshing IP repositories
INFO: [IP_Flow 19-1700] Loaded user IP repository '/data/demarley/correlator/p2l1pfp/GlobalCorrelator/pulsar_devkit/simple_examples/HLSIPs/tkmu_proj0/solution1/impl/ip'.
INFO: [IP_Flow 19-1700] Loaded user IP repository '/data/dildick/GlobalCorrelator/pulsar_devkit/simple_examples/HLSIPs/tkmu_proj0/solution1/impl/ip'.
INFO: [IP_Flow 19-2313] Loaded Vivado IP repository '/opt/Xilinx/Vivado/2016.4/data/ip'.
CRITICAL WARNING: [IP_Flow 19-1663] Duplicate IP found for 'cern-cms:hls:tkmu_simple_hw:1.0'. The one found in IP location '/data/dildick/GlobalCorrelator/pulsar_devkit/simple_examples/HLSIPs/tkmu_proj0/solution1/impl/ip' will take precedence over the same IP in location /data/demarley/correlator/p2l1pfp/GlobalCorrelator/pulsar_devkit/simple_examples/HLSIPs/tkmu_proj0/solution1/impl/ip
open_project: Time (s): cpu = 00:00:18 ; elapsed = 00:01:58 . Memory (MB): peak = 6171.215 ; gain = 224.121 ; free physical = 38544 ; free virtual = 60637
reset_run synth_1
launch_runs impl_1 -to_step write_bitstream -jobs 10
INFO: [Vivado 12-4149] The synthesis checkpoint for IP '/home/dildick/TrackMuonCorrelator/TrackMuonCorrelator/correlator/ctp7/ip/ila_axi_ipbus_bridge/ila_axi_ipbus_bridge.xci' is already up-to-date
INFO: [Vivado 12-4149] The synthesis checkpoint for IP '/home/dildick/TrackMuonCorrelator/TrackMuonCorrelator/correlator/ctp7/work_dir/gem_amc.srcs/sources_1/ip/ila_trk_bxs/ila_trk_bxs.xci' is already up-to-date
INFO: [Vivado 12-4149] The synthesis checkpoint for IP '/home/dildick/TrackMuonCorrelator/TrackMuonCorrelator/correlator/ctp7/ip/spy_fifo/spy_fifo.xci' is already up-to-date
INFO: [Vivado 12-4149] The synthesis checkpoint for IP '/home/dildick/TrackMuonCorrelator/TrackMuonCorrelator/correlator/ctp7/work_dir/gem_amc.srcs/sources_1/ip/ila_spy/ila_spy.xci' is already up-to-date
[Thu May 17 11:36:17 2018] Launched synth_1...
Run output will be captured here: /home/dildick/TrackMuonCorrelator/TrackMuonCorrelator/correlator/ctp7/work_dir/gem_amc.runs/synth_1/runme.log
[Thu May 17 11:36:17 2018] Launched impl_1...
Run output will be captured here: /home/dildick/TrackMuonCorrelator/TrackMuonCorrelator/correlator/ctp7/work_dir/gem_amc.runs/impl_1/runme.log
