

================================================================
== Vivado HLS Report for 'match_prop_hw'
================================================================
* Date:           Thu Aug 23 18:05:36 2018

* Version:        2016.4 (Build 1756540 on Mon Jan 23 19:31:01 MST 2017)
* Project:        hls_matchprop
* Solution:       solution1
* Product family: virtex7
* Target device:  xc7vx690tffg1927-2


================================================================
== Performance Estimates
================================================================
+ Timing (ns): 
    * Summary: 
    +--------+-------+----------+------------+
    |  Clock | Target| Estimated| Uncertainty|
    +--------+-------+----------+------------+
    |ap_clk  |   4.11|      3.57|        0.51|
    +--------+-------+----------+------------+

+ Latency (clock cycles): 
    * Summary: 
    +-----+-----+-----+-----+----------+
    |  Latency  |  Interval | Pipeline |
    | min | max | min | max |   Type   |
    +-----+-----+-----+-----+----------+
    |   45|   45|    1|    1| function |
    +-----+-----+-----+-----+----------+

    + Detail: 
        * Instance: 
        N/A

        * Loop: 
        N/A



================================================================
== Utilization Estimates
================================================================
* Summary: 
+-----------------+---------+-------+--------+--------+
|       Name      | BRAM_18K| DSP48E|   FF   |   LUT  |
+-----------------+---------+-------+--------+--------+
|DSP              |        -|      1|       -|       -|
|Expression       |        -|      -|       0|    2774|
|FIFO             |        -|      -|       -|       -|
|Instance         |        -|     59|    6736|    6112|
|Memory           |        -|      -|       -|       -|
|Multiplexer      |        -|      -|       -|      38|
|Register         |        -|      -|    2053|     326|
+-----------------+---------+-------+--------+--------+
|Total            |        0|     60|    8789|    9250|
+-----------------+---------+-------+--------+--------+
|Available        |     2940|   3600|  866400|  433200|
+-----------------+---------+-------+--------+--------+
|Utilization (%)  |        0|      1|       1|       2|
+-----------------+---------+-------+--------+--------+

+ Detail: 
    * Instance: 
    +--------------------------+----------------------+---------+-------+-----+-----+
    |         Instance         |        Module        | BRAM_18K| DSP48E|  FF | LUT |
    +--------------------------+----------------------+---------+-------+-----+-----+
    |match_prop_hw_dadbkb_U1   |match_prop_hw_dadbkb  |        0|      3|  686|  711|
    |match_prop_hw_dadbkb_U2   |match_prop_hw_dadbkb  |        0|      3|  686|  711|
    |match_prop_hw_dadbkb_U3   |match_prop_hw_dadbkb  |        0|      3|  686|  711|
    |match_prop_hw_dadbkb_U4   |match_prop_hw_dadbkb  |        0|      3|  686|  711|
    |match_prop_hw_dcmdEe_U9   |match_prop_hw_dcmdEe  |        0|      0|  130|  118|
    |match_prop_hw_dcmdEe_U10  |match_prop_hw_dcmdEe  |        0|      0|  130|  118|
    |match_prop_hw_dcmdEe_U11  |match_prop_hw_dcmdEe  |        0|      0|  130|  118|
    |match_prop_hw_dcmdEe_U12  |match_prop_hw_dcmdEe  |        0|      0|  130|  118|
    |match_prop_hw_dmucud_U5   |match_prop_hw_dmucud  |        0|     11|  456|  238|
    |match_prop_hw_dmucud_U6   |match_prop_hw_dmucud  |        0|     11|  456|  238|
    |match_prop_hw_dmucud_U7   |match_prop_hw_dmucud  |        0|     11|  456|  238|
    |match_prop_hw_dmucud_U8   |match_prop_hw_dmucud  |        0|     11|  456|  238|
    |match_prop_hw_mulg8j_U17  |match_prop_hw_mulg8j  |        0|      1|    0|    0|
    |match_prop_hw_mulhbi_U18  |match_prop_hw_mulhbi  |        0|      2|    0|    0|
    |match_prop_hw_siteOg_U13  |match_prop_hw_siteOg  |        0|      0|  412|  461|
    |match_prop_hw_siteOg_U15  |match_prop_hw_siteOg  |        0|      0|  412|  461|
    |match_prop_hw_siteOg_U16  |match_prop_hw_siteOg  |        0|      0|  412|  461|
    |match_prop_hw_sitfYi_U14  |match_prop_hw_sitfYi  |        0|      0|  412|  461|
    +--------------------------+----------------------+---------+-------+-----+-----+
    |Total                     |                      |        0|     59| 6736| 6112|
    +--------------------------+----------------------+---------+-------+-----+-----+

    * DSP48: 
    +--------------------------+----------------------+-----------+
    |         Instance         |        Module        | Expression|
    +--------------------------+----------------------+-----------+
    |match_prop_hw_mulibs_U19  |match_prop_hw_mulibs  |  i0 * i0  |
    +--------------------------+----------------------+-----------+

    * Memory: 
    N/A

    * FIFO: 
    N/A

    * Expression: 
    +-------------------------------+----------+-------+---+-----+------------+------------+
    |         Variable Name         | Operation| DSP48E| FF| LUT | Bitwidth P0| Bitwidth P1|
    +-------------------------------+----------+-------+---+-----+------------+------------+
    |p_Val2_9_fu_1739_p2            |     +    |      0|  0|   48|          48|          48|
    |ret_V_1_fu_1777_p2             |     +    |      0|  0|    3|           1|           3|
    |returnValue_V_1_fu_1683_p2     |     +    |      0|  0|   24|          23|          24|
    |tmp_27_fu_1277_p2              |     +    |      0|  0|   12|           6|          12|
    |tmp_51_fu_662_p2               |     +    |      0|  0|   12|           4|          12|
    |tmp_5_fu_583_p2                |     +    |      0|  0|   12|           5|          12|
    |tmp_73_fu_1356_p2              |     +    |      0|  0|   12|           4|          12|
    |tmp_96_fu_1705_p2              |     +    |      0|  0|   23|          21|          23|
    |F2_1_fu_1181_p2                |     -    |      0|  0|   12|          11|          12|
    |F2_2_fu_548_p2                 |     -    |      0|  0|   12|          11|          12|
    |F2_3_fu_1242_p2                |     -    |      0|  0|   12|          11|          12|
    |F2_fu_503_p2                   |     -    |      0|  0|   12|          11|          12|
    |man_V_10_fu_1338_p2            |     -    |      0|  0|   54|           1|          54|
    |man_V_1_fu_565_p2              |     -    |      0|  0|   54|           1|          54|
    |man_V_4_fu_1259_p2             |     -    |      0|  0|   54|           1|          54|
    |man_V_7_fu_644_p2              |     -    |      0|  0|   54|           1|          54|
    |neg_fu_1796_p2                 |     -    |      0|  0|    3|           1|           3|
    |p_Val2_i_fu_970_p2             |     -    |      0|  0|   14|          14|          14|
    |r_V_fu_1672_p2                 |     -    |      0|  0|   24|          24|          24|
    |tmp_28_fu_1282_p2              |     -    |      0|  0|   12|           5|          12|
    |tmp_41_fu_437_p2               |     -    |      0|  0|    2|           1|           2|
    |tmp_52_fu_667_p2               |     -    |      0|  0|   12|           3|          12|
    |tmp_74_fu_1361_p2              |     -    |      0|  0|   12|           3|          12|
    |tmp_7_fu_588_p2                |     -    |      0|  0|   12|           4|          12|
    |tmp_92_i_fu_407_p2             |     -    |      0|  0|    9|           1|           9|
    |ap_condition_678               |    and   |      0|  0|    1|           1|           1|
    |sel_tmp10_fu_1432_p2           |    and   |      0|  0|    1|           1|           1|
    |sel_tmp12_fu_1321_p2           |    and   |      0|  0|    1|           1|           1|
    |sel_tmp13_fu_1437_p2           |    and   |      0|  0|    1|           1|           1|
    |sel_tmp15_fu_1451_p2           |    and   |      0|  0|    1|           1|           1|
    |sel_tmp17_fu_1462_p2           |    and   |      0|  0|    1|           1|           1|
    |sel_tmp19_fu_824_p2            |    and   |      0|  0|    1|           1|           1|
    |sel_tmp21_fu_706_p2            |    and   |      0|  0|    1|           1|           1|
    |sel_tmp22_fu_829_p2            |    and   |      0|  0|    1|           1|           1|
    |sel_tmp24_fu_843_p2            |    and   |      0|  0|    1|           1|           1|
    |sel_tmp26_fu_854_p2            |    and   |      0|  0|    1|           1|           1|
    |sel_tmp28_fu_1518_p2           |    and   |      0|  0|    1|           1|           1|
    |sel_tmp2_fu_738_p2             |    and   |      0|  0|    1|           1|           1|
    |sel_tmp30_fu_1400_p2           |    and   |      0|  0|    1|           1|           1|
    |sel_tmp31_fu_1523_p2           |    and   |      0|  0|    1|           1|           1|
    |sel_tmp33_fu_1537_p2           |    and   |      0|  0|    1|           1|           1|
    |sel_tmp35_fu_1548_p2           |    and   |      0|  0|    1|           1|           1|
    |sel_tmp3_fu_757_p2             |    and   |      0|  0|    1|           1|           1|
    |sel_tmp5_fu_768_p2             |    and   |      0|  0|    1|           1|           1|
    |sel_tmp7_fu_627_p2             |    and   |      0|  0|    1|           1|           1|
    |sel_tmp8_fu_743_p2             |    and   |      0|  0|    1|           1|           1|
    |tmp_23_fu_1011_p2              |    and   |      0|  0|    1|           1|           1|
    |tmp_49_fu_1130_p2              |    and   |      0|  0|    1|           1|           1|
    |tmp_87_fu_1057_p2              |    and   |      0|  0|    1|           1|           1|
    |tmp_93_fu_1191_p2              |    and   |      0|  0|    1|           1|           1|
    |tmp_11_fu_724_p2               |   ashr   |      0|  0|  178|          54|          54|
    |tmp_35_fu_1418_p2              |   ashr   |      0|  0|  178|          54|          54|
    |tmp_59_fu_810_p2               |   ashr   |      0|  0|  178|          54|          54|
    |tmp_81_fu_1504_p2              |   ashr   |      0|  0|  178|          54|          54|
    |abscond_fu_1801_p2             |   icmp   |      0|  0|    2|           3|           1|
    |notlhs1_fu_1085_p2             |   icmp   |      0|  0|    4|          11|           2|
    |notlhs2_fu_1039_p2             |   icmp   |      0|  0|    4|          11|           2|
    |notlhs3_fu_1114_p2             |   icmp   |      0|  0|    4|          11|           2|
    |notlhs_fu_993_p2               |   icmp   |      0|  0|    4|          11|           2|
    |notrhs1_fu_1091_p2             |   icmp   |      0|  0|   18|          52|           1|
    |notrhs2_fu_1045_p2             |   icmp   |      0|  0|   18|          52|           1|
    |notrhs3_fu_1120_p2             |   icmp   |      0|  0|   18|          52|           1|
    |notrhs_fu_999_p2               |   icmp   |      0|  0|   18|          52|           1|
    |tmp_103_i_i_fu_1695_p2         |   icmp   |      0|  0|    9|          24|          22|
    |tmp_1_fu_497_p2                |   icmp   |      0|  0|   22|          63|           1|
    |tmp_24_fu_1175_p2              |   icmp   |      0|  0|   22|          63|           1|
    |tmp_26_fu_1272_p2              |   icmp   |      0|  0|    5|          12|           5|
    |tmp_29_fu_1295_p2              |   icmp   |      0|  0|    5|          12|           5|
    |tmp_2_fu_715_p2                |   icmp   |      0|  0|    5|          12|           4|
    |tmp_31_fu_1304_p2              |   icmp   |      0|  0|    5|          12|           6|
    |tmp_33_fu_1409_p2              |   icmp   |      0|  0|    5|          12|           5|
    |tmp_3_fu_578_p2                |   icmp   |      0|  0|    5|          12|           4|
    |tmp_48_fu_542_p2               |   icmp   |      0|  0|   22|          63|           1|
    |tmp_50_fu_657_p2               |   icmp   |      0|  0|    5|          12|           3|
    |tmp_53_fu_680_p2               |   icmp   |      0|  0|    5|          12|           3|
    |tmp_55_fu_689_p2               |   icmp   |      0|  0|    5|          12|           6|
    |tmp_57_fu_801_p2               |   icmp   |      0|  0|    5|          12|           4|
    |tmp_70_fu_1236_p2              |   icmp   |      0|  0|   22|          63|           1|
    |tmp_72_fu_1351_p2              |   icmp   |      0|  0|    5|          12|           3|
    |tmp_75_fu_1374_p2              |   icmp   |      0|  0|    5|          12|           3|
    |tmp_77_fu_1383_p2              |   icmp   |      0|  0|    5|          12|           6|
    |tmp_79_fu_1495_p2              |   icmp   |      0|  0|    5|          12|           4|
    |tmp_86_fu_1772_p2              |   icmp   |      0|  0|    7|          20|           1|
    |tmp_88_fu_1813_p2              |   icmp   |      0|  0|    2|           3|           1|
    |tmp_8_fu_601_p2                |   icmp   |      0|  0|    5|          12|           4|
    |tmp_i_i_fu_1678_p2             |   icmp   |      0|  0|    9|          24|          23|
    |tmp_s_fu_610_p2                |   icmp   |      0|  0|    5|          12|           6|
    |or_cond10_fu_1566_p2           |    or    |      0|  0|    1|           1|           1|
    |or_cond11_fu_1572_p2           |    or    |      0|  0|    1|           1|           1|
    |or_cond1_fu_786_p2             |    or    |      0|  0|    1|           1|           1|
    |or_cond2_fu_792_p2             |    or    |      0|  0|    1|           1|           1|
    |or_cond3_fu_1467_p2            |    or    |      0|  0|    1|           1|           1|
    |or_cond4_fu_1480_p2            |    or    |      0|  0|    1|           1|           1|
    |or_cond5_fu_1486_p2            |    or    |      0|  0|    1|           1|           1|
    |or_cond6_fu_859_p2             |    or    |      0|  0|    1|           1|           1|
    |or_cond7_fu_872_p2             |    or    |      0|  0|    1|           1|           1|
    |or_cond8_fu_878_p2             |    or    |      0|  0|    1|           1|           1|
    |or_cond9_fu_1553_p2            |    or    |      0|  0|    1|           1|           1|
    |or_cond_fu_773_p2              |    or    |      0|  0|    1|           1|           1|
    |sel_tmp14_demorgan_fu_747_p2   |    or    |      0|  0|    1|           1|           1|
    |sel_tmp32_demorgan_fu_1310_p2  |    or    |      0|  0|    1|           1|           1|
    |sel_tmp40_demorgan_fu_1441_p2  |    or    |      0|  0|    1|           1|           1|
    |sel_tmp57_demorgan_fu_695_p2   |    or    |      0|  0|    1|           1|           1|
    |sel_tmp65_demorgan_fu_833_p2   |    or    |      0|  0|    1|           1|           1|
    |sel_tmp6_demorgan_fu_616_p2    |    or    |      0|  0|    1|           1|           1|
    |sel_tmp83_demorgan_fu_1389_p2  |    or    |      0|  0|    1|           1|           1|
    |sel_tmp91_demorgan_fu_1527_p2  |    or    |      0|  0|    1|           1|           1|
    |tmp_19_fu_1005_p2              |    or    |      0|  0|    1|           1|           1|
    |tmp_42_fu_1126_p2              |    or    |      0|  0|    1|           1|           1|
    |tmp_71_fu_1051_p2              |    or    |      0|  0|    1|           1|           1|
    |tmp_91_fu_1187_p2              |    or    |      0|  0|    1|           1|           1|
    |abs_fu_1806_p3                 |  select  |      0|  0|    3|           1|           3|
    |man_V_11_fu_1344_p3            |  select  |      0|  0|   54|           1|          54|
    |man_V_2_fu_571_p3              |  select  |      0|  0|   54|           1|          54|
    |man_V_5_fu_1265_p3             |  select  |      0|  0|   54|           1|          54|
    |man_V_8_fu_650_p3              |  select  |      0|  0|   54|           1|          54|
    |newSel10_fu_1559_p3            |  select  |      0|  0|    9|           1|           9|
    |newSel11_fu_1643_p3            |  select  |      0|  0|    9|           1|           9|
    |newSel1_fu_779_p3              |  select  |      0|  0|   14|           1|          14|
    |newSel2_fu_910_p3              |  select  |      0|  0|   14|           1|          14|
    |newSel3_fu_949_p3              |  select  |      0|  0|   10|           1|          10|
    |newSel4_fu_1597_p3             |  select  |      0|  0|   23|           1|          23|
    |newSel5_fu_1473_p3             |  select  |      0|  0|   23|           1|          23|
    |newSel6_fu_1604_p3             |  select  |      0|  0|   23|           1|          23|
    |newSel7_fu_1636_p3             |  select  |      0|  0|    9|           1|           9|
    |newSel8_fu_942_p3              |  select  |      0|  0|   10|           1|          10|
    |newSel9_fu_865_p3              |  select  |      0|  0|   10|           1|          10|
    |newSel_fu_903_p3               |  select  |      0|  0|   14|           1|          14|
    |p_1_fu_1789_p3                 |  select  |      0|  0|    3|           1|           3|
    |p_2_fu_884_p3                  |  select  |      0|  0|    2|           1|           2|
    |p_3_fu_1578_p3                 |  select  |      0|  0|    2|           1|           2|
    |p_4_fu_923_p3                  |  select  |      0|  0|    2|           1|           2|
    |p_5_fu_1617_p3                 |  select  |      0|  0|    2|           1|           2|
    |p_Val2_4_fu_916_p3             |  select  |      0|  0|   14|           1|          14|
    |p_Val2_5_fu_1610_p3            |  select  |      0|  0|   23|           1|          23|
    |p_Val2_6_fu_1688_p3            |  select  |      0|  0|   24|           1|          24|
    |p_s_fu_1782_p3                 |  select  |      0|  0|    3|           1|           3|
    |returnValue_3_fu_1016_p3       |  select  |      0|  0|   64|           1|          64|
    |returnValue_8_fu_1062_p3       |  select  |      0|  0|   64|           1|          64|
    |returnValue_9_fu_1196_p3       |  select  |      0|  0|   64|           1|          64|
    |returnValue_fu_1135_p3         |  select  |      0|  0|   64|           1|          64|
    |sh_amt_1_fu_1287_p3            |  select  |      0|  0|   12|           1|          12|
    |sh_amt_2_fu_672_p3             |  select  |      0|  0|   12|           1|          12|
    |sh_amt_3_fu_1366_p3            |  select  |      0|  0|   12|           1|          12|
    |sh_amt_fu_593_p3               |  select  |      0|  0|   12|           1|          12|
    |tmp_94_fu_955_p3               |  select  |      0|  0|   10|           1|          10|
    |tmp_94_i_fu_417_p3             |  select  |      0|  0|   10|           1|          10|
    |tmp_95_fu_1653_p3              |  select  |      0|  0|    9|           1|           9|
    |tmp_97_fu_1710_p3              |  select  |      0|  0|   23|           1|          23|
    |tmp_13_fu_894_p2               |    shl   |      0|  0|   92|          32|          32|
    |tmp_38_fu_1588_p2              |    shl   |      0|  0|   92|          32|          32|
    |tmp_62_fu_933_p2               |    shl   |      0|  0|   92|          32|          32|
    |tmp_84_fu_1627_p2              |    shl   |      0|  0|   92|          32|          32|
    |sel_tmp11_fu_1315_p2           |    xor   |      0|  0|    2|           1|           2|
    |sel_tmp14_fu_1445_p2           |    xor   |      0|  0|    2|           1|           2|
    |sel_tmp16_fu_1457_p2           |    xor   |      0|  0|    2|           1|           2|
    |sel_tmp18_fu_819_p2            |    xor   |      0|  0|    2|           1|           2|
    |sel_tmp1_fu_733_p2             |    xor   |      0|  0|    2|           1|           2|
    |sel_tmp20_fu_700_p2            |    xor   |      0|  0|    2|           1|           2|
    |sel_tmp23_fu_837_p2            |    xor   |      0|  0|    2|           1|           2|
    |sel_tmp25_fu_849_p2            |    xor   |      0|  0|    2|           1|           2|
    |sel_tmp27_fu_1513_p2           |    xor   |      0|  0|    2|           1|           2|
    |sel_tmp29_fu_1394_p2           |    xor   |      0|  0|    2|           1|           2|
    |sel_tmp32_fu_1531_p2           |    xor   |      0|  0|    2|           1|           2|
    |sel_tmp34_fu_1543_p2           |    xor   |      0|  0|    2|           1|           2|
    |sel_tmp4_fu_763_p2             |    xor   |      0|  0|    2|           1|           2|
    |sel_tmp6_fu_621_p2             |    xor   |      0|  0|    2|           1|           2|
    |sel_tmp9_fu_1427_p2            |    xor   |      0|  0|    2|           1|           2|
    |sel_tmp_fu_751_p2              |    xor   |      0|  0|    2|           1|           2|
    +-------------------------------+----------+-------+---+-----+------------+------------+
    |Total                          |          |      0|  0| 2774|        1433|        1888|
    +-------------------------------+----------+-------+---+-----+------------+------------+

    * Multiplexer: 
    +------------------------+----+-----------+-----+-----------+
    |          Name          | LUT| Input Size| Bits| Total Bits|
    +------------------------+----+-----------+-----+-----------+
    |outTrackMuon_hwBX_V     |   3|          3|    3|          9|
    |outTrackMuon_hwEta_V    |   9|          3|    9|         27|
    |outTrackMuon_hwPhi_V    |  10|          3|   10|         30|
    |outTrackMuon_hwPt_V     |  14|          3|   14|         42|
    |outTrackMuon_hwQ_V      |   1|          3|    1|          3|
    |outTrackMuon_hwValid_V  |   1|          3|    1|          3|
    +------------------------+----+-----------+-----+-----------+
    |Total                   |  38|         18|   38|        114|
    +------------------------+----+-----------+-----+-----------+

    * Register: 
    +---------------------------------------------+----+----+-----+-----------+
    |                     Name                    | FF | LUT| Bits| Const Bits|
    +---------------------------------------------+----+----+-----+-----------+
    |F2_1_reg_2217                                |  12|   0|   12|          0|
    |F2_2_reg_1973                                |  12|   0|   12|          0|
    |F2_3_reg_2242                                |  12|   0|   12|          0|
    |F2_reg_1948                                  |  12|   0|   12|          0|
    |ap_CS_fsm                                    |   1|   0|    1|          0|
    |ap_enable_reg_pp0_iter1                      |   1|   0|    1|          0|
    |ap_enable_reg_pp0_iter10                     |   1|   0|    1|          0|
    |ap_enable_reg_pp0_iter11                     |   1|   0|    1|          0|
    |ap_enable_reg_pp0_iter12                     |   1|   0|    1|          0|
    |ap_enable_reg_pp0_iter13                     |   1|   0|    1|          0|
    |ap_enable_reg_pp0_iter14                     |   1|   0|    1|          0|
    |ap_enable_reg_pp0_iter15                     |   1|   0|    1|          0|
    |ap_enable_reg_pp0_iter16                     |   1|   0|    1|          0|
    |ap_enable_reg_pp0_iter17                     |   1|   0|    1|          0|
    |ap_enable_reg_pp0_iter18                     |   1|   0|    1|          0|
    |ap_enable_reg_pp0_iter19                     |   1|   0|    1|          0|
    |ap_enable_reg_pp0_iter2                      |   1|   0|    1|          0|
    |ap_enable_reg_pp0_iter20                     |   1|   0|    1|          0|
    |ap_enable_reg_pp0_iter21                     |   1|   0|    1|          0|
    |ap_enable_reg_pp0_iter22                     |   1|   0|    1|          0|
    |ap_enable_reg_pp0_iter23                     |   1|   0|    1|          0|
    |ap_enable_reg_pp0_iter24                     |   1|   0|    1|          0|
    |ap_enable_reg_pp0_iter25                     |   1|   0|    1|          0|
    |ap_enable_reg_pp0_iter26                     |   1|   0|    1|          0|
    |ap_enable_reg_pp0_iter27                     |   1|   0|    1|          0|
    |ap_enable_reg_pp0_iter28                     |   1|   0|    1|          0|
    |ap_enable_reg_pp0_iter29                     |   1|   0|    1|          0|
    |ap_enable_reg_pp0_iter3                      |   1|   0|    1|          0|
    |ap_enable_reg_pp0_iter30                     |   1|   0|    1|          0|
    |ap_enable_reg_pp0_iter31                     |   1|   0|    1|          0|
    |ap_enable_reg_pp0_iter32                     |   1|   0|    1|          0|
    |ap_enable_reg_pp0_iter33                     |   1|   0|    1|          0|
    |ap_enable_reg_pp0_iter34                     |   1|   0|    1|          0|
    |ap_enable_reg_pp0_iter35                     |   1|   0|    1|          0|
    |ap_enable_reg_pp0_iter36                     |   1|   0|    1|          0|
    |ap_enable_reg_pp0_iter37                     |   1|   0|    1|          0|
    |ap_enable_reg_pp0_iter38                     |   1|   0|    1|          0|
    |ap_enable_reg_pp0_iter39                     |   1|   0|    1|          0|
    |ap_enable_reg_pp0_iter4                      |   1|   0|    1|          0|
    |ap_enable_reg_pp0_iter40                     |   1|   0|    1|          0|
    |ap_enable_reg_pp0_iter41                     |   1|   0|    1|          0|
    |ap_enable_reg_pp0_iter42                     |   1|   0|    1|          0|
    |ap_enable_reg_pp0_iter43                     |   1|   0|    1|          0|
    |ap_enable_reg_pp0_iter44                     |   1|   0|    1|          0|
    |ap_enable_reg_pp0_iter45                     |   1|   0|    1|          0|
    |ap_enable_reg_pp0_iter5                      |   1|   0|    1|          0|
    |ap_enable_reg_pp0_iter6                      |   1|   0|    1|          0|
    |ap_enable_reg_pp0_iter7                      |   1|   0|    1|          0|
    |ap_enable_reg_pp0_iter8                      |   1|   0|    1|          0|
    |ap_enable_reg_pp0_iter9                      |   1|   0|    1|          0|
    |ap_pipeline_reg_pp0_iter21_tmp_1_reg_1942    |   1|   0|    1|          0|
    |ap_pipeline_reg_pp0_iter21_tmp_48_reg_1967   |   1|   0|    1|          0|
    |ap_pipeline_reg_pp0_iter22_tmp_100_reg_2046  |  10|   0|   10|          0|
    |ap_pipeline_reg_pp0_iter22_tmp_18_reg_2002   |  14|   0|   14|          0|
    |ap_pipeline_reg_pp0_iter34_tmp_24_reg_2211   |   1|   0|    1|          0|
    |ap_pipeline_reg_pp0_iter34_tmp_70_reg_2236   |   1|   0|    1|          0|
    |ap_pipeline_reg_pp0_iter35_tmp_108_reg_2315  |   9|   0|    9|          0|
    |ap_pipeline_reg_pp0_iter35_tmp_63_reg_2271   |  23|   0|   23|          0|
    |inMuon_hwEta_V_read_reg_1835                 |   9|   0|    9|          0|
    |inMuon_hwPhi_V_read_reg_1850                 |  10|   0|   10|          0|
    |inTrack_hwPropEta_V_s_reg_1825               |  14|   0|   14|          0|
    |isneg_1_reg_2200                             |   1|   0|    1|          0|
    |isneg_2_reg_1956                             |   1|   0|    1|          0|
    |isneg_3_reg_2225                             |   1|   0|    1|          0|
    |isneg_reg_1931                               |   1|   0|    1|          0|
    |man_V_11_reg_2294                            |  54|   0|   54|          0|
    |man_V_2_reg_1981                             |  54|   0|   54|          0|
    |man_V_5_reg_2250                             |  54|   0|   54|          0|
    |man_V_8_reg_2025                             |  54|   0|   54|          0|
    |newSel10_reg_2378                            |   9|   0|    9|          0|
    |newSel1_reg_2084                             |  14|   0|   14|          0|
    |newSel5_reg_2353                             |  23|   0|   23|          0|
    |newSel9_reg_2109                             |  10|   0|   10|          0|
    |notlhs1_reg_2160                             |   1|   0|    1|          0|
    |notlhs3_reg_2180                             |   1|   0|    1|          0|
    |notrhs1_reg_2165                             |   1|   0|    1|          0|
    |notrhs3_reg_2185                             |   1|   0|    1|          0|
    |or_cond11_reg_2383                           |   1|   0|    1|          0|
    |or_cond2_reg_2089                            |   1|   0|    1|          0|
    |or_cond3_reg_2348                            |   1|   0|    1|          0|
    |or_cond5_reg_2358                            |   1|   0|    1|          0|
    |or_cond6_reg_2104                            |   1|   0|    1|          0|
    |or_cond8_reg_2114                            |   1|   0|    1|          0|
    |or_cond9_reg_2373                            |   1|   0|    1|          0|
    |or_cond_reg_2079                             |   1|   0|    1|          0|
    |p_1_reg_2445                                 |   3|   0|    3|          0|
    |p_Result_1_reg_2440                          |  20|   0|   20|          0|
    |p_Val2_7_reg_2423                            |  28|   0|   28|          0|
    |p_Val2_9_reg_2428                            |  48|   0|   48|          0|
    |p_Val2_i_reg_2139                            |  14|   0|   14|          0|
    |r_V_reg_2388                                 |  24|   0|   24|          0|
    |ret_V_reg_2433                               |   3|   0|    3|          0|
    |returnValue_1_reg_2124                       |  64|   0|   64|          0|
    |returnValue_2_reg_2175                       |  64|   0|   64|          0|
    |returnValue_3_reg_2144                       |  64|   0|   64|          0|
    |returnValue_4_reg_2134                       |  64|   0|   64|          0|
    |returnValue_5_reg_2195                       |  64|   0|   64|          0|
    |returnValue_6_reg_1905                       |  64|   0|   64|          0|
    |returnValue_7_reg_1913                       |  64|   0|   64|          0|
    |returnValue_8_reg_2152                       |  64|   0|   64|          0|
    |sel_tmp12_reg_2288                           |   1|   0|    1|          0|
    |sel_tmp17_reg_2343                           |   1|   0|    1|          0|
    |sel_tmp21_reg_2063                           |   1|   0|    1|          0|
    |sel_tmp26_reg_2099                           |   1|   0|    1|          0|
    |sel_tmp30_reg_2332                           |   1|   0|    1|          0|
    |sel_tmp32_demorgan_reg_2283                  |   1|   0|    1|          0|
    |sel_tmp35_reg_2368                           |   1|   0|    1|          0|
    |sel_tmp57_demorgan_reg_2058                  |   1|   0|    1|          0|
    |sel_tmp5_reg_2074                            |   1|   0|    1|          0|
    |sel_tmp6_demorgan_reg_2014                   |   1|   0|    1|          0|
    |sel_tmp7_reg_2019                            |   1|   0|    1|          0|
    |sel_tmp83_demorgan_reg_2327                  |   1|   0|    1|          0|
    |sh_amt_1_cast_reg_2338                       |  32|   0|   32|          0|
    |sh_amt_1_reg_2260                            |  12|   0|   12|          0|
    |sh_amt_2_cast_reg_2094                       |  32|   0|   32|          0|
    |sh_amt_2_reg_2035                            |  12|   0|   12|          0|
    |sh_amt_3_cast_reg_2363                       |  32|   0|   32|          0|
    |sh_amt_3_reg_2304                            |  12|   0|   12|          0|
    |sh_amt_cast_reg_2069                         |  32|   0|   32|          0|
    |sh_amt_reg_1991                              |  12|   0|   12|          0|
    |tmp_100_reg_2046                             |  10|   0|   10|          0|
    |tmp_103_i_i_reg_2395                         |   1|   0|    1|          0|
    |tmp_107_reg_2231                             |  52|   0|   52|          0|
    |tmp_108_reg_2315                             |   9|   0|    9|          0|
    |tmp_111_reg_2400                             |  23|   0|   23|          0|
    |tmp_15_reg_1937                              |  52|   0|   52|          0|
    |tmp_16_reg_1885                              |  64|   0|   64|          0|
    |tmp_18_reg_2002                              |  14|   0|   14|          0|
    |tmp_1_reg_1942                               |   1|   0|    1|          0|
    |tmp_20_reg_2119                              |   1|   0|    1|          0|
    |tmp_24_reg_2211                              |   1|   0|    1|          0|
    |tmp_26_reg_2255                              |   1|   0|    1|          0|
    |tmp_29_reg_2266                              |   1|   0|    1|          0|
    |tmp_31_reg_2277                              |   1|   0|    1|          0|
    |tmp_3_reg_1986                               |   1|   0|    1|          0|
    |tmp_43_reg_1870                              |  12|   0|   12|          0|
    |tmp_44_reg_1900                              |  64|   0|   64|          0|
    |tmp_47_reg_2170                              |   1|   0|    1|          0|
    |tmp_48_reg_1967                              |   1|   0|    1|          0|
    |tmp_50_reg_2030                              |   1|   0|    1|          0|
    |tmp_53_reg_2041                              |   1|   0|    1|          0|
    |tmp_55_reg_2052                              |   1|   0|    1|          0|
    |tmp_60_reg_2206                              |  52|   0|   52|          0|
    |tmp_63_reg_2271                              |  23|   0|   23|          0|
    |tmp_65_reg_1890                              |  64|   0|   64|          0|
    |tmp_70_reg_2236                              |   1|   0|    1|          0|
    |tmp_72_reg_2299                              |   1|   0|    1|          0|
    |tmp_75_reg_2310                              |   1|   0|    1|          0|
    |tmp_77_reg_2321                              |   1|   0|    1|          0|
    |tmp_78_reg_2129                              |   1|   0|    1|          0|
    |tmp_82_reg_1840                              |   1|   0|    1|          0|
    |tmp_8_reg_1997                               |   1|   0|    1|          0|
    |tmp_92_reg_2190                              |   1|   0|    1|          0|
    |tmp_94_i_reg_1845                            |  10|   0|   10|          0|
    |tmp_97_reg_2406                              |  23|   0|   23|          0|
    |tmp_99_reg_1962                              |  52|   0|   52|          0|
    |tmp_reg_1895                                 |  64|   0|   64|          0|
    |tmp_s_reg_2008                               |   1|   0|    1|          0|
    |v_assign_1_reg_1926                          |  64|   0|   64|          0|
    |v_assign_reg_1921                            |  64|   0|   64|          0|
    |inMuon_hwEta_V_read_reg_1835                 |   0|  18|    9|          0|
    |inMuon_hwPhi_V_read_reg_1850                 |   0|  20|   10|          0|
    |inTrack_hwPropEta_V_s_reg_1825               |   0|  14|   14|          0|
    |isneg_1_reg_2200                             |   0|   1|    1|          0|
    |isneg_2_reg_1956                             |   0|   1|    1|          0|
    |isneg_3_reg_2225                             |   0|   1|    1|          0|
    |isneg_reg_1931                               |   0|   1|    1|          0|
    |p_Val2_i_reg_2139                            |   0|  14|   14|          0|
    |returnValue_3_reg_2144                       |   0|  64|   64|          0|
    |returnValue_6_reg_1905                       |   0|  64|   64|          0|
    |returnValue_7_reg_1913                       |   0|  64|   64|          0|
    |returnValue_8_reg_2152                       |   0|  64|   64|          0|
    +---------------------------------------------+----+----+-----+-----------+
    |Total                                        |2053| 326| 2360|          0|
    +---------------------------------------------+----+----+-----+-----------+



================================================================
== Interface
================================================================
* Summary: 
+-------------------------------+-----+-----+------------+--------------------------+--------------+
|           RTL Ports           | Dir | Bits|  Protocol  |       Source Object      |    C Type    |
+-------------------------------+-----+-----+------------+--------------------------+--------------+
|ap_clk                         |  in |    1| ap_ctrl_hs |       match_prop_hw      | return value |
|ap_rst                         |  in |    1| ap_ctrl_hs |       match_prop_hw      | return value |
|ap_start                       |  in |    1| ap_ctrl_hs |       match_prop_hw      | return value |
|ap_done                        | out |    1| ap_ctrl_hs |       match_prop_hw      | return value |
|ap_idle                        | out |    1| ap_ctrl_hs |       match_prop_hw      | return value |
|ap_ready                       | out |    1| ap_ctrl_hs |       match_prop_hw      | return value |
|inTrack_hwRinv_V               |  in |   15|   ap_none  |     inTrack_hwRinv_V     |    pointer   |
|inTrack_hwPt_V                 |  in |   14|   ap_none  |      inTrack_hwPt_V      |    pointer   |
|inTrack_hwSinhEta_V            |  in |   14|   ap_none  |    inTrack_hwSinhEta_V   |    pointer   |
|inTrack_hwEta_V                |  in |   14|   ap_none  |      inTrack_hwEta_V     |    pointer   |
|inTrack_hwPhi_V                |  in |   19|   ap_none  |      inTrack_hwPhi_V     |    pointer   |
|inTrack_hwPhiGlobal_V          |  in |   23|   ap_none  |   inTrack_hwPhiGlobal_V  |    pointer   |
|inTrack_hwZ0_V                 |  in |   11|   ap_none  |      inTrack_hwZ0_V      |    pointer   |
|inTrack_hwSector_V             |  in |    5|   ap_none  |    inTrack_hwSector_V    |    pointer   |
|inTrack_hwQ_V                  |  in |    1|   ap_none  |       inTrack_hwQ_V      |    pointer   |
|inTrack_hwX2_V                 |  in |   10|   ap_none  |      inTrack_hwX2_V      |    pointer   |
|inTrack_hwValid_V              |  in |    1|   ap_none  |     inTrack_hwValid_V    |    pointer   |
|inTrack_hwBX_V                 |  in |    3|   ap_none  |      inTrack_hwBX_V      |    pointer   |
|inTrack_hwPropEta_V            |  in |   14|   ap_none  |    inTrack_hwPropEta_V   |    pointer   |
|inTrack_hwPropPhi_V            |  in |   23|   ap_none  |    inTrack_hwPropPhi_V   |    pointer   |
|inMuon_hwPt_V                  |  in |    9|   ap_none  |       inMuon_hwPt_V      |    pointer   |
|inMuon_hwEta_V                 |  in |    9|   ap_none  |      inMuon_hwEta_V      |    pointer   |
|inMuon_hwPhi_V                 |  in |   10|   ap_none  |      inMuon_hwPhi_V      |    pointer   |
|inMuon_hwQ_V                   |  in |    1|   ap_none  |       inMuon_hwQ_V       |    pointer   |
|inMuon_hwValid_V               |  in |    1|   ap_none  |     inMuon_hwValid_V     |    pointer   |
|inMuon_hwBX_V                  |  in |    3|   ap_none  |       inMuon_hwBX_V      |    pointer   |
|inMuon_hwQuality_V             |  in |    4|   ap_none  |    inMuon_hwQuality_V    |    pointer   |
|outTrackMuon_hwPt_V            | out |   14|   ap_vld   |    outTrackMuon_hwPt_V   |    pointer   |
|outTrackMuon_hwPt_V_ap_vld     | out |    1|   ap_vld   |    outTrackMuon_hwPt_V   |    pointer   |
|outTrackMuon_hwEta_V           | out |    9|   ap_vld   |   outTrackMuon_hwEta_V   |    pointer   |
|outTrackMuon_hwEta_V_ap_vld    | out |    1|   ap_vld   |   outTrackMuon_hwEta_V   |    pointer   |
|outTrackMuon_hwPhi_V           | out |   10|   ap_vld   |   outTrackMuon_hwPhi_V   |    pointer   |
|outTrackMuon_hwPhi_V_ap_vld    | out |    1|   ap_vld   |   outTrackMuon_hwPhi_V   |    pointer   |
|outTrackMuon_hwQ_V             | out |    1|   ap_vld   |    outTrackMuon_hwQ_V    |    pointer   |
|outTrackMuon_hwQ_V_ap_vld      | out |    1|   ap_vld   |    outTrackMuon_hwQ_V    |    pointer   |
|outTrackMuon_hwValid_V         | out |    1|   ap_vld   |  outTrackMuon_hwValid_V  |    pointer   |
|outTrackMuon_hwValid_V_ap_vld  | out |    1|   ap_vld   |  outTrackMuon_hwValid_V  |    pointer   |
|outTrackMuon_hwBX_V            | out |    3|   ap_vld   |    outTrackMuon_hwBX_V   |    pointer   |
|outTrackMuon_hwBX_V_ap_vld     | out |    1|   ap_vld   |    outTrackMuon_hwBX_V   |    pointer   |
|outTrackMuon_hwQuality_V       |  in |    4|   ap_none  | outTrackMuon_hwQuality_V |    pointer   |
+-------------------------------+-----+-----+------------+--------------------------+--------------+

