

================================================================
== Vivado HLS Report for 'rinvToPt'
================================================================
* Date:           Thu Aug 23 18:06:27 2018

* Version:        2016.4 (Build 1756540 on Mon Jan 23 19:31:01 MST 2017)
* Project:        hls_calc_pt
* Solution:       solution1
* Product family: virtex7
* Target device:  xc7vx690tffg1927-2


================================================================
== Performance Estimates
================================================================
+ Timing (ns): 
    * Summary: 
    +--------+-------+----------+------------+
    |  Clock | Target| Estimated| Uncertainty|
    +--------+-------+----------+------------+
    |ap_clk  |   4.11|      3.53|        0.51|
    +--------+-------+----------+------------+

+ Latency (clock cycles): 
    * Summary: 
    +-----+-----+-----+-----+----------+
    |  Latency  |  Interval | Pipeline |
    | min | max | min | max |   Type   |
    +-----+-----+-----+-----+----------+
    |    5|    5|    1|    1| function |
    +-----+-----+-----+-----+----------+

    + Detail: 
        * Instance: 
        N/A

        * Loop: 
        N/A



================================================================
== Utilization Estimates
================================================================
* Summary: 
+-----------------+---------+-------+--------+--------+
|       Name      | BRAM_18K| DSP48E|   FF   |   LUT  |
+-----------------+---------+-------+--------+--------+
|DSP              |        -|      1|       -|       -|
|Expression       |        -|      -|       0|     129|
|FIFO             |        -|      -|       -|       -|
|Instance         |        -|      -|       -|       -|
|Memory           |       14|      -|       0|       0|
|Multiplexer      |        -|      -|       -|       -|
|Register         |        -|      -|     106|       -|
+-----------------+---------+-------+--------+--------+
|Total            |       14|      1|     106|     129|
+-----------------+---------+-------+--------+--------+
|Available        |     2940|   3600|  866400|  433200|
+-----------------+---------+-------+--------+--------+
|Utilization (%)  |    ~0   |   ~0  |   ~0   |   ~0   |
+-----------------+---------+-------+--------+--------+

+ Detail: 
    * Instance: 
    N/A

    * DSP48: 
    +-------------------------+----------------------+--------------+
    |         Instance        |        Module        |  Expression  |
    +-------------------------+----------------------+--------------+
    |calc_pt_hw_mac_mucud_U1  |calc_pt_hw_mac_mucud  | i0 + i1 * i2 |
    +-------------------------+----------------------+--------------+

    * Memory: 
    +-------------------+----------------------+---------+---+----+-------+-----+------+-------------+
    |       Memory      |        Module        | BRAM_18K| FF| LUT| Words | Bits| Banks| W*Bits*Banks|
    +-------------------+----------------------+---------+---+----+-------+-----+------+-------------+
    |rinvToPt_table1_U  |rinvToPt_rinvToPtbkb  |       14|  0|   0|  16384|   14|     1|       229376|
    +-------------------+----------------------+---------+---+----+-------+-----+------+-------------+
    |Total              |                      |       14|  0|   0|  16384|   14|     1|       229376|
    +-------------------+----------------------+---------+---+----+-------+-----+------+-------------+

    * FIFO: 
    N/A

    * Expression: 
    +------------------------+----------+-------+---+----+------------+------------+
    |      Variable Name     | Operation| DSP48E| FF| LUT| Bitwidth P0| Bitwidth P1|
    +------------------------+----------+-------+---+----+------------+------------+
    |ret_V_fu_105_p2         |     +    |      0|  0|  25|           1|          25|
    |sel_tmp2_fu_167_p2      |    and   |      0|  0|   1|           1|           1|
    |icmp_fu_152_p2          |   icmp   |      0|  0|   7|          18|           1|
    |tmp_7_fu_99_p2          |   icmp   |      0|  0|   8|          22|           1|
    |tmp_8_fu_180_p2         |    or    |      0|  0|   1|           1|           1|
    |ap_return               |  select  |      0|  0|  14|           1|          14|
    |index_fu_126_p3         |  select  |      0|  0|  32|           1|          32|
    |sel_tmp_cast_fu_172_p3  |  select  |      0|  0|   7|           1|           1|
    |tmp_5_fu_118_p3         |  select  |      0|  0|  32|           1|          32|
    |sel_tmp1_fu_162_p2      |    xor   |      0|  0|   2|           1|           2|
    +------------------------+----------+-------+---+----+------------+------------+
    |Total                   |          |      0|  0| 129|          48|         110|
    +------------------------+----------+-------+---+----+------------+------------+

    * Multiplexer: 
    N/A

    * Register: 
    +-----------------------------------------+----+----+-----+-----------+
    |                   Name                  | FF | LUT| Bits| Const Bits|
    +-----------------------------------------+----+----+-----+-----------+
    |ap_CS_fsm                                |   1|   0|    1|          0|
    |ap_enable_reg_pp0_iter1                  |   1|   0|    1|          0|
    |ap_enable_reg_pp0_iter2                  |   1|   0|    1|          0|
    |ap_enable_reg_pp0_iter3                  |   1|   0|    1|          0|
    |ap_enable_reg_pp0_iter4                  |   1|   0|    1|          0|
    |ap_enable_reg_pp0_iter5                  |   1|   0|    1|          0|
    |ap_pipeline_reg_pp0_iter4_icmp_reg_235   |   1|   0|    1|          0|
    |ap_pipeline_reg_pp0_iter4_tmp_9_reg_229  |   1|   0|    1|          0|
    |icmp_reg_235                             |   1|   0|    1|          0|
    |index_reg_224                            |  32|   0|   32|          0|
    |r_V_reg_208                              |  32|   0|   32|          0|
    |tmp_2_reg_213                            |  24|   0|   24|          0|
    |tmp_4_reg_219                            |   8|   0|    8|          0|
    |tmp_9_reg_229                            |   1|   0|    1|          0|
    +-----------------------------------------+----+----+-----+-----------+
    |Total                                    | 106|   0|  106|          0|
    +-----------------------------------------+----+----+-----+-----------+



================================================================
== Interface
================================================================
* Summary: 
+-------------+-----+-----+------------+--------------+--------------+
|  RTL Ports  | Dir | Bits|  Protocol  | Source Object|    C Type    |
+-------------+-----+-----+------------+--------------+--------------+
|ap_clk       |  in |    1| ap_ctrl_hs |   rinvToPt   | return value |
|ap_rst       |  in |    1| ap_ctrl_hs |   rinvToPt   | return value |
|ap_start     |  in |    1| ap_ctrl_hs |   rinvToPt   | return value |
|ap_done      | out |    1| ap_ctrl_hs |   rinvToPt   | return value |
|ap_idle      | out |    1| ap_ctrl_hs |   rinvToPt   | return value |
|ap_ready     | out |    1| ap_ctrl_hs |   rinvToPt   | return value |
|ap_return    | out |   14| ap_ctrl_hs |   rinvToPt   | return value |
|data_V_read  |  in |   24|   ap_none  |  data_V_read |    scalar    |
+-------------+-----+-----+------------+--------------+--------------+

