

================================================================
== Vivado HLS Report for 'invCosh_1'
================================================================
* Date:           Thu Aug 23 18:04:04 2018

* Version:        2016.4 (Build 1756540 on Mon Jan 23 19:31:01 MST 2017)
* Project:        hls_prop
* Solution:       solution1
* Product family: virtex7
* Target device:  xc7vx690tffg1927-2


================================================================
== Performance Estimates
================================================================
+ Timing (ns): 
    * Summary: 
    +--------+-------+----------+------------+
    |  Clock | Target| Estimated| Uncertainty|
    +--------+-------+----------+------------+
    |ap_clk  |   4.11|      3.10|        0.51|
    +--------+-------+----------+------------+

+ Latency (clock cycles): 
    * Summary: 
    +-----+-----+-----+-----+----------+
    |  Latency  |  Interval | Pipeline |
    | min | max | min | max |   Type   |
    +-----+-----+-----+-----+----------+
    |    5|    5|    1|    1| function |
    +-----+-----+-----+-----+----------+

    + Detail: 
        * Instance: 
        N/A

        * Loop: 
        N/A



================================================================
== Utilization Estimates
================================================================
* Summary: 
+-----------------+---------+-------+--------+--------+
|       Name      | BRAM_18K| DSP48E|   FF   |   LUT  |
+-----------------+---------+-------+--------+--------+
|DSP              |        -|      1|       -|       -|
|Expression       |        -|      -|       0|      25|
|FIFO             |        -|      -|       -|       -|
|Instance         |        -|      -|       -|       -|
|Memory           |        6|      -|       0|       0|
|Multiplexer      |        -|      -|       -|       -|
|Register         |        -|      -|      31|       -|
+-----------------+---------+-------+--------+--------+
|Total            |        6|      1|      31|      25|
+-----------------+---------+-------+--------+--------+
|Available        |     2940|   3600|  866400|  433200|
+-----------------+---------+-------+--------+--------+
|Utilization (%)  |    ~0   |   ~0  |   ~0   |   ~0   |
+-----------------+---------+-------+--------+--------+

+ Detail: 
    * Instance: 
    N/A

    * DSP48: 
    +--------------------------+----------------------+-----------+
    |         Instance         |        Module        | Expression|
    +--------------------------+----------------------+-----------+
    |prop_hw_mul_mul_1ncg_U22  |prop_hw_mul_mul_1ncg  |  i0 * i1  |
    +--------------------------+----------------------+-----------+

    * Memory: 
    +---------------+----------------------+---------+---+----+------+-----+------+-------------+
    |     Memory    |        Module        | BRAM_18K| FF| LUT| Words| Bits| Banks| W*Bits*Banks|
    +---------------+----------------------+---------+---+----+------+-----+------+-------------+
    |cosh_table7_U  |invCosh_1_cosh_tamb6  |        6|  0|   0|  8192|   11|     1|        90112|
    +---------------+----------------------+---------+---+----+------+-----+------+-------------+
    |Total          |                      |        6|  0|   0|  8192|   11|     1|        90112|
    +---------------+----------------------+---------+---+----+------+-----+------+-------------+

    * FIFO: 
    N/A

    * Expression: 
    +---------------+----------+-------+---+----+------------+------------+
    | Variable Name | Operation| DSP48E| FF| LUT| Bitwidth P0| Bitwidth P1|
    +---------------+----------+-------+---+----+------------+------------+
    |r_V_fu_80_p2   |     -    |      0|  0|  12|          11|          12|
    |icmp_fu_96_p2  |   icmp   |      0|  0|   1|           2|           1|
    |ap_return      |  select  |      0|  0|  12|           1|          12|
    +---------------+----------+-------+---+----+------------+------------+
    |Total          |          |      0|  0|  25|          14|          25|
    +---------------+----------+-------+---+----+------------+------------+

    * Multiplexer: 
    N/A

    * Register: 
    +----------------------------------------+----+----+-----+-----------+
    |                  Name                  | FF | LUT| Bits| Const Bits|
    +----------------------------------------+----+----+-----+-----------+
    |ap_CS_fsm                               |   1|   0|    1|          0|
    |ap_enable_reg_pp0_iter1                 |   1|   0|    1|          0|
    |ap_enable_reg_pp0_iter2                 |   1|   0|    1|          0|
    |ap_enable_reg_pp0_iter3                 |   1|   0|    1|          0|
    |ap_enable_reg_pp0_iter4                 |   1|   0|    1|          0|
    |ap_enable_reg_pp0_iter5                 |   1|   0|    1|          0|
    |ap_pipeline_reg_pp0_iter4_icmp_reg_147  |   1|   0|    1|          0|
    |icmp_reg_147                            |   1|   0|    1|          0|
    |r_V_reg_142                             |  12|   0|   12|          0|
    |tmp_230_reg_137                         |  11|   0|   11|          0|
    +----------------------------------------+----+----+-----+-----------+
    |Total                                   |  31|   0|   31|          0|
    +----------------------------------------+----+----+-----+-----------+



================================================================
== Interface
================================================================
* Summary: 
+-------------+-----+-----+------------+--------------+--------------+
|  RTL Ports  | Dir | Bits|  Protocol  | Source Object|    C Type    |
+-------------+-----+-----+------------+--------------+--------------+
|ap_clk       |  in |    1| ap_ctrl_hs |   invCosh.1  | return value |
|ap_rst       |  in |    1| ap_ctrl_hs |   invCosh.1  | return value |
|ap_start     |  in |    1| ap_ctrl_hs |   invCosh.1  | return value |
|ap_done      | out |    1| ap_ctrl_hs |   invCosh.1  | return value |
|ap_idle      | out |    1| ap_ctrl_hs |   invCosh.1  | return value |
|ap_ready     | out |    1| ap_ctrl_hs |   invCosh.1  | return value |
|ap_return    | out |   11| ap_ctrl_hs |   invCosh.1  | return value |
|data_V_read  |  in |   12|   ap_none  |  data_V_read |    scalar    |
+-------------+-----+-----+------------+--------------+--------------+

