

================================================================
== Vivado HLS Report for 'match_hw'
================================================================
* Date:           Thu Aug 23 18:04:54 2018

* Version:        2016.4 (Build 1756540 on Mon Jan 23 19:31:01 MST 2017)
* Project:        hls_match
* Solution:       solution1
* Product family: virtex7
* Target device:  xc7vx690tffg1927-2


================================================================
== Performance Estimates
================================================================
+ Timing (ns): 
    * Summary: 
    +--------+-------+----------+------------+
    |  Clock | Target| Estimated| Uncertainty|
    +--------+-------+----------+------------+
    |ap_clk  |   4.11|      3.37|        0.51|
    +--------+-------+----------+------------+

+ Latency (clock cycles): 
    * Summary: 
    +-----+-----+-----+-----+----------+
    |  Latency  |  Interval | Pipeline |
    | min | max | min | max |   Type   |
    +-----+-----+-----+-----+----------+
    |   25|   25|    1|    1| function |
    +-----+-----+-----+-----+----------+

    + Detail: 
        * Instance: 
        N/A

        * Loop: 
        N/A



================================================================
== Utilization Estimates
================================================================
* Summary: 
+-----------------+---------+-------+--------+--------+
|       Name      | BRAM_18K| DSP48E|   FF   |   LUT  |
+-----------------+---------+-------+--------+--------+
|DSP              |        -|      -|       -|       -|
|Expression       |        -|      -|       0|    1136|
|FIFO             |        -|      -|       -|       -|
|Instance         |        -|     23|    1736|    1398|
|Memory           |        -|      -|       -|       -|
|Multiplexer      |        -|      -|       -|      38|
|Register         |        -|      -|     776|      25|
+-----------------+---------+-------+--------+--------+
|Total            |        0|     23|    2512|    2597|
+-----------------+---------+-------+--------+--------+
|Available        |     2940|   3600|  866400|  433200|
+-----------------+---------+-------+--------+--------+
|Utilization (%)  |        0|   ~0  |   ~0   |   ~0   |
+-----------------+---------+-------+--------+--------+

+ Detail: 
    * Instance: 
    +-------------------------+----------------------+---------+-------+-----+-----+
    |         Instance        |        Module        | BRAM_18K| DSP48E|  FF | LUT |
    +-------------------------+----------------------+---------+-------+-----+-----+
    |match_hw_dmul_64nbkb_U1  |match_hw_dmul_64nbkb  |        0|     11|  456|  238|
    |match_hw_dmul_64nbkb_U2  |match_hw_dmul_64nbkb  |        0|     11|  456|  238|
    |match_hw_mul_10s_dEe_U5  |match_hw_mul_10s_dEe  |        0|      1|    0|    0|
    |match_hw_sitodp_3cud_U3  |match_hw_sitodp_3cud  |        0|      0|  412|  461|
    |match_hw_sitodp_3cud_U4  |match_hw_sitodp_3cud  |        0|      0|  412|  461|
    +-------------------------+----------------------+---------+-------+-----+-----+
    |Total                    |                      |        0|     23| 1736| 1398|
    +-------------------------+----------------------+---------+-------+-----+-----+

    * DSP48: 
    N/A

    * Memory: 
    N/A

    * FIFO: 
    N/A

    * Expression: 
    +------------------------------+----------+-------+---+-----+------------+------------+
    |         Variable Name        | Operation| DSP48E| FF| LUT | Bitwidth P0| Bitwidth P1|
    +------------------------------+----------+-------+---+-----+------------+------------+
    |ret_V_1_fu_897_p2             |     +    |      0|  0|    4|           1|           4|
    |tmp_25_fu_543_p2              |     +    |      0|  0|   12|           4|          12|
    |tmp_5_fu_464_p2               |     +    |      0|  0|   12|           5|          12|
    |F2_1_fu_429_p2                |     -    |      0|  0|   12|          11|          12|
    |F2_fu_384_p2                  |     -    |      0|  0|   12|          11|          12|
    |man_V_1_fu_446_p2             |     -    |      0|  0|   54|           1|          54|
    |man_V_4_fu_525_p2             |     -    |      0|  0|   54|           1|          54|
    |neg_fu_919_p2                 |     -    |      0|  0|    4|           1|           4|
    |p_Val2_3_fu_857_p2            |     -    |      0|  0|   15|          15|          15|
    |tmp_17_fu_318_p2              |     -    |      0|  0|    2|           1|           2|
    |tmp_26_fu_548_p2              |     -    |      0|  0|   12|           3|          12|
    |tmp_52_i_fu_293_p2            |     -    |      0|  0|    9|           1|           9|
    |tmp_7_fu_469_p2               |     -    |      0|  0|   12|           4|          12|
    |ap_condition_329              |    and   |      0|  0|    1|           1|           1|
    |sel_tmp10_fu_705_p2           |    and   |      0|  0|    1|           1|           1|
    |sel_tmp12_fu_587_p2           |    and   |      0|  0|    1|           1|           1|
    |sel_tmp13_fu_710_p2           |    and   |      0|  0|    1|           1|           1|
    |sel_tmp15_fu_724_p2           |    and   |      0|  0|    1|           1|           1|
    |sel_tmp17_fu_735_p2           |    and   |      0|  0|    1|           1|           1|
    |sel_tmp2_fu_619_p2            |    and   |      0|  0|    1|           1|           1|
    |sel_tmp3_fu_638_p2            |    and   |      0|  0|    1|           1|           1|
    |sel_tmp5_fu_649_p2            |    and   |      0|  0|    1|           1|           1|
    |sel_tmp7_fu_508_p2            |    and   |      0|  0|    1|           1|           1|
    |sel_tmp8_fu_624_p2            |    and   |      0|  0|    1|           1|           1|
    |tmp_11_fu_605_p2              |   ashr   |      0|  0|  178|          54|          54|
    |tmp_32_fu_691_p2              |   ashr   |      0|  0|  178|          54|          54|
    |abscond_fu_924_p2             |   icmp   |      0|  0|    2|           4|           1|
    |tmp_1_fu_378_p2               |   icmp   |      0|  0|   22|          63|           1|
    |tmp_23_fu_423_p2              |   icmp   |      0|  0|   22|          63|           1|
    |tmp_24_fu_538_p2              |   icmp   |      0|  0|    5|          12|           3|
    |tmp_27_fu_561_p2              |   icmp   |      0|  0|    5|          12|           3|
    |tmp_29_fu_570_p2              |   icmp   |      0|  0|    5|          12|           6|
    |tmp_2_fu_596_p2               |   icmp   |      0|  0|    5|          12|           4|
    |tmp_30_fu_682_p2              |   icmp   |      0|  0|    5|          12|           4|
    |tmp_3_fu_459_p2               |   icmp   |      0|  0|    5|          12|           4|
    |tmp_40_fu_891_p2              |   icmp   |      0|  0|    3|           6|           1|
    |tmp_41_fu_936_p2              |   icmp   |      0|  0|    2|           4|           1|
    |tmp_8_fu_482_p2               |   icmp   |      0|  0|    5|          12|           4|
    |tmp_s_fu_491_p2               |   icmp   |      0|  0|    5|          12|           6|
    |or_cond1_fu_667_p2            |    or    |      0|  0|    1|           1|           1|
    |or_cond2_fu_673_p2            |    or    |      0|  0|    1|           1|           1|
    |or_cond3_fu_740_p2            |    or    |      0|  0|    1|           1|           1|
    |or_cond4_fu_753_p2            |    or    |      0|  0|    1|           1|           1|
    |or_cond5_fu_759_p2            |    or    |      0|  0|    1|           1|           1|
    |or_cond_fu_654_p2             |    or    |      0|  0|    1|           1|           1|
    |sel_tmp14_demorgan_fu_628_p2  |    or    |      0|  0|    1|           1|           1|
    |sel_tmp31_demorgan_fu_576_p2  |    or    |      0|  0|    1|           1|           1|
    |sel_tmp39_demorgan_fu_714_p2  |    or    |      0|  0|    1|           1|           1|
    |sel_tmp6_demorgan_fu_497_p2   |    or    |      0|  0|    1|           1|           1|
    |abs_fu_929_p3                 |  select  |      0|  0|    4|           1|           4|
    |man_V_2_fu_452_p3             |  select  |      0|  0|   54|           1|          54|
    |man_V_5_fu_531_p3             |  select  |      0|  0|   54|           1|          54|
    |newSel1_fu_660_p3             |  select  |      0|  0|   14|           1|          14|
    |newSel2_fu_791_p3             |  select  |      0|  0|   14|           1|          14|
    |newSel4_fu_816_p3             |  select  |      0|  0|   10|           1|          10|
    |newSel5_fu_746_p3             |  select  |      0|  0|   10|           1|          10|
    |newSel6_fu_823_p3             |  select  |      0|  0|   10|           1|          10|
    |newSel_fu_784_p3              |  select  |      0|  0|   14|           1|          14|
    |p_1_fu_911_p3                 |  select  |      0|  0|    4|           1|           4|
    |p_2_fu_765_p3                 |  select  |      0|  0|    2|           1|           2|
    |p_3_fu_797_p3                 |  select  |      0|  0|    2|           1|           2|
    |p_Val2_2_fu_829_p3            |  select  |      0|  0|   14|           1|          14|
    |p_s_fu_903_p3                 |  select  |      0|  0|    4|           1|           4|
    |sh_amt_1_fu_553_p3            |  select  |      0|  0|   12|           1|          12|
    |sh_amt_fu_474_p3              |  select  |      0|  0|   12|           1|          12|
    |tmp_38_fu_839_p3              |  select  |      0|  0|   10|           1|          10|
    |tmp_54_i_fu_303_p3            |  select  |      0|  0|   10|           1|          10|
    |tmp_13_fu_775_p2              |    shl   |      0|  0|   92|          32|          32|
    |tmp_35_fu_807_p2              |    shl   |      0|  0|   92|          32|          32|
    |sel_tmp11_fu_581_p2           |    xor   |      0|  0|    2|           1|           2|
    |sel_tmp14_fu_718_p2           |    xor   |      0|  0|    2|           1|           2|
    |sel_tmp16_fu_730_p2           |    xor   |      0|  0|    2|           1|           2|
    |sel_tmp1_fu_614_p2            |    xor   |      0|  0|    2|           1|           2|
    |sel_tmp4_fu_644_p2            |    xor   |      0|  0|    2|           1|           2|
    |sel_tmp6_fu_502_p2            |    xor   |      0|  0|    2|           1|           2|
    |sel_tmp9_fu_700_p2            |    xor   |      0|  0|    2|           1|           2|
    |sel_tmp_fu_632_p2             |    xor   |      0|  0|    2|           1|           2|
    +------------------------------+----------+-------+---+-----+------------+------------+
    |Total                         |          |      0|  0| 1136|         514|         716|
    +------------------------------+----------+-------+---+-----+------------+------------+

    * Multiplexer: 
    +------------------------+----+-----------+-----+-----------+
    |          Name          | LUT| Input Size| Bits| Total Bits|
    +------------------------+----+-----------+-----+-----------+
    |outTrackMuon_hwBX_V     |   3|          3|    3|          9|
    |outTrackMuon_hwEta_V    |   9|          3|    9|         27|
    |outTrackMuon_hwPhi_V    |  10|          3|   10|         30|
    |outTrackMuon_hwPt_V     |  14|          3|   14|         42|
    |outTrackMuon_hwQ_V      |   1|          3|    1|          3|
    |outTrackMuon_hwValid_V  |   1|          3|    1|          3|
    +------------------------+----+-----------+-----+-----------+
    |Total                   |  38|         18|   38|        114|
    +------------------------+----+-----------+-----+-----------+

    * Register: 
    +----------------------------------------------+----+----+-----+-----------+
    |                     Name                     | FF | LUT| Bits| Const Bits|
    +----------------------------------------------+----+----+-----+-----------+
    |F2_1_reg_1049                                 |  12|   0|   12|          0|
    |F2_reg_1024                                   |  12|   0|   12|          0|
    |ap_CS_fsm                                     |   1|   0|    1|          0|
    |ap_enable_reg_pp0_iter1                       |   1|   0|    1|          0|
    |ap_enable_reg_pp0_iter10                      |   1|   0|    1|          0|
    |ap_enable_reg_pp0_iter11                      |   1|   0|    1|          0|
    |ap_enable_reg_pp0_iter12                      |   1|   0|    1|          0|
    |ap_enable_reg_pp0_iter13                      |   1|   0|    1|          0|
    |ap_enable_reg_pp0_iter14                      |   1|   0|    1|          0|
    |ap_enable_reg_pp0_iter15                      |   1|   0|    1|          0|
    |ap_enable_reg_pp0_iter16                      |   1|   0|    1|          0|
    |ap_enable_reg_pp0_iter17                      |   1|   0|    1|          0|
    |ap_enable_reg_pp0_iter18                      |   1|   0|    1|          0|
    |ap_enable_reg_pp0_iter19                      |   1|   0|    1|          0|
    |ap_enable_reg_pp0_iter2                       |   1|   0|    1|          0|
    |ap_enable_reg_pp0_iter20                      |   1|   0|    1|          0|
    |ap_enable_reg_pp0_iter21                      |   1|   0|    1|          0|
    |ap_enable_reg_pp0_iter22                      |   1|   0|    1|          0|
    |ap_enable_reg_pp0_iter23                      |   1|   0|    1|          0|
    |ap_enable_reg_pp0_iter24                      |   1|   0|    1|          0|
    |ap_enable_reg_pp0_iter25                      |   1|   0|    1|          0|
    |ap_enable_reg_pp0_iter3                       |   1|   0|    1|          0|
    |ap_enable_reg_pp0_iter4                       |   1|   0|    1|          0|
    |ap_enable_reg_pp0_iter5                       |   1|   0|    1|          0|
    |ap_enable_reg_pp0_iter6                       |   1|   0|    1|          0|
    |ap_enable_reg_pp0_iter7                       |   1|   0|    1|          0|
    |ap_enable_reg_pp0_iter8                       |   1|   0|    1|          0|
    |ap_enable_reg_pp0_iter9                       |   1|   0|    1|          0|
    |ap_pipeline_reg_pp0_iter21_tmp_1_reg_1018     |   1|   0|    1|          0|
    |ap_pipeline_reg_pp0_iter21_tmp_23_reg_1043    |   1|   0|    1|          0|
    |ap_pipeline_reg_pp0_iter22_tmp_16_reg_1078    |  14|   0|   14|          0|
    |ap_pipeline_reg_pp0_iter22_tmp_46_reg_1122    |  10|   0|   10|          0|
    |ap_pipeline_reg_pp0_iter23_or_cond2_reg_1165  |   1|   0|    1|          0|
    |ap_pipeline_reg_pp0_iter23_or_cond5_reg_1190  |   1|   0|    1|          0|
    |inMuon_hwEta_V_read_reg_947                   |   9|   0|    9|          0|
    |inTrack_hwEta_V_read_reg_942                  |  14|   0|   14|          0|
    |isneg_1_reg_1032                              |   1|   0|    1|          0|
    |isneg_reg_1007                                |   1|   0|    1|          0|
    |man_V_2_reg_1057                              |  54|   0|   54|          0|
    |man_V_5_reg_1101                              |  54|   0|   54|          0|
    |newSel1_reg_1160                              |  14|   0|   14|          0|
    |newSel2_reg_1195                              |  14|   0|   14|          0|
    |newSel5_reg_1185                              |  10|   0|   10|          0|
    |newSel6_reg_1200                              |  10|   0|   10|          0|
    |or_cond2_reg_1165                             |   1|   0|    1|          0|
    |or_cond3_reg_1180                             |   1|   0|    1|          0|
    |or_cond5_reg_1190                             |   1|   0|    1|          0|
    |or_cond_reg_1155                              |   1|   0|    1|          0|
    |p_1_reg_1205                                  |   4|   0|    4|          0|
    |sel_tmp12_reg_1139                            |   1|   0|    1|          0|
    |sel_tmp17_reg_1175                            |   1|   0|    1|          0|
    |sel_tmp31_demorgan_reg_1134                   |   1|   0|    1|          0|
    |sel_tmp5_reg_1150                             |   1|   0|    1|          0|
    |sel_tmp6_demorgan_reg_1090                    |   1|   0|    1|          0|
    |sel_tmp7_reg_1095                             |   1|   0|    1|          0|
    |sh_amt_1_cast_reg_1170                        |  32|   0|   32|          0|
    |sh_amt_1_reg_1111                             |  12|   0|   12|          0|
    |sh_amt_cast_reg_1145                          |  32|   0|   32|          0|
    |sh_amt_reg_1067                               |  12|   0|   12|          0|
    |tmp_15_reg_1013                               |  52|   0|   52|          0|
    |tmp_16_reg_1078                               |  14|   0|   14|          0|
    |tmp_18_reg_972                                |  12|   0|   12|          0|
    |tmp_1_reg_1018                                |   1|   0|    1|          0|
    |tmp_20_reg_992                                |  64|   0|   64|          0|
    |tmp_23_reg_1043                               |   1|   0|    1|          0|
    |tmp_24_reg_1106                               |   1|   0|    1|          0|
    |tmp_27_reg_1117                               |   1|   0|    1|          0|
    |tmp_29_reg_1128                               |   1|   0|    1|          0|
    |tmp_36_reg_952                                |   1|   0|    1|          0|
    |tmp_3_reg_1062                                |   1|   0|    1|          0|
    |tmp_45_reg_1038                               |  52|   0|   52|          0|
    |tmp_46_reg_1122                               |  10|   0|   10|          0|
    |tmp_54_i_reg_957                              |  10|   0|   10|          0|
    |tmp_8_reg_1073                                |   1|   0|    1|          0|
    |tmp_reg_987                                   |  64|   0|   64|          0|
    |tmp_s_reg_1084                                |   1|   0|    1|          0|
    |v_assign_1_reg_1002                           |  64|   0|   64|          0|
    |v_assign_reg_997                              |  64|   0|   64|          0|
    |inMuon_hwEta_V_read_reg_947                   |   0|   9|    9|          0|
    |inTrack_hwEta_V_read_reg_942                  |   0|  14|   14|          0|
    |isneg_1_reg_1032                              |   0|   1|    1|          0|
    |isneg_reg_1007                                |   0|   1|    1|          0|
    +----------------------------------------------+----+----+-----+-----------+
    |Total                                         | 776|  25|  801|          0|
    +----------------------------------------------+----+----+-----+-----------+



================================================================
== Interface
================================================================
* Summary: 
+-------------------------------+-----+-----+------------+--------------------------+--------------+
|           RTL Ports           | Dir | Bits|  Protocol  |       Source Object      |    C Type    |
+-------------------------------+-----+-----+------------+--------------------------+--------------+
|ap_clk                         |  in |    1| ap_ctrl_hs |         match_hw         | return value |
|ap_rst                         |  in |    1| ap_ctrl_hs |         match_hw         | return value |
|ap_start                       |  in |    1| ap_ctrl_hs |         match_hw         | return value |
|ap_done                        | out |    1| ap_ctrl_hs |         match_hw         | return value |
|ap_idle                        | out |    1| ap_ctrl_hs |         match_hw         | return value |
|ap_ready                       | out |    1| ap_ctrl_hs |         match_hw         | return value |
|inTrack_hwRinv_V               |  in |   15|   ap_none  |     inTrack_hwRinv_V     |    pointer   |
|inTrack_hwPt_V                 |  in |   14|   ap_none  |      inTrack_hwPt_V      |    pointer   |
|inTrack_hwSinhEta_V            |  in |   14|   ap_none  |    inTrack_hwSinhEta_V   |    pointer   |
|inTrack_hwEta_V                |  in |   14|   ap_none  |      inTrack_hwEta_V     |    pointer   |
|inTrack_hwPhi_V                |  in |   19|   ap_none  |      inTrack_hwPhi_V     |    pointer   |
|inTrack_hwPhiGlobal_V          |  in |   23|   ap_none  |   inTrack_hwPhiGlobal_V  |    pointer   |
|inTrack_hwZ0_V                 |  in |   11|   ap_none  |      inTrack_hwZ0_V      |    pointer   |
|inTrack_hwSector_V             |  in |    5|   ap_none  |    inTrack_hwSector_V    |    pointer   |
|inTrack_hwQ_V                  |  in |    1|   ap_none  |       inTrack_hwQ_V      |    pointer   |
|inTrack_hwX2_V                 |  in |   10|   ap_none  |      inTrack_hwX2_V      |    pointer   |
|inTrack_hwValid_V              |  in |    1|   ap_none  |     inTrack_hwValid_V    |    pointer   |
|inTrack_hwBX_V                 |  in |    3|   ap_none  |      inTrack_hwBX_V      |    pointer   |
|inMuon_hwPt_V                  |  in |    9|   ap_none  |       inMuon_hwPt_V      |    pointer   |
|inMuon_hwEta_V                 |  in |    9|   ap_none  |      inMuon_hwEta_V      |    pointer   |
|inMuon_hwPhi_V                 |  in |   10|   ap_none  |      inMuon_hwPhi_V      |    pointer   |
|inMuon_hwQ_V                   |  in |    1|   ap_none  |       inMuon_hwQ_V       |    pointer   |
|inMuon_hwValid_V               |  in |    1|   ap_none  |     inMuon_hwValid_V     |    pointer   |
|inMuon_hwBX_V                  |  in |    3|   ap_none  |       inMuon_hwBX_V      |    pointer   |
|inMuon_hwQuality_V             |  in |    4|   ap_none  |    inMuon_hwQuality_V    |    pointer   |
|outTrackMuon_hwPt_V            | out |   14|   ap_vld   |    outTrackMuon_hwPt_V   |    pointer   |
|outTrackMuon_hwPt_V_ap_vld     | out |    1|   ap_vld   |    outTrackMuon_hwPt_V   |    pointer   |
|outTrackMuon_hwEta_V           | out |    9|   ap_vld   |   outTrackMuon_hwEta_V   |    pointer   |
|outTrackMuon_hwEta_V_ap_vld    | out |    1|   ap_vld   |   outTrackMuon_hwEta_V   |    pointer   |
|outTrackMuon_hwPhi_V           | out |   10|   ap_vld   |   outTrackMuon_hwPhi_V   |    pointer   |
|outTrackMuon_hwPhi_V_ap_vld    | out |    1|   ap_vld   |   outTrackMuon_hwPhi_V   |    pointer   |
|outTrackMuon_hwQ_V             | out |    1|   ap_vld   |    outTrackMuon_hwQ_V    |    pointer   |
|outTrackMuon_hwQ_V_ap_vld      | out |    1|   ap_vld   |    outTrackMuon_hwQ_V    |    pointer   |
|outTrackMuon_hwValid_V         | out |    1|   ap_vld   |  outTrackMuon_hwValid_V  |    pointer   |
|outTrackMuon_hwValid_V_ap_vld  | out |    1|   ap_vld   |  outTrackMuon_hwValid_V  |    pointer   |
|outTrackMuon_hwBX_V            | out |    3|   ap_vld   |    outTrackMuon_hwBX_V   |    pointer   |
|outTrackMuon_hwBX_V_ap_vld     | out |    1|   ap_vld   |    outTrackMuon_hwBX_V   |    pointer   |
|outTrackMuon_hwQuality_V       |  in |    4|   ap_none  | outTrackMuon_hwQuality_V |    pointer   |
+-------------------------------+-----+-----+------------+--------------------------+--------------+

