#-----------------------------------------------------------
# Vivado v2016.4 (64-bit)
# SW Build 1756540 on Mon Jan 23 19:11:19 MST 2017
# IP Build 1755317 on Mon Jan 23 20:30:07 MST 2017
# Start of session at: Thu May 24 15:26:58 2018
# Process ID: 12175
# Current directory: /data/dildick/GlobalCorrelator/pulsar_devkit/simple_examples/HLSIPs/tkmu_proj0/solution1/impl/ip
# Command line: vivado -notrace -mode batch -source run_ippack.tcl
# Log file: /data/dildick/GlobalCorrelator/pulsar_devkit/simple_examples/HLSIPs/tkmu_proj0/solution1/impl/ip/vivado.log
# Journal file: /data/dildick/GlobalCorrelator/pulsar_devkit/simple_examples/HLSIPs/tkmu_proj0/solution1/impl/ip/vivado.jou
#-----------------------------------------------------------
source run_ippack.tcl -notrace
INFO: [IP_Flow 19-234] Refreshing IP repositories
INFO: [IP_Flow 19-1704] No user IP repositories specified
INFO: [IP_Flow 19-2313] Loaded Vivado IP repository '/opt/Xilinx/Vivado/2016.4/data/ip'.
WARNING: [IP_Flow 19-4832] The IP name 'tkmu_simple_hw_ap_dmul_6_max_dsp_64' you have specified is long. The Windows operating system has path length limitations. It is recommended you use shorter names to reduce the likelihood of issues.
INFO: [IP_Flow 19-1686] Generating 'Synthesis' target for IP 'tkmu_simple_hw_ap_dmul_6_max_dsp_64'...
INFO: [IP_Flow 19-1686] Generating 'Simulation' target for IP 'tkmu_simple_hw_ap_dmul_6_max_dsp_64'...
WARNING: [IP_Flow 19-4832] The IP name 'tkmu_simple_hw_ap_sitodp_4_no_dsp_64' you have specified is long. The Windows operating system has path length limitations. It is recommended you use shorter names to reduce the likelihood of issues.
INFO: [IP_Flow 19-1686] Generating 'Synthesis' target for IP 'tkmu_simple_hw_ap_sitodp_4_no_dsp_64'...
INFO: [IP_Flow 19-1686] Generating 'Simulation' target for IP 'tkmu_simple_hw_ap_sitodp_4_no_dsp_64'...
INFO: [IP_Flow 19-234] Refreshing IP repositories
INFO: [IP_Flow 19-1704] No user IP repositories specified
INFO: [IP_Flow 19-2313] Loaded Vivado IP repository '/opt/Xilinx/Vivado/2016.4/data/ip'.
INFO: [Common 17-206] Exiting Vivado at Thu May 24 15:27:06 2018...
