

================================================================
== Vivado HLS Report for 'match_prop_hw'
================================================================
* Date:           Thu Aug 23 18:05:35 2018

* Version:        2016.4 (Build 1756540 on Mon Jan 23 19:31:01 MST 2017)
* Project:        hls_matchprop
* Solution:       solution1
* Product family: virtex7
* Target device:  xc7vx690tffg1927-2


================================================================
== Performance Estimates
================================================================
+ Timing (ns): 
    * Summary: 
    +--------+-------+----------+------------+
    |  Clock | Target| Estimated| Uncertainty|
    +--------+-------+----------+------------+
    |ap_clk  |   4.11|      3.57|        0.51|
    +--------+-------+----------+------------+

+ Latency (clock cycles): 
    * Summary: 
    +-----+-----+-----+-----+----------+
    |  Latency  |  Interval | Pipeline |
    | min | max | min | max |   Type   |
    +-----+-----+-----+-----+----------+
    |   45|   45|    1|    1| function |
    +-----+-----+-----+-----+----------+

    + Detail: 
        * Instance: 
        N/A

        * Loop: 
        N/A

============================================================
+ Verbose Summary: Synthesis Manager
============================================================
InlineROM: 1
ExposeGlobal: 0
============================================================
+ Verbose Summary: CDFG Model
============================================================
IsTopModel: 1
ResetActiveHigh: 1
IsCombinational: 0
IsDatapathOnly: 0
HasWiredReturn: 1
HasMFsm: 2
HasVarLatency: 0
IsPipeline: 1
IsRtlPipelined: 1
IsInstanceOverlapped: 0
IsDontTouch: 0
HasImplIP: 0
IsGatedGlobalClock: 0

+ Individual pipeline summary: 
  * Pipeline-0: initiation interval (II) = 1, depth = 46


============================================================
+ Verbose Summary: Schedule
============================================================
* Number of FSM states: 46
* Pipeline: 1
  Pipeline-0: II = 1, D = 46, States = { 1 2 3 4 5 6 7 8 9 10 11 12 13 14 15 16 17 18 19 20 21 22 23 24 25 26 27 28 29 30 31 32 33 34 35 36 37 38 39 40 41 42 43 44 45 46 }
* Dataflow Pipeline: 0

* FSM state transitions: 
1 --> 
	2  / true
2 --> 
	3  / true
3 --> 
	4  / true
4 --> 
	5  / true
5 --> 
	6  / true
6 --> 
	7  / true
7 --> 
	8  / true
8 --> 
	9  / true
9 --> 
	10  / true
10 --> 
	11  / true
11 --> 
	12  / true
12 --> 
	13  / true
13 --> 
	14  / true
14 --> 
	15  / true
15 --> 
	16  / true
16 --> 
	17  / true
17 --> 
	18  / true
18 --> 
	19  / true
19 --> 
	20  / true
20 --> 
	21  / true
21 --> 
	22  / true
22 --> 
	23  / true
23 --> 
	24  / true
24 --> 
	25  / true
25 --> 
	26  / true
26 --> 
	27  / true
27 --> 
	28  / true
28 --> 
	29  / true
29 --> 
	30  / true
30 --> 
	31  / true
31 --> 
	32  / true
32 --> 
	33  / true
33 --> 
	34  / true
34 --> 
	35  / true
35 --> 
	36  / true
36 --> 
	37  / true
37 --> 
	38  / true
38 --> 
	39  / true
39 --> 
	40  / true
40 --> 
	41  / true
41 --> 
	42  / true
42 --> 
	43  / true
43 --> 
	44  / true
44 --> 
	45  / true
45 --> 
	46  / true
46 --> 
* FSM state operations: 

 <State 1>: 3.21ns
ST_1: inTrack_hwPropEta_V_s (59)  [1/1] 0.00ns  loc: src/tk-mu_simple.cpp:322
_ifconv:30  %inTrack_hwPropEta_V_s = call i14 @_ssdm_op_Read.ap_auto.i14P(i14* %inTrack_hwPropEta_V)

ST_1: inTrack_hwPropPhi_V_s (109)  [1/1] 0.00ns  loc: src/tk-mu_simple.cpp:323
_ifconv:80  %inTrack_hwPropPhi_V_s = call i23 @_ssdm_op_Read.ap_auto.i23P(i23* %inTrack_hwPropPhi_V)

ST_1: tmp_14 (110)  [1/1] 0.00ns  loc: src/tk-mu_simple.cpp:323
_ifconv:81  %tmp_14 = sext i23 %inTrack_hwPropPhi_V_s to i32

ST_1: tmp_16 (111)  [6/6] 3.21ns  loc: src/tk-mu_simple.cpp:323
_ifconv:82  %tmp_16 = sitofp i32 %tmp_14 to double

ST_1: inMuon_hwEta_V_read (179)  [1/1] 0.00ns  loc: src/tk-mu_simple.cpp:325
_ifconv:150  %inMuon_hwEta_V_read = call i9 @_ssdm_op_Read.ap_auto.i9P(i9* %inMuon_hwEta_V)

ST_1: tmp_82 (180)  [1/1] 0.00ns  loc: src/tk-mu_simple.cpp:325
_ifconv:151  %tmp_82 = call i1 @_ssdm_op_BitSelect.i1.i9.i32(i9 %inMuon_hwEta_V_read, i32 8)

ST_1: x_assign_cast (184)  [1/1] 0.00ns  loc: src/dataformats.h:113->src/tk-mu_simple.cpp:325
_ifconv:155  %x_assign_cast = sext i9 %inMuon_hwEta_V_read to i10

ST_1: tmp_85 (185)  [1/1] 0.00ns  loc: src/dataformats.h:114->src/tk-mu_simple.cpp:325
_ifconv:156  %tmp_85 = call i1 @_ssdm_op_BitSelect.i1.i9.i32(i9 %inMuon_hwEta_V_read, i32 8)

ST_1: tmp_92_i (186)  [1/1] 1.33ns  loc: src/dataformats.h:114->src/tk-mu_simple.cpp:325
_ifconv:157  %tmp_92_i = sub i9 0, %inMuon_hwEta_V_read

ST_1: tmp_93_i_cast (187)  [1/1] 0.00ns  loc: src/dataformats.h:114->src/tk-mu_simple.cpp:325
_ifconv:158  %tmp_93_i_cast = zext i9 %tmp_92_i to i10

ST_1: tmp_94_i (188)  [1/1] 0.71ns  loc: src/dataformats.h:114->src/tk-mu_simple.cpp:325
_ifconv:159  %tmp_94_i = select i1 %tmp_85, i10 %tmp_93_i_cast, i10 %x_assign_cast

ST_1: inMuon_hwPhi_V_read (239)  [1/1] 0.00ns  loc: src/tk-mu_simple.cpp:326
_ifconv:210  %inMuon_hwPhi_V_read = call i10 @_ssdm_op_Read.ap_auto.i10P(i10* %inMuon_hwPhi_V)

ST_1: tmp_64 (240)  [1/1] 0.00ns  loc: src/tk-mu_simple.cpp:326
_ifconv:211  %tmp_64 = zext i10 %inMuon_hwPhi_V_read to i32

ST_1: tmp_65 (241)  [6/6] 3.21ns  loc: src/tk-mu_simple.cpp:326
_ifconv:212  %tmp_65 = sitofp i32 %tmp_64 to double


 <State 2>: 3.37ns
ST_2: tmp_16 (111)  [5/6] 3.21ns  loc: src/tk-mu_simple.cpp:323
_ifconv:82  %tmp_16 = sitofp i32 %tmp_14 to double

ST_2: tmp_40 (181)  [1/1] 0.00ns  loc: src/tk-mu_simple.cpp:325
_ifconv:152  %tmp_40 = call i2 @_ssdm_op_BitConcatenate.i2.i1.i1(i1 %tmp_82, i1 false)

ST_2: tmp_41 (182)  [1/1] 0.43ns  loc: src/tk-mu_simple.cpp:325
_ifconv:153  %tmp_41 = sub i2 1, %tmp_40

ST_2: tmp_41_cast_cast (183)  [1/1] 0.00ns  loc: src/tk-mu_simple.cpp:325
_ifconv:154  %tmp_41_cast_cast = sext i2 %tmp_41 to i12

ST_2: tmp_94_i_cast_cast (189)  [1/1] 0.00ns  loc: src/tk-mu_simple.cpp:325
_ifconv:160  %tmp_94_i_cast_cast = sext i10 %tmp_94_i to i12

ST_2: tmp_43 (190)  [3/3] 2.94ns  loc: src/tk-mu_simple.cpp:325
_ifconv:161  %tmp_43 = mul i12 %tmp_94_i_cast_cast, %tmp_41_cast_cast

ST_2: tmp_65 (241)  [5/6] 3.21ns  loc: src/tk-mu_simple.cpp:326
_ifconv:212  %tmp_65 = sitofp i32 %tmp_64 to double


 <State 3>: 3.21ns
ST_3: tmp_16 (111)  [4/6] 3.21ns  loc: src/tk-mu_simple.cpp:323
_ifconv:82  %tmp_16 = sitofp i32 %tmp_14 to double

ST_3: tmp_43 (190)  [2/3] 2.94ns  loc: src/tk-mu_simple.cpp:325
_ifconv:161  %tmp_43 = mul i12 %tmp_94_i_cast_cast, %tmp_41_cast_cast

ST_3: tmp_65 (241)  [4/6] 3.21ns  loc: src/tk-mu_simple.cpp:326
_ifconv:212  %tmp_65 = sitofp i32 %tmp_64 to double


 <State 4>: 3.21ns
ST_4: tmp_16 (111)  [3/6] 3.21ns  loc: src/tk-mu_simple.cpp:323
_ifconv:82  %tmp_16 = sitofp i32 %tmp_14 to double

ST_4: tmp_43 (190)  [1/3] 2.94ns  loc: src/tk-mu_simple.cpp:325
_ifconv:161  %tmp_43 = mul i12 %tmp_94_i_cast_cast, %tmp_41_cast_cast

ST_4: tmp_65 (241)  [3/6] 3.21ns  loc: src/tk-mu_simple.cpp:326
_ifconv:212  %tmp_65 = sitofp i32 %tmp_64 to double


 <State 5>: 3.21ns
ST_5: tmp5 (60)  [1/1] 0.00ns  loc: src/tk-mu_simple.cpp:322
_ifconv:31  %tmp5 = sext i14 %inTrack_hwPropEta_V_s to i32

ST_5: tmp (61)  [6/6] 3.21ns  loc: src/tk-mu_simple.cpp:322
_ifconv:32  %tmp = sitofp i32 %tmp5 to double

ST_5: tmp_16 (111)  [2/6] 3.21ns  loc: src/tk-mu_simple.cpp:323
_ifconv:82  %tmp_16 = sitofp i32 %tmp_14 to double

ST_5: tmp_56 (191)  [1/1] 0.00ns  loc: src/tk-mu_simple.cpp:325
_ifconv:162  %tmp_56 = sext i12 %tmp_43 to i32

ST_5: tmp_44 (192)  [6/6] 3.21ns  loc: src/tk-mu_simple.cpp:325
_ifconv:163  %tmp_44 = sitofp i32 %tmp_56 to double

ST_5: tmp_65 (241)  [2/6] 3.21ns  loc: src/tk-mu_simple.cpp:326
_ifconv:212  %tmp_65 = sitofp i32 %tmp_64 to double


 <State 6>: 3.21ns
ST_6: tmp (61)  [5/6] 3.21ns  loc: src/tk-mu_simple.cpp:322
_ifconv:32  %tmp = sitofp i32 %tmp5 to double

ST_6: tmp_16 (111)  [1/6] 3.21ns  loc: src/tk-mu_simple.cpp:323
_ifconv:82  %tmp_16 = sitofp i32 %tmp_14 to double

ST_6: tmp_44 (192)  [5/6] 3.21ns  loc: src/tk-mu_simple.cpp:325
_ifconv:163  %tmp_44 = sitofp i32 %tmp_56 to double

ST_6: tmp_65 (241)  [1/6] 3.21ns  loc: src/tk-mu_simple.cpp:326
_ifconv:212  %tmp_65 = sitofp i32 %tmp_64 to double


 <State 7>: 3.21ns
ST_7: tmp (61)  [4/6] 3.21ns  loc: src/tk-mu_simple.cpp:322
_ifconv:32  %tmp = sitofp i32 %tmp5 to double

ST_7: returnValue_6 (112)  [10/10] 3.06ns  loc: src/tk-mu_simple.cpp:323
_ifconv:83  %returnValue_6 = fmul double %tmp_16, 4.734500e-06

ST_7: tmp_44 (192)  [4/6] 3.21ns  loc: src/tk-mu_simple.cpp:325
_ifconv:163  %tmp_44 = sitofp i32 %tmp_56 to double

ST_7: returnValue_7 (242)  [10/10] 3.06ns  loc: src/tk-mu_simple.cpp:326
_ifconv:213  %returnValue_7 = fmul double %tmp_65, 1.090800e-02


 <State 8>: 3.21ns
ST_8: tmp (61)  [3/6] 3.21ns  loc: src/tk-mu_simple.cpp:322
_ifconv:32  %tmp = sitofp i32 %tmp5 to double

ST_8: returnValue_6 (112)  [9/10] 3.06ns  loc: src/tk-mu_simple.cpp:323
_ifconv:83  %returnValue_6 = fmul double %tmp_16, 4.734500e-06

ST_8: tmp_44 (192)  [3/6] 3.21ns  loc: src/tk-mu_simple.cpp:325
_ifconv:163  %tmp_44 = sitofp i32 %tmp_56 to double

ST_8: returnValue_7 (242)  [9/10] 3.06ns  loc: src/tk-mu_simple.cpp:326
_ifconv:213  %returnValue_7 = fmul double %tmp_65, 1.090800e-02


 <State 9>: 3.21ns
ST_9: tmp (61)  [2/6] 3.21ns  loc: src/tk-mu_simple.cpp:322
_ifconv:32  %tmp = sitofp i32 %tmp5 to double

ST_9: returnValue_6 (112)  [8/10] 3.06ns  loc: src/tk-mu_simple.cpp:323
_ifconv:83  %returnValue_6 = fmul double %tmp_16, 4.734500e-06

ST_9: tmp_44 (192)  [2/6] 3.21ns  loc: src/tk-mu_simple.cpp:325
_ifconv:163  %tmp_44 = sitofp i32 %tmp_56 to double

ST_9: returnValue_7 (242)  [8/10] 3.06ns  loc: src/tk-mu_simple.cpp:326
_ifconv:213  %returnValue_7 = fmul double %tmp_65, 1.090800e-02


 <State 10>: 3.21ns
ST_10: tmp (61)  [1/6] 3.21ns  loc: src/tk-mu_simple.cpp:322
_ifconv:32  %tmp = sitofp i32 %tmp5 to double

ST_10: returnValue_6 (112)  [7/10] 3.06ns  loc: src/tk-mu_simple.cpp:323
_ifconv:83  %returnValue_6 = fmul double %tmp_16, 4.734500e-06

ST_10: tmp_44 (192)  [1/6] 3.21ns  loc: src/tk-mu_simple.cpp:325
_ifconv:163  %tmp_44 = sitofp i32 %tmp_56 to double

ST_10: returnValue_7 (242)  [7/10] 3.06ns  loc: src/tk-mu_simple.cpp:326
_ifconv:213  %returnValue_7 = fmul double %tmp_65, 1.090800e-02


 <State 11>: 3.06ns
ST_11: v_assign (62)  [10/10] 3.06ns  loc: src/tk-mu_simple.cpp:322
_ifconv:33  %v_assign = fmul double %tmp, 0x3F600000972ECF2E

ST_11: returnValue_6 (112)  [6/10] 3.06ns  loc: src/tk-mu_simple.cpp:323
_ifconv:83  %returnValue_6 = fmul double %tmp_16, 4.734500e-06

ST_11: v_assign_1 (193)  [10/10] 3.06ns  loc: src/tk-mu_simple.cpp:325
_ifconv:164  %v_assign_1 = fmul double %tmp_44, 1.087500e-02

ST_11: returnValue_7 (242)  [6/10] 3.06ns  loc: src/tk-mu_simple.cpp:326
_ifconv:213  %returnValue_7 = fmul double %tmp_65, 1.090800e-02


 <State 12>: 3.06ns
ST_12: v_assign (62)  [9/10] 3.06ns  loc: src/tk-mu_simple.cpp:322
_ifconv:33  %v_assign = fmul double %tmp, 0x3F600000972ECF2E

ST_12: returnValue_6 (112)  [5/10] 3.06ns  loc: src/tk-mu_simple.cpp:323
_ifconv:83  %returnValue_6 = fmul double %tmp_16, 4.734500e-06

ST_12: v_assign_1 (193)  [9/10] 3.06ns  loc: src/tk-mu_simple.cpp:325
_ifconv:164  %v_assign_1 = fmul double %tmp_44, 1.087500e-02

ST_12: returnValue_7 (242)  [5/10] 3.06ns  loc: src/tk-mu_simple.cpp:326
_ifconv:213  %returnValue_7 = fmul double %tmp_65, 1.090800e-02


 <State 13>: 3.06ns
ST_13: v_assign (62)  [8/10] 3.06ns  loc: src/tk-mu_simple.cpp:322
_ifconv:33  %v_assign = fmul double %tmp, 0x3F600000972ECF2E

ST_13: returnValue_6 (112)  [4/10] 3.06ns  loc: src/tk-mu_simple.cpp:323
_ifconv:83  %returnValue_6 = fmul double %tmp_16, 4.734500e-06

ST_13: v_assign_1 (193)  [8/10] 3.06ns  loc: src/tk-mu_simple.cpp:325
_ifconv:164  %v_assign_1 = fmul double %tmp_44, 1.087500e-02

ST_13: returnValue_7 (242)  [4/10] 3.06ns  loc: src/tk-mu_simple.cpp:326
_ifconv:213  %returnValue_7 = fmul double %tmp_65, 1.090800e-02


 <State 14>: 3.06ns
ST_14: v_assign (62)  [7/10] 3.06ns  loc: src/tk-mu_simple.cpp:322
_ifconv:33  %v_assign = fmul double %tmp, 0x3F600000972ECF2E

ST_14: returnValue_6 (112)  [3/10] 3.06ns  loc: src/tk-mu_simple.cpp:323
_ifconv:83  %returnValue_6 = fmul double %tmp_16, 4.734500e-06

ST_14: v_assign_1 (193)  [7/10] 3.06ns  loc: src/tk-mu_simple.cpp:325
_ifconv:164  %v_assign_1 = fmul double %tmp_44, 1.087500e-02

ST_14: returnValue_7 (242)  [3/10] 3.06ns  loc: src/tk-mu_simple.cpp:326
_ifconv:213  %returnValue_7 = fmul double %tmp_65, 1.090800e-02


 <State 15>: 3.06ns
ST_15: v_assign (62)  [6/10] 3.06ns  loc: src/tk-mu_simple.cpp:322
_ifconv:33  %v_assign = fmul double %tmp, 0x3F600000972ECF2E

ST_15: returnValue_6 (112)  [2/10] 3.06ns  loc: src/tk-mu_simple.cpp:323
_ifconv:83  %returnValue_6 = fmul double %tmp_16, 4.734500e-06

ST_15: v_assign_1 (193)  [6/10] 3.06ns  loc: src/tk-mu_simple.cpp:325
_ifconv:164  %v_assign_1 = fmul double %tmp_44, 1.087500e-02

ST_15: returnValue_7 (242)  [2/10] 3.06ns  loc: src/tk-mu_simple.cpp:326
_ifconv:213  %returnValue_7 = fmul double %tmp_65, 1.090800e-02


 <State 16>: 3.06ns
ST_16: v_assign (62)  [5/10] 3.06ns  loc: src/tk-mu_simple.cpp:322
_ifconv:33  %v_assign = fmul double %tmp, 0x3F600000972ECF2E

ST_16: returnValue_6 (112)  [1/10] 3.06ns  loc: src/tk-mu_simple.cpp:323
_ifconv:83  %returnValue_6 = fmul double %tmp_16, 4.734500e-06

ST_16: v_assign_1 (193)  [5/10] 3.06ns  loc: src/tk-mu_simple.cpp:325
_ifconv:164  %v_assign_1 = fmul double %tmp_44, 1.087500e-02

ST_16: returnValue_7 (242)  [1/10] 3.06ns  loc: src/tk-mu_simple.cpp:326
_ifconv:213  %returnValue_7 = fmul double %tmp_65, 1.090800e-02


 <State 17>: 3.39ns
ST_17: v_assign (62)  [4/10] 3.06ns  loc: src/tk-mu_simple.cpp:322
_ifconv:33  %v_assign = fmul double %tmp, 0x3F600000972ECF2E

ST_17: returnValue_1 (121)  [8/8] 3.39ns  loc: src/dataformats.h:124->src/tk-mu_simple.cpp:323
_ifconv:92  %returnValue_1 = fadd double %returnValue_6, 0x401921FB54442D18

ST_17: v_assign_1 (193)  [4/10] 3.06ns  loc: src/tk-mu_simple.cpp:325
_ifconv:164  %v_assign_1 = fmul double %tmp_44, 1.087500e-02

ST_17: returnValue_4 (251)  [8/8] 3.39ns  loc: src/dataformats.h:124->src/tk-mu_simple.cpp:326
_ifconv:222  %returnValue_4 = fadd double %returnValue_7, 0x401921FB54442D18


 <State 18>: 3.39ns
ST_18: v_assign (62)  [3/10] 3.06ns  loc: src/tk-mu_simple.cpp:322
_ifconv:33  %v_assign = fmul double %tmp, 0x3F600000972ECF2E

ST_18: returnValue_1 (121)  [7/8] 3.39ns  loc: src/dataformats.h:124->src/tk-mu_simple.cpp:323
_ifconv:92  %returnValue_1 = fadd double %returnValue_6, 0x401921FB54442D18

ST_18: v_assign_1 (193)  [3/10] 3.06ns  loc: src/tk-mu_simple.cpp:325
_ifconv:164  %v_assign_1 = fmul double %tmp_44, 1.087500e-02

ST_18: returnValue_4 (251)  [7/8] 3.39ns  loc: src/dataformats.h:124->src/tk-mu_simple.cpp:326
_ifconv:222  %returnValue_4 = fadd double %returnValue_7, 0x401921FB54442D18


 <State 19>: 3.39ns
ST_19: v_assign (62)  [2/10] 3.06ns  loc: src/tk-mu_simple.cpp:322
_ifconv:33  %v_assign = fmul double %tmp, 0x3F600000972ECF2E

ST_19: returnValue_1 (121)  [6/8] 3.39ns  loc: src/dataformats.h:124->src/tk-mu_simple.cpp:323
_ifconv:92  %returnValue_1 = fadd double %returnValue_6, 0x401921FB54442D18

ST_19: v_assign_1 (193)  [2/10] 3.06ns  loc: src/tk-mu_simple.cpp:325
_ifconv:164  %v_assign_1 = fmul double %tmp_44, 1.087500e-02

ST_19: returnValue_4 (251)  [6/8] 3.39ns  loc: src/dataformats.h:124->src/tk-mu_simple.cpp:326
_ifconv:222  %returnValue_4 = fadd double %returnValue_7, 0x401921FB54442D18


 <State 20>: 3.39ns
ST_20: v_assign (62)  [1/10] 3.06ns  loc: src/tk-mu_simple.cpp:322
_ifconv:33  %v_assign = fmul double %tmp, 0x3F600000972ECF2E

ST_20: returnValue_1 (121)  [5/8] 3.39ns  loc: src/dataformats.h:124->src/tk-mu_simple.cpp:323
_ifconv:92  %returnValue_1 = fadd double %returnValue_6, 0x401921FB54442D18

ST_20: v_assign_1 (193)  [1/10] 3.06ns  loc: src/tk-mu_simple.cpp:325
_ifconv:164  %v_assign_1 = fmul double %tmp_44, 1.087500e-02

ST_20: returnValue_4 (251)  [5/8] 3.39ns  loc: src/dataformats.h:124->src/tk-mu_simple.cpp:326
_ifconv:222  %returnValue_4 = fadd double %returnValue_7, 0x401921FB54442D18


 <State 21>: 3.39ns
ST_21: ireg_V (63)  [1/1] 0.00ns  loc: src/tk-mu_simple.cpp:322
_ifconv:34  %ireg_V = bitcast double %v_assign to i64

ST_21: tmp_9 (64)  [1/1] 0.00ns  loc: src/tk-mu_simple.cpp:322
_ifconv:35  %tmp_9 = trunc i64 %ireg_V to i63

ST_21: isneg (65)  [1/1] 0.00ns  loc: src/tk-mu_simple.cpp:322
_ifconv:36  %isneg = call i1 @_ssdm_op_BitSelect.i1.i64.i32(i64 %ireg_V, i32 63)

ST_21: exp_tmp_V (66)  [1/1] 0.00ns  loc: src/tk-mu_simple.cpp:322
_ifconv:37  %exp_tmp_V = call i11 @_ssdm_op_PartSelect.i11.i64.i32.i32(i64 %ireg_V, i32 52, i32 62)

ST_21: tmp_6 (67)  [1/1] 0.00ns  loc: src/tk-mu_simple.cpp:322
_ifconv:38  %tmp_6 = zext i11 %exp_tmp_V to i12

ST_21: tmp_15 (68)  [1/1] 0.00ns  loc: src/tk-mu_simple.cpp:322
_ifconv:39  %tmp_15 = trunc i64 %ireg_V to i52

ST_21: tmp_1 (73)  [1/1] 1.60ns  loc: src/tk-mu_simple.cpp:322
_ifconv:44  %tmp_1 = icmp eq i63 %tmp_9, 0

ST_21: F2 (74)  [1/1] 1.33ns  loc: src/tk-mu_simple.cpp:322
_ifconv:45  %F2 = sub i12 1075, %tmp_6

ST_21: returnValue_1 (121)  [4/8] 3.39ns  loc: src/dataformats.h:124->src/tk-mu_simple.cpp:323
_ifconv:92  %returnValue_1 = fadd double %returnValue_6, 0x401921FB54442D18

ST_21: ireg_V_2 (194)  [1/1] 0.00ns  loc: src/tk-mu_simple.cpp:325
_ifconv:165  %ireg_V_2 = bitcast double %v_assign_1 to i64

ST_21: tmp_90 (195)  [1/1] 0.00ns  loc: src/tk-mu_simple.cpp:325
_ifconv:166  %tmp_90 = trunc i64 %ireg_V_2 to i63

ST_21: isneg_2 (196)  [1/1] 0.00ns  loc: src/tk-mu_simple.cpp:325
_ifconv:167  %isneg_2 = call i1 @_ssdm_op_BitSelect.i1.i64.i32(i64 %ireg_V_2, i32 63)

ST_21: exp_tmp_V_2 (197)  [1/1] 0.00ns  loc: src/tk-mu_simple.cpp:325
_ifconv:168  %exp_tmp_V_2 = call i11 @_ssdm_op_PartSelect.i11.i64.i32.i32(i64 %ireg_V_2, i32 52, i32 62)

ST_21: tmp_45 (198)  [1/1] 0.00ns  loc: src/tk-mu_simple.cpp:325
_ifconv:169  %tmp_45 = zext i11 %exp_tmp_V_2 to i12

ST_21: tmp_99 (199)  [1/1] 0.00ns  loc: src/tk-mu_simple.cpp:325
_ifconv:170  %tmp_99 = trunc i64 %ireg_V_2 to i52

ST_21: tmp_48 (204)  [1/1] 1.60ns  loc: src/tk-mu_simple.cpp:325
_ifconv:175  %tmp_48 = icmp eq i63 %tmp_90, 0

ST_21: F2_2 (205)  [1/1] 1.33ns  loc: src/tk-mu_simple.cpp:325
_ifconv:176  %F2_2 = sub i12 1075, %tmp_45

ST_21: returnValue_4 (251)  [4/8] 3.39ns  loc: src/dataformats.h:124->src/tk-mu_simple.cpp:326
_ifconv:222  %returnValue_4 = fadd double %returnValue_7, 0x401921FB54442D18


 <State 22>: 3.39ns
ST_22: tmp_4 (69)  [1/1] 0.00ns  loc: src/tk-mu_simple.cpp:322
_ifconv:40  %tmp_4 = call i53 @_ssdm_op_BitConcatenate.i53.i1.i52(i1 true, i52 %tmp_15)

ST_22: p_Result_s (70)  [1/1] 0.00ns  loc: src/tk-mu_simple.cpp:322
_ifconv:41  %p_Result_s = zext i53 %tmp_4 to i54

ST_22: man_V_1 (71)  [1/1] 1.99ns  loc: src/tk-mu_simple.cpp:322
_ifconv:42  %man_V_1 = sub i54 0, %p_Result_s

ST_22: man_V_2 (72)  [1/1] 0.71ns  loc: src/tk-mu_simple.cpp:322
_ifconv:43  %man_V_2 = select i1 %isneg, i54 %man_V_1, i54 %p_Result_s

ST_22: tmp_3 (75)  [1/1] 1.25ns  loc: src/tk-mu_simple.cpp:322
_ifconv:46  %tmp_3 = icmp sgt i12 %F2, 10

ST_22: tmp_5 (76)  [1/1] 1.33ns  loc: src/tk-mu_simple.cpp:322
_ifconv:47  %tmp_5 = add i12 -10, %F2

ST_22: tmp_7 (77)  [1/1] 1.33ns  loc: src/tk-mu_simple.cpp:322
_ifconv:48  %tmp_7 = sub i12 10, %F2

ST_22: sh_amt (78)  [1/1] 0.71ns  loc: src/tk-mu_simple.cpp:322
_ifconv:49  %sh_amt = select i1 %tmp_3, i12 %tmp_5, i12 %tmp_7

ST_22: tmp_8 (80)  [1/1] 1.25ns  loc: src/tk-mu_simple.cpp:322
_ifconv:51  %tmp_8 = icmp eq i12 %F2, 10

ST_22: tmp_18 (81)  [1/1] 0.00ns  loc: src/tk-mu_simple.cpp:322
_ifconv:52  %tmp_18 = trunc i54 %man_V_2 to i14

ST_22: tmp_s (82)  [1/1] 1.25ns  loc: src/tk-mu_simple.cpp:322
_ifconv:53  %tmp_s = icmp ult i12 %sh_amt, 54

ST_22: sel_tmp6_demorgan (93)  [1/1] 0.71ns  loc: src/tk-mu_simple.cpp:322
_ifconv:64  %sel_tmp6_demorgan = or i1 %tmp_1, %tmp_8

ST_22: sel_tmp6 (94)  [1/1] 0.00ns  loc: src/tk-mu_simple.cpp:322 (grouped into LUT with out node sel_tmp7)
_ifconv:65  %sel_tmp6 = xor i1 %sel_tmp6_demorgan, true

ST_22: sel_tmp7 (95)  [1/1] 0.71ns  loc: src/tk-mu_simple.cpp:322 (out node of the LUT)
_ifconv:66  %sel_tmp7 = and i1 %tmp_3, %sel_tmp6

ST_22: returnValue_1 (121)  [3/8] 3.39ns  loc: src/dataformats.h:124->src/tk-mu_simple.cpp:323
_ifconv:92  %returnValue_1 = fadd double %returnValue_6, 0x401921FB54442D18

ST_22: tmp_46 (200)  [1/1] 0.00ns  loc: src/tk-mu_simple.cpp:325
_ifconv:171  %tmp_46 = call i53 @_ssdm_op_BitConcatenate.i53.i1.i52(i1 true, i52 %tmp_99)

ST_22: p_Result_3 (201)  [1/1] 0.00ns  loc: src/tk-mu_simple.cpp:325
_ifconv:172  %p_Result_3 = zext i53 %tmp_46 to i54

ST_22: man_V_7 (202)  [1/1] 1.99ns  loc: src/tk-mu_simple.cpp:325
_ifconv:173  %man_V_7 = sub i54 0, %p_Result_3

ST_22: man_V_8 (203)  [1/1] 0.71ns  loc: src/tk-mu_simple.cpp:325
_ifconv:174  %man_V_8 = select i1 %isneg_2, i54 %man_V_7, i54 %p_Result_3

ST_22: tmp_50 (206)  [1/1] 1.25ns  loc: src/tk-mu_simple.cpp:325
_ifconv:177  %tmp_50 = icmp sgt i12 %F2_2, 6

ST_22: tmp_51 (207)  [1/1] 1.33ns  loc: src/tk-mu_simple.cpp:325
_ifconv:178  %tmp_51 = add i12 -6, %F2_2

ST_22: tmp_52 (208)  [1/1] 1.33ns  loc: src/tk-mu_simple.cpp:325
_ifconv:179  %tmp_52 = sub i12 6, %F2_2

ST_22: sh_amt_2 (209)  [1/1] 0.71ns  loc: src/tk-mu_simple.cpp:325
_ifconv:180  %sh_amt_2 = select i1 %tmp_50, i12 %tmp_51, i12 %tmp_52

ST_22: tmp_53 (211)  [1/1] 1.25ns  loc: src/tk-mu_simple.cpp:325
_ifconv:182  %tmp_53 = icmp eq i12 %F2_2, 6

ST_22: tmp_100 (212)  [1/1] 0.00ns  loc: src/tk-mu_simple.cpp:325
_ifconv:183  %tmp_100 = trunc i54 %man_V_8 to i10

ST_22: tmp_55 (213)  [1/1] 1.25ns  loc: src/tk-mu_simple.cpp:325
_ifconv:184  %tmp_55 = icmp ult i12 %sh_amt_2, 54

ST_22: sel_tmp57_demorgan (224)  [1/1] 0.71ns  loc: src/tk-mu_simple.cpp:325
_ifconv:195  %sel_tmp57_demorgan = or i1 %tmp_48, %tmp_53

ST_22: sel_tmp20 (225)  [1/1] 0.00ns  loc: src/tk-mu_simple.cpp:325 (grouped into LUT with out node sel_tmp21)
_ifconv:196  %sel_tmp20 = xor i1 %sel_tmp57_demorgan, true

ST_22: sel_tmp21 (226)  [1/1] 0.71ns  loc: src/tk-mu_simple.cpp:325 (out node of the LUT)
_ifconv:197  %sel_tmp21 = and i1 %tmp_50, %sel_tmp20

ST_22: returnValue_4 (251)  [3/8] 3.39ns  loc: src/dataformats.h:124->src/tk-mu_simple.cpp:326
_ifconv:222  %returnValue_4 = fadd double %returnValue_7, 0x401921FB54442D18


 <State 23>: 3.39ns
ST_23: sh_amt_cast (79)  [1/1] 0.00ns  loc: src/tk-mu_simple.cpp:322
_ifconv:50  %sh_amt_cast = sext i12 %sh_amt to i32

ST_23: tmp_2 (83)  [1/1] 1.25ns  loc: src/tk-mu_simple.cpp:322
_ifconv:54  %tmp_2 = icmp ult i12 %sh_amt, 14

ST_23: tmp_10 (84)  [1/1] 0.00ns  loc: src/tk-mu_simple.cpp:322 (grouped into LUT with out node newSel1)
_ifconv:55  %tmp_10 = zext i32 %sh_amt_cast to i54

ST_23: tmp_11 (85)  [1/1] 0.00ns  loc: src/tk-mu_simple.cpp:322 (grouped into LUT with out node newSel1)
_ifconv:56  %tmp_11 = ashr i54 %man_V_2, %tmp_10

ST_23: tmp_30 (86)  [1/1] 0.00ns  loc: src/tk-mu_simple.cpp:322 (grouped into LUT with out node newSel1)
_ifconv:57  %tmp_30 = trunc i54 %tmp_11 to i14

ST_23: sel_tmp1 (91)  [1/1] 0.00ns  loc: src/tk-mu_simple.cpp:322 (grouped into LUT with out node or_cond2)
_ifconv:62  %sel_tmp1 = xor i1 %tmp_1, true

ST_23: sel_tmp2 (92)  [1/1] 0.00ns  loc: src/tk-mu_simple.cpp:322 (grouped into LUT with out node or_cond2)
_ifconv:63  %sel_tmp2 = and i1 %tmp_8, %sel_tmp1

ST_23: sel_tmp8 (96)  [1/1] 0.71ns  loc: src/tk-mu_simple.cpp:322
_ifconv:67  %sel_tmp8 = and i1 %sel_tmp7, %tmp_s

ST_23: sel_tmp14_demorgan (97)  [1/1] 0.00ns  loc: src/tk-mu_simple.cpp:322 (grouped into LUT with out node or_cond)
_ifconv:68  %sel_tmp14_demorgan = or i1 %sel_tmp6_demorgan, %tmp_3

ST_23: sel_tmp (98)  [1/1] 0.00ns  loc: src/tk-mu_simple.cpp:322 (grouped into LUT with out node or_cond)
_ifconv:69  %sel_tmp = xor i1 %sel_tmp14_demorgan, true

ST_23: sel_tmp3 (99)  [1/1] 0.00ns  loc: src/tk-mu_simple.cpp:322 (grouped into LUT with out node or_cond)
_ifconv:70  %sel_tmp3 = and i1 %tmp_2, %sel_tmp

ST_23: sel_tmp4 (100)  [1/1] 0.00ns  loc: src/tk-mu_simple.cpp:322 (grouped into LUT with out node sel_tmp5)
_ifconv:71  %sel_tmp4 = xor i1 %tmp_s, true

ST_23: sel_tmp5 (101)  [1/1] 0.71ns  loc: src/tk-mu_simple.cpp:322 (out node of the LUT)
_ifconv:72  %sel_tmp5 = and i1 %sel_tmp7, %sel_tmp4

ST_23: or_cond (103)  [1/1] 0.71ns  loc: src/tk-mu_simple.h:510->src/tk-mu_simple.cpp:329 (out node of the LUT)
_ifconv:74  %or_cond = or i1 %sel_tmp5, %sel_tmp3

ST_23: newSel1 (104)  [1/1] 2.57ns  loc: src/tk-mu_simple.cpp:322 (out node of the LUT)
_ifconv:75  %newSel1 = select i1 %sel_tmp8, i14 %tmp_30, i14 %tmp_18

ST_23: or_cond1 (105)  [1/1] 0.00ns  loc: src/tk-mu_simple.h:510->src/tk-mu_simple.cpp:329 (grouped into LUT with out node or_cond2)
_ifconv:76  %or_cond1 = or i1 %sel_tmp8, %sel_tmp2

ST_23: or_cond2 (107)  [1/1] 0.71ns  loc: src/tk-mu_simple.h:510->src/tk-mu_simple.cpp:329 (out node of the LUT)
_ifconv:78  %or_cond2 = or i1 %or_cond, %or_cond1

ST_23: tmp_20 (119)  [2/2] 3.02ns  loc: src/dataformats.h:123->src/tk-mu_simple.cpp:323
_ifconv:90  %tmp_20 = fcmp ole double %returnValue_6, 0xC00921FB54442D18

ST_23: returnValue_1 (121)  [2/8] 3.39ns  loc: src/dataformats.h:124->src/tk-mu_simple.cpp:323
_ifconv:92  %returnValue_1 = fadd double %returnValue_6, 0x401921FB54442D18

ST_23: sh_amt_2_cast (210)  [1/1] 0.00ns  loc: src/tk-mu_simple.cpp:325
_ifconv:181  %sh_amt_2_cast = sext i12 %sh_amt_2 to i32

ST_23: tmp_57 (214)  [1/1] 1.25ns  loc: src/tk-mu_simple.cpp:325
_ifconv:185  %tmp_57 = icmp ult i12 %sh_amt_2, 10

ST_23: tmp_58 (215)  [1/1] 0.00ns  loc: src/tk-mu_simple.cpp:325 (grouped into LUT with out node newSel9)
_ifconv:186  %tmp_58 = zext i32 %sh_amt_2_cast to i54

ST_23: tmp_59 (216)  [1/1] 0.00ns  loc: src/tk-mu_simple.cpp:325 (grouped into LUT with out node newSel9)
_ifconv:187  %tmp_59 = ashr i54 %man_V_8, %tmp_58

ST_23: tmp_101 (217)  [1/1] 0.00ns  loc: src/tk-mu_simple.cpp:325 (grouped into LUT with out node newSel9)
_ifconv:188  %tmp_101 = trunc i54 %tmp_59 to i10

ST_23: sel_tmp18 (222)  [1/1] 0.00ns  loc: src/tk-mu_simple.cpp:325 (grouped into LUT with out node or_cond8)
_ifconv:193  %sel_tmp18 = xor i1 %tmp_48, true

ST_23: sel_tmp19 (223)  [1/1] 0.00ns  loc: src/tk-mu_simple.cpp:325 (grouped into LUT with out node or_cond8)
_ifconv:194  %sel_tmp19 = and i1 %tmp_53, %sel_tmp18

ST_23: sel_tmp22 (227)  [1/1] 0.71ns  loc: src/tk-mu_simple.cpp:325
_ifconv:198  %sel_tmp22 = and i1 %sel_tmp21, %tmp_55

ST_23: sel_tmp65_demorgan (228)  [1/1] 0.00ns  loc: src/tk-mu_simple.cpp:325 (grouped into LUT with out node or_cond6)
_ifconv:199  %sel_tmp65_demorgan = or i1 %sel_tmp57_demorgan, %tmp_50

ST_23: sel_tmp23 (229)  [1/1] 0.00ns  loc: src/tk-mu_simple.cpp:325 (grouped into LUT with out node or_cond6)
_ifconv:200  %sel_tmp23 = xor i1 %sel_tmp65_demorgan, true

ST_23: sel_tmp24 (230)  [1/1] 0.00ns  loc: src/tk-mu_simple.cpp:325 (grouped into LUT with out node or_cond6)
_ifconv:201  %sel_tmp24 = and i1 %tmp_57, %sel_tmp23

ST_23: sel_tmp25 (231)  [1/1] 0.00ns  loc: src/tk-mu_simple.cpp:325 (grouped into LUT with out node sel_tmp26)
_ifconv:202  %sel_tmp25 = xor i1 %tmp_55, true

ST_23: sel_tmp26 (232)  [1/1] 0.71ns  loc: src/tk-mu_simple.cpp:325 (out node of the LUT)
_ifconv:203  %sel_tmp26 = and i1 %sel_tmp21, %sel_tmp25

ST_23: or_cond6 (234)  [1/1] 0.71ns  loc: src/tk-mu_simple.h:510->src/tk-mu_simple.cpp:329 (out node of the LUT)
_ifconv:205  %or_cond6 = or i1 %sel_tmp26, %sel_tmp24

ST_23: newSel9 (235)  [1/1] 2.57ns  loc: src/tk-mu_simple.cpp:325 (out node of the LUT)
_ifconv:206  %newSel9 = select i1 %sel_tmp22, i10 %tmp_101, i10 %tmp_100

ST_23: or_cond7 (236)  [1/1] 0.00ns  loc: src/tk-mu_simple.h:510->src/tk-mu_simple.cpp:329 (grouped into LUT with out node or_cond8)
_ifconv:207  %or_cond7 = or i1 %sel_tmp22, %sel_tmp19

ST_23: or_cond8 (238)  [1/1] 0.71ns  loc: src/tk-mu_simple.h:510->src/tk-mu_simple.cpp:329 (out node of the LUT)
_ifconv:209  %or_cond8 = or i1 %or_cond6, %or_cond7

ST_23: tmp_78 (249)  [2/2] 3.02ns  loc: src/dataformats.h:123->src/tk-mu_simple.cpp:326
_ifconv:220  %tmp_78 = fcmp ole double %returnValue_7, 0xC00921FB54442D18

ST_23: returnValue_4 (251)  [2/8] 3.39ns  loc: src/dataformats.h:124->src/tk-mu_simple.cpp:326
_ifconv:222  %returnValue_4 = fadd double %returnValue_7, 0x401921FB54442D18


 <State 24>: 3.39ns
ST_24: p_2 (87)  [1/1] 0.00ns  loc: src/tk-mu_simple.cpp:322 (grouped into LUT with out node newSel2)
_ifconv:58  %p_2 = select i1 %isneg, i14 -1, i14 0

ST_24: tmp_12 (88)  [1/1] 0.00ns  loc: src/tk-mu_simple.cpp:322 (grouped into LUT with out node newSel2)
_ifconv:59  %tmp_12 = sext i14 %tmp_18 to i32

ST_24: tmp_13 (89)  [1/1] 0.00ns  loc: src/tk-mu_simple.cpp:322 (grouped into LUT with out node newSel2)
_ifconv:60  %tmp_13 = shl i32 %tmp_12, %sh_amt_cast

ST_24: tmp_32 (90)  [1/1] 0.00ns  loc: src/tk-mu_simple.cpp:322 (grouped into LUT with out node newSel2)
_ifconv:61  %tmp_32 = trunc i32 %tmp_13 to i14

ST_24: newSel (102)  [1/1] 0.00ns  loc: src/tk-mu_simple.cpp:322 (grouped into LUT with out node newSel2)
_ifconv:73  %newSel = select i1 %sel_tmp5, i14 %p_2, i14 %tmp_32

ST_24: newSel2 (106)  [1/1] 1.98ns  loc: src/tk-mu_simple.h:510->src/tk-mu_simple.cpp:329 (out node of the LUT)
_ifconv:77  %newSel2 = select i1 %or_cond, i14 %newSel, i14 %newSel1

ST_24: p_Val2_4 (108)  [1/1] 0.00ns  loc: src/tk-mu_simple.h:510->src/tk-mu_simple.cpp:329 (grouped into LUT with out node p_Val2_i)
_ifconv:79  %p_Val2_4 = select i1 %or_cond2, i14 %newSel2, i14 0

ST_24: tmp_20 (119)  [1/2] 3.02ns  loc: src/dataformats.h:123->src/tk-mu_simple.cpp:323
_ifconv:90  %tmp_20 = fcmp ole double %returnValue_6, 0xC00921FB54442D18

ST_24: returnValue_1 (121)  [1/8] 3.39ns  loc: src/dataformats.h:124->src/tk-mu_simple.cpp:323
_ifconv:92  %returnValue_1 = fadd double %returnValue_6, 0x401921FB54442D18

ST_24: p_4 (218)  [1/1] 0.00ns  loc: src/tk-mu_simple.cpp:325 (grouped into LUT with out node newSel3)
_ifconv:189  %p_4 = select i1 %isneg_2, i10 -1, i10 0

ST_24: tmp_61 (219)  [1/1] 0.00ns  loc: src/tk-mu_simple.cpp:325 (grouped into LUT with out node newSel3)
_ifconv:190  %tmp_61 = sext i10 %tmp_100 to i32

ST_24: tmp_62 (220)  [1/1] 0.00ns  loc: src/tk-mu_simple.cpp:325 (grouped into LUT with out node newSel3)
_ifconv:191  %tmp_62 = shl i32 %tmp_61, %sh_amt_2_cast

ST_24: tmp_102 (221)  [1/1] 0.00ns  loc: src/tk-mu_simple.cpp:325 (grouped into LUT with out node newSel3)
_ifconv:192  %tmp_102 = trunc i32 %tmp_62 to i10

ST_24: newSel8 (233)  [1/1] 0.00ns  loc: src/tk-mu_simple.cpp:325 (grouped into LUT with out node newSel3)
_ifconv:204  %newSel8 = select i1 %sel_tmp26, i10 %p_4, i10 %tmp_102

ST_24: newSel3 (237)  [1/1] 1.97ns  loc: src/tk-mu_simple.h:510->src/tk-mu_simple.cpp:329 (out node of the LUT)
_ifconv:208  %newSel3 = select i1 %or_cond6, i10 %newSel8, i10 %newSel9

ST_24: tmp_78 (249)  [1/2] 3.02ns  loc: src/dataformats.h:123->src/tk-mu_simple.cpp:326
_ifconv:220  %tmp_78 = fcmp ole double %returnValue_7, 0xC00921FB54442D18

ST_24: returnValue_4 (251)  [1/8] 3.39ns  loc: src/dataformats.h:124->src/tk-mu_simple.cpp:326
_ifconv:222  %returnValue_4 = fadd double %returnValue_7, 0x401921FB54442D18

ST_24: tmp_94 (308)  [1/1] 0.00ns  loc: src/tk-mu_simple.h:510->src/tk-mu_simple.cpp:329 (grouped into LUT with out node p_Val2_i)
_ifconv:279  %tmp_94 = select i1 %or_cond8, i10 %newSel3, i10 0

ST_24: tmp_i3 (309)  [1/1] 0.00ns  loc: src/tk-mu_simple.h:510->src/tk-mu_simple.cpp:329 (grouped into LUT with out node p_Val2_i)
_ifconv:280  %tmp_i3 = call i14 @_ssdm_op_BitConcatenate.i14.i10.i4(i10 %tmp_94, i4 0)

ST_24: p_Val2_i (310)  [1/1] 1.39ns  loc: src/tk-mu_simple.h:510->src/tk-mu_simple.cpp:329 (out node of the LUT)
_ifconv:281  %p_Val2_i = sub i14 %p_Val2_4, %tmp_i3


 <State 25>: 2.24ns
ST_25: outPhi_assign_to_int (113)  [1/1] 0.00ns  loc: src/tk-mu_simple.cpp:323
_ifconv:84  %outPhi_assign_to_int = bitcast double %returnValue_6 to i64

ST_25: tmp_17 (114)  [1/1] 0.00ns  loc: src/tk-mu_simple.cpp:323
_ifconv:85  %tmp_17 = call i11 @_ssdm_op_PartSelect.i11.i64.i32.i32(i64 %outPhi_assign_to_int, i32 52, i32 62)

ST_25: tmp_36 (115)  [1/1] 0.00ns  loc: src/tk-mu_simple.cpp:323
_ifconv:86  %tmp_36 = trunc i64 %outPhi_assign_to_int to i52

ST_25: notlhs (116)  [1/1] 1.24ns  loc: src/tk-mu_simple.cpp:323
_ifconv:87  %notlhs = icmp ne i11 %tmp_17, -1

ST_25: notrhs (117)  [1/1] 1.53ns  loc: src/tk-mu_simple.cpp:323
_ifconv:88  %notrhs = icmp eq i52 %tmp_36, 0

ST_25: tmp_19 (118)  [1/1] 0.00ns  loc: src/tk-mu_simple.cpp:323 (grouped into LUT with out node returnValue_3)
_ifconv:89  %tmp_19 = or i1 %notrhs, %notlhs

ST_25: tmp_23 (120)  [1/1] 0.00ns  loc: src/dataformats.h:123->src/tk-mu_simple.cpp:323 (grouped into LUT with out node returnValue_3)
_ifconv:91  %tmp_23 = and i1 %tmp_19, %tmp_20

ST_25: returnValue_3 (122)  [1/1] 0.71ns  loc: src/dataformats.h:123->src/tk-mu_simple.cpp:323 (out node of the LUT)
_ifconv:93  %returnValue_3 = select i1 %tmp_23, double %returnValue_1, double %returnValue_6

ST_25: outPhi_assign_1_to_i (243)  [1/1] 0.00ns  loc: src/tk-mu_simple.cpp:326
_ifconv:214  %outPhi_assign_1_to_i = bitcast double %returnValue_7 to i64

ST_25: tmp_66 (244)  [1/1] 0.00ns  loc: src/tk-mu_simple.cpp:326
_ifconv:215  %tmp_66 = call i11 @_ssdm_op_PartSelect.i11.i64.i32.i32(i64 %outPhi_assign_1_to_i, i32 52, i32 62)

ST_25: tmp_103 (245)  [1/1] 0.00ns  loc: src/tk-mu_simple.cpp:326
_ifconv:216  %tmp_103 = trunc i64 %outPhi_assign_1_to_i to i52

ST_25: notlhs2 (246)  [1/1] 1.24ns  loc: src/tk-mu_simple.cpp:326
_ifconv:217  %notlhs2 = icmp ne i11 %tmp_66, -1

ST_25: notrhs2 (247)  [1/1] 1.53ns  loc: src/tk-mu_simple.cpp:326
_ifconv:218  %notrhs2 = icmp eq i52 %tmp_103, 0

ST_25: tmp_71 (248)  [1/1] 0.00ns  loc: src/tk-mu_simple.cpp:326 (grouped into LUT with out node returnValue_8)
_ifconv:219  %tmp_71 = or i1 %notrhs2, %notlhs2

ST_25: tmp_87 (250)  [1/1] 0.00ns  loc: src/dataformats.h:123->src/tk-mu_simple.cpp:326 (grouped into LUT with out node returnValue_8)
_ifconv:221  %tmp_87 = and i1 %tmp_71, %tmp_78

ST_25: returnValue_8 (252)  [1/1] 0.71ns  loc: src/dataformats.h:123->src/tk-mu_simple.cpp:326 (out node of the LUT)
_ifconv:223  %returnValue_8 = select i1 %tmp_87, double %returnValue_4, double %returnValue_7


 <State 26>: 3.39ns
ST_26: returnValue_2 (131)  [8/8] 3.39ns  loc: src/dataformats.h:126->src/tk-mu_simple.cpp:323
_ifconv:102  %returnValue_2 = fadd double %returnValue_3, 0xC01921FB54442D18

ST_26: returnValue_5 (261)  [8/8] 3.39ns  loc: src/dataformats.h:126->src/tk-mu_simple.cpp:326
_ifconv:232  %returnValue_5 = fadd double %returnValue_8, 0xC01921FB54442D18


 <State 27>: 3.39ns
ST_27: returnValue_2 (131)  [7/8] 3.39ns  loc: src/dataformats.h:126->src/tk-mu_simple.cpp:323
_ifconv:102  %returnValue_2 = fadd double %returnValue_3, 0xC01921FB54442D18

ST_27: returnValue_5 (261)  [7/8] 3.39ns  loc: src/dataformats.h:126->src/tk-mu_simple.cpp:326
_ifconv:232  %returnValue_5 = fadd double %returnValue_8, 0xC01921FB54442D18


 <State 28>: 3.39ns
ST_28: returnValue_2 (131)  [6/8] 3.39ns  loc: src/dataformats.h:126->src/tk-mu_simple.cpp:323
_ifconv:102  %returnValue_2 = fadd double %returnValue_3, 0xC01921FB54442D18

ST_28: returnValue_5 (261)  [6/8] 3.39ns  loc: src/dataformats.h:126->src/tk-mu_simple.cpp:326
_ifconv:232  %returnValue_5 = fadd double %returnValue_8, 0xC01921FB54442D18


 <State 29>: 3.39ns
ST_29: returnValue_2 (131)  [5/8] 3.39ns  loc: src/dataformats.h:126->src/tk-mu_simple.cpp:323
_ifconv:102  %returnValue_2 = fadd double %returnValue_3, 0xC01921FB54442D18

ST_29: returnValue_5 (261)  [5/8] 3.39ns  loc: src/dataformats.h:126->src/tk-mu_simple.cpp:326
_ifconv:232  %returnValue_5 = fadd double %returnValue_8, 0xC01921FB54442D18


 <State 30>: 3.39ns
ST_30: returnValue_2 (131)  [4/8] 3.39ns  loc: src/dataformats.h:126->src/tk-mu_simple.cpp:323
_ifconv:102  %returnValue_2 = fadd double %returnValue_3, 0xC01921FB54442D18

ST_30: returnValue_5 (261)  [4/8] 3.39ns  loc: src/dataformats.h:126->src/tk-mu_simple.cpp:326
_ifconv:232  %returnValue_5 = fadd double %returnValue_8, 0xC01921FB54442D18


 <State 31>: 3.39ns
ST_31: returnValue_2 (131)  [3/8] 3.39ns  loc: src/dataformats.h:126->src/tk-mu_simple.cpp:323
_ifconv:102  %returnValue_2 = fadd double %returnValue_3, 0xC01921FB54442D18

ST_31: returnValue_5 (261)  [3/8] 3.39ns  loc: src/dataformats.h:126->src/tk-mu_simple.cpp:326
_ifconv:232  %returnValue_5 = fadd double %returnValue_8, 0xC01921FB54442D18


 <State 32>: 3.39ns
ST_32: tmp_47 (129)  [2/2] 3.02ns  loc: src/dataformats.h:125->src/tk-mu_simple.cpp:323
_ifconv:100  %tmp_47 = fcmp ogt double %returnValue_3, 0x400921FB54442D18

ST_32: returnValue_2 (131)  [2/8] 3.39ns  loc: src/dataformats.h:126->src/tk-mu_simple.cpp:323
_ifconv:102  %returnValue_2 = fadd double %returnValue_3, 0xC01921FB54442D18

ST_32: tmp_92 (259)  [2/2] 3.02ns  loc: src/dataformats.h:125->src/tk-mu_simple.cpp:326
_ifconv:230  %tmp_92 = fcmp ogt double %returnValue_8, 0x400921FB54442D18

ST_32: returnValue_5 (261)  [2/8] 3.39ns  loc: src/dataformats.h:126->src/tk-mu_simple.cpp:326
_ifconv:232  %returnValue_5 = fadd double %returnValue_8, 0xC01921FB54442D18


 <State 33>: 3.39ns
ST_33: returnValue1_i_to_in (123)  [1/1] 0.00ns  loc: src/dataformats.h:123->src/tk-mu_simple.cpp:323
_ifconv:94  %returnValue1_i_to_in = bitcast double %returnValue_3 to i64

ST_33: tmp_25 (124)  [1/1] 0.00ns  loc: src/dataformats.h:123->src/tk-mu_simple.cpp:323
_ifconv:95  %tmp_25 = call i11 @_ssdm_op_PartSelect.i11.i64.i32.i32(i64 %returnValue1_i_to_in, i32 52, i32 62)

ST_33: tmp_39 (125)  [1/1] 0.00ns  loc: src/dataformats.h:123->src/tk-mu_simple.cpp:323
_ifconv:96  %tmp_39 = trunc i64 %returnValue1_i_to_in to i52

ST_33: notlhs1 (126)  [1/1] 1.24ns  loc: src/dataformats.h:123->src/tk-mu_simple.cpp:323
_ifconv:97  %notlhs1 = icmp ne i11 %tmp_25, -1

ST_33: notrhs1 (127)  [1/1] 1.53ns  loc: src/dataformats.h:123->src/tk-mu_simple.cpp:323
_ifconv:98  %notrhs1 = icmp eq i52 %tmp_39, 0

ST_33: tmp_47 (129)  [1/2] 3.02ns  loc: src/dataformats.h:125->src/tk-mu_simple.cpp:323
_ifconv:100  %tmp_47 = fcmp ogt double %returnValue_3, 0x400921FB54442D18

ST_33: returnValue_2 (131)  [1/8] 3.39ns  loc: src/dataformats.h:126->src/tk-mu_simple.cpp:323
_ifconv:102  %returnValue_2 = fadd double %returnValue_3, 0xC01921FB54442D18

ST_33: returnValue1_i1_to_i (253)  [1/1] 0.00ns  loc: src/dataformats.h:123->src/tk-mu_simple.cpp:326
_ifconv:224  %returnValue1_i1_to_i = bitcast double %returnValue_8 to i64

ST_33: tmp_89 (254)  [1/1] 0.00ns  loc: src/dataformats.h:123->src/tk-mu_simple.cpp:326
_ifconv:225  %tmp_89 = call i11 @_ssdm_op_PartSelect.i11.i64.i32.i32(i64 %returnValue1_i1_to_i, i32 52, i32 62)

ST_33: tmp_104 (255)  [1/1] 0.00ns  loc: src/dataformats.h:123->src/tk-mu_simple.cpp:326
_ifconv:226  %tmp_104 = trunc i64 %returnValue1_i1_to_i to i52

ST_33: notlhs3 (256)  [1/1] 1.24ns  loc: src/dataformats.h:123->src/tk-mu_simple.cpp:326
_ifconv:227  %notlhs3 = icmp ne i11 %tmp_89, -1

ST_33: notrhs3 (257)  [1/1] 1.53ns  loc: src/dataformats.h:123->src/tk-mu_simple.cpp:326
_ifconv:228  %notrhs3 = icmp eq i52 %tmp_104, 0

ST_33: tmp_92 (259)  [1/2] 3.02ns  loc: src/dataformats.h:125->src/tk-mu_simple.cpp:326
_ifconv:230  %tmp_92 = fcmp ogt double %returnValue_8, 0x400921FB54442D18

ST_33: returnValue_5 (261)  [1/8] 3.39ns  loc: src/dataformats.h:126->src/tk-mu_simple.cpp:326
_ifconv:232  %returnValue_5 = fadd double %returnValue_8, 0xC01921FB54442D18


 <State 34>: 2.31ns
ST_34: tmp_42 (128)  [1/1] 0.00ns  loc: src/dataformats.h:123->src/tk-mu_simple.cpp:323 (grouped into LUT with out node returnValue)
_ifconv:99  %tmp_42 = or i1 %notrhs1, %notlhs1

ST_34: tmp_49 (130)  [1/1] 0.00ns  loc: src/dataformats.h:125->src/tk-mu_simple.cpp:323 (grouped into LUT with out node returnValue)
_ifconv:101  %tmp_49 = and i1 %tmp_42, %tmp_47

ST_34: returnValue (132)  [1/1] 0.71ns  loc: src/tk-mu_simple.cpp:323 (out node of the LUT)
_ifconv:103  %returnValue = select i1 %tmp_49, double %returnValue_2, double %returnValue_3

ST_34: ireg_V_1 (133)  [1/1] 0.00ns  loc: src/tk-mu_simple.cpp:323
_ifconv:104  %ireg_V_1 = bitcast double %returnValue to i64

ST_34: tmp_54 (134)  [1/1] 0.00ns  loc: src/tk-mu_simple.cpp:323
_ifconv:105  %tmp_54 = trunc i64 %ireg_V_1 to i63

ST_34: isneg_1 (135)  [1/1] 0.00ns  loc: src/tk-mu_simple.cpp:323
_ifconv:106  %isneg_1 = call i1 @_ssdm_op_BitSelect.i1.i64.i32(i64 %ireg_V_1, i32 63)

ST_34: exp_tmp_V_1 (136)  [1/1] 0.00ns  loc: src/tk-mu_simple.cpp:323
_ifconv:107  %exp_tmp_V_1 = call i11 @_ssdm_op_PartSelect.i11.i64.i32.i32(i64 %ireg_V_1, i32 52, i32 62)

ST_34: tmp_21 (137)  [1/1] 0.00ns  loc: src/tk-mu_simple.cpp:323
_ifconv:108  %tmp_21 = zext i11 %exp_tmp_V_1 to i12

ST_34: tmp_60 (138)  [1/1] 0.00ns  loc: src/tk-mu_simple.cpp:323
_ifconv:109  %tmp_60 = trunc i64 %ireg_V_1 to i52

ST_34: tmp_24 (143)  [1/1] 1.60ns  loc: src/tk-mu_simple.cpp:323
_ifconv:114  %tmp_24 = icmp eq i63 %tmp_54, 0

ST_34: F2_1 (144)  [1/1] 1.33ns  loc: src/tk-mu_simple.cpp:323
_ifconv:115  %F2_1 = sub i12 1075, %tmp_21

ST_34: tmp_91 (258)  [1/1] 0.00ns  loc: src/dataformats.h:123->src/tk-mu_simple.cpp:326 (grouped into LUT with out node returnValue_9)
_ifconv:229  %tmp_91 = or i1 %notrhs3, %notlhs3

ST_34: tmp_93 (260)  [1/1] 0.00ns  loc: src/dataformats.h:125->src/tk-mu_simple.cpp:326 (grouped into LUT with out node returnValue_9)
_ifconv:231  %tmp_93 = and i1 %tmp_91, %tmp_92

ST_34: returnValue_9 (262)  [1/1] 0.71ns  loc: src/tk-mu_simple.cpp:326 (out node of the LUT)
_ifconv:233  %returnValue_9 = select i1 %tmp_93, double %returnValue_5, double %returnValue_8

ST_34: ireg_V_3 (263)  [1/1] 0.00ns  loc: src/tk-mu_simple.cpp:326
_ifconv:234  %ireg_V_3 = bitcast double %returnValue_9 to i64

ST_34: tmp_105 (264)  [1/1] 0.00ns  loc: src/tk-mu_simple.cpp:326
_ifconv:235  %tmp_105 = trunc i64 %ireg_V_3 to i63

ST_34: isneg_3 (265)  [1/1] 0.00ns  loc: src/tk-mu_simple.cpp:326
_ifconv:236  %isneg_3 = call i1 @_ssdm_op_BitSelect.i1.i64.i32(i64 %ireg_V_3, i32 63)

ST_34: exp_tmp_V_3 (266)  [1/1] 0.00ns  loc: src/tk-mu_simple.cpp:326
_ifconv:237  %exp_tmp_V_3 = call i11 @_ssdm_op_PartSelect.i11.i64.i32.i32(i64 %ireg_V_3, i32 52, i32 62)

ST_34: tmp_67 (267)  [1/1] 0.00ns  loc: src/tk-mu_simple.cpp:326
_ifconv:238  %tmp_67 = zext i11 %exp_tmp_V_3 to i12

ST_34: tmp_107 (268)  [1/1] 0.00ns  loc: src/tk-mu_simple.cpp:326
_ifconv:239  %tmp_107 = trunc i64 %ireg_V_3 to i52

ST_34: tmp_70 (273)  [1/1] 1.60ns  loc: src/tk-mu_simple.cpp:326
_ifconv:244  %tmp_70 = icmp eq i63 %tmp_105, 0

ST_34: F2_3 (274)  [1/1] 1.33ns  loc: src/tk-mu_simple.cpp:326
_ifconv:245  %F2_3 = sub i12 1075, %tmp_67


 <State 35>: 3.29ns
ST_35: tmp_22 (139)  [1/1] 0.00ns  loc: src/tk-mu_simple.cpp:323
_ifconv:110  %tmp_22 = call i53 @_ssdm_op_BitConcatenate.i53.i1.i52(i1 true, i52 %tmp_60)

ST_35: p_Result_2 (140)  [1/1] 0.00ns  loc: src/tk-mu_simple.cpp:323
_ifconv:111  %p_Result_2 = zext i53 %tmp_22 to i54

ST_35: man_V_4 (141)  [1/1] 1.99ns  loc: src/tk-mu_simple.cpp:323
_ifconv:112  %man_V_4 = sub i54 0, %p_Result_2

ST_35: man_V_5 (142)  [1/1] 0.71ns  loc: src/tk-mu_simple.cpp:323
_ifconv:113  %man_V_5 = select i1 %isneg_1, i54 %man_V_4, i54 %p_Result_2

ST_35: tmp_26 (145)  [1/1] 1.25ns  loc: src/tk-mu_simple.cpp:323
_ifconv:116  %tmp_26 = icmp sgt i12 %F2_1, 20

ST_35: tmp_27 (146)  [1/1] 1.33ns  loc: src/tk-mu_simple.cpp:323
_ifconv:117  %tmp_27 = add i12 -20, %F2_1

ST_35: tmp_28 (147)  [1/1] 1.33ns  loc: src/tk-mu_simple.cpp:323
_ifconv:118  %tmp_28 = sub i12 20, %F2_1

ST_35: sh_amt_1 (148)  [1/1] 0.71ns  loc: src/tk-mu_simple.cpp:323
_ifconv:119  %sh_amt_1 = select i1 %tmp_26, i12 %tmp_27, i12 %tmp_28

ST_35: tmp_29 (150)  [1/1] 1.25ns  loc: src/tk-mu_simple.cpp:323
_ifconv:121  %tmp_29 = icmp eq i12 %F2_1, 20

ST_35: tmp_63 (151)  [1/1] 0.00ns  loc: src/tk-mu_simple.cpp:323
_ifconv:122  %tmp_63 = trunc i54 %man_V_5 to i23

ST_35: tmp_31 (152)  [1/1] 1.25ns  loc: src/tk-mu_simple.cpp:323
_ifconv:123  %tmp_31 = icmp ult i12 %sh_amt_1, 54

ST_35: sel_tmp32_demorgan (163)  [1/1] 0.71ns  loc: src/tk-mu_simple.cpp:323
_ifconv:134  %sel_tmp32_demorgan = or i1 %tmp_24, %tmp_29

ST_35: sel_tmp11 (164)  [1/1] 0.00ns  loc: src/tk-mu_simple.cpp:323 (grouped into LUT with out node sel_tmp12)
_ifconv:135  %sel_tmp11 = xor i1 %sel_tmp32_demorgan, true

ST_35: sel_tmp12 (165)  [1/1] 0.71ns  loc: src/tk-mu_simple.cpp:323 (out node of the LUT)
_ifconv:136  %sel_tmp12 = and i1 %tmp_26, %sel_tmp11

ST_35: tmp_68 (269)  [1/1] 0.00ns  loc: src/tk-mu_simple.cpp:326
_ifconv:240  %tmp_68 = call i53 @_ssdm_op_BitConcatenate.i53.i1.i52(i1 true, i52 %tmp_107)

ST_35: p_Result_4 (270)  [1/1] 0.00ns  loc: src/tk-mu_simple.cpp:326
_ifconv:241  %p_Result_4 = zext i53 %tmp_68 to i54

ST_35: man_V_10 (271)  [1/1] 1.99ns  loc: src/tk-mu_simple.cpp:326
_ifconv:242  %man_V_10 = sub i54 0, %p_Result_4

ST_35: man_V_11 (272)  [1/1] 0.71ns  loc: src/tk-mu_simple.cpp:326
_ifconv:243  %man_V_11 = select i1 %isneg_3, i54 %man_V_10, i54 %p_Result_4

ST_35: tmp_72 (275)  [1/1] 1.25ns  loc: src/tk-mu_simple.cpp:326
_ifconv:246  %tmp_72 = icmp sgt i12 %F2_3, 6

ST_35: tmp_73 (276)  [1/1] 1.33ns  loc: src/tk-mu_simple.cpp:326
_ifconv:247  %tmp_73 = add i12 -6, %F2_3

ST_35: tmp_74 (277)  [1/1] 1.33ns  loc: src/tk-mu_simple.cpp:326
_ifconv:248  %tmp_74 = sub i12 6, %F2_3

ST_35: sh_amt_3 (278)  [1/1] 0.71ns  loc: src/tk-mu_simple.cpp:326
_ifconv:249  %sh_amt_3 = select i1 %tmp_72, i12 %tmp_73, i12 %tmp_74

ST_35: tmp_75 (280)  [1/1] 1.25ns  loc: src/tk-mu_simple.cpp:326
_ifconv:251  %tmp_75 = icmp eq i12 %F2_3, 6

ST_35: tmp_108 (281)  [1/1] 0.00ns  loc: src/tk-mu_simple.cpp:326
_ifconv:252  %tmp_108 = trunc i54 %man_V_11 to i9

ST_35: tmp_77 (282)  [1/1] 1.25ns  loc: src/tk-mu_simple.cpp:326
_ifconv:253  %tmp_77 = icmp ult i12 %sh_amt_3, 54

ST_35: sel_tmp83_demorgan (293)  [1/1] 0.71ns  loc: src/tk-mu_simple.cpp:326
_ifconv:264  %sel_tmp83_demorgan = or i1 %tmp_70, %tmp_75

ST_35: sel_tmp29 (294)  [1/1] 0.00ns  loc: src/tk-mu_simple.cpp:326 (grouped into LUT with out node sel_tmp30)
_ifconv:265  %sel_tmp29 = xor i1 %sel_tmp83_demorgan, true

ST_35: sel_tmp30 (295)  [1/1] 0.71ns  loc: src/tk-mu_simple.cpp:326 (out node of the LUT)
_ifconv:266  %sel_tmp30 = and i1 %tmp_72, %sel_tmp29


 <State 36>: 3.28ns
ST_36: sh_amt_1_cast (149)  [1/1] 0.00ns  loc: src/tk-mu_simple.cpp:323
_ifconv:120  %sh_amt_1_cast = sext i12 %sh_amt_1 to i32

ST_36: tmp_33 (153)  [1/1] 1.25ns  loc: src/tk-mu_simple.cpp:323
_ifconv:124  %tmp_33 = icmp ult i12 %sh_amt_1, 23

ST_36: tmp_34 (154)  [1/1] 0.00ns  loc: src/tk-mu_simple.cpp:323 (grouped into LUT with out node newSel5)
_ifconv:125  %tmp_34 = zext i32 %sh_amt_1_cast to i54

ST_36: tmp_35 (155)  [1/1] 0.00ns  loc: src/tk-mu_simple.cpp:323 (grouped into LUT with out node newSel5)
_ifconv:126  %tmp_35 = ashr i54 %man_V_5, %tmp_34

ST_36: tmp_69 (156)  [1/1] 0.00ns  loc: src/tk-mu_simple.cpp:323 (grouped into LUT with out node newSel5)
_ifconv:127  %tmp_69 = trunc i54 %tmp_35 to i23

ST_36: sel_tmp9 (161)  [1/1] 0.00ns  loc: src/tk-mu_simple.cpp:323 (grouped into LUT with out node or_cond5)
_ifconv:132  %sel_tmp9 = xor i1 %tmp_24, true

ST_36: sel_tmp10 (162)  [1/1] 0.00ns  loc: src/tk-mu_simple.cpp:323 (grouped into LUT with out node or_cond5)
_ifconv:133  %sel_tmp10 = and i1 %tmp_29, %sel_tmp9

ST_36: sel_tmp13 (166)  [1/1] 0.71ns  loc: src/tk-mu_simple.cpp:323
_ifconv:137  %sel_tmp13 = and i1 %sel_tmp12, %tmp_31

ST_36: sel_tmp40_demorgan (167)  [1/1] 0.00ns  loc: src/tk-mu_simple.cpp:323 (grouped into LUT with out node or_cond3)
_ifconv:138  %sel_tmp40_demorgan = or i1 %sel_tmp32_demorgan, %tmp_26

ST_36: sel_tmp14 (168)  [1/1] 0.00ns  loc: src/tk-mu_simple.cpp:323 (grouped into LUT with out node or_cond3)
_ifconv:139  %sel_tmp14 = xor i1 %sel_tmp40_demorgan, true

ST_36: sel_tmp15 (169)  [1/1] 0.00ns  loc: src/tk-mu_simple.cpp:323 (grouped into LUT with out node or_cond3)
_ifconv:140  %sel_tmp15 = and i1 %tmp_33, %sel_tmp14

ST_36: sel_tmp16 (170)  [1/1] 0.00ns  loc: src/tk-mu_simple.cpp:323 (grouped into LUT with out node sel_tmp17)
_ifconv:141  %sel_tmp16 = xor i1 %tmp_31, true

ST_36: sel_tmp17 (171)  [1/1] 0.71ns  loc: src/tk-mu_simple.cpp:323 (out node of the LUT)
_ifconv:142  %sel_tmp17 = and i1 %sel_tmp12, %sel_tmp16

ST_36: or_cond3 (173)  [1/1] 0.71ns  loc: src/tk-mu_simple.h:511->src/tk-mu_simple.cpp:329 (out node of the LUT)
_ifconv:144  %or_cond3 = or i1 %sel_tmp17, %sel_tmp15

ST_36: newSel5 (174)  [1/1] 2.57ns  loc: src/tk-mu_simple.cpp:323 (out node of the LUT)
_ifconv:145  %newSel5 = select i1 %sel_tmp13, i23 %tmp_69, i23 %tmp_63

ST_36: or_cond4 (175)  [1/1] 0.00ns  loc: src/tk-mu_simple.h:511->src/tk-mu_simple.cpp:329 (grouped into LUT with out node or_cond5)
_ifconv:146  %or_cond4 = or i1 %sel_tmp13, %sel_tmp10

ST_36: or_cond5 (177)  [1/1] 0.71ns  loc: src/tk-mu_simple.h:511->src/tk-mu_simple.cpp:329 (out node of the LUT)
_ifconv:148  %or_cond5 = or i1 %or_cond3, %or_cond4

ST_36: sh_amt_3_cast (279)  [1/1] 0.00ns  loc: src/tk-mu_simple.cpp:326
_ifconv:250  %sh_amt_3_cast = sext i12 %sh_amt_3 to i32

ST_36: tmp_79 (283)  [1/1] 1.25ns  loc: src/tk-mu_simple.cpp:326
_ifconv:254  %tmp_79 = icmp ult i12 %sh_amt_3, 9

ST_36: tmp_80 (284)  [1/1] 0.00ns  loc: src/tk-mu_simple.cpp:326 (grouped into LUT with out node newSel10)
_ifconv:255  %tmp_80 = zext i32 %sh_amt_3_cast to i54

ST_36: tmp_81 (285)  [1/1] 0.00ns  loc: src/tk-mu_simple.cpp:326 (grouped into LUT with out node newSel10)
_ifconv:256  %tmp_81 = ashr i54 %man_V_11, %tmp_80

ST_36: tmp_109 (286)  [1/1] 0.00ns  loc: src/tk-mu_simple.cpp:326 (grouped into LUT with out node newSel10)
_ifconv:257  %tmp_109 = trunc i54 %tmp_81 to i9

ST_36: sel_tmp27 (291)  [1/1] 0.00ns  loc: src/tk-mu_simple.cpp:326 (grouped into LUT with out node or_cond11)
_ifconv:262  %sel_tmp27 = xor i1 %tmp_70, true

ST_36: sel_tmp28 (292)  [1/1] 0.00ns  loc: src/tk-mu_simple.cpp:326 (grouped into LUT with out node or_cond11)
_ifconv:263  %sel_tmp28 = and i1 %tmp_75, %sel_tmp27

ST_36: sel_tmp31 (296)  [1/1] 0.71ns  loc: src/tk-mu_simple.cpp:326
_ifconv:267  %sel_tmp31 = and i1 %sel_tmp30, %tmp_77

ST_36: sel_tmp91_demorgan (297)  [1/1] 0.00ns  loc: src/tk-mu_simple.cpp:326 (grouped into LUT with out node or_cond9)
_ifconv:268  %sel_tmp91_demorgan = or i1 %sel_tmp83_demorgan, %tmp_72

ST_36: sel_tmp32 (298)  [1/1] 0.00ns  loc: src/tk-mu_simple.cpp:326 (grouped into LUT with out node or_cond9)
_ifconv:269  %sel_tmp32 = xor i1 %sel_tmp91_demorgan, true

ST_36: sel_tmp33 (299)  [1/1] 0.00ns  loc: src/tk-mu_simple.cpp:326 (grouped into LUT with out node or_cond9)
_ifconv:270  %sel_tmp33 = and i1 %tmp_79, %sel_tmp32

ST_36: sel_tmp34 (300)  [1/1] 0.00ns  loc: src/tk-mu_simple.cpp:326 (grouped into LUT with out node sel_tmp35)
_ifconv:271  %sel_tmp34 = xor i1 %tmp_77, true

ST_36: sel_tmp35 (301)  [1/1] 0.71ns  loc: src/tk-mu_simple.cpp:326 (out node of the LUT)
_ifconv:272  %sel_tmp35 = and i1 %sel_tmp30, %sel_tmp34

ST_36: or_cond9 (303)  [1/1] 0.71ns  loc: src/tk-mu_simple.h:511->src/tk-mu_simple.cpp:329 (out node of the LUT)
_ifconv:274  %or_cond9 = or i1 %sel_tmp35, %sel_tmp33

ST_36: newSel10 (304)  [1/1] 2.57ns  loc: src/tk-mu_simple.cpp:326 (out node of the LUT)
_ifconv:275  %newSel10 = select i1 %sel_tmp31, i9 %tmp_109, i9 %tmp_108

ST_36: or_cond10 (305)  [1/1] 0.00ns  loc: src/tk-mu_simple.h:511->src/tk-mu_simple.cpp:329 (grouped into LUT with out node or_cond11)
_ifconv:276  %or_cond10 = or i1 %sel_tmp31, %sel_tmp28

ST_36: or_cond11 (307)  [1/1] 0.71ns  loc: src/tk-mu_simple.h:511->src/tk-mu_simple.cpp:329 (out node of the LUT)
_ifconv:278  %or_cond11 = or i1 %or_cond9, %or_cond10


 <State 37>: 3.51ns
ST_37: p_3 (157)  [1/1] 0.00ns  loc: src/tk-mu_simple.cpp:323 (grouped into LUT with out node newSel6)
_ifconv:128  %p_3 = select i1 %isneg_1, i23 -1, i23 0

ST_37: tmp_37 (158)  [1/1] 0.00ns  loc: src/tk-mu_simple.cpp:323 (grouped into LUT with out node newSel6)
_ifconv:129  %tmp_37 = sext i23 %tmp_63 to i32

ST_37: tmp_38 (159)  [1/1] 0.00ns  loc: src/tk-mu_simple.cpp:323 (grouped into LUT with out node newSel6)
_ifconv:130  %tmp_38 = shl i32 %tmp_37, %sh_amt_1_cast

ST_37: tmp_76 (160)  [1/1] 0.00ns  loc: src/tk-mu_simple.cpp:323 (grouped into LUT with out node newSel6)
_ifconv:131  %tmp_76 = trunc i32 %tmp_38 to i23

ST_37: newSel4 (172)  [1/1] 0.00ns  loc: src/tk-mu_simple.cpp:323 (grouped into LUT with out node newSel6)
_ifconv:143  %newSel4 = select i1 %sel_tmp17, i23 %p_3, i23 %tmp_76

ST_37: newSel6 (176)  [1/1] 2.00ns  loc: src/tk-mu_simple.h:511->src/tk-mu_simple.cpp:329 (out node of the LUT)
_ifconv:147  %newSel6 = select i1 %or_cond3, i23 %newSel4, i23 %newSel5

ST_37: p_Val2_5 (178)  [1/1] 0.00ns  loc: src/tk-mu_simple.h:511->src/tk-mu_simple.cpp:329 (grouped into LUT with out node r_V)
_ifconv:149  %p_Val2_5 = select i1 %or_cond5, i23 %newSel6, i23 0

ST_37: p_5 (287)  [1/1] 0.00ns  loc: src/tk-mu_simple.cpp:326 (grouped into LUT with out node newSel11)
_ifconv:258  %p_5 = select i1 %isneg_3, i9 -1, i9 0

ST_37: tmp_83 (288)  [1/1] 0.00ns  loc: src/tk-mu_simple.cpp:326 (grouped into LUT with out node newSel11)
_ifconv:259  %tmp_83 = sext i9 %tmp_108 to i32

ST_37: tmp_84 (289)  [1/1] 0.00ns  loc: src/tk-mu_simple.cpp:326 (grouped into LUT with out node newSel11)
_ifconv:260  %tmp_84 = shl i32 %tmp_83, %sh_amt_3_cast

ST_37: tmp_110 (290)  [1/1] 0.00ns  loc: src/tk-mu_simple.cpp:326 (grouped into LUT with out node newSel11)
_ifconv:261  %tmp_110 = trunc i32 %tmp_84 to i9

ST_37: newSel7 (302)  [1/1] 0.00ns  loc: src/tk-mu_simple.cpp:326 (grouped into LUT with out node newSel11)
_ifconv:273  %newSel7 = select i1 %sel_tmp35, i9 %p_5, i9 %tmp_110

ST_37: newSel11 (306)  [1/1] 1.45ns  loc: src/tk-mu_simple.h:511->src/tk-mu_simple.cpp:329 (out node of the LUT)
_ifconv:277  %newSel11 = select i1 %or_cond9, i9 %newSel7, i9 %newSel10

ST_37: tmp_95_i (311)  [1/1] 0.00ns  loc: src/tk-mu_simple.h:511->src/tk-mu_simple.cpp:329 (grouped into LUT with out node r_V)
_ifconv:282  %tmp_95_i = sext i23 %p_Val2_5 to i24

ST_37: tmp_95 (312)  [1/1] 0.00ns  loc: src/tk-mu_simple.h:511->src/tk-mu_simple.cpp:329 (grouped into LUT with out node r_V)
_ifconv:283  %tmp_95 = select i1 %or_cond11, i9 %newSel11, i9 0

ST_37: tmp_97_i (313)  [1/1] 0.00ns  loc: src/tk-mu_simple.h:511->src/tk-mu_simple.cpp:329 (grouped into LUT with out node r_V)
_ifconv:284  %tmp_97_i = call i23 @_ssdm_op_BitConcatenate.i23.i9.i14(i9 %tmp_95, i14 0)

ST_37: tmp_97_i_cast (314)  [1/1] 0.00ns  loc: src/tk-mu_simple.h:511->src/tk-mu_simple.cpp:329 (grouped into LUT with out node r_V)
_ifconv:285  %tmp_97_i_cast = sext i23 %tmp_97_i to i24

ST_37: r_V (315)  [1/1] 1.51ns  loc: src/tk-mu_simple.h:511->src/tk-mu_simple.cpp:329 (out node of the LUT)
_ifconv:286  %r_V = sub i24 %tmp_95_i, %tmp_97_i_cast


 <State 38>: 3.57ns
ST_38: tmp_i_i (316)  [1/1] 1.35ns  loc: src/dataformats.h:123->src/tk-mu_simple.h:511->src/tk-mu_simple.cpp:329
_ifconv:287  %tmp_i_i = icmp sgt i24 %r_V, -3294198

ST_38: returnValue_V_1 (317)  [1/1] 1.51ns  loc: src/dataformats.h:124->src/tk-mu_simple.h:511->src/tk-mu_simple.cpp:329
_ifconv:288  %returnValue_V_1 = add i24 6588397, %r_V

ST_38: p_Val2_6 (318)  [1/1] 0.71ns  loc: src/dataformats.h:123->src/tk-mu_simple.h:511->src/tk-mu_simple.cpp:329
_ifconv:289  %p_Val2_6 = select i1 %tmp_i_i, i24 %r_V, i24 %returnValue_V_1

ST_38: tmp_103_i_i (319)  [1/1] 1.35ns  loc: src/dataformats.h:125->src/tk-mu_simple.h:511->src/tk-mu_simple.cpp:329
_ifconv:290  %tmp_103_i_i = icmp sgt i24 %p_Val2_6, 3294198

ST_38: tmp_111 (320)  [1/1] 0.00ns  loc: src/dataformats.h:123->src/tk-mu_simple.h:511->src/tk-mu_simple.cpp:329
_ifconv:291  %tmp_111 = trunc i24 %p_Val2_6 to i23


 <State 39>: 2.22ns
ST_39: tmp_96 (321)  [1/1] 1.51ns  loc: src/dataformats.h:125->src/tk-mu_simple.h:511->src/tk-mu_simple.cpp:329
_ifconv:292  %tmp_96 = add i23 1800211, %tmp_111

ST_39: tmp_97 (322)  [1/1] 0.71ns  loc: src/dataformats.h:125->src/tk-mu_simple.h:511->src/tk-mu_simple.cpp:329
_ifconv:293  %tmp_97 = select i1 %tmp_103_i_i, i23 %tmp_96, i23 %tmp_111


 <State 40>: 1.54ns
ST_40: OP1_V_1 (325)  [1/1] 0.00ns  loc: src/tk-mu_simple.h:514->src/tk-mu_simple.cpp:329
_ifconv:296  %OP1_V_1 = sext i23 %tmp_97 to i46

ST_40: p_Val2_8 (326)  [5/5] 1.54ns  loc: src/tk-mu_simple.h:514->src/tk-mu_simple.cpp:329
_ifconv:297  %p_Val2_8 = mul nsw i46 %OP1_V_1, %OP1_V_1


 <State 41>: 2.94ns
ST_41: OP1_V (323)  [1/1] 0.00ns  loc: src/tk-mu_simple.h:514->src/tk-mu_simple.cpp:329
_ifconv:294  %OP1_V = sext i14 %p_Val2_i to i28

ST_41: p_Val2_7 (324)  [3/3] 2.94ns  loc: src/tk-mu_simple.h:514->src/tk-mu_simple.cpp:329
_ifconv:295  %p_Val2_7 = mul i28 %OP1_V, %OP1_V

ST_41: p_Val2_8 (326)  [4/5] 1.54ns  loc: src/tk-mu_simple.h:514->src/tk-mu_simple.cpp:329
_ifconv:297  %p_Val2_8 = mul nsw i46 %OP1_V_1, %OP1_V_1


 <State 42>: 2.94ns
ST_42: p_Val2_7 (324)  [2/3] 2.94ns  loc: src/tk-mu_simple.h:514->src/tk-mu_simple.cpp:329
_ifconv:295  %p_Val2_7 = mul i28 %OP1_V, %OP1_V

ST_42: p_Val2_8 (326)  [3/5] 1.54ns  loc: src/tk-mu_simple.h:514->src/tk-mu_simple.cpp:329
_ifconv:297  %p_Val2_8 = mul nsw i46 %OP1_V_1, %OP1_V_1


 <State 43>: 1.54ns
ST_43: p_Val2_7 (324)  [1/3] 0.00ns  loc: src/tk-mu_simple.h:514->src/tk-mu_simple.cpp:329
_ifconv:295  %p_Val2_7 = mul i28 %OP1_V, %OP1_V

ST_43: p_Val2_8 (326)  [2/5] 1.54ns  loc: src/tk-mu_simple.h:514->src/tk-mu_simple.cpp:329
_ifconv:297  %p_Val2_8 = mul nsw i46 %OP1_V_1, %OP1_V_1


 <State 44>: 3.41ns
ST_44: p_Val2_8 (326)  [1/5] 1.54ns  loc: src/tk-mu_simple.h:514->src/tk-mu_simple.cpp:329
_ifconv:297  %p_Val2_8 = mul nsw i46 %OP1_V_1, %OP1_V_1

ST_44: tmp_100_i (327)  [1/1] 0.00ns  loc: src/tk-mu_simple.h:514->src/tk-mu_simple.cpp:329
_ifconv:298  %tmp_100_i = call i48 @_ssdm_op_BitConcatenate.i48.i28.i20(i28 %p_Val2_7, i20 0)

ST_44: tmp_101_i_cast (328)  [1/1] 0.00ns  loc: src/tk-mu_simple.h:514->src/tk-mu_simple.cpp:329
_ifconv:299  %tmp_101_i_cast = zext i46 %p_Val2_8 to i48

ST_44: p_Val2_9 (329)  [1/1] 1.87ns  loc: src/tk-mu_simple.h:514->src/tk-mu_simple.cpp:329
_ifconv:300  %p_Val2_9 = add i48 %tmp_100_i, %tmp_101_i_cast

ST_44: ret_V (330)  [1/1] 0.00ns  loc: src/tk-mu_simple.cpp:343
_ifconv:301  %ret_V = call i3 @_ssdm_op_PartSelect.i3.i48.i32.i32(i48 %p_Val2_9, i32 40, i32 42)

ST_44: p_Result_1 (332)  [1/1] 0.00ns  loc: src/tk-mu_simple.cpp:343
_ifconv:303  %p_Result_1 = call i20 @_ssdm_op_PartSelect.i20.i48.i32.i32(i48 %p_Val2_9, i32 20, i32 39)


 <State 45>: 2.03ns
ST_45: tmp_112 (331)  [1/1] 0.00ns  loc: src/tk-mu_simple.cpp:343 (grouped into LUT with out node p_1)
_ifconv:302  %tmp_112 = call i1 @_ssdm_op_BitSelect.i1.i48.i32(i48 %p_Val2_9, i32 42)

ST_45: tmp_86 (333)  [1/1] 1.32ns  loc: src/tk-mu_simple.cpp:343
_ifconv:304  %tmp_86 = icmp eq i20 %p_Result_1, 0

ST_45: ret_V_1 (334)  [1/1] 0.43ns  loc: src/tk-mu_simple.cpp:343
_ifconv:305  %ret_V_1 = add i3 1, %ret_V

ST_45: p_s (335)  [1/1] 0.00ns  loc: src/tk-mu_simple.cpp:343 (grouped into LUT with out node p_1)
_ifconv:306  %p_s = select i1 %tmp_86, i3 %ret_V, i3 %ret_V_1

ST_45: p_1 (336)  [1/1] 0.71ns  loc: src/tk-mu_simple.cpp:343 (out node of the LUT)
_ifconv:307  %p_1 = select i1 %tmp_112, i3 %p_s, i3 %ret_V


 <State 46>: 1.88ns
ST_46: StgValue_421 (29)  [1/1] 0.00ns
_ifconv:0  call void (...)* @_ssdm_op_SpecBitsMap(i15* %inTrack_hwRinv_V), !map !383

ST_46: StgValue_422 (30)  [1/1] 0.00ns
_ifconv:1  call void (...)* @_ssdm_op_SpecBitsMap(i14* %inTrack_hwPt_V), !map !387

ST_46: StgValue_423 (31)  [1/1] 0.00ns
_ifconv:2  call void (...)* @_ssdm_op_SpecBitsMap(i14* %inTrack_hwSinhEta_V), !map !391

ST_46: StgValue_424 (32)  [1/1] 0.00ns
_ifconv:3  call void (...)* @_ssdm_op_SpecBitsMap(i14* %inTrack_hwEta_V), !map !395

ST_46: StgValue_425 (33)  [1/1] 0.00ns
_ifconv:4  call void (...)* @_ssdm_op_SpecBitsMap(i19* %inTrack_hwPhi_V), !map !399

ST_46: StgValue_426 (34)  [1/1] 0.00ns
_ifconv:5  call void (...)* @_ssdm_op_SpecBitsMap(i23* %inTrack_hwPhiGlobal_V), !map !403

ST_46: StgValue_427 (35)  [1/1] 0.00ns
_ifconv:6  call void (...)* @_ssdm_op_SpecBitsMap(i11* %inTrack_hwZ0_V), !map !407

ST_46: StgValue_428 (36)  [1/1] 0.00ns
_ifconv:7  call void (...)* @_ssdm_op_SpecBitsMap(i5* %inTrack_hwSector_V), !map !411

ST_46: StgValue_429 (37)  [1/1] 0.00ns
_ifconv:8  call void (...)* @_ssdm_op_SpecBitsMap(i1* %inTrack_hwQ_V), !map !415

ST_46: StgValue_430 (38)  [1/1] 0.00ns
_ifconv:9  call void (...)* @_ssdm_op_SpecBitsMap(i10* %inTrack_hwX2_V), !map !419

ST_46: StgValue_431 (39)  [1/1] 0.00ns
_ifconv:10  call void (...)* @_ssdm_op_SpecBitsMap(i1* %inTrack_hwValid_V), !map !423

ST_46: StgValue_432 (40)  [1/1] 0.00ns
_ifconv:11  call void (...)* @_ssdm_op_SpecBitsMap(i3* %inTrack_hwBX_V), !map !427

ST_46: StgValue_433 (41)  [1/1] 0.00ns
_ifconv:12  call void (...)* @_ssdm_op_SpecBitsMap(i14* %inTrack_hwPropEta_V), !map !431

ST_46: StgValue_434 (42)  [1/1] 0.00ns
_ifconv:13  call void (...)* @_ssdm_op_SpecBitsMap(i23* %inTrack_hwPropPhi_V), !map !435

ST_46: StgValue_435 (43)  [1/1] 0.00ns
_ifconv:14  call void (...)* @_ssdm_op_SpecBitsMap(i9* %inMuon_hwPt_V), !map !439

ST_46: StgValue_436 (44)  [1/1] 0.00ns
_ifconv:15  call void (...)* @_ssdm_op_SpecBitsMap(i9* %inMuon_hwEta_V), !map !443

ST_46: StgValue_437 (45)  [1/1] 0.00ns
_ifconv:16  call void (...)* @_ssdm_op_SpecBitsMap(i10* %inMuon_hwPhi_V), !map !447

ST_46: StgValue_438 (46)  [1/1] 0.00ns
_ifconv:17  call void (...)* @_ssdm_op_SpecBitsMap(i1* %inMuon_hwQ_V), !map !451

ST_46: StgValue_439 (47)  [1/1] 0.00ns
_ifconv:18  call void (...)* @_ssdm_op_SpecBitsMap(i1* %inMuon_hwValid_V), !map !455

ST_46: StgValue_440 (48)  [1/1] 0.00ns
_ifconv:19  call void (...)* @_ssdm_op_SpecBitsMap(i3* %inMuon_hwBX_V), !map !459

ST_46: StgValue_441 (49)  [1/1] 0.00ns
_ifconv:20  call void (...)* @_ssdm_op_SpecBitsMap(i4* %inMuon_hwQuality_V), !map !463

ST_46: StgValue_442 (50)  [1/1] 0.00ns
_ifconv:21  call void (...)* @_ssdm_op_SpecBitsMap(i14* %outTrackMuon_hwPt_V), !map !467

ST_46: StgValue_443 (51)  [1/1] 0.00ns
_ifconv:22  call void (...)* @_ssdm_op_SpecBitsMap(i9* %outTrackMuon_hwEta_V), !map !471

ST_46: StgValue_444 (52)  [1/1] 0.00ns
_ifconv:23  call void (...)* @_ssdm_op_SpecBitsMap(i10* %outTrackMuon_hwPhi_V), !map !475

ST_46: StgValue_445 (53)  [1/1] 0.00ns
_ifconv:24  call void (...)* @_ssdm_op_SpecBitsMap(i1* %outTrackMuon_hwQ_V), !map !479

ST_46: StgValue_446 (54)  [1/1] 0.00ns
_ifconv:25  call void (...)* @_ssdm_op_SpecBitsMap(i1* %outTrackMuon_hwValid_V), !map !483

ST_46: StgValue_447 (55)  [1/1] 0.00ns
_ifconv:26  call void (...)* @_ssdm_op_SpecBitsMap(i3* %outTrackMuon_hwBX_V), !map !487

ST_46: StgValue_448 (56)  [1/1] 0.00ns
_ifconv:27  call void (...)* @_ssdm_op_SpecBitsMap(i4* %outTrackMuon_hwQuality_V), !map !491

ST_46: StgValue_449 (57)  [1/1] 0.00ns
_ifconv:28  call void (...)* @_ssdm_op_SpecTopModule([14 x i8]* @match_prop_hw_str) nounwind

ST_46: StgValue_450 (58)  [1/1] 0.00ns  loc: src/tk-mu_simple.cpp:316
_ifconv:29  call void (...)* @_ssdm_op_SpecPipeline(i32 -1, i32 1, i32 1, i32 0, [1 x i8]* @p_str) nounwind

ST_46: neg (337)  [1/1] 0.43ns  loc: src/tk-mu_simple.cpp:343
_ifconv:308  %neg = sub i3 0, %p_1

ST_46: abscond (338)  [1/1] 0.94ns  loc: src/tk-mu_simple.cpp:343
_ifconv:309  %abscond = icmp sgt i3 %p_1, 0

ST_46: abs (339)  [1/1] 0.00ns  loc: src/tk-mu_simple.cpp:343 (grouped into LUT with out node tmp_88)
_ifconv:310  %abs = select i1 %abscond, i3 %p_1, i3 %neg

ST_46: tmp_88 (340)  [1/1] 0.94ns  loc: src/tk-mu_simple.cpp:343 (out node of the LUT)
_ifconv:311  %tmp_88 = icmp eq i3 %abs, 0

ST_46: StgValue_455 (341)  [1/1] 0.00ns  loc: src/tk-mu_simple.cpp:343
_ifconv:312  br i1 %tmp_88, label %1, label %0

ST_46: inTrack_hwPt_V_read (343)  [1/1] 0.00ns  loc: src/tk-mu_simple.cpp:347
:0  %inTrack_hwPt_V_read = call i14 @_ssdm_op_Read.ap_auto.i14P(i14* %inTrack_hwPt_V)

ST_46: StgValue_457 (344)  [1/1] 0.00ns  loc: src/tk-mu_simple.cpp:347
:1  call void @_ssdm_op_Write.ap_auto.i14P(i14* %outTrackMuon_hwPt_V, i14 %inTrack_hwPt_V_read)

ST_46: StgValue_458 (345)  [1/1] 0.00ns  loc: src/tk-mu_simple.cpp:348
:2  call void @_ssdm_op_Write.ap_auto.i9P(i9* %outTrackMuon_hwEta_V, i9 %inMuon_hwEta_V_read)

ST_46: StgValue_459 (346)  [1/1] 0.00ns  loc: src/tk-mu_simple.cpp:349
:3  call void @_ssdm_op_Write.ap_auto.i10P(i10* %outTrackMuon_hwPhi_V, i10 %inMuon_hwPhi_V_read)

ST_46: inTrack_hwQ_V_read (347)  [1/1] 0.00ns  loc: src/tk-mu_simple.cpp:350
:4  %inTrack_hwQ_V_read = call i1 @_ssdm_op_Read.ap_auto.i1P(i1* %inTrack_hwQ_V)

ST_46: StgValue_461 (348)  [1/1] 0.00ns  loc: src/tk-mu_simple.cpp:350
:5  call void @_ssdm_op_Write.ap_auto.i1P(i1* %outTrackMuon_hwQ_V, i1 %inTrack_hwQ_V_read)

ST_46: StgValue_462 (349)  [1/1] 0.00ns  loc: src/tk-mu_simple.cpp:351
:6  call void @_ssdm_op_Write.ap_auto.i1P(i1* %outTrackMuon_hwValid_V, i1 true)

ST_46: inTrack_hwBX_V_read (350)  [1/1] 0.00ns  loc: src/tk-mu_simple.cpp:352
:7  %inTrack_hwBX_V_read = call i3 @_ssdm_op_Read.ap_auto.i3P(i3* %inTrack_hwBX_V)

ST_46: StgValue_464 (351)  [1/1] 0.00ns  loc: src/tk-mu_simple.cpp:352
:8  call void @_ssdm_op_Write.ap_auto.i3P(i3* %outTrackMuon_hwBX_V, i3 %inTrack_hwBX_V_read)

ST_46: StgValue_465 (352)  [1/1] 0.00ns  loc: src/tk-mu_simple.cpp:353
:9  br label %2

ST_46: StgValue_466 (354)  [1/1] 0.00ns  loc: src/tk-mu_simple.cpp:354
:0  call void @_ssdm_op_Write.ap_auto.i1P(i1* %outTrackMuon_hwValid_V, i1 false)

ST_46: StgValue_467 (355)  [1/1] 0.00ns  loc: src/tk-mu_simple.cpp:355
:1  call void @_ssdm_op_Write.ap_auto.i14P(i14* %outTrackMuon_hwPt_V, i14 0)

ST_46: StgValue_468 (356)  [1/1] 0.00ns  loc: src/tk-mu_simple.cpp:356
:2  call void @_ssdm_op_Write.ap_auto.i9P(i9* %outTrackMuon_hwEta_V, i9 0)

ST_46: StgValue_469 (357)  [1/1] 0.00ns  loc: src/tk-mu_simple.cpp:357
:3  call void @_ssdm_op_Write.ap_auto.i10P(i10* %outTrackMuon_hwPhi_V, i10 0)

ST_46: StgValue_470 (358)  [1/1] 0.00ns  loc: src/tk-mu_simple.cpp:358
:4  call void @_ssdm_op_Write.ap_auto.i3P(i3* %outTrackMuon_hwBX_V, i3 0)

ST_46: StgValue_471 (359)  [1/1] 0.00ns  loc: src/tk-mu_simple.cpp:359
:5  call void @_ssdm_op_Write.ap_auto.i1P(i1* %outTrackMuon_hwQ_V, i1 false)

ST_46: StgValue_472 (360)  [1/1] 0.00ns
:6  br label %2

ST_46: StgValue_473 (362)  [1/1] 0.00ns  loc: src/tk-mu_simple.cpp:361
:0  ret void



============================================================
+ Verbose Summary: Timing violations
============================================================
Target clock period: 4.11ns, clock uncertainty: 0.514ns.

 <State 1>: 3.21ns
The critical path consists of the following:
	wire read on port 'inTrack_hwPropPhi_V' (src/tk-mu_simple.cpp:323) [109]  (0 ns)
	'sitodp' operation ('tmp_16', src/tk-mu_simple.cpp:323) [111]  (3.21 ns)

 <State 2>: 3.37ns
The critical path consists of the following:
	'sub' operation ('tmp_41', src/tk-mu_simple.cpp:325) [182]  (0.43 ns)
	'mul' operation ('tmp_43', src/tk-mu_simple.cpp:325) [190]  (2.94 ns)

 <State 3>: 3.21ns
The critical path consists of the following:
	'sitodp' operation ('tmp_16', src/tk-mu_simple.cpp:323) [111]  (3.21 ns)

 <State 4>: 3.21ns
The critical path consists of the following:
	'sitodp' operation ('tmp_16', src/tk-mu_simple.cpp:323) [111]  (3.21 ns)

 <State 5>: 3.21ns
The critical path consists of the following:
	'sitodp' operation ('tmp', src/tk-mu_simple.cpp:322) [61]  (3.21 ns)

 <State 6>: 3.21ns
The critical path consists of the following:
	'sitodp' operation ('tmp', src/tk-mu_simple.cpp:322) [61]  (3.21 ns)

 <State 7>: 3.21ns
The critical path consists of the following:
	'sitodp' operation ('tmp', src/tk-mu_simple.cpp:322) [61]  (3.21 ns)

 <State 8>: 3.21ns
The critical path consists of the following:
	'sitodp' operation ('tmp', src/tk-mu_simple.cpp:322) [61]  (3.21 ns)

 <State 9>: 3.21ns
The critical path consists of the following:
	'sitodp' operation ('tmp', src/tk-mu_simple.cpp:322) [61]  (3.21 ns)

 <State 10>: 3.21ns
The critical path consists of the following:
	'sitodp' operation ('tmp', src/tk-mu_simple.cpp:322) [61]  (3.21 ns)

 <State 11>: 3.06ns
The critical path consists of the following:
	'dmul' operation ('v', src/tk-mu_simple.cpp:322) [62]  (3.06 ns)

 <State 12>: 3.06ns
The critical path consists of the following:
	'dmul' operation ('v', src/tk-mu_simple.cpp:322) [62]  (3.06 ns)

 <State 13>: 3.06ns
The critical path consists of the following:
	'dmul' operation ('v', src/tk-mu_simple.cpp:322) [62]  (3.06 ns)

 <State 14>: 3.06ns
The critical path consists of the following:
	'dmul' operation ('v', src/tk-mu_simple.cpp:322) [62]  (3.06 ns)

 <State 15>: 3.06ns
The critical path consists of the following:
	'dmul' operation ('v', src/tk-mu_simple.cpp:322) [62]  (3.06 ns)

 <State 16>: 3.06ns
The critical path consists of the following:
	'dmul' operation ('v', src/tk-mu_simple.cpp:322) [62]  (3.06 ns)

 <State 17>: 3.39ns
The critical path consists of the following:
	'dadd' operation ('returnValue', src/dataformats.h:124->src/tk-mu_simple.cpp:323) [121]  (3.39 ns)

 <State 18>: 3.39ns
The critical path consists of the following:
	'dadd' operation ('returnValue', src/dataformats.h:124->src/tk-mu_simple.cpp:323) [121]  (3.39 ns)

 <State 19>: 3.39ns
The critical path consists of the following:
	'dadd' operation ('returnValue', src/dataformats.h:124->src/tk-mu_simple.cpp:323) [121]  (3.39 ns)

 <State 20>: 3.39ns
The critical path consists of the following:
	'dadd' operation ('returnValue', src/dataformats.h:124->src/tk-mu_simple.cpp:323) [121]  (3.39 ns)

 <State 21>: 3.39ns
The critical path consists of the following:
	'dadd' operation ('returnValue', src/dataformats.h:124->src/tk-mu_simple.cpp:323) [121]  (3.39 ns)

 <State 22>: 3.39ns
The critical path consists of the following:
	'dadd' operation ('returnValue', src/dataformats.h:124->src/tk-mu_simple.cpp:323) [121]  (3.39 ns)

 <State 23>: 3.39ns
The critical path consists of the following:
	'dadd' operation ('returnValue', src/dataformats.h:124->src/tk-mu_simple.cpp:323) [121]  (3.39 ns)

 <State 24>: 3.39ns
The critical path consists of the following:
	'dadd' operation ('returnValue', src/dataformats.h:124->src/tk-mu_simple.cpp:323) [121]  (3.39 ns)

 <State 25>: 2.24ns
The critical path consists of the following:
	'icmp' operation ('notrhs', src/tk-mu_simple.cpp:323) [117]  (1.53 ns)
	'or' operation ('tmp_19', src/tk-mu_simple.cpp:323) [118]  (0 ns)
	'and' operation ('tmp_23', src/dataformats.h:123->src/tk-mu_simple.cpp:323) [120]  (0 ns)
	'select' operation ('returnValue', src/dataformats.h:123->src/tk-mu_simple.cpp:323) [122]  (0.71 ns)

 <State 26>: 3.39ns
The critical path consists of the following:
	'dadd' operation ('returnValue', src/dataformats.h:126->src/tk-mu_simple.cpp:323) [131]  (3.39 ns)

 <State 27>: 3.39ns
The critical path consists of the following:
	'dadd' operation ('returnValue', src/dataformats.h:126->src/tk-mu_simple.cpp:323) [131]  (3.39 ns)

 <State 28>: 3.39ns
The critical path consists of the following:
	'dadd' operation ('returnValue', src/dataformats.h:126->src/tk-mu_simple.cpp:323) [131]  (3.39 ns)

 <State 29>: 3.39ns
The critical path consists of the following:
	'dadd' operation ('returnValue', src/dataformats.h:126->src/tk-mu_simple.cpp:323) [131]  (3.39 ns)

 <State 30>: 3.39ns
The critical path consists of the following:
	'dadd' operation ('returnValue', src/dataformats.h:126->src/tk-mu_simple.cpp:323) [131]  (3.39 ns)

 <State 31>: 3.39ns
The critical path consists of the following:
	'dadd' operation ('returnValue', src/dataformats.h:126->src/tk-mu_simple.cpp:323) [131]  (3.39 ns)

 <State 32>: 3.39ns
The critical path consists of the following:
	'dadd' operation ('returnValue', src/dataformats.h:126->src/tk-mu_simple.cpp:323) [131]  (3.39 ns)

 <State 33>: 3.39ns
The critical path consists of the following:
	'dadd' operation ('returnValue', src/dataformats.h:126->src/tk-mu_simple.cpp:323) [131]  (3.39 ns)

 <State 34>: 2.31ns
The critical path consists of the following:
	'or' operation ('tmp_42', src/dataformats.h:123->src/tk-mu_simple.cpp:323) [128]  (0 ns)
	'and' operation ('tmp_49', src/dataformats.h:125->src/tk-mu_simple.cpp:323) [130]  (0 ns)
	'select' operation ('returnValue', src/tk-mu_simple.cpp:323) [132]  (0.71 ns)
	'icmp' operation ('tmp_24', src/tk-mu_simple.cpp:323) [143]  (1.6 ns)

 <State 35>: 3.29ns
The critical path consists of the following:
	'add' operation ('tmp_27', src/tk-mu_simple.cpp:323) [146]  (1.33 ns)
	'select' operation ('sh_amt', src/tk-mu_simple.cpp:323) [148]  (0.71 ns)
	'icmp' operation ('tmp_31', src/tk-mu_simple.cpp:323) [152]  (1.25 ns)

 <State 36>: 3.28ns
The critical path consists of the following:
	'and' operation ('sel_tmp13', src/tk-mu_simple.cpp:323) [166]  (0.71 ns)
	'select' operation ('newSel5', src/tk-mu_simple.cpp:323) [174]  (2.57 ns)

 <State 37>: 3.51ns
The critical path consists of the following:
	'select' operation ('p_3', src/tk-mu_simple.cpp:323) [157]  (0 ns)
	'select' operation ('newSel4', src/tk-mu_simple.cpp:323) [172]  (0 ns)
	'select' operation ('newSel6', src/tk-mu_simple.h:511->src/tk-mu_simple.cpp:329) [176]  (2 ns)
	'select' operation ('__Val2__', src/tk-mu_simple.h:511->src/tk-mu_simple.cpp:329) [178]  (0 ns)
	'sub' operation ('r.V', src/tk-mu_simple.h:511->src/tk-mu_simple.cpp:329) [315]  (1.51 ns)

 <State 38>: 3.57ns
The critical path consists of the following:
	'add' operation ('returnValue.V', src/dataformats.h:124->src/tk-mu_simple.h:511->src/tk-mu_simple.cpp:329) [317]  (1.51 ns)
	'select' operation ('__Val2__', src/dataformats.h:123->src/tk-mu_simple.h:511->src/tk-mu_simple.cpp:329) [318]  (0.71 ns)
	'icmp' operation ('tmp_103_i_i', src/dataformats.h:125->src/tk-mu_simple.h:511->src/tk-mu_simple.cpp:329) [319]  (1.35 ns)

 <State 39>: 2.22ns
The critical path consists of the following:
	'add' operation ('tmp_96', src/dataformats.h:125->src/tk-mu_simple.h:511->src/tk-mu_simple.cpp:329) [321]  (1.51 ns)
	'select' operation ('tmp_97', src/dataformats.h:125->src/tk-mu_simple.h:511->src/tk-mu_simple.cpp:329) [322]  (0.71 ns)

 <State 40>: 1.54ns
The critical path consists of the following:
	'mul' operation ('__Val2__', src/tk-mu_simple.h:514->src/tk-mu_simple.cpp:329) [326]  (1.54 ns)

 <State 41>: 2.94ns
The critical path consists of the following:
	'mul' operation ('__Val2__', src/tk-mu_simple.h:514->src/tk-mu_simple.cpp:329) [324]  (2.94 ns)

 <State 42>: 2.94ns
The critical path consists of the following:
	'mul' operation ('__Val2__', src/tk-mu_simple.h:514->src/tk-mu_simple.cpp:329) [324]  (2.94 ns)

 <State 43>: 1.54ns
The critical path consists of the following:
	'mul' operation ('__Val2__', src/tk-mu_simple.h:514->src/tk-mu_simple.cpp:329) [326]  (1.54 ns)

 <State 44>: 3.41ns
The critical path consists of the following:
	'mul' operation ('__Val2__', src/tk-mu_simple.h:514->src/tk-mu_simple.cpp:329) [326]  (1.54 ns)
	'add' operation ('__Val2__', src/tk-mu_simple.h:514->src/tk-mu_simple.cpp:329) [329]  (1.87 ns)

 <State 45>: 2.03ns
The critical path consists of the following:
	'icmp' operation ('tmp_86', src/tk-mu_simple.cpp:343) [333]  (1.32 ns)
	'select' operation ('p_s', src/tk-mu_simple.cpp:343) [335]  (0 ns)
	'select' operation ('p_1', src/tk-mu_simple.cpp:343) [336]  (0.71 ns)

 <State 46>: 1.88ns
The critical path consists of the following:
	'icmp' operation ('abscond', src/tk-mu_simple.cpp:343) [338]  (0.938 ns)
	'select' operation ('abs', src/tk-mu_simple.cpp:343) [339]  (0 ns)
	'icmp' operation ('tmp_88', src/tk-mu_simple.cpp:343) [340]  (0.938 ns)


============================================================
+ Verbose Summary: Binding
============================================================
N/A
* FSMD analyzer results:
  - Output states:
 - Input state : 
  - Chain level:
	State 1
	State 2
	State 3
	State 4
	State 5
	State 6
	State 7
	State 8
	State 9
	State 10
	State 11
	State 12
	State 13
	State 14
	State 15
	State 16
	State 17
	State 18
	State 19
	State 20
	State 21
	State 22
	State 23
	State 24
	State 25
	State 26
	State 27
	State 28
	State 29
	State 30
	State 31
	State 32
	State 33
	State 34
	State 35
	State 36
	State 37
	State 38
	State 39
	State 40
	State 41
	State 42
	State 43
	State 44
	State 45
	State 46


============================================================
+ Verbose Summary: Datapath Resource usage 
============================================================
N/A
