@I [HLS-0] Workspace /data/dildick/GlobalCorrelator/pulsar_devkit/simple_examples/HLSIPs/tkmu_proj0/solution1 opened at Tue May 29 12:01:50 CDT 2018
@I [HLS-100] Command   open_solution returned 0; 0.02 sec.
@I [HLS-100] Execute   set_part xc7vx690tffg1927-2 
@I [HLS-100] Execute     add_library xilinx/virtex7/virtex7:xc7vx690t:ffg1927:-2 
@I [HLS-100] Execute       get_default_platform 
@I [HLS-100] Command       get_default_platform returned 0; 0 sec.
@I [HLS-100] Execute       license_isbetapart xc7vx690t 
@I [HLS-100] Command       license_isbetapart returned 1; 0 sec.
@I [HLS-100] Execute       open_platform DefaultPlatform 
@I [HLS-100] Command       open_platform returned 0; 0 sec.
@I [HLS-100] Execute       import_lib /opt/Xilinx/Vivado_HLS/2016.4/common/technology/xilinx/virtex7/virtex7 
@I [HLS-100] Execute         source /opt/Xilinx/Vivado_HLS/2016.4/common/technology/xilinx/common/xilinx.lib 
@I [HLS-100] Execute           source /opt/Xilinx/Vivado_HLS/2016.4/common/technology/xilinx/interface/xilinx_interface.lib 
@I [HLS-100] Execute             source /opt/Xilinx/Vivado_HLS/2016.4/common/technology/xilinx/interface/plb46.lib 
@I [HLS-100] Command             ap_source returned 0; 0 sec.
@I [HLS-100] Execute             source /opt/Xilinx/Vivado_HLS/2016.4/common/technology/xilinx/interface/fsl.lib 
@I [HLS-100] Command             ap_source returned 0; 0 sec.
@I [HLS-100] Execute             source /opt/Xilinx/Vivado_HLS/2016.4/common/technology/xilinx/interface/axi4.lib 
@I [HLS-100] Command             ap_source returned 0; 0 sec.
@I [HLS-100] Execute             source /opt/Xilinx/Vivado_HLS/2016.4/common/technology/xilinx/interface/maxi.lib 
@I [HLS-100] Command             ap_source returned 0; 0 sec.
@I [HLS-100] Execute             source /opt/Xilinx/Vivado_HLS/2016.4/common/technology/xilinx/interface/saxilite.lib 
@I [HLS-100] Command             ap_source returned 0; 0 sec.
@I [HLS-100] Command           ap_source returned 0; 0 sec.
@I [HLS-100] Execute           source /opt/Xilinx/Vivado_HLS/2016.4/common/technology/xilinx/common/dsp48.lib 
@I [HLS-100] Command           ap_source returned 0; 0 sec.
@I [HLS-100] Execute           source /opt/Xilinx/Vivado_HLS/2016.4/common/technology/xilinx/ip/dds_compiler.lib 
@I [HLS-100] Command           ap_source returned 0; 0 sec.
@I [HLS-100] Execute           source /opt/Xilinx/Vivado_HLS/2016.4/common/technology/xilinx/ip/xfft.lib 
@I [HLS-100] Command           ap_source returned 0; 0 sec.
@I [HLS-100] Execute           source /opt/Xilinx/Vivado_HLS/2016.4/common/technology/xilinx/ip/xfir.lib 
@I [HLS-100] Command           ap_source returned 0; 0 sec.
@I [HLS-100] Command         ap_source returned 0; 0.01 sec.
@I [HLS-100] Execute         source /opt/Xilinx/Vivado_HLS/2016.4/common/technology/xilinx/common/xilinx_old.lib 
@I [HLS-100] Command         ap_source returned 0; 0 sec.
@I [HLS-100] Execute         source /opt/Xilinx/Vivado_HLS/2016.4/common/technology/xilinx/common/xilinx_vivado.lib 
@I [HLS-100] Command         ap_source returned 0; 0 sec.
@I [HLS-100] Execute         source /opt/Xilinx/Vivado_HLS/2016.4/common/technology/xilinx/common/xilinx.hlp 
@I [HLS-100] Execute           source /opt/Xilinx/Vivado_HLS/2016.4/common/technology/xilinx/common/target_info.tcl 
@I [HLS-100] Command           ap_source returned 0; 0 sec.
@I [HLS-100] Execute           source /opt/Xilinx/Vivado_HLS/2016.4/common/technology/xilinx/interface/xilinx_interface.hlp 
@I [HLS-100] Execute             source /opt/Xilinx/Vivado_HLS/2016.4/common/technology/xilinx/interface/maxi.hlp 
@I [HLS-100] Command             ap_source returned 0; 0 sec.
@I [HLS-100] Execute             source /opt/Xilinx/Vivado_HLS/2016.4/common/technology/xilinx/interface/saxilite.hlp 
@I [HLS-100] Command             ap_source returned 0; 0 sec.
@I [HLS-100] Command           ap_source returned 0; 0 sec.
@I [HLS-100] Execute           source /opt/Xilinx/Vivado_HLS/2016.4/common/technology/xilinx/common/dsp48.hlp 
@I [HLS-100] Command           ap_source returned 0; 0.01 sec.
@I [HLS-100] Command         ap_source returned 0; 0.01 sec.
@I [HLS-100] Execute         source /opt/Xilinx/Vivado_HLS/2016.4/common/technology/xilinx/virtex7/dsp48e1.hlp 
@I [HLS-100] Command         ap_source returned 0; 0 sec.
@I [HLS-100] Execute         get_default_platform 
@I [HLS-100] Command         get_default_platform returned 0; 0 sec.
@I [HLS-100] Execute         config_chip_info -quiet -resource  {SLICE 91050 } {LUT 364200 } {FF 728400 } {DSP48E 1260} {BRAM 1590}  
@I [HLS-100] Command         config_chip_info returned 0; 0 sec.
@I [HLS-100] Execute         config_chip_info -quiet -speed medium 
@I [HLS-100] Command         config_chip_info returned 0; 0 sec.
@I [HLS-100] Command       import_lib returned 0; 0.03 sec.
@I [HLS-100] Execute       source /opt/Xilinx/Vivado_HLS/2016.4/common/technology/xilinx/virtex7/virtex7.gen 
@I [HLS-100] Execute         source /opt/Xilinx/Vivado_HLS/2016.4/common/technology/xilinx/common/virtex.gen 
@I [HLS-100] Execute           source /opt/Xilinx/Vivado_HLS/2016.4/common/technology/xilinx/common/xilinx.gen 
@I [HLS-100] Execute             source /opt/Xilinx/Vivado_HLS/2016.4/common/technology/xilinx/interface/plb46.gen 
@I [HLS-100] Command             ap_source returned 0; 0 sec.
@I [HLS-100] Execute             source /opt/Xilinx/Vivado_HLS/2016.4/common/technology/xilinx/interface/fsl.gen 
@I [HLS-100] Command             ap_source returned 0; 0 sec.
@I [HLS-100] Execute             source /opt/Xilinx/Vivado_HLS/2016.4/common/technology/xilinx/interface/axi4.gen 
@I [HLS-100] Command             ap_source returned 0; 0 sec.
@I [HLS-100] Execute             source /opt/Xilinx/Vivado_HLS/2016.4/common/technology/xilinx/interface/nativeAXI4.gen 
@I [HLS-100] Execute               source /opt/Xilinx/Vivado_HLS/2016.4/common/technology/xilinx/interface/saxilite.gen 
@I [HLS-100] Command               ap_source returned 0; 0.01 sec.
@I [HLS-100] Execute               source /opt/Xilinx/Vivado_HLS/2016.4/common/technology/xilinx/interface/maxi.gen 
@I [HLS-100] Command               ap_source returned 0; 0 sec.
@I [HLS-100] Command             ap_source returned 0; 0.01 sec.
@I [HLS-100] Execute             source /opt/Xilinx/Vivado_HLS/2016.4/common/technology/xilinx/scripts/xilinxcoregen.gen 
@I [HLS-100] Command             ap_source returned 0; 0.01 sec.
@I [HLS-100] Execute             source /opt/Xilinx/Vivado_HLS/2016.4/common/technology/xilinx/interface/XilEDKCoreGen.gen 
@I [HLS-100] Command             ap_source returned 0; 0.01 sec.
@I [HLS-100] Execute             source /opt/Xilinx/Vivado_HLS/2016.4/common/technology/xilinx/ip/dds_compiler.gen 
@I [HLS-100] Command             ap_source returned 0; 0 sec.
@I [HLS-100] Execute             source /opt/Xilinx/Vivado_HLS/2016.4/common/technology/xilinx/ip/util.gen 
@I [HLS-100] Command             ap_source returned 0; 0 sec.
@I [HLS-100] Execute             source /opt/Xilinx/Vivado_HLS/2016.4/common/technology/xilinx/ip/xfft.gen 
@I [HLS-100] Command             ap_source returned 0; 0.07 sec.
@I [HLS-100] Execute             source /opt/Xilinx/Vivado_HLS/2016.4/common/technology/xilinx/ip/xfir.gen 
@I [HLS-100] Command             ap_source returned 0; 0 sec.
@I [HLS-100] Command           ap_source returned 0; 0.1 sec.
@I [HLS-100] Execute           source /opt/Xilinx/Vivado_HLS/2016.4/common/technology/xilinx/common/dsp48.gen 
@I [HLS-100] Command           ap_source returned 0; 0 sec.
@I [HLS-100] Command         ap_source returned 0; 0.11 sec.
@I [HLS-100] Command       ap_source returned 0; 0.11 sec.
@I [HLS-100] Execute       get_default_platform 
@I [HLS-100] Command       get_default_platform returned 0; 0 sec.
@I [HLS-100] Execute       config_chip_info -quiet -resource  {SLICE 108300} {LUT 433200 } {FF 866400 } {DSP48E 3600} {BRAM 2940}  
@I [HLS-100] Command       config_chip_info returned 0; 0 sec.
@I [HLS-100] Execute       config_chip_info -quiet -speed medium 
@I [HLS-100] Command       config_chip_info returned 0; 0 sec.
@I [HLS-100] Command     add_library returned 0; 0.14 sec.
@I [HLS-100] Execute     add_library xilinx/virtex7/virtex7_fpv6 
@I [HLS-100] Execute       get_default_platform 
@I [HLS-100] Command       get_default_platform returned 0; 0 sec.
@I [HLS-100] Execute       open_platform DefaultPlatform 
@I [HLS-100] Command       open_platform returned 0; 0 sec.
@I [HLS-100] Execute       import_lib /opt/Xilinx/Vivado_HLS/2016.4/common/technology/xilinx/virtex7/virtex7_fpv6 
@I [HLS-100] Execute         source /opt/Xilinx/Vivado_HLS/2016.4/common/technology/xilinx/common/xilinx_fpv7.lib 
@I [HLS-100] Execute           source /opt/Xilinx/Vivado_HLS/2016.4/common/technology/xilinx/common/xilinx_hp.lib 
@I [HLS-100] Command           ap_source returned 0; 0 sec.
@I [HLS-100] Command         ap_source returned 0; 0.01 sec.
@I [HLS-100] Execute         source /opt/Xilinx/Vivado_HLS/2016.4/common/technology/xilinx/common/xilinx_fpv.hlp 
@I [HLS-100] Execute           source /opt/Xilinx/Vivado_HLS/2016.4/common/technology/xilinx/common/xilinx.hlp 
@I [HLS-100] Execute             source /opt/Xilinx/Vivado_HLS/2016.4/common/technology/xilinx/common/target_info.tcl 
@I [HLS-100] Command             ap_source returned 0; 0 sec.
@I [HLS-100] Execute             source /opt/Xilinx/Vivado_HLS/2016.4/common/technology/xilinx/interface/xilinx_interface.hlp 
@I [HLS-100] Execute               source /opt/Xilinx/Vivado_HLS/2016.4/common/technology/xilinx/interface/maxi.hlp 
@I [HLS-100] Command               ap_source returned 0; 0 sec.
@I [HLS-100] Execute               source /opt/Xilinx/Vivado_HLS/2016.4/common/technology/xilinx/interface/saxilite.hlp 
@I [HLS-100] Command               ap_source returned 0; 0 sec.
@I [HLS-100] Command             ap_source returned 0; 0 sec.
@I [HLS-100] Execute             source /opt/Xilinx/Vivado_HLS/2016.4/common/technology/xilinx/common/dsp48.hlp 
@I [HLS-100] Command             ap_source returned 0; 0 sec.
@I [HLS-100] Command           ap_source returned 0; 0 sec.
@I [HLS-100] Command         ap_source returned 0; 0 sec.
@I [HLS-100] Execute         source /opt/Xilinx/Vivado_HLS/2016.4/common/technology/xilinx/virtex7/virtex7_hp.hlp 
@I [HLS-100] Command         ap_source returned 0; 0 sec.
@I [HLS-100] Command       import_lib returned 0; 0.01 sec.
@I [HLS-100] Execute       source /opt/Xilinx/Vivado_HLS/2016.4/common/technology/xilinx/virtex7/virtex7_fpv6.gen 
@I [HLS-100] Execute         source /opt/Xilinx/Vivado_HLS/2016.4/common/technology/xilinx/common/xilinx_fpv6.gen 
@I [HLS-100] Command         ap_source returned 0; 0.01 sec.
@I [HLS-100] Command       ap_source returned 0; 0.01 sec.
@I [HLS-100] Command     add_library returned 0; 0.02 sec.
@I [HLS-10] Setting target device to 'xc7vx690tffg1927-2'
@I [HLS-100] Command   set_part returned 0; 0.17 sec.
@I [HLS-100] Execute   create_clock -period 5 -name default 
@I [HLS-100] Execute     config_clock -quiet -name default -period 5 -default=false 
@I [SYN-201] Setting up clock 'default' with a period of 5ns.
@I [HLS-100] Command     config_clock returned 0; 0 sec.
@I [HLS-100] Command   create_clock returned 0; 0 sec.
@I [HLS-100] Execute   csim_design 
@I [SIM-2] *************** CSIM start ***************
@I [SIM-4] CSIM will launch GCC as the compiler.
@I [HLS-100] Execute     is_encrypted /data/dildick/GlobalCorrelator/pulsar_devkit/simple_examples/HLSIPs/tk-mu_simple_ref.cpp 
@I [HLS-100] Command     is_encrypted returned 0; 0 sec.
@I [HLS-100] Execute     is_xip /data/dildick/GlobalCorrelator/pulsar_devkit/simple_examples/HLSIPs/tk-mu_simple_ref.cpp 
@I [HLS-100] Command     is_xip returned 0; 0 sec.
@I [HLS-100] Execute     is_encrypted /data/dildick/GlobalCorrelator/pulsar_devkit/simple_examples/HLSIPs/tk-mu_simple_test.cpp 
@I [HLS-100] Command     is_encrypted returned 0; 0 sec.
@I [HLS-100] Execute     is_xip /data/dildick/GlobalCorrelator/pulsar_devkit/simple_examples/HLSIPs/tk-mu_simple_test.cpp 
@I [HLS-100] Command     is_xip returned 0; 0 sec.
@I [HLS-100] Execute     is_encrypted /data/dildick/GlobalCorrelator/pulsar_devkit/simple_examples/HLSIPs/src/tk-mu_simple.cpp 
@I [HLS-100] Command     is_encrypted returned 0; 0 sec.
@I [HLS-100] Execute     is_xip /data/dildick/GlobalCorrelator/pulsar_devkit/simple_examples/HLSIPs/src/tk-mu_simple.cpp 
@I [HLS-100] Command     is_xip returned 0; 0 sec.
@I [HLS-100] Execute     source run_sim.tcl 
@I [HLS-100] Command     ap_source returned 0; 1.32 sec.
@I [SIM-1] CSim done with 0 errors.
@I [SIM-3] *************** CSIM finish ***************
@I [HLS-100] Command   csim_design returned 0; 6.47 sec.
@I [HLS-100] Execute   csynth_design 
@I [HLS-100] Execute     elaborate -effort=medium -skip_syncheck=0 -keep_printf=0 -lm=0 -skip_cdt=0 -skip_transform=0 -ng=0 -g=0 -opt_fp=0 
@I [HLS-10] Analyzing design file 'src/tk-mu_simple.cpp' ... 
@I [HLS-0] Compiling one TU...
@I [HLS-0] Handling src/tk-mu_simple.cpp as C++
@I [HLS-0] Syntax Checking before pre-processing...
@I [HLS-100] Execute       clang  -fno-limit-debug-info -gcc-toolchain "/opt/Xilinx/Vivado_HLS/2016.4/lnx64/tools/gcc" -hls    -fno-math-errno -c -emit-llvm -O0  -mllvm -disable-llvm-optzns -fno-threadsafe-statics  -fno-use-cxa-atexit  -fno-threadsafe-statics -fno-use-cxa-atexit -Wno-attributes -Wno-gcc-compat   -I "/opt/Xilinx/Vivado_HLS/2016.4/lnx64/tools/systemc/include" -I "/opt/Xilinx/Vivado_HLS/2016.4/include" -I "/opt/Xilinx/Vivado_HLS/2016.4/include/ap_sysc" -fexceptions -I "/opt/Xilinx/Vivado_HLS/2016.4/common/technology/autopilot" -include etc/autopilot_ssdm_op.h "src/tk-mu_simple.cpp"  -o "/data/dildick/GlobalCorrelator/pulsar_devkit/simple_examples/HLSIPs/tkmu_proj0/solution1/.autopilot/db/tk-mu_simple.pp.00.o" 
@I [HLS-100] Command       clang returned 0; 1.83 sec.
@I [HLS-100] Execute       is_encrypted /data/dildick/GlobalCorrelator/pulsar_devkit/simple_examples/HLSIPs/tkmu_proj0/solution1/.autopilot/db/tk-mu_simple.pp.00.o 
@I [HLS-100] Command       is_encrypted returned 0; 0 sec.
@I [HLS-0] Source preprocessing
@I [HLS-100] Execute       clang  -fno-limit-debug-info -gcc-toolchain "/opt/Xilinx/Vivado_HLS/2016.4/lnx64/tools/gcc" -hls -fno-exceptions  -D__llvm__  -CC -E "src/tk-mu_simple.cpp"     -fno-math-errno -c -emit-llvm -O0  -mllvm -disable-llvm-optzns -fno-threadsafe-statics  -fno-use-cxa-atexit  -fno-threadsafe-statics -fno-use-cxa-atexit -Wno-attributes -Wno-gcc-compat -DAESL_SYN -D__SYNTHESIS__ -D__HLS_SYN__ -I "/opt/Xilinx/Vivado_HLS/2016.4/common/technology/autopilot" -I "/opt/Xilinx/Vivado_HLS/2016.4/common/technology/autopilot/ap_sysc" -include etc/autopilot_ssdm_op.h  -o "/data/dildick/GlobalCorrelator/pulsar_devkit/simple_examples/HLSIPs/tkmu_proj0/solution1/.autopilot/db/tk-mu_simple.pp.0.cpp" 
@I [HLS-100] Command       clang returned 0; 0.16 sec.
@I [HLS-0] GCC PP time: 0 seconds per iteration
@I [HLS-100] Execute       list_core -type functional_unit 
@I [HLS-100] Command       list_core returned 0; 0 sec.
@I [HLS-0] CDT Preprocessing...
@I [HLS-0] Marker-Pragma convertor: /data/dildick/GlobalCorrelator/pulsar_devkit/simple_examples/HLSIPs/tkmu_proj0/solution1/.autopilot/db/tk-mu_simple.pp.0.cpp /data/dildick/GlobalCorrelator/pulsar_devkit/simple_examples/HLSIPs/tkmu_proj0/solution1/.autopilot/db/tk-mu_simple.pp.0.cpp.ap-line.cpp /data/dildick/GlobalCorrelator/pulsar_devkit/simple_examples/HLSIPs/tkmu_proj0/solution1/.autopilot/db/tk-mu_simple.pp.0.cpp.ap-line.cpp.CXX 1
@I [HLS-0] Converting Markers to Pragmas...
@I [HLS-100] Execute       cdt  "/data/dildick/GlobalCorrelator/pulsar_devkit/simple_examples/HLSIPs/tkmu_proj0/solution1/.autopilot/db/tk-mu_simple.pp.0.cpp.ap-line.cpp"  -m "tkmu_simple_hw" -o "/data/dildick/GlobalCorrelator/pulsar_devkit/simple_examples/HLSIPs/tkmu_proj0/solution1/.autopilot/db/tk-mu_simple.pp.0.cpp.ap-cdt.cpp" --pp --directive /data/dildick/GlobalCorrelator/pulsar_devkit/simple_examples/HLSIPs/tkmu_proj0/solution1/solution1.directive --source /data/dildick/GlobalCorrelator/pulsar_devkit/simple_examples/HLSIPs/src/tk-mu_simple.cpp --error /data/dildick/GlobalCorrelator/pulsar_devkit/simple_examples/HLSIPs/tkmu_proj0/solution1/.autopilot/db --funcunit "AddSub AddSub_DSP AddSubnS DAddSub_fulldsp DAddSub_nodsp DDiv DExp_fulldsp DExp_meddsp DExp_nodsp DLog_fulldsp DLog_meddsp DLog_nodsp DMul_fulldsp DMul_maxdsp DMul_meddsp DMul_nodsp DRSqrt DRecip DSqrt DivnS FAddSub_fulldsp FAddSub_nodsp FDiv FExp_fulldsp FExp_meddsp FExp_nodsp FLog_fulldsp FLog_meddsp FLog_nodsp FMul_fulldsp FMul_maxdsp FMul_meddsp FMul_nodsp FRSqrt_fulldsp FRSqrt_nodsp FRecip_fulldsp FRecip_nodsp FSqrt HAddSub_nodsp HDiv HMul_fulldsp HMul_maxdsp HMul_nodsp HSqrt Mul Mul2S Mul3S Mul4S Mul5S Mul6S Mul_LUT MulnS MuxnS" --ve --vetcl /data/dildick/GlobalCorrelator/pulsar_devkit/simple_examples/HLSIPs/tkmu_proj0/solution1/.autopilot/db --ca --es --gf --pd --p2d /data/dildick/GlobalCorrelator/pulsar_devkit/simple_examples/HLSIPs/tkmu_proj0/solution1/.autopilot/db --sd --scff /data/dildick/GlobalCorrelator/pulsar_devkit/simple_examples/HLSIPs/tkmu_proj0/solution1/.autopilot/db/.systemc_flag --ad 
@I [HLS-0] Error:Syntax error in source:for (__decltype(__n + 0) __niter = __n;
Error:Missing ; in source:t
Error:Syntax error in source:)
 *__first = __value;
Error:Syntax error in source:for (__decltype(__n + 0) __niter = __n;
Error:Missing ; in source:t
Error:Syntax error in source:)
 *__first = __tmp;
@I [HLS-100] Command       cdt returned 0; 4.39 sec.
@I [HLS-0] Marker-Pragma convertor: /data/dildick/GlobalCorrelator/pulsar_devkit/simple_examples/HLSIPs/tkmu_proj0/solution1/.autopilot/db/tk-mu_simple.pp.0.cpp.ap-cdt.cpp /data/dildick/GlobalCorrelator/pulsar_devkit/simple_examples/HLSIPs/tkmu_proj0/solution1/.autopilot/db/tk-mu_simple.pragma.0.cpp /data/dildick/GlobalCorrelator/pulsar_devkit/simple_examples/HLSIPs/tkmu_proj0/solution1/.autopilot/db/tk-mu_simple.pragma.0.cpp.ap-line.CXX 0
@I [HLS-0] Converting Pragmas to Markers...
@I [HLS-100] Execute       source /data/dildick/GlobalCorrelator/pulsar_devkit/simple_examples/HLSIPs/tkmu_proj0/solution1/.autopilot/db/pragma.status.tcl 
@I [HLS-100] Command       ap_source returned 0; 0 sec.
@I [HLS-0] Pragma Handling...
@I [HLS-0] Source preprocessing
@I [HLS-100] Execute       clang  -fno-limit-debug-info -gcc-toolchain "/opt/Xilinx/Vivado_HLS/2016.4/lnx64/tools/gcc" -hls -fno-exceptions  -D__llvm__  -CC -E "/data/dildick/GlobalCorrelator/pulsar_devkit/simple_examples/HLSIPs/tkmu_proj0/solution1/.autopilot/db/tk-mu_simple.pragma.1.cpp"     -fno-math-errno -c -emit-llvm -O0  -mllvm -disable-llvm-optzns -fno-threadsafe-statics  -fno-use-cxa-atexit  -fno-threadsafe-statics -fno-use-cxa-atexit -Wno-attributes -Wno-gcc-compat -DAESL_SYN -D__SYNTHESIS__ -D__HLS_SYN__ -I "/opt/Xilinx/Vivado_HLS/2016.4/common/technology/autopilot" -I "/opt/Xilinx/Vivado_HLS/2016.4/common/technology/autopilot/ap_sysc" -include etc/autopilot_ssdm_op.h  -o "/data/dildick/GlobalCorrelator/pulsar_devkit/simple_examples/HLSIPs/tkmu_proj0/solution1/.autopilot/db/tk-mu_simple.pragma.2.cpp" 
@I [HLS-100] Command       clang returned 0; 0.19 sec.
@I [HLS-0] Processing labels
@I [HLS-100] Execute       clang  -fno-limit-debug-info -gcc-toolchain /opt/Xilinx/Vivado_HLS/2016.4/lnx64/tools/gcc -hls -hls-analyze-label -hls-analyze-pragma -fno-exceptions  -D__llvm__  -w  "/data/dildick/GlobalCorrelator/pulsar_devkit/simple_examples/HLSIPs/tkmu_proj0/solution1/.autopilot/db/tk-mu_simple.pragma.2.cpp"    -fno-math-errno -c -emit-llvm -O0  -mllvm -disable-llvm-optzns -fno-threadsafe-statics  -fno-use-cxa-atexit -DAESL_SYN -D__SYNTHESIS__ -D__HLS_SYN__ -I "/opt/Xilinx/Vivado_HLS/2016.4/common/technology/autopilot" -I "/opt/Xilinx/Vivado_HLS/2016.4/common/technology/autopilot/ap_sysc" -include etc/autopilot_ssdm_op.h -g -o "/data/dildick/GlobalCorrelator/pulsar_devkit/simple_examples/HLSIPs/tkmu_proj0/solution1/.autopilot/db/tk-mu_simple.g.bc" 
@I [HLS-100] Command       clang returned 0; 1.14 sec.
@I [HLS-100] Execute       source /data/dildick/GlobalCorrelator/pulsar_devkit/simple_examples/HLSIPs/tkmu_proj0/solution1/.autopilot/db/ve_warning.tcl 
@I [HLS-100] Command       ap_source returned 0; 0 sec.
@I [HLS-10] Validating synthesis directives ...
@I [HLS-100] Execute       source /data/dildick/GlobalCorrelator/pulsar_devkit/simple_examples/HLSIPs/tkmu_proj0/solution1/.autopilot/db/pragma.status.tcl 
@I [HLS-100] Command       ap_source returned 0; 0 sec.
@I [HLS-111] Finished Checking Pragmas Time (s): cpu = 00:00:33 ; elapsed = 00:00:16 . Memory (MB): peak = 437.832 ; gain = 33.504 ; free physical = 60270 ; free virtual = 61923
@I [HLS-0] Linking Release ...
@I [HLS-100] Execute       llvm-ld /data/dildick/GlobalCorrelator/pulsar_devkit/simple_examples/HLSIPs/tkmu_proj0/solution1/.autopilot/db/tk-mu_simple.bc -disable-opt -L/opt/Xilinx/Vivado_HLS/2016.4/lnx64/lib -lm_basic -o /data/dildick/GlobalCorrelator/pulsar_devkit/simple_examples/HLSIPs/tkmu_proj0/solution1/.autopilot/db/a.o 
@I [HLS-100] Command       llvm-ld returned 0; 0.31 sec.
@I [HLS-100] Execute       disassemble /data/dildick/GlobalCorrelator/pulsar_devkit/simple_examples/HLSIPs/tkmu_proj0/solution1/.autopilot/db/a.o /data/dildick/GlobalCorrelator/pulsar_devkit/simple_examples/HLSIPs/tkmu_proj0/solution1/.autopilot/db/a.o 
@I [HLS-100] Execute         is_encrypted /data/dildick/GlobalCorrelator/pulsar_devkit/simple_examples/HLSIPs/tkmu_proj0/solution1/.autopilot/db/a.o.bc 
@I [HLS-100] Command         is_encrypted returned 0; 0 sec.
@I [HLS-100] Command       disassemble returned 0; 0.16 sec.
@I [HLS-0] Disassemble time: 0 seconds per iteration
@I [HLS-0] Linking Debug ...
@I [HLS-100] Execute       llvm-ld /data/dildick/GlobalCorrelator/pulsar_devkit/simple_examples/HLSIPs/tkmu_proj0/solution1/.autopilot/db/tk-mu_simple.g.bc -disable-opt -L/opt/Xilinx/Vivado_HLS/2016.4/lnx64/lib -lm_basic -o /data/dildick/GlobalCorrelator/pulsar_devkit/simple_examples/HLSIPs/tkmu_proj0/solution1/.autopilot/db/a.g 
@I [HLS-100] Command       llvm-ld returned 0; 0.26 sec.
@I [HLS-100] Execute       disassemble /data/dildick/GlobalCorrelator/pulsar_devkit/simple_examples/HLSIPs/tkmu_proj0/solution1/.autopilot/db/a.g /data/dildick/GlobalCorrelator/pulsar_devkit/simple_examples/HLSIPs/tkmu_proj0/solution1/.autopilot/db/a.g 
@I [HLS-100] Execute         is_encrypted /data/dildick/GlobalCorrelator/pulsar_devkit/simple_examples/HLSIPs/tkmu_proj0/solution1/.autopilot/db/a.g.bc 
@I [HLS-100] Command         is_encrypted returned 0; 0 sec.
@I [HLS-100] Command       disassemble returned 0; 0.15 sec.
@I [HLS-0] Disassemble time: 0 seconds per iteration
@I [HLS-111] Finished Linking Time (s): cpu = 00:00:34 ; elapsed = 00:00:17 . Memory (MB): peak = 437.832 ; gain = 33.504 ; free physical = 60253 ; free virtual = 61923
@I [HLS-100] Execute       opt_and_import_c a -opt_level=2 -skip_syncheck=0 -ng=0 -keep_printf=0 
@I [HLS-100] Execute         cleanup_all_models 
@I [HLS-100] Command         cleanup_all_models returned 0; 0 sec.
@I [HLS-10] Starting code transformations ...
@I [HLS-100] Execute         transform -promote-dbg-pointer /data/dildick/GlobalCorrelator/pulsar_devkit/simple_examples/HLSIPs/tkmu_proj0/solution1/.autopilot/db/a.pp.bc -o /data/dildick/GlobalCorrelator/pulsar_devkit/simple_examples/HLSIPs/tkmu_proj0/solution1/.autopilot/db/a.pp.0.bc -f 
@I [HLS-100] Command         transform returned 0; 0.14 sec.
@I [HLS-100] Execute         llvm-ld /data/dildick/GlobalCorrelator/pulsar_devkit/simple_examples/HLSIPs/tkmu_proj0/solution1/.autopilot/db/a.pp.0.bc -disable-opt -L/opt/Xilinx/Vivado_HLS/2016.4/lnx64/lib -lfloatconversion -o /data/dildick/GlobalCorrelator/pulsar_devkit/simple_examples/HLSIPs/tkmu_proj0/solution1/.autopilot/db/a.g.0 
@I [HLS-100] Command         llvm-ld returned 0; 0.28 sec.
@I [HLS-0] Running Standard Transforms...
@I [HLS-100] Execute         transform -hls -share-std-xform -always-inline -promote-dbg-pointer -interface-preproc -scalarrepl -mem2reg -keep-read-access -instcombine -dce -promote-dbg-pointer -bitop-raise -indvarspre -indvars -loop-simplify -xunroll -constprop -instcombine -simplifycfg -indvars -simplifycfg -dce -globaldce -basicaa -simplifycfg -mem2reg -globalopt -global-constprop -deadargelim -instcombine -simplifycfg -prune-eh -simplifycfg -scalarrepl -instcombine -reassociate -licm -simplifycfg -loop-simplify -indvars -instcombine -simplifycfg -mem2reg -loop-simplify -indvars -instcombine -gvn -gvn -instcombine -adce -break-crit-edges -simplifycfg -loop-delete -global-array-opt -dce -dse -adce -find-syn-modules -top tkmu_simple_hw -deadargelim -mem2reg -instcombine -dce -presyn-prepare -auto-rom-infer -interface-preproc -syn-check -check-rec-only -find-region -simplifycfg -func-extr -function-inline -globaldce -mem2reg -instcombine -dce -gvn -globaldce -adce -adse -constprop -instcombine -bit-constprop -instcombine -dce -simplifycfg -bitop-raise -simplifycfg -dce -loop-delete -reassociate -globalopt -global-privatize -mem2reg -dce -global-constprop -pointer-simplify -constprop -dce -func-inst -deadargelim -promote-dbg-pointer -norm-name /data/dildick/GlobalCorrelator/pulsar_devkit/simple_examples/HLSIPs/tkmu_proj0/solution1/.autopilot/db/a.g.0.bc -o /data/dildick/GlobalCorrelator/pulsar_devkit/simple_examples/HLSIPs/tkmu_proj0/solution1/.autopilot/db/a.g.1.bc -f -phase std-opt 
@I [HLS-100] Command         transform returned 0; 8.18 sec.
@I [HLS-100] Execute         disassemble /data/dildick/GlobalCorrelator/pulsar_devkit/simple_examples/HLSIPs/tkmu_proj0/solution1/.autopilot/db/a.g.1 /data/dildick/GlobalCorrelator/pulsar_devkit/simple_examples/HLSIPs/tkmu_proj0/solution1/.autopilot/db/a.g.1 
@I [HLS-100] Execute           is_encrypted /data/dildick/GlobalCorrelator/pulsar_devkit/simple_examples/HLSIPs/tkmu_proj0/solution1/.autopilot/db/a.g.1.bc 
@I [HLS-100] Command           is_encrypted returned 0; 0 sec.
@I [HLS-100] Command         disassemble returned 0; 0.31 sec.
@I [HLS-111] Finished Standard Transforms Time (s): cpu = 00:00:43 ; elapsed = 00:00:25 . Memory (MB): peak = 629.828 ; gain = 225.500 ; free physical = 60116 ; free virtual = 61800
@I [HLS-10] Checking synthesizability ...
@I [HLS-0] Checking Synthesizability 1/2..
@I [HLS-100] Execute         transform -hls -syn-check -check-rec-only -disaggr -scalarrepl -norm-name -dce -mem2reg -instcombine -function-uniquify -directive-preproc -mem2reg -dse -dce -auto-rom-infer -dce -array-normalize -instcombine -dce -array-seg-normalize -instcombine -dce -array-flatten -instcombine -dce -array-burst -dce -deadargelim -promote-global-argument -simplifycfg -mem2reg -globaldce -resolve-double-ptr -dce -deadargelim -dce -instcombine -function-inline -globaldce -dce -doublePtrSimplify -doublePtrElim -dce -doublePtrSimplify -promote-dbg-pointer -dce -scalarrepl -dse -adse -instcombine -ptrLegalization -simplifycfg -dce -instcombine -pointer-simplify -ptrArgReplace -dce -instcombine -disaggr -scalarrepl -norm-name -dce -mem2reg -instcombine -ptrLegalization -simplifycfg -deadargelim -instcombine -dce -inst-simplify -function-uniquify -directive-preproc -mem2reg -dse -dce -globaldce /data/dildick/GlobalCorrelator/pulsar_devkit/simple_examples/HLSIPs/tkmu_proj0/solution1/.autopilot/db/a.g.1.bc -o /data/dildick/GlobalCorrelator/pulsar_devkit/simple_examples/HLSIPs/tkmu_proj0/solution1/.autopilot/db/a.g.2.prechk.bc -f 
@I [XFORM-602] Inlining function 'arcsinh<ap_fixed<14, 4, (ap_q_mode)5, (ap_o_mode)3, 0>, ap_fixed<14, 4, (ap_q_mode)5, (ap_o_mode)3, 0> >' into 'tkmu_simple_hw' (src/tk-mu_simple.cpp:68) automatically.
@I [XFORM-602] Inlining function 'deta_LUT<ap_fixed<11, 5, (ap_q_mode)5, (ap_o_mode)3, 0>, ap_fixed<14, 4, (ap_q_mode)5, (ap_o_mode)3, 0> >' into 'tkmu_simple_hw' (src/tk-mu_simple.cpp:127) automatically.
@I [XFORM-602] Inlining function 'invCosh<ap_fixed<14, 4, (ap_q_mode)5, (ap_o_mode)3, 0>, ap_fixed<14, 4, (ap_q_mode)5, (ap_o_mode)3, 0> >' into 'tkmu_simple_hw' (src/tk-mu_simple.cpp:131) automatically.
@I [XFORM-602] Inlining function 'delta_LUT<ap_fixed<11, 5, (ap_q_mode)5, (ap_o_mode)3, 0>, ap_fixed<19, 3, (ap_q_mode)5, (ap_o_mode)3, 0> >' into 'tkmu_simple_hw' (src/tk-mu_simple.cpp:145) automatically.
@I [XFORM-602] Inlining function 'delta_plus_LUT<ap_fixed<11, 5, (ap_q_mode)5, (ap_o_mode)3, 0>, ap_fixed<14, 4, (ap_q_mode)5, (ap_o_mode)3, 0> >' into 'tkmu_simple_hw' (src/tk-mu_simple.cpp:163) automatically.
@I [XFORM-602] Inlining function 'delta_minus_LUT<ap_fixed<11, 5, (ap_q_mode)5, (ap_o_mode)3, 0>, ap_fixed<14, 4, (ap_q_mode)5, (ap_o_mode)3, 0> >' into 'tkmu_simple_hw' (src/tk-mu_simple.cpp:167) automatically.
@I [XFORM-602] Inlining function 'tanh<ap_fixed<14, 4, (ap_q_mode)5, (ap_o_mode)3, 0>, ap_fixed<14, 4, (ap_q_mode)5, (ap_o_mode)3, 0> >' into 'tkmu_simple_hw' (src/tk-mu_simple.cpp:182) automatically.
@I [XFORM-602] Inlining function 'invCosh<ap_fixed<14, 4, (ap_q_mode)5, (ap_o_mode)3, 0>, ap_fixed<19, 3, (ap_q_mode)5, (ap_o_mode)3, 0> >' into 'tkmu_simple_hw' (src/tk-mu_simple.cpp:200) automatically.
@I [HLS-100] Command         transform returned 0; 0.72 sec.
@I [HLS-0] Checking Synthesizability 2/2..
@I [HLS-100] Execute         transform -syn-check /data/dildick/GlobalCorrelator/pulsar_devkit/simple_examples/HLSIPs/tkmu_proj0/solution1/.autopilot/db/a.g.2.prechk.bc -o /data/dildick/GlobalCorrelator/pulsar_devkit/simple_examples/HLSIPs/tkmu_proj0/solution1/.autopilot/db/a.g.2.bc -f -phase syn-check 
@E [SYNCHK-11] src/tk-mu_simple.cpp:33: Argument 'out' of function 'tkmu_simple_hw' (src/tk-mu_simple.cpp:31) has an unsynthesizable type (possible cause(s): structure variable cannot be decomposed due to (1) unsupported type conversion; (2) memory copy operation; (3) function pointer used in struct; (4) unsupported pointer comparison).
@E [SYNCHK-41] src/tk-mu_simple.h:206: unsupported pointer reinterpretation from type '%struct.PropTkObj_tkmu.30.125.157 = type { [22 x i8], %struc...' to type '%struct.TkObj_tkmu.55.150.182 = type { %struct.ap_int.33.128...' on variable 'out'.
@I [SYNCHK-10] 2 error(s), 0 warning(s).
@I [HLS-100] Command         transform returned 1; 0.09 sec.
@E [HLS-70] Synthesizability check failed.
@I [HLS-100] Command       opt_and_import_c returned 2; 9.73 sec.
@I [HLS-100] Command     elaborate returned 2; 19.34 sec.
@I [HLS-100] Command   csynth_design returned 2; 19.34 sec.
@I [HLS-100] Command ap_source returned 1; 26.03 sec.
command 'ap_source' returned error code
    while executing
"source run_hls_tkmu.tcl"
    invoked from within
"hls::main run_hls_tkmu.tcl"
    ("uplevel" body line 1)
    invoked from within
"uplevel 1 hls::main {*}$args"
    (procedure "hls_proc" line 5)
    invoked from within
"hls_proc $argv"
@I [HLS-100] Execute cleanup_all 
@I [HLS-100] Command cleanup_all returned 0; 0 sec.
